{"numTotalTestSuites":92,"numPassedTestSuites":85,"numFailedTestSuites":7,"numPendingTestSuites":0,"numTotalTests":256,"numPassedTests":251,"numFailedTests":5,"numPendingTests":0,"numTodoTests":0,"snapshot":{"added":0,"failure":false,"filesAdded":0,"filesRemoved":0,"filesRemovedList":[],"filesUnmatched":0,"filesUpdated":0,"matched":0,"total":0,"unchecked":0,"uncheckedKeysByFile":[],"unmatched":0,"updated":0,"didUpdate":false},"startTime":1751441740588,"success":false,"testResults":[{"assertionResults":[{"ancestorTitles":["PostCard User Interactions","Profile Navigation Interactions"],"fullName":"PostCard User Interactions Profile Navigation Interactions should call onProfileClick when view profile button is clicked","status":"passed","title":"should call onProfileClick when view profile button is clicked","duration":153.59910000000013,"failureMessages":[],"meta":{}},{"ancestorTitles":["PostCard User Interactions","Profile Navigation Interactions"],"fullName":"PostCard User Interactions Profile Navigation Interactions should call onProfileClick when display name is clicked","status":"passed","title":"should call onProfileClick when display name is clicked","duration":23.08069999999998,"failureMessages":[],"meta":{}},{"ancestorTitles":["PostCard User Interactions","Profile Navigation Interactions"],"fullName":"PostCard User Interactions Profile Navigation Interactions should call onProfileClick when username is clicked","status":"passed","title":"should call onProfileClick when username is clicked","duration":50.21360000000004,"failureMessages":[],"meta":{}},{"ancestorTitles":["PostCard User Interactions","Profile Navigation Interactions"],"fullName":"PostCard User Interactions Profile Navigation Interactions should call onAvatarClick when avatar is clicked","status":"passed","title":"should call onAvatarClick when avatar is clicked","duration":68.46120000000019,"failureMessages":[],"meta":{}},{"ancestorTitles":["PostCard User Interactions","Keyboard Navigation"],"fullName":"PostCard User Interactions Keyboard Navigation should allow keyboard navigation through interactive elements","status":"passed","title":"should allow keyboard navigation through interactive elements","duration":255.5590000000002,"failureMessages":[],"meta":{}},{"ancestorTitles":["PostCard User Interactions","Keyboard Navigation"],"fullName":"PostCard User Interactions Keyboard Navigation should activate buttons with Enter key","status":"passed","title":"should activate buttons with Enter key","duration":38.51019999999971,"failureMessages":[],"meta":{}},{"ancestorTitles":["PostCard User Interactions","Keyboard Navigation"],"fullName":"PostCard User Interactions Keyboard Navigation should activate buttons with Space key","status":"passed","title":"should activate buttons with Space key","duration":61.489700000000084,"failureMessages":[],"meta":{}},{"ancestorTitles":["PostCard User Interactions","Keyboard Navigation"],"fullName":"PostCard User Interactions Keyboard Navigation should handle media interaction with keyboard","status":"passed","title":"should handle media interaction with keyboard","duration":76.39330000000018,"failureMessages":[],"meta":{}},{"ancestorTitles":["PostCard User Interactions","Navigation Button Clicks and States"],"fullName":"PostCard User Interactions Navigation Button Clicks and States should handle multiple profile navigation clicks correctly","status":"passed","title":"should handle multiple profile navigation clicks correctly","duration":154.00289999999995,"failureMessages":[],"meta":{}},{"ancestorTitles":["PostCard User Interactions","Navigation Button Clicks and States"],"fullName":"PostCard User Interactions Navigation Button Clicks and States should apply correct hover styles to interactive elements","status":"passed","title":"should apply correct hover styles to interactive elements","duration":9.795300000000225,"failureMessages":[],"meta":{}},{"ancestorTitles":["PostCard User Interactions","Navigation Button Clicks and States"],"fullName":"PostCard User Interactions Navigation Button Clicks and States should show visual feedback on button hover","status":"passed","title":"should show visual feedback on button hover","duration":173.19159999999965,"failureMessages":[],"meta":{}},{"ancestorTitles":["PostCard User Interactions","Navigation Button Clicks and States"],"fullName":"PostCard User Interactions Navigation Button Clicks and States should handle rapid successive clicks without issues","status":"passed","title":"should handle rapid successive clicks without issues","duration":185.10980000000018,"failureMessages":[],"meta":{}},{"ancestorTitles":["PostCard User Interactions","Navigation Button Clicks and States"],"fullName":"PostCard User Interactions Navigation Button Clicks and States should maintain focus states correctly during interactions","status":"passed","title":"should maintain focus states correctly during interactions","duration":100.84880000000021,"failureMessages":[],"meta":{}},{"ancestorTitles":["PostCard User Interactions","Navigation Button Clicks and States"],"fullName":"PostCard User Interactions Navigation Button Clicks and States should handle different verification badge hover states","status":"passed","title":"should handle different verification badge hover states","duration":46.29469999999992,"failureMessages":[],"meta":{}},{"ancestorTitles":["PostCard User Interactions","Navigation Button Clicks and States"],"fullName":"PostCard User Interactions Navigation Button Clicks and States should handle media indicator button interactions","status":"passed","title":"should handle media indicator button interactions","duration":200.63149999999996,"failureMessages":[],"meta":{}},{"ancestorTitles":["PostCard User Interactions","Navigation Button Clicks and States"],"fullName":"PostCard User Interactions Navigation Button Clicks and States should handle disabled state interactions gracefully","status":"passed","title":"should handle disabled state interactions gracefully","duration":69.08779999999979,"failureMessages":[],"meta":{}},{"ancestorTitles":["PostCard User Interactions","Event Propagation"],"fullName":"PostCard User Interactions Event Propagation should stop propagation when interactive elements are clicked","status":"passed","title":"should stop propagation when interactive elements are clicked","duration":31.64429999999993,"failureMessages":[],"meta":{}},{"ancestorTitles":["PostCard User Interactions","Event Propagation"],"fullName":"PostCard User Interactions Event Propagation should handle keyboard interactions on media indicator","status":"passed","title":"should handle keyboard interactions on media indicator","duration":8.305000000000291,"failureMessages":[],"meta":{}},{"ancestorTitles":["PostCard User Interactions","Accessibility Features"],"fullName":"PostCard User Interactions Accessibility Features should have proper ARIA labels for screen readers","status":"passed","title":"should have proper ARIA labels for screen readers","duration":3.5593000000003485,"failureMessages":[],"meta":{}},{"ancestorTitles":["PostCard User Interactions","Accessibility Features"],"fullName":"PostCard User Interactions Accessibility Features should have proper role attributes for interactive elements","status":"passed","title":"should have proper role attributes for interactive elements","duration":4.311000000000149,"failureMessages":[],"meta":{}},{"ancestorTitles":["PostCard User Interactions","Accessibility Features"],"fullName":"PostCard User Interactions Accessibility Features should have proper tabIndex for keyboard navigation","status":"passed","title":"should have proper tabIndex for keyboard navigation","duration":3.837300000000141,"failureMessages":[],"meta":{}},{"ancestorTitles":["PostCard User Interactions","Accessibility Features"],"fullName":"PostCard User Interactions Accessibility Features should have helpful title attributes for tooltips","status":"passed","title":"should have helpful title attributes for tooltips","duration":5.352799999999661,"failureMessages":[],"meta":{}},{"ancestorTitles":["PostCard User Interactions","Content Selection"],"fullName":"PostCard User Interactions Content Selection should allow text selection in post content","status":"passed","title":"should allow text selection in post content","duration":4.06939999999986,"failureMessages":[],"meta":{}},{"ancestorTitles":["PostCard User Interactions","Button State Transitions"],"fullName":"PostCard User Interactions Button State Transitions should handle button state transitions correctly","status":"passed","title":"should handle button state transitions correctly","duration":124.2482,"failureMessages":[],"meta":{}},{"ancestorTitles":["PostCard User Interactions","Button State Transitions"],"fullName":"PostCard User Interactions Button State Transitions should maintain button styling during rapid interactions","status":"passed","title":"should maintain button styling during rapid interactions","duration":246.61459999999988,"failureMessages":[],"meta":{}},{"ancestorTitles":["PostCard User Interactions","Button State Transitions"],"fullName":"PostCard User Interactions Button State Transitions should handle simultaneous hover and keyboard focus","status":"passed","title":"should handle simultaneous hover and keyboard focus","duration":73.77170000000024,"failureMessages":[],"meta":{}},{"ancestorTitles":["PostCard User Interactions","Button State Transitions"],"fullName":"PostCard User Interactions Button State Transitions should handle tooltip interactions correctly","status":"passed","title":"should handle tooltip interactions correctly","duration":109.96160000000009,"failureMessages":[],"meta":{}},{"ancestorTitles":["PostCard User Interactions","Button State Transitions"],"fullName":"PostCard User Interactions Button State Transitions should handle complex interaction sequences","status":"passed","title":"should handle complex interaction sequences","duration":348.0382000000004,"failureMessages":[],"meta":{}},{"ancestorTitles":["PostCard User Interactions","Button State Transitions"],"fullName":"PostCard User Interactions Button State Transitions should maintain accessible button labeling throughout interactions","status":"passed","title":"should maintain accessible button labeling throughout interactions","duration":169.28020000000015,"failureMessages":[],"meta":{}},{"ancestorTitles":["PostCard User Interactions","Error Handling"],"fullName":"PostCard User Interactions Error Handling should handle missing callback functions gracefully","status":"passed","title":"should handle missing callback functions gracefully","duration":68.44749999999931,"failureMessages":[],"meta":{}},{"ancestorTitles":["PostCard User Interactions","Error Handling"],"fullName":"PostCard User Interactions Error Handling should handle avatar click without onAvatarClick callback","status":"passed","title":"should handle avatar click without onAvatarClick callback","duration":61.83879999999954,"failureMessages":[],"meta":{}}],"startTime":1751441745133,"endTime":1751441748065.8389,"status":"passed","message":"","name":"C:/Users/Et Al/Documents/GitHub/ParaSocial/frontend/src/components/__tests__/PostCard.interactions.test.tsx"},{"assertionResults":[{"ancestorTitles":["PostCard Component","Basic Rendering"],"fullName":"PostCard Component Basic Rendering should render all required elements for a complete post","status":"passed","title":"should render all required elements for a complete post","duration":56.5954999999999,"failureMessages":[],"meta":{}},{"ancestorTitles":["PostCard Component","Basic Rendering"],"fullName":"PostCard Component Basic Rendering should display correct user information","status":"passed","title":"should display correct user information","duration":6.1500999999998385,"failureMessages":[],"meta":{}},{"ancestorTitles":["PostCard Component","Basic Rendering"],"fullName":"PostCard Component Basic Rendering should display post content correctly","status":"passed","title":"should display post content correctly","duration":3.598500000000058,"failureMessages":[],"meta":{}},{"ancestorTitles":["PostCard Component","Verification Badge Rendering"],"fullName":"PostCard Component Verification Badge Rendering should render notable verification badge with correct styling","status":"passed","title":"should render notable verification badge with correct styling","duration":4.257100000000037,"failureMessages":[],"meta":{}},{"ancestorTitles":["PostCard Component","Verification Badge Rendering"],"fullName":"PostCard Component Verification Badge Rendering should render identity verification badge with correct styling","status":"passed","title":"should render identity verification badge with correct styling","duration":5.311799999999948,"failureMessages":[],"meta":{}},{"ancestorTitles":["PostCard Component","Verification Badge Rendering"],"fullName":"PostCard Component Verification Badge Rendering should render email verification badge with correct styling","status":"passed","title":"should render email verification badge with correct styling","duration":3.319099999999935,"failureMessages":[],"meta":{}},{"ancestorTitles":["PostCard Component","Verification Badge Rendering"],"fullName":"PostCard Component Verification Badge Rendering should not render verification badge for unverified users","status":"passed","title":"should not render verification badge for unverified users","duration":4.782500000000027,"failureMessages":[],"meta":{}},{"ancestorTitles":["PostCard Component","Media Indicator"],"fullName":"PostCard Component Media Indicator should show media indicator when post has media","status":"passed","title":"should show media indicator when post has media","duration":7.754899999999907,"failureMessages":[],"meta":{}},{"ancestorTitles":["PostCard Component","Media Indicator"],"fullName":"PostCard Component Media Indicator should not show media indicator when post has no media","status":"passed","title":"should not show media indicator when post has no media","duration":5.585600000000113,"failureMessages":[],"meta":{}},{"ancestorTitles":["PostCard Component","Edge Cases and Long Content"],"fullName":"PostCard Component Edge Cases and Long Content should handle long display names without breaking layout","status":"passed","title":"should handle long display names without breaking layout","duration":3.9050999999999476,"failureMessages":[],"meta":{}},{"ancestorTitles":["PostCard Component","Edge Cases and Long Content"],"fullName":"PostCard Component Edge Cases and Long Content should handle long content correctly","status":"passed","title":"should handle long content correctly","duration":3.580400000000054,"failureMessages":[],"meta":{}},{"ancestorTitles":["PostCard Component","Edge Cases and Long Content"],"fullName":"PostCard Component Edge Cases and Long Content should format large follower counts correctly","status":"passed","title":"should format large follower counts correctly","duration":2.7921000000001186,"failureMessages":[],"meta":{}},{"ancestorTitles":["PostCard Component","Edge Cases and Long Content"],"fullName":"PostCard Component Edge Cases and Long Content should handle small follower counts correctly","status":"passed","title":"should handle small follower counts correctly","duration":3.0635999999999513,"failureMessages":[],"meta":{}},{"ancestorTitles":["PostCard Component","Accessibility Features"],"fullName":"PostCard Component Accessibility Features should use proper semantic HTML structure","status":"passed","title":"should use proper semantic HTML structure","duration":55.68280000000004,"failureMessages":[],"meta":{}},{"ancestorTitles":["PostCard Component","Accessibility Features"],"fullName":"PostCard Component Accessibility Features should have proper button labeling","status":"passed","title":"should have proper button labeling","duration":3.024599999999964,"failureMessages":[],"meta":{}},{"ancestorTitles":["PostCard Component","Accessibility Features"],"fullName":"PostCard Component Accessibility Features should have proper image alt text","status":"passed","title":"should have proper image alt text","duration":5.147199999999884,"failureMessages":[],"meta":{}},{"ancestorTitles":["Utility Functions","formatTimeAgo"],"fullName":"Utility Functions formatTimeAgo should return \"just now\" for very recent times","status":"passed","title":"should return \"just now\" for very recent times","duration":0.9218000000000757,"failureMessages":[],"meta":{}},{"ancestorTitles":["Utility Functions","formatTimeAgo"],"fullName":"Utility Functions formatTimeAgo should return minutes for times within an hour","status":"passed","title":"should return minutes for times within an hour","duration":0.22040000000015425,"failureMessages":[],"meta":{}},{"ancestorTitles":["Utility Functions","formatTimeAgo"],"fullName":"Utility Functions formatTimeAgo should return hours for times within a day","status":"passed","title":"should return hours for times within a day","duration":0.24869999999987158,"failureMessages":[],"meta":{}},{"ancestorTitles":["Utility Functions","formatTimeAgo"],"fullName":"Utility Functions formatTimeAgo should return days for times within a week","status":"passed","title":"should return days for times within a week","duration":0.1818999999998141,"failureMessages":[],"meta":{}},{"ancestorTitles":["Utility Functions","formatTimeAgo"],"fullName":"Utility Functions formatTimeAgo should return formatted date for older times","status":"passed","title":"should return formatted date for older times","duration":0.3400000000001455,"failureMessages":[],"meta":{}},{"ancestorTitles":["Utility Functions","getVerificationBadgeColor"],"fullName":"Utility Functions getVerificationBadgeColor should return yellow classes for notable tier","status":"passed","title":"should return yellow classes for notable tier","duration":0.12350000000014916,"failureMessages":[],"meta":{}},{"ancestorTitles":["Utility Functions","getVerificationBadgeColor"],"fullName":"Utility Functions getVerificationBadgeColor should return blue classes for identity tier","status":"passed","title":"should return blue classes for identity tier","duration":0.11400000000003274,"failureMessages":[],"meta":{}},{"ancestorTitles":["Utility Functions","getVerificationBadgeColor"],"fullName":"Utility Functions getVerificationBadgeColor should return green classes for email tier","status":"passed","title":"should return green classes for email tier","duration":0.10820000000012442,"failureMessages":[],"meta":{}},{"ancestorTitles":["Utility Functions","getVerificationBadgeColor"],"fullName":"Utility Functions getVerificationBadgeColor should return gray classes for null or unknown tiers","status":"passed","title":"should return gray classes for null or unknown tiers","duration":0.2234000000000833,"failureMessages":[],"meta":{}}],"startTime":1751441751514,"endTime":1751441751692.2234,"status":"passed","message":"","name":"C:/Users/Et Al/Documents/GitHub/ParaSocial/frontend/src/components/__tests__/PostCard.test.tsx"},{"assertionResults":[{"ancestorTitles":["isValidEmail","valid email addresses"],"fullName":"isValidEmail valid email addresses should accept standard email format","status":"passed","title":"should accept standard email format","duration":1.5782999999998992,"failureMessages":[],"meta":{}},{"ancestorTitles":["isValidEmail","valid email addresses"],"fullName":"isValidEmail valid email addresses should accept email with subdomain","status":"passed","title":"should accept email with subdomain","duration":0.2620999999999185,"failureMessages":[],"meta":{}},{"ancestorTitles":["isValidEmail","valid email addresses"],"fullName":"isValidEmail valid email addresses should accept email with numbers in local part","status":"passed","title":"should accept email with numbers in local part","duration":0.22550000000001091,"failureMessages":[],"meta":{}},{"ancestorTitles":["isValidEmail","valid email addresses"],"fullName":"isValidEmail valid email addresses should accept email with dots in local part","status":"passed","title":"should accept email with dots in local part","duration":0.21520000000009532,"failureMessages":[],"meta":{}},{"ancestorTitles":["isValidEmail","valid email addresses"],"fullName":"isValidEmail valid email addresses should accept email with plus sign in local part","status":"passed","title":"should accept email with plus sign in local part","duration":0.1510000000000673,"failureMessages":[],"meta":{}},{"ancestorTitles":["isValidEmail","valid email addresses"],"fullName":"isValidEmail valid email addresses should accept email with hyphen in domain","status":"passed","title":"should accept email with hyphen in domain","duration":0.1612999999999829,"failureMessages":[],"meta":{}},{"ancestorTitles":["isValidEmail","valid email addresses"],"fullName":"isValidEmail valid email addresses should accept email with longer TLD","status":"passed","title":"should accept email with longer TLD","duration":0.11940000000004147,"failureMessages":[],"meta":{}},{"ancestorTitles":["isValidEmail","valid email addresses"],"fullName":"isValidEmail valid email addresses should accept email with numbers in domain","status":"passed","title":"should accept email with numbers in domain","duration":0.11059999999997672,"failureMessages":[],"meta":{}},{"ancestorTitles":["isValidEmail","valid email addresses"],"fullName":"isValidEmail valid email addresses should handle whitespace by trimming","status":"passed","title":"should handle whitespace by trimming","duration":0.3810000000000855,"failureMessages":[],"meta":{}},{"ancestorTitles":["isValidEmail","invalid email addresses"],"fullName":"isValidEmail invalid email addresses should reject empty string","status":"passed","title":"should reject empty string","duration":0.1696999999999207,"failureMessages":[],"meta":{}},{"ancestorTitles":["isValidEmail","invalid email addresses"],"fullName":"isValidEmail invalid email addresses should reject whitespace only","status":"passed","title":"should reject whitespace only","duration":0.1695999999999458,"failureMessages":[],"meta":{}},{"ancestorTitles":["isValidEmail","invalid email addresses"],"fullName":"isValidEmail invalid email addresses should reject email without @ symbol","status":"passed","title":"should reject email without @ symbol","duration":0.11649999999985994,"failureMessages":[],"meta":{}},{"ancestorTitles":["isValidEmail","invalid email addresses"],"fullName":"isValidEmail invalid email addresses should reject email without domain part","status":"passed","title":"should reject email without domain part","duration":0.11050000000000182,"failureMessages":[],"meta":{}},{"ancestorTitles":["isValidEmail","invalid email addresses"],"fullName":"isValidEmail invalid email addresses should reject email without local part","status":"passed","title":"should reject email without local part","duration":0.09429999999997563,"failureMessages":[],"meta":{}},{"ancestorTitles":["isValidEmail","invalid email addresses"],"fullName":"isValidEmail invalid email addresses should reject email without TLD","status":"passed","title":"should reject email without TLD","duration":0.09249999999997272,"failureMessages":[],"meta":{}},{"ancestorTitles":["isValidEmail","invalid email addresses"],"fullName":"isValidEmail invalid email addresses should reject email with multiple @ symbols","status":"passed","title":"should reject email with multiple @ symbols","duration":0.08950000000004366,"failureMessages":[],"meta":{}},{"ancestorTitles":["isValidEmail","invalid email addresses"],"fullName":"isValidEmail invalid email addresses should reject email with spaces in local part","status":"passed","title":"should reject email with spaces in local part","duration":0.08809999999994034,"failureMessages":[],"meta":{}},{"ancestorTitles":["isValidEmail","invalid email addresses"],"fullName":"isValidEmail invalid email addresses should reject email with spaces in domain","status":"passed","title":"should reject email with spaces in domain","duration":0.09219999999982065,"failureMessages":[],"meta":{}},{"ancestorTitles":["isValidEmail","invalid email addresses"],"fullName":"isValidEmail invalid email addresses should reject email starting with dot","status":"passed","title":"should reject email starting with dot","duration":0.09600000000000364,"failureMessages":[],"meta":{}},{"ancestorTitles":["isValidEmail","invalid email addresses"],"fullName":"isValidEmail invalid email addresses should reject email ending with dot before @","status":"passed","title":"should reject email ending with dot before @","duration":0.08310000000005857,"failureMessages":[],"meta":{}},{"ancestorTitles":["isValidEmail","invalid email addresses"],"fullName":"isValidEmail invalid email addresses should reject email with consecutive dots","status":"passed","title":"should reject email with consecutive dots","duration":0.0829999999998563,"failureMessages":[],"meta":{}},{"ancestorTitles":["isValidEmail","invalid email addresses"],"fullName":"isValidEmail invalid email addresses should reject email with only @ symbol","status":"passed","title":"should reject email with only @ symbol","duration":0.08320000000003347,"failureMessages":[],"meta":{}},{"ancestorTitles":["validateLoginForm","valid form data"],"fullName":"validateLoginForm valid form data should return no errors for valid email and password","status":"passed","title":"should return no errors for valid email and password","duration":1.4572999999998046,"failureMessages":[],"meta":{}},{"ancestorTitles":["validateLoginForm","valid form data"],"fullName":"validateLoginForm valid form data should return no errors for complex valid email","status":"passed","title":"should return no errors for complex valid email","duration":0.14789999999993597,"failureMessages":[],"meta":{}},{"ancestorTitles":["validateLoginForm","valid form data"],"fullName":"validateLoginForm valid form data should handle email with leading/trailing whitespace","status":"passed","title":"should handle email with leading/trailing whitespace","duration":0.13429999999993925,"failureMessages":[],"meta":{}},{"ancestorTitles":["validateLoginForm","email validation errors"],"fullName":"validateLoginForm email validation errors should return error for empty email","status":"passed","title":"should return error for empty email","duration":0.17309999999997672,"failureMessages":[],"meta":{}},{"ancestorTitles":["validateLoginForm","email validation errors"],"fullName":"validateLoginForm email validation errors should return error for whitespace-only email","status":"passed","title":"should return error for whitespace-only email","duration":0.11940000000004147,"failureMessages":[],"meta":{}},{"ancestorTitles":["validateLoginForm","email validation errors"],"fullName":"validateLoginForm email validation errors should return error for invalid email format","status":"passed","title":"should return error for invalid email format","duration":0.09850000000005821,"failureMessages":[],"meta":{}},{"ancestorTitles":["validateLoginForm","email validation errors"],"fullName":"validateLoginForm email validation errors should return error for email without domain","status":"passed","title":"should return error for email without domain","duration":0.09490000000005239,"failureMessages":[],"meta":{}},{"ancestorTitles":["validateLoginForm","email validation errors"],"fullName":"validateLoginForm email validation errors should return error for email without TLD","status":"passed","title":"should return error for email without TLD","duration":0.09449999999992542,"failureMessages":[],"meta":{}},{"ancestorTitles":["validateLoginForm","password validation errors"],"fullName":"validateLoginForm password validation errors should return error for empty password","status":"passed","title":"should return error for empty password","duration":0.14449999999987995,"failureMessages":[],"meta":{}},{"ancestorTitles":["validateLoginForm","password validation errors"],"fullName":"validateLoginForm password validation errors should accept any non-empty password","status":"passed","title":"should accept any non-empty password","duration":0.10149999999998727,"failureMessages":[],"meta":{}},{"ancestorTitles":["validateLoginForm","password validation errors"],"fullName":"validateLoginForm password validation errors should accept password with spaces","status":"passed","title":"should accept password with spaces","duration":0.09459999999990032,"failureMessages":[],"meta":{}},{"ancestorTitles":["validateLoginForm","multiple validation errors"],"fullName":"validateLoginForm multiple validation errors should return both email and password errors when both are invalid","status":"passed","title":"should return both email and password errors when both are invalid","duration":0.2139999999999418,"failureMessages":[],"meta":{}},{"ancestorTitles":["validateLoginForm","multiple validation errors"],"fullName":"validateLoginForm multiple validation errors should return both errors for invalid email and empty password","status":"passed","title":"should return both errors for invalid email and empty password","duration":0.12220000000002074,"failureMessages":[],"meta":{}},{"ancestorTitles":["validateLoginForm","edge cases"],"fullName":"validateLoginForm edge cases should handle undefined values gracefully","status":"passed","title":"should handle undefined values gracefully","duration":0.6638000000000375,"failureMessages":[],"meta":{}},{"ancestorTitles":["validateLoginForm","edge cases"],"fullName":"validateLoginForm edge cases should handle null values gracefully","status":"passed","title":"should handle null values gracefully","duration":0.2278999999998632,"failureMessages":[],"meta":{}},{"ancestorTitles":["isValidLoginForm"],"fullName":"isValidLoginForm should return true for valid form data","status":"passed","title":"should return true for valid form data","duration":0.1350999999999658,"failureMessages":[],"meta":{}},{"ancestorTitles":["isValidLoginForm"],"fullName":"isValidLoginForm should return false for form with email error","status":"passed","title":"should return false for form with email error","duration":0.10010000000011132,"failureMessages":[],"meta":{}},{"ancestorTitles":["isValidLoginForm"],"fullName":"isValidLoginForm should return false for form with password error","status":"passed","title":"should return false for form with password error","duration":0.09719999999992979,"failureMessages":[],"meta":{}},{"ancestorTitles":["isValidLoginForm"],"fullName":"isValidLoginForm should return false for form with multiple errors","status":"passed","title":"should return false for form with multiple errors","duration":0.08979999999996835,"failureMessages":[],"meta":{}},{"ancestorTitles":["isValidLoginForm"],"fullName":"isValidLoginForm should return true for minimal valid form","status":"passed","title":"should return true for minimal valid form","duration":0.09029999999984284,"failureMessages":[],"meta":{}},{"ancestorTitles":[],"fullName":"should return error for email without TLD","status":"passed","title":"should return error for email without TLD","duration":0.09639999999990323,"failureMessages":[],"meta":{}},{"ancestorTitles":["password validation errors"],"fullName":"password validation errors should return error for empty password","status":"passed","title":"should return error for empty password","duration":0.11839999999983775,"failureMessages":[],"meta":{}},{"ancestorTitles":["password validation errors"],"fullName":"password validation errors should accept any non-empty password","status":"passed","title":"should accept any non-empty password","duration":0.09009999999989304,"failureMessages":[],"meta":{}},{"ancestorTitles":["password validation errors"],"fullName":"password validation errors should accept password with spaces","status":"passed","title":"should accept password with spaces","duration":0.08819999999991524,"failureMessages":[],"meta":{}},{"ancestorTitles":["multiple validation errors"],"fullName":"multiple validation errors should return both email and password errors when both are invalid","status":"passed","title":"should return both email and password errors when both are invalid","duration":0.20029999999997017,"failureMessages":[],"meta":{}},{"ancestorTitles":["multiple validation errors"],"fullName":"multiple validation errors should return both errors for invalid email and empty password","status":"passed","title":"should return both errors for invalid email and empty password","duration":0.12249999999994543,"failureMessages":[],"meta":{}},{"ancestorTitles":["edge cases"],"fullName":"edge cases should handle undefined values gracefully","status":"passed","title":"should handle undefined values gracefully","duration":0.2155999999999949,"failureMessages":[],"meta":{}},{"ancestorTitles":["edge cases"],"fullName":"edge cases should handle null values gracefully","status":"passed","title":"should handle null values gracefully","duration":0.2056999999999789,"failureMessages":[],"meta":{}},{"ancestorTitles":["isValidLoginForm"],"fullName":"isValidLoginForm should return true for valid form data","status":"passed","title":"should return true for valid form data","duration":0.10009999999988395,"failureMessages":[],"meta":{}},{"ancestorTitles":["isValidLoginForm"],"fullName":"isValidLoginForm should return false for form with email error","status":"passed","title":"should return false for form with email error","duration":0.09370000000012624,"failureMessages":[],"meta":{}},{"ancestorTitles":["isValidLoginForm"],"fullName":"isValidLoginForm should return false for form with password error","status":"passed","title":"should return false for form with password error","duration":0.09090000000014697,"failureMessages":[],"meta":{}},{"ancestorTitles":["isValidLoginForm"],"fullName":"isValidLoginForm should return false for form with multiple errors","status":"passed","title":"should return false for form with multiple errors","duration":0.0883000000001175,"failureMessages":[],"meta":{}},{"ancestorTitles":["isValidLoginForm"],"fullName":"isValidLoginForm should return true for minimal valid form","status":"passed","title":"should return true for minimal valid form","duration":0.09320000000002437,"failureMessages":[],"meta":{}}],"startTime":1751441753279,"endTime":1751441753291.1,"status":"passed","message":"","name":"C:/Users/Et Al/Documents/GitHub/ParaSocial/frontend/src/lib/__tests__/auth-validation.test.ts"},{"assertionResults":[{"ancestorTitles":["PostCard Utility Functions","formatTimeAgo","Recent Time Formatting (Under 1 minute)"],"fullName":"PostCard Utility Functions formatTimeAgo Recent Time Formatting (Under 1 minute) should return \"just now\" for times within 30 seconds","status":"passed","title":"should return \"just now\" for times within 30 seconds","duration":2.1048000000000684,"failureMessages":[],"meta":{}},{"ancestorTitles":["PostCard Utility Functions","formatTimeAgo","Recent Time Formatting (Under 1 minute)"],"fullName":"PostCard Utility Functions formatTimeAgo Recent Time Formatting (Under 1 minute) should return \"just now\" for times within 59 seconds","status":"passed","title":"should return \"just now\" for times within 59 seconds","duration":0.3272999999999229,"failureMessages":[],"meta":{}},{"ancestorTitles":["PostCard Utility Functions","formatTimeAgo","Recent Time Formatting (Under 1 minute)"],"fullName":"PostCard Utility Functions formatTimeAgo Recent Time Formatting (Under 1 minute) should return \"just now\" for current time","status":"passed","title":"should return \"just now\" for current time","duration":0.18840000000000146,"failureMessages":[],"meta":{}},{"ancestorTitles":["PostCard Utility Functions","formatTimeAgo","Recent Time Formatting (Under 1 minute)"],"fullName":"PostCard Utility Functions formatTimeAgo Recent Time Formatting (Under 1 minute) should handle edge case at exactly 60 seconds","status":"passed","title":"should handle edge case at exactly 60 seconds","duration":0.24279999999998836,"failureMessages":[],"meta":{}},{"ancestorTitles":["PostCard Utility Functions","formatTimeAgo","Minutes Formatting (1 minute to 1 hour)"],"fullName":"PostCard Utility Functions formatTimeAgo Minutes Formatting (1 minute to 1 hour) should format 1 minute correctly","status":"passed","title":"should format 1 minute correctly","duration":0.19990000000007058,"failureMessages":[],"meta":{}},{"ancestorTitles":["PostCard Utility Functions","formatTimeAgo","Minutes Formatting (1 minute to 1 hour)"],"fullName":"PostCard Utility Functions formatTimeAgo Minutes Formatting (1 minute to 1 hour) should format 15 minutes correctly","status":"passed","title":"should format 15 minutes correctly","duration":0.34159999999997126,"failureMessages":[],"meta":{}},{"ancestorTitles":["PostCard Utility Functions","formatTimeAgo","Minutes Formatting (1 minute to 1 hour)"],"fullName":"PostCard Utility Functions formatTimeAgo Minutes Formatting (1 minute to 1 hour) should format 30 minutes correctly","status":"passed","title":"should format 30 minutes correctly","duration":0.3665000000000873,"failureMessages":[],"meta":{}},{"ancestorTitles":["PostCard Utility Functions","formatTimeAgo","Minutes Formatting (1 minute to 1 hour)"],"fullName":"PostCard Utility Functions formatTimeAgo Minutes Formatting (1 minute to 1 hour) should format 45 minutes correctly","status":"passed","title":"should format 45 minutes correctly","duration":0.25779999999986103,"failureMessages":[],"meta":{}},{"ancestorTitles":["PostCard Utility Functions","formatTimeAgo","Minutes Formatting (1 minute to 1 hour)"],"fullName":"PostCard Utility Functions formatTimeAgo Minutes Formatting (1 minute to 1 hour) should format 59 minutes correctly","status":"passed","title":"should format 59 minutes correctly","duration":0.8179000000000087,"failureMessages":[],"meta":{}},{"ancestorTitles":["PostCard Utility Functions","formatTimeAgo","Minutes Formatting (1 minute to 1 hour)"],"fullName":"PostCard Utility Functions formatTimeAgo Minutes Formatting (1 minute to 1 hour) should handle edge case at exactly 1 hour","status":"passed","title":"should handle edge case at exactly 1 hour","duration":0.4397999999998774,"failureMessages":[],"meta":{}},{"ancestorTitles":["PostCard Utility Functions","formatTimeAgo","Hours Formatting (1 hour to 1 day)"],"fullName":"PostCard Utility Functions formatTimeAgo Hours Formatting (1 hour to 1 day) should format 1 hour correctly","status":"passed","title":"should format 1 hour correctly","duration":0.24420000000009168,"failureMessages":[],"meta":{}},{"ancestorTitles":["PostCard Utility Functions","formatTimeAgo","Hours Formatting (1 hour to 1 day)"],"fullName":"PostCard Utility Functions formatTimeAgo Hours Formatting (1 hour to 1 day) should format 2 hours correctly","status":"passed","title":"should format 2 hours correctly","duration":0.19440000000008695,"failureMessages":[],"meta":{}},{"ancestorTitles":["PostCard Utility Functions","formatTimeAgo","Hours Formatting (1 hour to 1 day)"],"fullName":"PostCard Utility Functions formatTimeAgo Hours Formatting (1 hour to 1 day) should format 6 hours correctly","status":"passed","title":"should format 6 hours correctly","duration":0.19679999999993925,"failureMessages":[],"meta":{}},{"ancestorTitles":["PostCard Utility Functions","formatTimeAgo","Hours Formatting (1 hour to 1 day)"],"fullName":"PostCard Utility Functions formatTimeAgo Hours Formatting (1 hour to 1 day) should format 12 hours correctly","status":"passed","title":"should format 12 hours correctly","duration":0.4130000000000109,"failureMessages":[],"meta":{}},{"ancestorTitles":["PostCard Utility Functions","formatTimeAgo","Hours Formatting (1 hour to 1 day)"],"fullName":"PostCard Utility Functions formatTimeAgo Hours Formatting (1 hour to 1 day) should format 23 hours correctly","status":"passed","title":"should format 23 hours correctly","duration":0.17460000000005493,"failureMessages":[],"meta":{}},{"ancestorTitles":["PostCard Utility Functions","formatTimeAgo","Hours Formatting (1 hour to 1 day)"],"fullName":"PostCard Utility Functions formatTimeAgo Hours Formatting (1 hour to 1 day) should handle edge case at exactly 24 hours","status":"passed","title":"should handle edge case at exactly 24 hours","duration":0.12190000000009604,"failureMessages":[],"meta":{}},{"ancestorTitles":["PostCard Utility Functions","formatTimeAgo","Days Formatting (1 day to 1 week)"],"fullName":"PostCard Utility Functions formatTimeAgo Days Formatting (1 day to 1 week) should format 1 day correctly","status":"passed","title":"should format 1 day correctly","duration":0.125,"failureMessages":[],"meta":{}},{"ancestorTitles":["PostCard Utility Functions","formatTimeAgo","Days Formatting (1 day to 1 week)"],"fullName":"PostCard Utility Functions formatTimeAgo Days Formatting (1 day to 1 week) should format 2 days correctly","status":"passed","title":"should format 2 days correctly","duration":0.12569999999982429,"failureMessages":[],"meta":{}},{"ancestorTitles":["PostCard Utility Functions","formatTimeAgo","Days Formatting (1 day to 1 week)"],"fullName":"PostCard Utility Functions formatTimeAgo Days Formatting (1 day to 1 week) should format 3 days correctly","status":"passed","title":"should format 3 days correctly","duration":0.10969999999997526,"failureMessages":[],"meta":{}},{"ancestorTitles":["PostCard Utility Functions","formatTimeAgo","Days Formatting (1 day to 1 week)"],"fullName":"PostCard Utility Functions formatTimeAgo Days Formatting (1 day to 1 week) should format 6 days correctly","status":"passed","title":"should format 6 days correctly","duration":0.1068000000000211,"failureMessages":[],"meta":{}},{"ancestorTitles":["PostCard Utility Functions","formatTimeAgo","Days Formatting (1 day to 1 week)"],"fullName":"PostCard Utility Functions formatTimeAgo Days Formatting (1 day to 1 week) should handle edge case at exactly 7 days","status":"passed","title":"should handle edge case at exactly 7 days","duration":18.033500000000004,"failureMessages":[],"meta":{}},{"ancestorTitles":["PostCard Utility Functions","formatTimeAgo","Absolute Date Formatting (Over 1 week)"],"fullName":"PostCard Utility Functions formatTimeAgo Absolute Date Formatting (Over 1 week) should format dates over 1 week with month and day","status":"passed","title":"should format dates over 1 week with month and day","duration":0.2860000000000582,"failureMessages":[],"meta":{}},{"ancestorTitles":["PostCard Utility Functions","formatTimeAgo","Absolute Date Formatting (Over 1 week)"],"fullName":"PostCard Utility Functions formatTimeAgo Absolute Date Formatting (Over 1 week) should format dates from previous month","status":"passed","title":"should format dates from previous month","duration":0.24380000000019209,"failureMessages":[],"meta":{}},{"ancestorTitles":["PostCard Utility Functions","formatTimeAgo","Absolute Date Formatting (Over 1 week)"],"fullName":"PostCard Utility Functions formatTimeAgo Absolute Date Formatting (Over 1 week) should format dates from much earlier in same year","status":"passed","title":"should format dates from much earlier in same year","duration":0.22400000000016007,"failureMessages":[],"meta":{}},{"ancestorTitles":["PostCard Utility Functions","formatTimeAgo","Absolute Date Formatting (Over 1 week)"],"fullName":"PostCard Utility Functions formatTimeAgo Absolute Date Formatting (Over 1 week) should include year for dates from different year","status":"passed","title":"should include year for dates from different year","duration":0.29300000000012005,"failureMessages":[],"meta":{}},{"ancestorTitles":["PostCard Utility Functions","formatTimeAgo","Absolute Date Formatting (Over 1 week)"],"fullName":"PostCard Utility Functions formatTimeAgo Absolute Date Formatting (Over 1 week) should handle dates from multiple years ago","status":"passed","title":"should handle dates from multiple years ago","duration":0.2438999999999396,"failureMessages":[],"meta":{}},{"ancestorTitles":["PostCard Utility Functions","formatTimeAgo","Edge Cases and Error Handling"],"fullName":"PostCard Utility Functions formatTimeAgo Edge Cases and Error Handling should handle invalid date strings gracefully","status":"passed","title":"should handle invalid date strings gracefully","duration":0.12860000000000582,"failureMessages":[],"meta":{}},{"ancestorTitles":["PostCard Utility Functions","formatTimeAgo","Edge Cases and Error Handling"],"fullName":"PostCard Utility Functions formatTimeAgo Edge Cases and Error Handling should handle future dates","status":"passed","title":"should handle future dates","duration":0.11559999999985848,"failureMessages":[],"meta":{}},{"ancestorTitles":["PostCard Utility Functions","formatTimeAgo","Edge Cases and Error Handling"],"fullName":"PostCard Utility Functions formatTimeAgo Edge Cases and Error Handling should handle leap year dates","status":"passed","title":"should handle leap year dates","duration":0.23590000000012878,"failureMessages":[],"meta":{}},{"ancestorTitles":["PostCard Utility Functions","formatTimeAgo","Edge Cases and Error Handling"],"fullName":"PostCard Utility Functions formatTimeAgo Edge Cases and Error Handling should handle timezone differences correctly","status":"passed","title":"should handle timezone differences correctly","duration":0.12170000000014625,"failureMessages":[],"meta":{}},{"ancestorTitles":["PostCard Utility Functions","formatTimeAgo","Edge Cases and Error Handling"],"fullName":"PostCard Utility Functions formatTimeAgo Edge Cases and Error Handling should handle millisecond precision","status":"passed","title":"should handle millisecond precision","duration":0.11230000000000473,"failureMessages":[],"meta":{}},{"ancestorTitles":["PostCard Utility Functions","formatTimeAgo","Boundary Value Testing"],"fullName":"PostCard Utility Functions formatTimeAgo Boundary Value Testing should handle exact boundary between minutes and hours (3599 seconds)","status":"passed","title":"should handle exact boundary between minutes and hours (3599 seconds)","duration":0.1289999999999054,"failureMessages":[],"meta":{}},{"ancestorTitles":["PostCard Utility Functions","formatTimeAgo","Boundary Value Testing"],"fullName":"PostCard Utility Functions formatTimeAgo Boundary Value Testing should handle exact boundary between hours and days (86399 seconds)","status":"passed","title":"should handle exact boundary between hours and days (86399 seconds)","duration":0.11779999999998836,"failureMessages":[],"meta":{}},{"ancestorTitles":["PostCard Utility Functions","formatTimeAgo","Boundary Value Testing"],"fullName":"PostCard Utility Functions formatTimeAgo Boundary Value Testing should handle exact boundary between days and weeks (604799 seconds)","status":"passed","title":"should handle exact boundary between days and weeks (604799 seconds)","duration":0.11340000000018335,"failureMessages":[],"meta":{}},{"ancestorTitles":["PostCard Utility Functions","getVerificationBadgeColor","Valid Verification Tiers"],"fullName":"PostCard Utility Functions getVerificationBadgeColor Valid Verification Tiers should return yellow classes for notable tier","status":"passed","title":"should return yellow classes for notable tier","duration":0.13620000000014443,"failureMessages":[],"meta":{}},{"ancestorTitles":["PostCard Utility Functions","getVerificationBadgeColor","Valid Verification Tiers"],"fullName":"PostCard Utility Functions getVerificationBadgeColor Valid Verification Tiers should return blue classes for identity tier","status":"passed","title":"should return blue classes for identity tier","duration":0.0967000000000553,"failureMessages":[],"meta":{}},{"ancestorTitles":["PostCard Utility Functions","getVerificationBadgeColor","Valid Verification Tiers"],"fullName":"PostCard Utility Functions getVerificationBadgeColor Valid Verification Tiers should return green classes for email tier","status":"passed","title":"should return green classes for email tier","duration":0.09249999999997272,"failureMessages":[],"meta":{}},{"ancestorTitles":["PostCard Utility Functions","getVerificationBadgeColor","Invalid/Edge Case Tiers"],"fullName":"PostCard Utility Functions getVerificationBadgeColor Invalid/Edge Case Tiers should return gray classes for null tier","status":"passed","title":"should return gray classes for null tier","duration":0.09950000000003456,"failureMessages":[],"meta":{}},{"ancestorTitles":["PostCard Utility Functions","getVerificationBadgeColor","Invalid/Edge Case Tiers"],"fullName":"PostCard Utility Functions getVerificationBadgeColor Invalid/Edge Case Tiers should return gray classes for undefined tier","status":"passed","title":"should return gray classes for undefined tier","duration":0.09329999999999927,"failureMessages":[],"meta":{}},{"ancestorTitles":["PostCard Utility Functions","getVerificationBadgeColor","Invalid/Edge Case Tiers"],"fullName":"PostCard Utility Functions getVerificationBadgeColor Invalid/Edge Case Tiers should return gray classes for empty string","status":"passed","title":"should return gray classes for empty string","duration":0.08979999999996835,"failureMessages":[],"meta":{}},{"ancestorTitles":["PostCard Utility Functions","getVerificationBadgeColor","Invalid/Edge Case Tiers"],"fullName":"PostCard Utility Functions getVerificationBadgeColor Invalid/Edge Case Tiers should return gray classes for unknown tier","status":"passed","title":"should return gray classes for unknown tier","duration":0.08940000000006876,"failureMessages":[],"meta":{}},{"ancestorTitles":["PostCard Utility Functions","getVerificationBadgeColor","Invalid/Edge Case Tiers"],"fullName":"PostCard Utility Functions getVerificationBadgeColor Invalid/Edge Case Tiers should return gray classes for invalid tier string","status":"passed","title":"should return gray classes for invalid tier string","duration":0.08749999999986358,"failureMessages":[],"meta":{}},{"ancestorTitles":["PostCard Utility Functions","getVerificationBadgeColor","Invalid/Edge Case Tiers"],"fullName":"PostCard Utility Functions getVerificationBadgeColor Invalid/Edge Case Tiers should return gray classes for numeric tier","status":"passed","title":"should return gray classes for numeric tier","duration":0.0886000000000422,"failureMessages":[],"meta":{}},{"ancestorTitles":["PostCard Utility Functions","getVerificationBadgeColor","Case Sensitivity"],"fullName":"PostCard Utility Functions getVerificationBadgeColor Case Sensitivity should be case sensitive - uppercase should return gray","status":"passed","title":"should be case sensitive - uppercase should return gray","duration":0.09029999999984284,"failureMessages":[],"meta":{}},{"ancestorTitles":["PostCard Utility Functions","getVerificationBadgeColor","Case Sensitivity"],"fullName":"PostCard Utility Functions getVerificationBadgeColor Case Sensitivity should be case sensitive - mixed case should return gray","status":"passed","title":"should be case sensitive - mixed case should return gray","duration":0.0908999999999196,"failureMessages":[],"meta":{}},{"ancestorTitles":["PostCard Utility Functions","getVerificationBadgeColor","Case Sensitivity"],"fullName":"PostCard Utility Functions getVerificationBadgeColor Case Sensitivity should be case sensitive - Email should return gray","status":"passed","title":"should be case sensitive - Email should return gray","duration":0.08839999999986503,"failureMessages":[],"meta":{}},{"ancestorTitles":["PostCard Utility Functions","getVerificationBadgeColor","Badge Color Consistency"],"fullName":"PostCard Utility Functions getVerificationBadgeColor Badge Color Consistency should return consistent colors for multiple calls","status":"passed","title":"should return consistent colors for multiple calls","duration":0.0910999999998694,"failureMessages":[],"meta":{}},{"ancestorTitles":["PostCard Utility Functions","getVerificationBadgeColor","Badge Color Consistency"],"fullName":"PostCard Utility Functions getVerificationBadgeColor Badge Color Consistency should return different colors for different tiers","status":"passed","title":"should return different colors for different tiers","duration":0.7916999999999916,"failureMessages":[],"meta":{}},{"ancestorTitles":["PostCard Utility Functions","getVerificationBadgeColor","Badge Color Consistency"],"fullName":"PostCard Utility Functions getVerificationBadgeColor Badge Color Consistency should include all required CSS classes for each tier","status":"passed","title":"should include all required CSS classes for each tier","duration":0.4011000000000422,"failureMessages":[],"meta":{}},{"ancestorTitles":["PostCard Utility Functions","getVerificationBadgeColor","Performance and Type Safety"],"fullName":"PostCard Utility Functions getVerificationBadgeColor Performance and Type Safety should handle rapid successive calls efficiently","status":"passed","title":"should handle rapid successive calls efficiently","duration":0.33969999999999345,"failureMessages":[],"meta":{}},{"ancestorTitles":["PostCard Utility Functions","getVerificationBadgeColor","Performance and Type Safety"],"fullName":"PostCard Utility Functions getVerificationBadgeColor Performance and Type Safety should always return a string","status":"passed","title":"should always return a string","duration":0.43879999999990105,"failureMessages":[],"meta":{}},{"ancestorTitles":["PostCard Utility Functions","getVerificationBadgeColor","Future Verification Tiers"],"fullName":"PostCard Utility Functions getVerificationBadgeColor Future Verification Tiers should handle potential future tiers by returning gray","status":"passed","title":"should handle potential future tiers by returning gray","duration":0.19430000000011205,"failureMessages":[],"meta":{}},{"ancestorTitles":["PostCard Utility Functions","Function Integration"],"fullName":"PostCard Utility Functions Function Integration should work together correctly in component context","status":"passed","title":"should work together correctly in component context","duration":0.34569999999985157,"failureMessages":[],"meta":{}},{"ancestorTitles":["PostCard Utility Functions","Function Integration"],"fullName":"PostCard Utility Functions Function Integration should maintain independence between functions","status":"passed","title":"should maintain independence between functions","duration":0.3303000000000793,"failureMessages":[],"meta":{}}],"startTime":1751441752881,"endTime":1751441752914.3457,"status":"passed","message":"","name":"C:/Users/Et Al/Documents/GitHub/ParaSocial/frontend/src/utils/__tests__/postCardUtils.test.ts"},{"assertionResults":[{"ancestorTitles":["LoginComponent - User Interactions","Form Input Handling"],"fullName":"LoginComponent - User Interactions Form Input Handling should allow typing in email field","status":"passed","title":"should allow typing in email field","duration":432.53189999999995,"failureMessages":[],"meta":{}},{"ancestorTitles":["LoginComponent - User Interactions","Form Input Handling"],"fullName":"LoginComponent - User Interactions Form Input Handling should allow typing in password field","status":"passed","title":"should allow typing in password field","duration":294.4724000000001,"failureMessages":[],"meta":{}},{"ancestorTitles":["LoginComponent - User Interactions","Form Input Handling"],"fullName":"LoginComponent - User Interactions Form Input Handling should clear error message when user starts typing","status":"passed","title":"should clear error message when user starts typing","duration":733.3418000000001,"failureMessages":[],"meta":{}},{"ancestorTitles":["LoginComponent - User Interactions","Form Validation"],"fullName":"LoginComponent - User Interactions Form Validation should enable submit button when both fields have content","status":"passed","title":"should enable submit button when both fields have content","duration":554.0088999999998,"failureMessages":[],"meta":{}},{"ancestorTitles":["LoginComponent - User Interactions","Form Validation"],"fullName":"LoginComponent - User Interactions Form Validation should disable submit button when fields are empty","status":"passed","title":"should disable submit button when fields are empty","duration":10.06880000000001,"failureMessages":[],"meta":{}},{"ancestorTitles":["LoginComponent - User Interactions","Form Submission"],"fullName":"LoginComponent - User Interactions Form Submission should call API with correct data on form submission","status":"passed","title":"should call API with correct data on form submission","duration":608.4691000000003,"failureMessages":[],"meta":{}},{"ancestorTitles":["LoginComponent - User Interactions","Form Submission"],"fullName":"LoginComponent - User Interactions Form Submission should use custom apiBaseUrl when provided","status":"passed","title":"should use custom apiBaseUrl when provided","duration":555.0018999999993,"failureMessages":[],"meta":{}},{"ancestorTitles":["LoginComponent - User Interactions","Form Submission"],"fullName":"LoginComponent - User Interactions Form Submission should prevent multiple submissions while loading","status":"passed","title":"should prevent multiple submissions while loading","duration":677.6444000000001,"failureMessages":[],"meta":{}},{"ancestorTitles":["LoginComponent - User Interactions","Loading States"],"fullName":"LoginComponent - User Interactions Loading States should show loading state during form submission","status":"passed","title":"should show loading state during form submission","duration":631.9039000000002,"failureMessages":[],"meta":{}},{"ancestorTitles":["LoginComponent - User Interactions","Loading States"],"fullName":"LoginComponent - User Interactions Loading States should disable form fields during loading","status":"passed","title":"should disable form fields during loading","duration":607.4404999999997,"failureMessages":[],"meta":{}},{"ancestorTitles":["LoginComponent - User Interactions","Success Handling"],"fullName":"LoginComponent - User Interactions Success Handling should store token in localStorage on successful login","status":"passed","title":"should store token in localStorage on successful login","duration":562.7533999999996,"failureMessages":[],"meta":{}},{"ancestorTitles":["LoginComponent - User Interactions","Success Handling"],"fullName":"LoginComponent - User Interactions Success Handling should call onLoginSuccess callback with user data","status":"passed","title":"should call onLoginSuccess callback with user data","duration":617.5688000000009,"failureMessages":[],"meta":{}},{"ancestorTitles":["LoginComponent - User Interactions","Error Handling"],"fullName":"LoginComponent - User Interactions Error Handling should display error message for failed login","status":"passed","title":"should display error message for failed login","duration":638.6041999999998,"failureMessages":[],"meta":{}},{"ancestorTitles":["LoginComponent - User Interactions","Error Handling"],"fullName":"LoginComponent - User Interactions Error Handling should call onLoginError callback with error message","status":"passed","title":"should call onLoginError callback with error message","duration":579.3320000000003,"failureMessages":[],"meta":{}},{"ancestorTitles":["LoginComponent - User Interactions","Error Handling"],"fullName":"LoginComponent - User Interactions Error Handling should handle network errors gracefully","status":"passed","title":"should handle network errors gracefully","duration":586.5691999999999,"failureMessages":[],"meta":{}}],"startTime":1751441743080,"endTime":1751441751170.569,"status":"passed","message":"","name":"C:/Users/Et Al/Documents/GitHub/ParaSocial/frontend/src/components/auth/__tests__/LoginComponent.interaction.test.tsx"},{"assertionResults":[{"ancestorTitles":["LoginComponent - Rendering","Initial Render"],"fullName":"LoginComponent - Rendering Initial Render should render the login form with all required fields","status":"failed","title":"should render the login form with all required fields","duration":166.34490000000005,"failureMessages":["TestingLibraryElementError: Found multiple elements with the text of: /password/i\n\nHere are the matching elements:\n\nIgnored nodes: comments, script, style\n\u001b[36m<input\u001b[39m\n  \u001b[33mautocomplete\u001b[39m=\u001b[32m\"current-password\"\u001b[39m\n  \u001b[33mclass\u001b[39m=\u001b[32m\"form-input \"\u001b[39m\n  \u001b[33mid\u001b[39m=\u001b[32m\"password\"\u001b[39m\n  \u001b[33mname\u001b[39m=\u001b[32m\"password\"\u001b[39m\n  \u001b[33mplaceholder\u001b[39m=\u001b[32m\"Enter your password\"\u001b[39m\n  \u001b[33mrequired\u001b[39m=\u001b[32m\"\"\u001b[39m\n  \u001b[33mtype\u001b[39m=\u001b[32m\"password\"\u001b[39m\n  \u001b[33mvalue\u001b[39m=\u001b[32m\"\"\u001b[39m\n\u001b[36m/>\u001b[39m\n\nIgnored nodes: comments, script, style\n\u001b[36m<button\u001b[39m\n  \u001b[33maria-label\u001b[39m=\u001b[32m\"Show password\"\u001b[39m\n  \u001b[33mclass\u001b[39m=\u001b[32m\"password-toggle-button\"\u001b[39m\n  \u001b[33mtype\u001b[39m=\u001b[32m\"button\"\u001b[39m\n\u001b[36m>\u001b[39m\n  \u001b[36m<svg\u001b[39m\n    \u001b[33maria-hidden\u001b[39m=\u001b[32m\"true\"\u001b[39m\n    \u001b[33mclass\u001b[39m=\u001b[32m\"lucide lucide-eye password-toggle-icon\"\u001b[39m\n    \u001b[33mfill\u001b[39m=\u001b[32m\"none\"\u001b[39m\n    \u001b[33mheight\u001b[39m=\u001b[32m\"24\"\u001b[39m\n    \u001b[33mstroke\u001b[39m=\u001b[32m\"currentColor\"\u001b[39m\n    \u001b[33mstroke-linecap\u001b[39m=\u001b[32m\"round\"\u001b[39m\n    \u001b[33mstroke-linejoin\u001b[39m=\u001b[32m\"round\"\u001b[39m\n    \u001b[33mstroke-width\u001b[39m=\u001b[32m\"2\"\u001b[39m\n    \u001b[33mviewBox\u001b[39m=\u001b[32m\"0 0 24 24\"\u001b[39m\n    \u001b[33mwidth\u001b[39m=\u001b[32m\"24\"\u001b[39m\n    \u001b[33mxmlns\u001b[39m=\u001b[32m\"http://www.w3.org/2000/svg\"\u001b[39m\n  \u001b[36m>\u001b[39m\n    \u001b[36m<path\u001b[39m\n      \u001b[33md\u001b[39m=\u001b[32m\"M2.062 12.348a1 1 0 0 1 0-.696 10.75 10.75 0 0 1 19.876 0 1 1 0 0 1 0 .696 10.75 10.75 0 0 1-19.876 0\"\u001b[39m\n    \u001b[36m/>\u001b[39m\n    \u001b[36m<circle\u001b[39m\n      \u001b[33mcx\u001b[39m=\u001b[32m\"12\"\u001b[39m\n      \u001b[33mcy\u001b[39m=\u001b[32m\"12\"\u001b[39m\n      \u001b[33mr\u001b[39m=\u001b[32m\"3\"\u001b[39m\n    \u001b[36m/>\u001b[39m\n  \u001b[36m</svg>\u001b[39m\n\u001b[36m</button>\u001b[39m\n\n(If this is intentional, then use the `*AllBy*` variant of the query (like `queryAllByText`, `getAllByText`, or `findAllByText`)).\n\nIgnored nodes: comments, script, style\n\u001b[36m<body>\u001b[39m\n  \u001b[36m<div>\u001b[39m\n    \u001b[36m<section\u001b[39m\n      \u001b[33mclass\u001b[39m=\u001b[32m\"login-container\"\u001b[39m\n    \u001b[36m>\u001b[39m\n      \u001b[36m<header\u001b[39m\n        \u001b[33mclass\u001b[39m=\u001b[32m\"login-header\"\u001b[39m\n      \u001b[36m>\u001b[39m\n        \u001b[36m<h1>\u001b[39m\n          \u001b[0mSign In\u001b[0m\n        \u001b[36m</h1>\u001b[39m\n        \u001b[36m<p>\u001b[39m\n          \u001b[0mWelcome back to ParaSocial\u001b[0m\n        \u001b[36m</p>\u001b[39m\n      \u001b[36m</header>\u001b[39m\n      \u001b[36m<form\u001b[39m\n        \u001b[33mclass\u001b[39m=\u001b[32m\"login-form\"\u001b[39m\n        \u001b[33mnovalidate\u001b[39m=\u001b[32m\"\"\u001b[39m\n      \u001b[36m>\u001b[39m\n        \u001b[36m<div\u001b[39m\n          \u001b[33mclass\u001b[39m=\u001b[32m\"form-group\"\u001b[39m\n        \u001b[36m>\u001b[39m\n          \u001b[36m<label\u001b[39m\n            \u001b[33mclass\u001b[39m=\u001b[32m\"form-label\"\u001b[39m\n            \u001b[33mfor\u001b[39m=\u001b[32m\"email\"\u001b[39m\n          \u001b[36m>\u001b[39m\n            \u001b[0mEmail Address\u001b[0m\n          \u001b[36m</label>\u001b[39m\n          \u001b[36m<input\u001b[39m\n            \u001b[33mautocomplete\u001b[39m=\u001b[32m\"email\"\u001b[39m\n            \u001b[33mclass\u001b[39m=\u001b[32m\"form-input \"\u001b[39m\n            \u001b[33mid\u001b[39m=\u001b[32m\"email\"\u001b[39m\n            \u001b[33mname\u001b[39m=\u001b[32m\"email\"\u001b[39m\n            \u001b[33mplaceholder\u001b[39m=\u001b[32m\"Enter your email address\"\u001b[39m\n            \u001b[33mrequired\u001b[39m=\u001b[32m\"\"\u001b[39m\n            \u001b[33mtype\u001b[39m=\u001b[32m\"email\"\u001b[39m\n            \u001b[33mvalue\u001b[39m=\u001b[32m\"\"\u001b[39m\n          \u001b[36m/>\u001b[39m\n        \u001b[36m</div>\u001b[39m\n        \u001b[36m<div\u001b[39m\n          \u001b[33mclass\u001b[39m=\u001b[32m\"form-group\"\u001b[39m\n        \u001b[36m>\u001b[39m\n          \u001b[36m<label\u001b[39m\n            \u001b[33mclass\u001b[39m=\u001b[32m\"form-label\"\u001b[39m\n            \u001b[33mfor\u001b[39m=\u001b[32m\"password\"\u001b[39m\n          \u001b[36m>\u001b[39m\n            \u001b[0mPassword\u001b[0m\n          \u001b[36m</label>\u001b[39m\n          \u001b[36m<div\u001b[39m\n            \u001b[33mclass\u001b[39m=\u001b[32m\"password-input-container\"\u001b[39m\n          \u001b[36m>\u001b[39m\n            \u001b[36m<input\u001b[39m\n              \u001b[33mautocomplete\u001b[39m=\u001b[32m\"current-password\"\u001b[39m\n              \u001b[33mclass\u001b[39m=\u001b[32m\"form-input \"\u001b[39m\n              \u001b[33mid\u001b[39m=\u001b[32m\"password\"\u001b[39m\n              \u001b[33mname\u001b[39m=\u001b[32m\"password\"\u001b[39m\n              \u001b[33mplaceholder\u001b[39m=\u001b[32m\"Enter your password\"\u001b[39m\n              \u001b[33mrequired\u001b[39m=\u001b[32m\"\"\u001b[39m\n              \u001b[33mtype\u001b[39m=\u001b[32m\"password\"\u001b[39m\n              \u001b[33mvalue\u001b[39m=\u001b[32m\"\"\u001b[39m\n            \u001b[36m/>\u001b[39m\n            \u001b[36m<button\u001b[39m\n              \u001b[33maria-label\u001b[39m=\u001b[32m\"Show password\"\u001b[39m\n              \u001b[33mclass\u001b[39m=\u001b[32m\"password-toggle-button\"\u001b[39m\n              \u001b[33mtype\u001b[39m=\u001b[32m\"button\"\u001b[39m\n            \u001b[36m>\u001b[39m\n              \u001b[36m<svg\u001b[39m\n                \u001b[33maria-hidden\u001b[39m=\u001b[32m\"true\"\u001b[39m\n                \u001b[33mclass\u001b[39m=\u001b[32m\"lucide lucide-eye password-toggle-icon\"\u001b[39m\n                \u001b[33mfill\u001b[39m=\u001b[32m\"none\"\u001b[39m\n                \u001b[33mheight\u001b[39m=\u001b[32m\"24\"\u001b[39m\n                \u001b[33mstroke\u001b[39m=\u001b[32m\"currentColor\"\u001b[39m\n                \u001b[33mstroke-linecap\u001b[39m=\u001b[32m\"round\"\u001b[39m\n                \u001b[33mstroke-linejoin\u001b[39m=\u001b[32m\"round\"\u001b[39m\n                \u001b[33mstroke-width\u001b[39m=\u001b[32m\"2\"\u001b[39m\n                \u001b[33mviewBox\u001b[39m=\u001b[32m\"0 0 24 24\"\u001b[39m\n                \u001b[33mwidth\u001b[39m=\u001b[32m\"24\"\u001b[39m\n                \u001b[33mxmlns\u001b[39m=\u001b[32m\"http://www.w3.org/2000/svg\"\u001b[39m\n              \u001b[36m>\u001b[39m\n                \u001b[36m<path\u001b[39m\n                  \u001b[33md\u001b[39m=\u001b[32m\"M2.062 12.348a1 1 0 0 1 0-.696 10.75 10.75 0 0 1 19.876 0 1 1 0 0 1 0 .696 10.75 10.75 0 0 1-19.876 0\"\u001b[39m\n                \u001b[36m/>\u001b[39m\n                \u001b[36m<circle\u001b[39m\n                  \u001b[33mcx\u001b[39m=\u001b[32m\"12\"\u001b[39m\n                  \u001b[33mcy\u001b[39m=\u001b[32m\"12\"\u001b[39m\n                  \u001b[33mr\u001b[39m=\u001b[32m\"3\"\u001b[39m\n                \u001b[36m/>\u001b[39m\n              \u001b[36m</svg>\u001b[39m\n            \u001b[36m</button>\u001b[39m\n          \u001b[36m</div>\u001b[39m\n        \u001b[36m</div>\u001b[39m\n        \u001b[36m<button\u001b[39m\n          \u001b[33maria-label\u001b[39m=\u001b[32m\"Sign in to your account\"\u001b[39m\n          \u001b[33mclass\u001b[39m=\u001b[32m\"submit-button focus:ring-2 focus:ring-blue-500\"\u001b[39m\n          \u001b[33mdisabled\u001b[39m=\u001b[32m\"\"\u001b[39m\n          \u001b[33mtype\u001b[39m=\u001b[32m\"submit\"\u001b[39m\n        \u001b[36m>\u001b[39m\n          \u001b[0mSign In\u001b[0m\n        \u001b[36m</button>\u001b[39m\n      \u001b[36m</form>\u001b[39m\n      \u001b[36m<footer\u001b[39m\n        \u001b[33mclass\u001b[39m=\u001b[32m\"login-footer\"\u001b[39m\n      \u001b[36m>\u001b[39m\n        \u001b[36m<a\u001b[39m\n          \u001b[33mclass\u001b[39m=\u001b[32m\"help-link focus:ring-2 focus:ring-blue-500\"\u001b[39m\n          \u001b[33mhref\u001b[39m=\u001b[32m\"/forgot-password\"\u001b[39m\n        \u001b[36m>\u001b[39m\n          \u001b[0mForgot your password?\u001b[0m\n        \u001b[36m</a>\u001b[39m\n        \u001b[36m<div\u001b[39m\n          \u001b[33mclass\u001b[39m=\u001b[32m\"signup-prompt\"\u001b[39m\n        \u001b[36m>\u001b[39m\n          \u001b[0mDon't have an account?\u001b[0m\n          \u001b[0m \u001b[0m\n          \u001b[36m<a\u001b[39m\n            \u001b[33mclass\u001b[39m=\u001b[32m\"signup-link focus:ring-2 focus:ring-blue-500\"\u001b[39m\n            \u001b[33mhref\u001b[39m=\u001b[32m\"/register\"\u001b[39m\n          \u001b[36m>\u001b[39m\n            \u001b[0mSign up here\u001b[0m\n          \u001b[36m</a>\u001b[39m\n        \u001b[36m</div>\u001b[39m\n      \u001b[36m</footer>\u001b[39m\n    \u001b[36m</section>\u001b[39m\n  \u001b[36m</div>\u001b[39m\n\u001b[36m</body>\u001b[39m\n    at Object.getElementError (C:\\Users\\Et Al\\Documents\\GitHub\\parasocial\\frontend\\node_modules\\@testing-library\\dom\\dist\\config.js:37:19)\n    at getElementError (C:\\Users\\Et Al\\Documents\\GitHub\\parasocial\\frontend\\node_modules\\@testing-library\\dom\\dist\\query-helpers.js:20:35)\n    at getMultipleElementsFoundError (C:\\Users\\Et Al\\Documents\\GitHub\\parasocial\\frontend\\node_modules\\@testing-library\\dom\\dist\\query-helpers.js:23:10)\n    at C:\\Users\\Et Al\\Documents\\GitHub\\parasocial\\frontend\\node_modules\\@testing-library\\dom\\dist\\query-helpers.js:55:13\n    at C:\\Users\\Et Al\\Documents\\GitHub\\parasocial\\frontend\\node_modules\\@testing-library\\dom\\dist\\query-helpers.js:95:19\n    at C:\\Users\\Et Al\\Documents\\GitHub\\ParaSocial\\frontend\\src\\components\\auth\\__tests__\\LoginComponent.test.tsx:23:21\n    at file:///C:/Users/Et%20Al/Documents/GitHub/parasocial/frontend/node_modules/@vitest/runner/dist/chunk-hooks.js:155:11\n    at file:///C:/Users/Et%20Al/Documents/GitHub/parasocial/frontend/node_modules/@vitest/runner/dist/chunk-hooks.js:752:26\n    at file:///C:/Users/Et%20Al/Documents/GitHub/parasocial/frontend/node_modules/@vitest/runner/dist/chunk-hooks.js:1897:20\n    at new Promise (<anonymous>)"],"meta":{}},{"ancestorTitles":["LoginComponent - Rendering","Initial Render"],"fullName":"LoginComponent - Rendering Initial Render should render form fields with correct input types and attributes","status":"failed","title":"should render form fields with correct input types and attributes","duration":11.254300000000057,"failureMessages":["Error: expected element to have attribute placeholder with value \"Enter your email\"\n    at Proxy.expectWrapper (file:///C:/Users/Et%20Al/Documents/GitHub/parasocial/frontend/node_modules/@vitest/expect/dist/index.js:1745:12)\n    at Proxy.<anonymous> (file:///C:/Users/Et%20Al/Documents/GitHub/parasocial/frontend/node_modules/@vitest/expect/dist/index.js:1029:14)\n    at Proxy.methodWrapper (file:///C:/Users/Et%20Al/Documents/GitHub/parasocial/frontend/node_modules/chai/chai.js:1618:25)\n    at C:\\Users\\Et Al\\Documents\\GitHub\\ParaSocial\\frontend\\src\\components\\auth\\__tests__\\LoginComponent.test.tsx:37:26\n    at file:///C:/Users/Et%20Al/Documents/GitHub/parasocial/frontend/node_modules/@vitest/runner/dist/chunk-hooks.js:155:11\n    at file:///C:/Users/Et%20Al/Documents/GitHub/parasocial/frontend/node_modules/@vitest/runner/dist/chunk-hooks.js:752:26\n    at file:///C:/Users/Et%20Al/Documents/GitHub/parasocial/frontend/node_modules/@vitest/runner/dist/chunk-hooks.js:1897:20\n    at new Promise (<anonymous>)\n    at runWithTimeout (file:///C:/Users/Et%20Al/Documents/GitHub/parasocial/frontend/node_modules/@vitest/runner/dist/chunk-hooks.js:1863:10)\n    at runTest (file:///C:/Users/Et%20Al/Documents/GitHub/parasocial/frontend/node_modules/@vitest/runner/dist/chunk-hooks.js:1574:12)"],"meta":{}},{"ancestorTitles":["LoginComponent - Rendering","Initial Render"],"fullName":"LoginComponent - Rendering Initial Render should render submit button in initial disabled state","status":"passed","title":"should render submit button in initial disabled state","duration":35.10199999999986,"failureMessages":[],"meta":{}},{"ancestorTitles":["LoginComponent - Rendering","Initial Render"],"fullName":"LoginComponent - Rendering Initial Render should render footer links correctly","status":"passed","title":"should render footer links correctly","duration":23.81840000000011,"failureMessages":[],"meta":{}},{"ancestorTitles":["LoginComponent - Rendering","Accessibility"],"fullName":"LoginComponent - Rendering Accessibility should have proper form structure and semantics","status":"passed","title":"should have proper form structure and semantics","duration":12.968799999999646,"failureMessages":[],"meta":{}},{"ancestorTitles":["LoginComponent - Rendering","Accessibility"],"fullName":"LoginComponent - Rendering Accessibility should associate labels with form inputs correctly","status":"failed","title":"should associate labels with form inputs correctly","duration":7.435699999999997,"failureMessages":["TestingLibraryElementError: Found multiple elements with the text of: /password/i\n\nHere are the matching elements:\n\nIgnored nodes: comments, script, style\n\u001b[36m<input\u001b[39m\n  \u001b[33mautocomplete\u001b[39m=\u001b[32m\"current-password\"\u001b[39m\n  \u001b[33mclass\u001b[39m=\u001b[32m\"form-input \"\u001b[39m\n  \u001b[33mid\u001b[39m=\u001b[32m\"password\"\u001b[39m\n  \u001b[33mname\u001b[39m=\u001b[32m\"password\"\u001b[39m\n  \u001b[33mplaceholder\u001b[39m=\u001b[32m\"Enter your password\"\u001b[39m\n  \u001b[33mrequired\u001b[39m=\u001b[32m\"\"\u001b[39m\n  \u001b[33mtype\u001b[39m=\u001b[32m\"password\"\u001b[39m\n  \u001b[33mvalue\u001b[39m=\u001b[32m\"\"\u001b[39m\n\u001b[36m/>\u001b[39m\n\nIgnored nodes: comments, script, style\n\u001b[36m<button\u001b[39m\n  \u001b[33maria-label\u001b[39m=\u001b[32m\"Show password\"\u001b[39m\n  \u001b[33mclass\u001b[39m=\u001b[32m\"password-toggle-button\"\u001b[39m\n  \u001b[33mtype\u001b[39m=\u001b[32m\"button\"\u001b[39m\n\u001b[36m>\u001b[39m\n  \u001b[36m<svg\u001b[39m\n    \u001b[33maria-hidden\u001b[39m=\u001b[32m\"true\"\u001b[39m\n    \u001b[33mclass\u001b[39m=\u001b[32m\"lucide lucide-eye password-toggle-icon\"\u001b[39m\n    \u001b[33mfill\u001b[39m=\u001b[32m\"none\"\u001b[39m\n    \u001b[33mheight\u001b[39m=\u001b[32m\"24\"\u001b[39m\n    \u001b[33mstroke\u001b[39m=\u001b[32m\"currentColor\"\u001b[39m\n    \u001b[33mstroke-linecap\u001b[39m=\u001b[32m\"round\"\u001b[39m\n    \u001b[33mstroke-linejoin\u001b[39m=\u001b[32m\"round\"\u001b[39m\n    \u001b[33mstroke-width\u001b[39m=\u001b[32m\"2\"\u001b[39m\n    \u001b[33mviewBox\u001b[39m=\u001b[32m\"0 0 24 24\"\u001b[39m\n    \u001b[33mwidth\u001b[39m=\u001b[32m\"24\"\u001b[39m\n    \u001b[33mxmlns\u001b[39m=\u001b[32m\"http://www.w3.org/2000/svg\"\u001b[39m\n  \u001b[36m>\u001b[39m\n    \u001b[36m<path\u001b[39m\n      \u001b[33md\u001b[39m=\u001b[32m\"M2.062 12.348a1 1 0 0 1 0-.696 10.75 10.75 0 0 1 19.876 0 1 1 0 0 1 0 .696 10.75 10.75 0 0 1-19.876 0\"\u001b[39m\n    \u001b[36m/>\u001b[39m\n    \u001b[36m<circle\u001b[39m\n      \u001b[33mcx\u001b[39m=\u001b[32m\"12\"\u001b[39m\n      \u001b[33mcy\u001b[39m=\u001b[32m\"12\"\u001b[39m\n      \u001b[33mr\u001b[39m=\u001b[32m\"3\"\u001b[39m\n    \u001b[36m/>\u001b[39m\n  \u001b[36m</svg>\u001b[39m\n\u001b[36m</button>\u001b[39m\n\n(If this is intentional, then use the `*AllBy*` variant of the query (like `queryAllByText`, `getAllByText`, or `findAllByText`)).\n\nIgnored nodes: comments, script, style\n\u001b[36m<body>\u001b[39m\n  \u001b[36m<div>\u001b[39m\n    \u001b[36m<section\u001b[39m\n      \u001b[33mclass\u001b[39m=\u001b[32m\"login-container\"\u001b[39m\n    \u001b[36m>\u001b[39m\n      \u001b[36m<header\u001b[39m\n        \u001b[33mclass\u001b[39m=\u001b[32m\"login-header\"\u001b[39m\n      \u001b[36m>\u001b[39m\n        \u001b[36m<h1>\u001b[39m\n          \u001b[0mSign In\u001b[0m\n        \u001b[36m</h1>\u001b[39m\n        \u001b[36m<p>\u001b[39m\n          \u001b[0mWelcome back to ParaSocial\u001b[0m\n        \u001b[36m</p>\u001b[39m\n      \u001b[36m</header>\u001b[39m\n      \u001b[36m<form\u001b[39m\n        \u001b[33mclass\u001b[39m=\u001b[32m\"login-form\"\u001b[39m\n        \u001b[33mnovalidate\u001b[39m=\u001b[32m\"\"\u001b[39m\n      \u001b[36m>\u001b[39m\n        \u001b[36m<div\u001b[39m\n          \u001b[33mclass\u001b[39m=\u001b[32m\"form-group\"\u001b[39m\n        \u001b[36m>\u001b[39m\n          \u001b[36m<label\u001b[39m\n            \u001b[33mclass\u001b[39m=\u001b[32m\"form-label\"\u001b[39m\n            \u001b[33mfor\u001b[39m=\u001b[32m\"email\"\u001b[39m\n          \u001b[36m>\u001b[39m\n            \u001b[0mEmail Address\u001b[0m\n          \u001b[36m</label>\u001b[39m\n          \u001b[36m<input\u001b[39m\n            \u001b[33mautocomplete\u001b[39m=\u001b[32m\"email\"\u001b[39m\n            \u001b[33mclass\u001b[39m=\u001b[32m\"form-input \"\u001b[39m\n            \u001b[33mid\u001b[39m=\u001b[32m\"email\"\u001b[39m\n            \u001b[33mname\u001b[39m=\u001b[32m\"email\"\u001b[39m\n            \u001b[33mplaceholder\u001b[39m=\u001b[32m\"Enter your email address\"\u001b[39m\n            \u001b[33mrequired\u001b[39m=\u001b[32m\"\"\u001b[39m\n            \u001b[33mtype\u001b[39m=\u001b[32m\"email\"\u001b[39m\n            \u001b[33mvalue\u001b[39m=\u001b[32m\"\"\u001b[39m\n          \u001b[36m/>\u001b[39m\n        \u001b[36m</div>\u001b[39m\n        \u001b[36m<div\u001b[39m\n          \u001b[33mclass\u001b[39m=\u001b[32m\"form-group\"\u001b[39m\n        \u001b[36m>\u001b[39m\n          \u001b[36m<label\u001b[39m\n            \u001b[33mclass\u001b[39m=\u001b[32m\"form-label\"\u001b[39m\n            \u001b[33mfor\u001b[39m=\u001b[32m\"password\"\u001b[39m\n          \u001b[36m>\u001b[39m\n            \u001b[0mPassword\u001b[0m\n          \u001b[36m</label>\u001b[39m\n          \u001b[36m<div\u001b[39m\n            \u001b[33mclass\u001b[39m=\u001b[32m\"password-input-container\"\u001b[39m\n          \u001b[36m>\u001b[39m\n            \u001b[36m<input\u001b[39m\n              \u001b[33mautocomplete\u001b[39m=\u001b[32m\"current-password\"\u001b[39m\n              \u001b[33mclass\u001b[39m=\u001b[32m\"form-input \"\u001b[39m\n              \u001b[33mid\u001b[39m=\u001b[32m\"password\"\u001b[39m\n              \u001b[33mname\u001b[39m=\u001b[32m\"password\"\u001b[39m\n              \u001b[33mplaceholder\u001b[39m=\u001b[32m\"Enter your password\"\u001b[39m\n              \u001b[33mrequired\u001b[39m=\u001b[32m\"\"\u001b[39m\n              \u001b[33mtype\u001b[39m=\u001b[32m\"password\"\u001b[39m\n              \u001b[33mvalue\u001b[39m=\u001b[32m\"\"\u001b[39m\n            \u001b[36m/>\u001b[39m\n            \u001b[36m<button\u001b[39m\n              \u001b[33maria-label\u001b[39m=\u001b[32m\"Show password\"\u001b[39m\n              \u001b[33mclass\u001b[39m=\u001b[32m\"password-toggle-button\"\u001b[39m\n              \u001b[33mtype\u001b[39m=\u001b[32m\"button\"\u001b[39m\n            \u001b[36m>\u001b[39m\n              \u001b[36m<svg\u001b[39m\n                \u001b[33maria-hidden\u001b[39m=\u001b[32m\"true\"\u001b[39m\n                \u001b[33mclass\u001b[39m=\u001b[32m\"lucide lucide-eye password-toggle-icon\"\u001b[39m\n                \u001b[33mfill\u001b[39m=\u001b[32m\"none\"\u001b[39m\n                \u001b[33mheight\u001b[39m=\u001b[32m\"24\"\u001b[39m\n                \u001b[33mstroke\u001b[39m=\u001b[32m\"currentColor\"\u001b[39m\n                \u001b[33mstroke-linecap\u001b[39m=\u001b[32m\"round\"\u001b[39m\n                \u001b[33mstroke-linejoin\u001b
[...]
ssword field","status":"passed","title":"should allow typing in confirm password field","duration":339.9809,"failureMessages":[],"meta":{}},{"ancestorTitles":["RegisterComponent - User Interactions","Form Input Handling"],"fullName":"RegisterComponent - User Interactions Form Input Handling should clear field errors when user starts typing","status":"passed","title":"should clear field errors when user starts typing","duration":418.50250000000005,"failureMessages":[],"meta":{}},{"ancestorTitles":["RegisterComponent - User Interactions","Form Validation"],"fullName":"RegisterComponent - User Interactions Form Validation should validate email format","status":"passed","title":"should validate email format","duration":367.42029999999977,"failureMessages":[],"meta":{}},{"ancestorTitles":["RegisterComponent - User Interactions","Form Validation"],"fullName":"RegisterComponent - User Interactions Form Validation should validate username length and format","status":"passed","title":"should validate username length and format","duration":472.65059999999994,"failureMessages":[],"meta":{}},{"ancestorTitles":["RegisterComponent - User Interactions","Form Validation"],"fullName":"RegisterComponent - User Interactions Form Validation should validate password requirements","status":"passed","title":"should validate password requirements","duration":1411.7249999999995,"failureMessages":[],"meta":{}},{"ancestorTitles":["RegisterComponent - User Interactions","Form Validation"],"fullName":"RegisterComponent - User Interactions Form Validation should validate password confirmation matches","status":"passed","title":"should validate password confirmation matches","duration":691.2795999999998,"failureMessages":[],"meta":{}},{"ancestorTitles":["RegisterComponent - User Interactions","Form Validation"],"fullName":"RegisterComponent - User Interactions Form Validation should enable submit button when all required fields are valid","status":"passed","title":"should enable submit button when all required fields are valid","duration":1232.3212000000012,"failureMessages":[],"meta":{}},{"ancestorTitles":["RegisterComponent - User Interactions","Form Validation"],"fullName":"RegisterComponent - User Interactions Form Validation should disable submit button if any required field is empty","status":"passed","title":"should disable submit button if any required field is empty","duration":850.8833999999988,"failureMessages":[],"meta":{}},{"ancestorTitles":["RegisterComponent - User Interactions","Form Submission"],"fullName":"RegisterComponent - User Interactions Form Submission should call API with correct data on form submission","status":"passed","title":"should call API with correct data on form submission","duration":1434.8318,"failureMessages":[],"meta":{}},{"ancestorTitles":["RegisterComponent - User Interactions","Form Submission"],"fullName":"RegisterComponent - User Interactions Form Submission should use username as displayName when displayName is empty","status":"passed","title":"should use username as displayName when displayName is empty","duration":1213.1710000000003,"failureMessages":[],"meta":{}},{"ancestorTitles":["RegisterComponent - User Interactions","Form Submission"],"fullName":"RegisterComponent - User Interactions Form Submission should use custom apiBaseUrl when provided","status":"passed","title":"should use custom apiBaseUrl when provided","duration":1239.9001000000007,"failureMessages":[],"meta":{}},{"ancestorTitles":["RegisterComponent - User Interactions","Form Submission"],"fullName":"RegisterComponent - User Interactions Form Submission should not submit form if validation fails","status":"passed","title":"should not submit form if validation fails","duration":763.3819000000003,"failureMessages":[],"meta":{}},{"ancestorTitles":["RegisterComponent - User Interactions","Loading States"],"fullName":"RegisterComponent - User Interactions Loading States should show loading state during form submission","status":"passed","title":"should show loading state during form submission","duration":1376.7705999999998,"failureMessages":[],"meta":{}},{"ancestorTitles":["RegisterComponent - User Interactions","Loading States"],"fullName":"RegisterComponent - User Interactions Loading States should disable form fields during loading","status":"passed","title":"should disable form fields during loading","duration":1289.8708000000006,"failureMessages":[],"meta":{}},{"ancestorTitles":["RegisterComponent - User Interactions","Success Handling"],"fullName":"RegisterComponent - User Interactions Success Handling should store token in localStorage on successful registration","status":"passed","title":"should store token in localStorage on successful registration","duration":966.1427000000003,"failureMessages":[],"meta":{}},{"ancestorTitles":["RegisterComponent - User Interactions","Success Handling"],"fullName":"RegisterComponent - User Interactions Success Handling should call onRegisterSuccess callback with user data","status":"passed","title":"should call onRegisterSuccess callback with user data","duration":1010.8742999999995,"failureMessages":[],"meta":{}},{"ancestorTitles":["RegisterComponent - User Interactions","Error Handling"],"fullName":"RegisterComponent - User Interactions Error Handling should display error message for failed registration","status":"passed","title":"should display error message for failed registration","duration":1402.2491999999984,"failureMessages":[],"meta":{}},{"ancestorTitles":["RegisterComponent - User Interactions","Error Handling"],"fullName":"RegisterComponent - User Interactions Error Handling should call onRegisterError callback with error message","status":"passed","title":"should call onRegisterError callback with error message","duration":1334.0162999999993,"failureMessages":[],"meta":{}},{"ancestorTitles":["RegisterComponent - User Interactions","Error Handling"],"fullName":"RegisterComponent - User Interactions Error Handling should handle network errors gracefully","status":"passed","title":"should handle network errors gracefully","duration":1003.3872999999985,"failureMessages":[],"meta":{}}],"startTime":1751441743014,"endTime":1751441762989.3872,"status":"passed","message":"","name":"C:/Users/Et Al/Documents/GitHub/ParaSocial/frontend/src/components/auth/__tests__/RegisterComponent.interaction.test.tsx"},{"assertionResults":[{"ancestorTitles":["RegisterComponent - Rendering","Initial Render"],"fullName":"RegisterComponent - Rendering Initial Render should render the registration form with all required fields","status":"passed","title":"should render the registration form with all required fields","duration":111.02700000000004,"failureMessages":[],"meta":{}},{"ancestorTitles":["RegisterComponent - Rendering","Initial Render"],"fullName":"RegisterComponent - Rendering Initial Render should render form fields with correct input types and attributes","status":"passed","title":"should render form fields with correct input types and attributes","duration":10.977300000000014,"failureMessages":[],"meta":{}},{"ancestorTitles":["RegisterComponent - Rendering","Initial Render"],"fullName":"RegisterComponent - Rendering Initial Render should render submit button in initial disabled state","status":"passed","title":"should render submit button in initial disabled state","duration":12.048699999999826,"failureMessages":[],"meta":{}},{"ancestorTitles":["RegisterComponent - Rendering","Initial Render"],"fullName":"RegisterComponent - Rendering Initial Render should render footer links correctly","status":"passed","title":"should render footer links correctly","duration":25.75630000000001,"failureMessages":[],"meta":{}},{"ancestorTitles":["RegisterComponent - Rendering","Accessibility"],"fullName":"RegisterComponent - Rendering Accessibility should have proper form structure and semantics","status":"passed","title":"should have proper form structure and semantics","duration":4.885500000000093,"failureMessages":[],"meta":{}},{"ancestorTitles":["RegisterComponent - Rendering","Accessibility"],"fullName":"RegisterComponent - Rendering Accessibility should associate labels with form inputs correctly","status":"passed","title":"should associate labels with form inputs correctly","duration":8.315499999999929,"failureMessages":[],"meta":{}},{"ancestorTitles":["RegisterComponent - Rendering","Accessibility"],"fullName":"RegisterComponent - Rendering Accessibility should not show error messages initially","status":"passed","title":"should not show error messages initially","duration":6.8922999999999774,"failureMessages":[],"meta":{}},{"ancestorTitles":["RegisterComponent - Rendering","Loading State"],"fullName":"RegisterComponent - Rendering Loading State should not show loading state initially","status":"passed","title":"should not show loading state initially","duration":4.653299999999945,"failureMessages":[],"meta":{}},{"ancestorTitles":["RegisterComponent - Rendering","Props Handling"],"fullName":"RegisterComponent - Rendering Props Handling should accept and use custom apiBaseUrl prop","status":"passed","title":"should accept and use custom apiBaseUrl prop","duration":6.425799999999981,"failureMessages":[],"meta":{}},{"ancestorTitles":["RegisterComponent - Rendering","Props Handling"],"fullName":"RegisterComponent - Rendering Props Handling should accept onRegisterSuccess callback prop","status":"passed","title":"should accept onRegisterSuccess callback prop","duration":4.112100000000055,"failureMessages":[],"meta":{}},{"ancestorTitles":["RegisterComponent - Rendering","Props Handling"],"fullName":"RegisterComponent - Rendering Props Handling should accept onRegisterError callback prop","status":"passed","title":"should accept onRegisterError callback prop","duration":3.3647000000000844,"failureMessages":[],"meta":{}},{"ancestorTitles":["RegisterComponent - Rendering","Props Handling"],"fullName":"RegisterComponent - Rendering Props Handling should work without any optional props","status":"passed","title":"should work without any optional props","duration":6.073900000000094,"failureMessages":[],"meta":{}},{"ancestorTitles":["RegisterComponent - Rendering","Styling Structure"],"fullName":"RegisterComponent - Rendering Styling Structure should have correct CSS classes for layout","status":"passed","title":"should have correct CSS classes for layout","duration":8.036000000000058,"failureMessages":[],"meta":{}},{"ancestorTitles":["RegisterComponent - Rendering","Styling Structure"],"fullName":"RegisterComponent - Rendering Styling Structure should have proper form group structure","status":"passed","title":"should have proper form group structure","duration":12.872700000000123,"failureMessages":[],"meta":{}},{"ancestorTitles":["RegisterComponent - Rendering","Styling Structure"],"fullName":"RegisterComponent - Rendering Styling Structure should have submit button with correct styling classes","status":"passed","title":"should have submit button with correct styling classes","duration":10.682199999999966,"failureMessages":[],"meta":{}},{"ancestorTitles":["RegisterComponent - Rendering","Field Validation Structure"],"fullName":"RegisterComponent - Rendering Field Validation Structure should have proper structure for error display","status":"passed","title":"should have proper structure for error display","duration":3.785400000000209,"failureMessages":[],"meta":{}},{"ancestorTitles":["RegisterComponent - Rendering","Field Validation Structure"],"fullName":"RegisterComponent - Rendering Field Validation Structure should have proper ARIA structure for form validation","status":"passed","title":"should have proper ARIA structure for form validation","duration":7.065099999999802,"failureMessages":[],"meta":{}}],"startTime":1751441749692,"endTime":1751441749940.0652,"status":"passed","message":"","name":"C:/Users/Et Al/Documents/GitHub/ParaSocial/frontend/src/components/auth/__tests__/RegisterComponent.test.tsx"},{"assertionResults":[{"ancestorTitles":["Login Page User Interactions","Form Input Interactions"],"fullName":"Login Page User Interactions Form Input Interactions should update email field when user types","status":"passed","title":"should update email field when user types","duration":402.0738000000001,"failureMessages":[],"meta":{}},{"ancestorTitles":["Login Page User Interactions","Form Input Interactions"],"fullName":"Login Page User Interactions Form Input Interactions should update password field when user types","status":"passed","title":"should update password field when user types","duration":305.2805000000003,"failureMessages":[],"meta":{}},{"ancestorTitles":["Login Page User Interactions","Form Input Interactions"],"fullName":"Login Page User Interactions Form Input Interactions should clear email error when user starts typing in email field","status":"passed","title":"should clear email error when user starts typing in email field","duration":177.89900000000034,"failureMessages":[],"meta":{}},{"ancestorTitles":["Login Page User Interactions","Form Input Interactions"],"fullName":"Login Page User Interactions Form Input Interactions should clear password error when user starts typing in password field","status":"passed","title":"should clear password error when user starts typing in password field","duration":207.2448999999997,"failureMessages":[],"meta":{}},{"ancestorTitles":["Login Page User Interactions","Password Toggle Interactions"],"fullName":"Login Page User Interactions Password Toggle Interactions should toggle password visibility when toggle button is clicked","status":"passed","title":"should toggle password visibility when toggle button is clicked","duration":113.95060000000012,"failureMessages":[],"meta":{}},{"ancestorTitles":["Login Page User Interactions","Password Toggle Interactions"],"fullName":"Login Page User Interactions Password Toggle Interactions should not toggle password when button is disabled during loading","status":"passed","title":"should not toggle password when button is disabled during loading","duration":685.7820999999999,"failureMessages":[],"meta":{}},{"ancestorTitles":["Login Page User Interactions","Form Submission Interactions"],"fullName":"Login Page User Interactions Form Submission Interactions should show validation errors when submitting empty form","status":"passed","title":"should show validation errors when submitting empty form","duration":70.61789999999974,"failureMessages":[],"meta":{}},{"ancestorTitles":["Login Page User Interactions","Form Submission Interactions"],"fullName":"Login Page User Interactions Form Submission Interactions should show email validation error for invalid email format","status":"passed","title":"should show email validation error for invalid email format","duration":334.75719999999956,"failureMessages":[],"meta":{}},{"ancestorTitles":["Login Page User Interactions","Form Submission Interactions"],"fullName":"Login Page User Interactions Form Submission Interactions should disable form during submission","status":"passed","title":"should disable form during submission","duration":629.2331999999997,"failureMessages":[],"meta":{}},{"ancestorTitles":["Login Page User Interactions","Form Submission Interactions"],"fullName":"Login Page User Interactions Form Submission Interactions should handle successful login","status":"passed","title":"should handle successful login","duration":636.2421999999997,"failureMessages":[],"meta":{}},{"ancestorTitles":["Login Page User Interactions","Form Submission Interactions"],"fullName":"Login Page User Interactions Form Submission Interactions should handle API error response","status":"passed","title":"should handle API error response","duration":633.4454999999998,"failureMessages":[],"meta":{}},{"ancestorTitles":["Login Page User Interactions","Form Submission Interactions"],"fullName":"Login Page User Interactions Form Submission Interactions should handle network error","status":"passed","title":"should handle network error","duration":585.2366000000002,"failureMessages":[],"meta":{}},{"ancestorTitles":["Login Page User Interactions","Form Submission Interactions"],"fullName":"Login Page User Interactions Form Submission Interactions should clear general error when user starts typing","status":"passed","title":"should clear general error when user starts typing","duration":717.5944,"failureMessages":[],"meta":{}},{"ancestorTitles":["Login Page User Interactions","Navigation Interactions"],"fullName":"Login Page User Interactions Navigation Interactions should navigate to register page when register link is clicked","status":"passed","title":"should navigate to register page when register link is clicked","duration":3.765400000000227,"failureMessages":[],"meta":{}},{"ancestorTitles":["Login Page User Interactions","Navigation Interactions"],"fullName":"Login Page User Interactions Navigation Interactions should navigate to forgot password page when forgot password link is clicked","status":"passed","title":"should navigate to forgot password page when forgot password link is clicked","duration":3.612600000000384,"failureMessages":[],"meta":{}},{"ancestorTitles":["Login Page User Interactions","Navigation Interactions"],"fullName":"Login Page User Interactions Navigation Interactions should navigate to home page when brand link is clicked","status":"passed","title":"should navigate to home page when brand link is clicked","duration":4.618900000000394,"failureMessages":[],"meta":{}},{"ancestorTitles":["Login Page User Interactions","Navigation Interactions"],"fullName":"Login Page User Interactions Navigation Interactions should apply hover styles to navigation links","status":"passed","title":"should apply hover styles to navigation links","duration":8.05290000000059,"failureMessages":[],"meta":{}},{"ancestorTitles":["Login Page User Interactions","Navigation Interactions"],"fullName":"Login Page User Interactions Navigation Interactions should show focus states on navigation links when focused","status":"passed","title":"should show focus states on navigation links when focused","duration":295.9915000000001,"failureMessages":[],"meta":{}},{"ancestorTitles":["Login Page User Interactions","Navigation Interactions"],"fullName":"Login Page User Interactions Navigation Interactions should handle keyboard navigation on navigation links","status":"passed","title":"should handle keyboard navigation on navigation links","duration":53.03369999999995,"failureMessages":[],"meta":{}},{"ancestorTitles":["Login Page User Interactions","Navigation Interactions"],"fullName":"Login Page User Interactions Navigation Interactions should handle multiple navigation link states correctly","status":"passed","title":"should handle multiple navigation link states correctly","duration":100.88709999999992,"failureMessages":[],"meta":{}},{"ancestorTitles":["Login Page User Interactions","Keyboard Interactions"],"fullName":"Login Page User Interactions Keyboard Interactions should submit form when Enter is pressed in password field","status":"passed","title":"should submit form when Enter is pressed in password field","duration":595.0784000000003,"failureMessages":[],"meta":{}},{"ancestorTitles":["Login Page User Interactions","Keyboard Interactions"],"fullName":"Login Page User Interactions Keyboard Interactions should allow tabbing between form elements","status":"passed","title":"should allow tabbing between form elements","duration":237.97139999999854,"failureMessages":[],"meta":{}}],"startTime":1751441744832,"endTime":1751441751635.9714,"status":"passed","message":"","name":"C:/Users/Et Al/Documents/GitHub/ParaSocial/frontend/src/app/[auth]/login/__tests__/loginPage.test.ts"},{"assertionResults":[],"startTime":1751441740588,"endTime":1751441740588,"status":"failed","message":"No test suite found in file C:/Users/Et Al/Documents/GitHub/ParaSocial/frontend/src/app/[auth]/login/__tests__/TestLoginPage.tsx","name":"C:/Users/Et Al/Documents/GitHub/ParaSocial/frontend/src/app/[auth]/login/__tests__/TestLoginPage.tsx"}]}
