{"numTotalTestSuites":7,"numPassedTestSuites":1,"numFailedTestSuites":6,"numPendingTestSuites":0,"numTotalTests":14,"numPassedTests":9,"numFailedTests":5,"numPendingTests":0,"numTodoTests":0,"snapshot":{"added":0,"failure":false,"filesAdded":0,"filesRemoved":0,"filesRemovedList":[],"filesUnmatched":0,"filesUpdated":0,"matched":0,"total":0,"unchecked":0,"uncheckedKeysByFile":[],"unmatched":0,"updated":0,"didUpdate":false},"startTime":1751448634550,"success":false,"testResults":[{"assertionResults":[{"ancestorTitles":["LoginComponent - Rendering","Initial Render"],"fullName":"LoginComponent - Rendering Initial Render should render the login form with all required fields","status":"failed","title":"should render the login form with all required fields","duration":140.18489999999997,"failureMessages":["TestingLibraryElementError: Unable to find an accessible element with the role \"textbox\" and name `/password/i`\n\nHere are the accessible roles:\n\n  banner:\n\n  Name \"\":\n  \u001b[36m<header\u001b[39m\n    \u001b[33mclass\u001b[39m=\u001b[32m\"login-header\"\u001b[39m\n  \u001b[36m/>\u001b[39m\n\n  --------------------------------------------------\n  heading:\n\n  Name \"Sign In\":\n  \u001b[36m<h1 />\u001b[39m\n\n  --------------------------------------------------\n  paragraph:\n\n  Name \"\":\n  \u001b[36m<p />\u001b[39m\n\n  --------------------------------------------------\n  textbox:\n\n  Name \"Email Address\":\n  \u001b[36m<input\u001b[39m\n    \u001b[33mautocomplete\u001b[39m=\u001b[32m\"email\"\u001b[39m\n    \u001b[33mclass\u001b[39m=\u001b[32m\"form-input \"\u001b[39m\n    \u001b[33mid\u001b[39m=\u001b[32m\"email\"\u001b[39m\n    \u001b[33mname\u001b[39m=\u001b[32m\"email\"\u001b[39m\n    \u001b[33mplaceholder\u001b[39m=\u001b[32m\"Enter your email address\"\u001b[39m\n    \u001b[33mrequired\u001b[39m=\u001b[32m\"\"\u001b[39m\n    \u001b[33mtype\u001b[39m=\u001b[32m\"email\"\u001b[39m\n    \u001b[33mvalue\u001b[39m=\u001b[32m\"\"\u001b[39m\n  \u001b[36m/>\u001b[39m\n\n  --------------------------------------------------\n  button:\n\n  Name \"Show password\":\n  \u001b[36m<button\u001b[39m\n    \u001b[33maria-label\u001b[39m=\u001b[32m\"Show password\"\u001b[39m\n    \u001b[33mclass\u001b[39m=\u001b[32m\"password-toggle-button\"\u001b[39m\n    \u001b[33mtype\u001b[39m=\u001b[32m\"button\"\u001b[39m\n  \u001b[36m/>\u001b[39m\n\n  Name \"Sign in to your account\":\n  \u001b[36m<button\u001b[39m\n    \u001b[33maria-label\u001b[39m=\u001b[32m\"Sign in to your account\"\u001b[39m\n    \u001b[33mclass\u001b[39m=\u001b[32m\"submit-button focus:ring-2 focus:ring-blue-500\"\u001b[39m\n    \u001b[33mdisabled\u001b[39m=\u001b[32m\"\"\u001b[39m\n    \u001b[33mtype\u001b[39m=\u001b[32m\"submit\"\u001b[39m\n  \u001b[36m/>\u001b[39m\n\n  --------------------------------------------------\n  contentinfo:\n\n  Name \"\":\n  \u001b[36m<footer\u001b[39m\n    \u001b[33mclass\u001b[39m=\u001b[32m\"login-footer\"\u001b[39m\n  \u001b[36m/>\u001b[39m\n\n  --------------------------------------------------\n  link:\n\n  Name \"Forgot your password?\":\n  \u001b[36m<a\u001b[39m\n    \u001b[33mclass\u001b[39m=\u001b[32m\"help-link focus:ring-2 focus:ring-blue-500\"\u001b[39m\n    \u001b[33mhref\u001b[39m=\u001b[32m\"/forgot-password\"\u001b[39m\n  \u001b[36m/>\u001b[39m\n\n  Name \"Sign up here\":\n  \u001b[36m<a\u001b[39m\n    \u001b[33mclass\u001b[39m=\u001b[32m\"signup-link focus:ring-2 focus:ring-blue-500\"\u001b[39m\n    \u001b[33mhref\u001b[39m=\u001b[32m\"/register\"\u001b[39m\n  \u001b[36m/>\u001b[39m\n\n  --------------------------------------------------\n\nIgnored nodes: comments, script, style\n\u001b[36m<body>\u001b[39m\n  \u001b[36m<div>\u001b[39m\n    \u001b[36m<section\u001b[39m\n      \u001b[33mclass\u001b[39m=\u001b[32m\"login-container\"\u001b[39m\n    \u001b[36m>\u001b[39m\n      \u001b[36m<header\u001b[39m\n        \u001b[33mclass\u001b[39m=\u001b[32m\"login-header\"\u001b[39m\n      \u001b[36m>\u001b[39m\n        \u001b[36m<h1>\u001b[39m\n          \u001b[0mSign In\u001b[0m\n        \u001b[36m</h1>\u001b[39m\n        \u001b[36m<p>\u001b[39m\n          \u001b[0mWelcome back to ParaSocial\u001b[0m\n        \u001b[36m</p>\u001b[39m\n      \u001b[36m</header>\u001b[39m\n      \u001b[36m<form\u001b[39m\n        \u001b[33mclass\u001b[39m=\u001b[32m\"login-form\"\u001b[39m\n        \u001b[33mnovalidate\u001b[39m=\u001b[32m\"\"\u001b[39m\n      \u001b[36m>\u001b[39m\n        \u001b[36m<div\u001b[39m\n          \u001b[33mclass\u001b[39m=\u001b[32m\"form-group\"\u001b[39m\n        \u001b[36m>\u001b[39m\n          \u001b[36m<label\u001b[39m\n            \u001b[33mclass\u001b[39m=\u001b[32m\"form-label\"\u001b[39m\n            \u001b[33mfor\u001b[39m=\u001b[32m\"email\"\u001b[39m\n          \u001b[36m>\u001b[39m\n            \u001b[0mEmail Address\u001b[0m\n          \u001b[36m</label>\u001b[39m\n          \u001b[36m<input\u001b[39m\n            \u001b[33mautocomplete\u001b[39m=\u001b[32m\"email\"\u001b[39m\n            \u001b[33mclass\u001b[39m=\u001b[32m\"form-input \"\u001b[39m\n            \u001b[33mid\u001b[39m=\u001b[32m\"email\"\u001b[39m\n            \u001b[33mname\u001b[39m=\u001b[32m\"email\"\u001b[39m\n            \u001b[33mplaceholder\u001b[39m=\u001b[32m\"Enter your email address\"\u001b[39m\n            \u001b[33mrequired\u001b[39m=\u001b[32m\"\"\u001b[39m\n            \u001b[33mtype\u001b[39m=\u001b[32m\"email\"\u001b[39m\n            \u001b[33mvalue\u001b[39m=\u001b[32m\"\"\u001b[39m\n          \u001b[36m/>\u001b[39m\n        \u001b[36m</div>\u001b[39m\n        \u001b[36m<div\u001b[39m\n          \u001b[33mclass\u001b[39m=\u001b[32m\"form-group\"\u001b[39m\n        \u001b[36m>\u001b[39m\n          \u001b[36m<label\u001b[39m\n            \u001b[33mclass\u001b[39m=\u001b[32m\"form-label\"\u001b[39m\n            \u001b[33mfor\u001b[39m=\u001b[32m\"password\"\u001b[39m\n          \u001b[36m>\u001b[39m\n            \u001b[0mPassword\u001b[0m\n          \u001b[36m</label>\u001b[39m\n          \u001b[36m<div\u001b[39m\n            \u001b[33mclass\u001b[39m=\u001b[32m\"password-input-container\"\u001b[39m\n          \u001b[36m>\u001b[39m\n            \u001b[36m<input\u001b[39m\n              \u001b[33mautocomplete\u001b[39m=\u001b[32m\"current-password\"\u001b[39m\n              \u001b[33mclass\u001b[39m=\u001b[32m\"form-input \"\u001b[39m\n              \u001b[33mid\u001b[39m=\u001b[32m\"password\"\u001b[39m\n              \u001b[33mname\u001b[39m=\u001b[32m\"password\"\u001b[39m\n              \u001b[33mplaceholder\u001b[39m=\u001b[32m\"Enter your password\"\u001b[39m\n              \u001b[33mrequired\u001b[39m=\u001b[32m\"\"\u001b[39m\n              \u001b[33mtype\u001b[39m=\u001b[32m\"password\"\u001b[39m\n              \u001b[33mvalue\u001b[39m=\u001b[32m\"\"\u001b[39m\n            \u001b[36m/>\u001b[39m\n            \u001b[36m<button\u001b[39m\n              \u001b[33maria-label\u001b[39m=\u001b[32m\"Show password\"\u001b[39m\n              \u001b[33mclass\u001b[39m=\u001b[32m\"password-toggle-button\"\u001b[39m\n              \u001b[33mtype\u001b[39m=\u001b[32m\"button\"\u001b[39m\n            \u001b[36m>\u001b[39m\n              \u001b[36m<svg\u001b[39m\n                \u001b[33maria-hidden\u001b[39m=\u001b[32m\"true\"\u001b[39m\n                \u001b[33mclass\u001b[39m=\u001b[32m\"lucide lucide-eye password-toggle-icon\"\u001b[39m\n                \u001b[33mfill\u001b[39m=\u001b[32m\"none\"\u001b[39m\n                \u001b[33mheight\u001b[39m=\u001b[32m\"24\"\u001b[39m\n                \u001b[33mstroke\u001b[39m=\u001b[32m\"currentColor\"\u001b[39m\n                \u001b[33mstroke-linecap\u001b[39m=\u001b[32m\"round\"\u001b[39m\n                \u001b[33mstroke-linejoin\u001b[39m=\u001b[32m\"round\"\u001b[39m\n                \u001b[33mstroke-width\u001b[39m=\u001b[32m\"2\"\u001b[39m\n                \u001b[33mviewBox\u001b[39m=\u001b[32m\"0 0 24 24\"\u001b[39m\n                \u001b[33mwidth\u001b[39m=\u001b[32m\"24\"\u001b[39m\n                \u001b[33mxmlns\u001b[39m=\u001b[32m\"http://www.w3.org/2000/svg\"\u001b[39m\n              \u001b[36m>\u001b[39m\n                \u001b[36m<path\u001b[39m\n                  \u001b[33md\u001b[39m=\u001b[32m\"M2.062 12.348a1 1 0 0 1 0-.696 10.75 10.75 0 0 1 19.876 0 1 1 0 0 1 0 .696 10.75 10.75 0 0 1-19.876 0\"\u001b[39m\n                \u001b[36m/>\u001b[39m\n                \u001b[36m<circle\u001b[39m\n                  \u001b[33mcx\u001b[39m=\u001b[32m\"12\"\u001b[39m\n                  \u001b[33mcy\u001b[39m=\u001b[32m\"12\"\u001b[39m\n                  \u001b[33mr\u001b[39m=\u001b[32m\"3\"\u001b[39m\n                \u001b[36m/>\u001b[39m\n              \u001b[36m</svg>\u001b[39m\n            \u001b[36m</button>\u001b[39m\n          \u001b[36m</div>\u001b[39m\n        \u001b[36m</div>\u001b[39m\n        \u001b[36m<button\u001b[39m\n          \u001b[33maria-label\u001b[39m=\u001b[32m\"Sign in to your account\"\u001b[39m\n          \u001b[33mclass\u001b[39m=\u001b[32m\"submit-button focus:ring-2 focus:ring-blue-500\"\u001b[39m\n          \u001b[33mdisabled\u001b[39m=\u001b[32m\"\"\u001b[39m\n          \u001b[33mtype\u001b[39m=\u001b[32m\"submit\"\u001b[39m\n        \u001b[36m>\u001b[39m\n          \u001b[0mSign In\u001b[0m\n        \u001b[36m</button>\u001b[39m\n      \u001b[36m</form>\u001b[39m\n      \u001b[36m<footer\u001b[39m\n        \u001b[33mclass\u001b[39m=\u001b[32m\"login-footer\"\u001b[39m\n      \u001b[36m>\u001b[39m\n        \u001b[36m<a\u001b[39m\n          \u001b[33mclass\u001b[39m=\u001b[32m\"help-link focus:ring-2 focus:ring-blue-500\"\u001b[39m\n          \u001b[33mhref\u001b[39m=\u001b[32m\"/forgot-password\"\u001b[39m\n        \u001b[36m>\u001b[39m\n          \u001b[0mForgot your password?\u001b[0m\n        \u001b[36m</a>\u001b[39m\n        \u001b[36m<div\u001b[39m\n          \u001b[33mclass\u001b[39m=\u001b[32m\"signup-prompt\"\u001b[39m\n        \u001b[36m>\u001b[39m\n          \u001b[0mDon't have an account?\u001b[0m\n          \u001b[0m \u001b[0m\n          \u001b[36m<a\u001b[39m\n            \u001b[33mclass\u001b[39m=\u001b[32m\"signup-link focus:ring-2 focus:ring-blue-500\"\u001b[39m\n            \u001b[33mhref\u001b[39m=\u001b[32m\"/register\"\u001b[39m\n          \u001b[36m>\u001b[39m\n            \u001b[0mSign up here\u001b[0m\n          \u001b[36m</a>\u001b[39m\n        \u001b[36m</div>\u001b[39m\n      \u001b[36m</footer>\u001b[39m\n    \u001b[36m</section>\u001b[39m\n  \u001b[36m</div>\u001b[39m\n\u001b[36m</body>\u001b[39m\n    at Object.getElementError (C:\\Users\\Et Al\\Documents\\GitHub\\parasocial\\frontend\\node_modules\\@testing-library\\dom\\dist\\config.js:37:19)\n    at C:\\Users\\Et Al\\Documents\\GitHub\\parasocial\\frontend\\node_modules\\@testing-library\\dom\\dist\\query-helpers.js:76:38\n    at C:\\Users\\Et Al\\Documents\\GitHub\\parasocial\\frontend\\node_modules\\@testing-library\\dom\\dist\\query-helpers.js:52:17\n    at C:\\Users\\Et Al\\Documents\\GitHub\\parasocial\\frontend\\node_modules\\@testing-library\\dom\\dist\\query-helpers.js:95:19\n    at C:\\Users\\Et Al\\Documents\\GitHub\\ParaSocial\\frontend\\src\\components\\auth\\__tests__\\LoginComponent.test.tsx:27:21\n    at file:///C:/Users/Et%20Al/Documents/GitHub/parasocial/frontend/node_modules/@vitest/runner/dist/chunk-hooks.js:155:11\n    at file:///C:/Users/Et%20Al/Documents/GitHub/parasocial/frontend/node_modules/@vitest/runner/dist/chunk-hooks.js:752:26\n    at file:///C:/Users/Et%20Al/Documents/GitHub/parasocial/frontend/node_modules/@vitest/runner/dist/chunk-hooks.js:1897:20\n    at new Promise (<anonymous>)\n    at runWithTimeout (file:///C:/Users/Et%20Al/Documents/GitHub/parasocial/frontend/node_modules/@vitest/runner/dist/chunk-hooks.js:1863:10)"],"meta":{}},{"ancestorTitles":["LoginComponent - Rendering","Initial Render"],"fullName":"LoginComponent - Rendering Initial Render should render form fields with correct input types and attributes","status":"failed","title":"should render form fields with correct input types and attributes","duration":7.6276000000000295,"failureMessages":["Error: expected element to have attribute placeholder with value \"Enter your email\"\n    at Proxy.expectWrapper (file:///C:/Users/Et%20Al/Documents/GitHub/parasocial/frontend/node_modules/@vitest/expect/dist/index.js:1745:12)\n    at Proxy.<anonymous> (file:///C:/Users/Et%20Al/Documents/GitHub/parasocial/frontend/node_modules/@vitest/expect/dist/index.js:1029:14)\n    at Proxy.methodWrapper (file:///C:/Users/Et%20Al/Documents/GitHub/parasocial/frontend/node_modules/chai/chai.js:1618:25)\n    at C:\\Users\\Et Al\\Documents\\GitHub\\ParaSocial\\frontend\\src\\components\\auth\\__tests__\\LoginComponent.test.tsx:41:26\n    at file:///C:/Users/Et%20Al/Documents/GitHub/parasocial/frontend/node_modules/@vitest/runner/dist/chunk-hooks.js:155:11\n    at file:///C:/Users/Et%20Al/Documents/GitHub/parasocial/frontend/node_modules/@vitest/runner/dist/chunk-hooks.js:752:26\n    at file:///C:/Users/Et%20Al/Documents/GitHub/parasocial/frontend/node_modules/@vitest/runner/dist/chunk-hooks.js:1897:20\n    at new Promise (<anonymous>)\n    at runWithTimeout (file:///C:/Users/Et%20Al/Documents/GitHub/parasocial/frontend/node_modules/@vitest/runner/dist/chunk-hooks.js:1863:10)\n    at runTest (file:///C:/Users/Et%20Al/Documents/GitHub/parasocial/frontend/node_modules/@vitest/runner/dist/chunk-hooks.js:1574:12)"],"meta":{}},{"ancestorTitles":["LoginComponent - Rendering","Initial Render"],"fullName":"LoginComponent - Rendering Initial Render should render submit button in initial disabled state","status":"passed","title":"should render submit button in initial disabled state","duration":11.13799999999992,"failureMessages":[],"meta":{}},{"ancestorTitles":["LoginComponent - Rendering","Initial Render"],"fullName":"LoginComponent - Rendering Initial Render should render footer links correctly","status":"passed","title":"should render footer links correctly","duration":13.007200000000012,"failureMessages":[],"meta":{}},{"ancestorTitles":["LoginComponent - Rendering","Accessibility"],"fullName":"LoginComponent - Rendering Accessibility should have proper form structure and semantics","status":"passed","title":"should have proper form structure and semantics","duration":4.72199999999998,"failureMessages":[],"meta":{}},{"ancestorTitles":["LoginComponent - Rendering","Accessibility"],"fullName":"LoginComponent - Rendering Accessibility should associate labels with form inputs correctly","status":"failed","title":"should associate labels with form inputs correctly","duration":28.38059999999996,"failureMessages":["TestingLibraryElementError: Unable to find an accessible element with the role \"textbox\" and name `/password/i`\n\nHere are the accessible roles:\n\n  banner:\n\n  Name \"\":\n  \u001b[36m<header\u001b[39m\n    \u001b[33mclass\u001b[39m=\u001b[32m\"login-header\"\u001b[39m\n  \u001b[36m/>\u001b[39m\n\n  --------------------------------------------------\n  heading:\n\n  Name \"Sign In\":\n  \u001b[36m<h1 />\u001b[39m\n\n  --------------------------------------------------\n  paragraph:\n\n  Name \"\":\n  \u001b[36m<p />\u001b[39m\n\n  --------------------------------------------------\n  textbox:\n\n  Name \"Email Address\":\n  \u001b[36m<input\u001b[39m\n    \u001b[33mautocomplete\u001b[39m=\u001b[32m\"email\"\u001b[39m\n    \u001b[33mclass\u001b[39m=\u001b[32m\"form-input \"\u001b[39m\n    \u001b[33mid\u001b[39m=\u001b[32m\"email\"\u001b[39m\n    \u001b[33mname\u001b[39m=\u001b[32m\"email\"\u001b[39m\n    \u001b[33mplaceholder\u001b[39m=\u001b[32m\"Enter your email address\"\u001b[39m\n    \u001b[33mrequired\u001b[39m=\u001b[32m\"\"\u001b[39m\n    \u001b[33mtype\u001b[39m=\u001b[32m\"email\"\u001b[39m\n    \u001b[33mvalue\u001b[39m=\u001b[32m\"\"\u001b[39m\n  \u001b[36m/>\u001b[39m\n\n  --------------------------------------------------\n  button:\n\n  Name \"Show password\":\n  \u001b[36m<button\u001b[39m\n    \u001b[33maria-label\u001b[39m=\u001b[32m\"Show password\"\u001b[39m\n    \u001b[33mclass\u001b[39m=\u001b[32m\"password-toggle-button\"\u001b[39m\n    \u001b[33mtype\u001b[39m=\u001b[32m\"button\"\u001b[39m\n  \u001b[36m/>\u001b[39m\n\n  Name \"Sign in to your account\":\n  \u001b[36m<button\u001b[39m\n    \u001b[33maria-label\u001b[39m=\u001b[32m\"Sign in to your account\"\u001b[39m\n    \u001b[33mclass\u001b[39m=\u001b[32m\"submit-button focus:ring-2 focus:ring-blue-500\"\u001b[39m\n    \u001b[33mdisabled\u001b[39m=\u001b[32m\"\"\u001b[39m\n    \u001b[33mtype\u001b[39m=\u001b[32m\"submit\"\u001b[39m\n  \u001b[36m/>\u001b[39m\n\n  --------------------------------------------------\n  contentinfo:\n\n  Name \"\":\n  \u001b[36m<footer\u001b[39m\n    \u001b[33mclass\u001b[39m=\u001b[32m\"login-footer\"\u001b[39m\n  \u001b[36m/>\u001b[39m\n\n  --------------------------------------------------\n  link:\n\n  Name \"Forgot your password?\":\n  \u001b[36m<a\u001b[39m\n    \u001b[33mclass\u001b[39m=\u001b[32m\"help-link focus:ring-2 focus:ring-blue-500\"\u001b[39m\n    \u001b[33mhref\u001b[39m=\u001b[32m\"/forgot-password\"\u001b[39m\n  \u001b[36m/>\u001b[39m\n\n  Name \"Sign up here\":\n  \u001b[36m<a\u001b[39m\n    \u001b[33mclass\u001b[39m=\u001b[32m\"signup-link focus:ring-2 focus:ring-blue-500\"\u001b[39m\n    \u001b[33mhref\u001b[39m=\u001b[32m\"/register\"\u001b[39m\n  \u001b[36m/>\u001b[39m\n\n  --------------------------------------------------\n\nIgnored nodes: comments, script, style\n\u001b[36m<body>\u001b[39m\n  \u001b[36m<div>\u001b[39m\n    \u001b[36m<section\u001b[39m\n      \u001b[33mclass\u001b[39m=\u001b[32m\"login-container\"\u001b[39m\n    \u001b[36m>\u001b[39m\n      \u001b[36m<header\u001b[39m\n        \u001b[33mclass\u001b[39m=\u001b[32m\"login-header\"\u001b[39m\n      \u001b[36m>\u001b[39m\n        \u001b[36m<h1>\u001b[39m\n          \u001b[0mSign In\u001b[0m\n        \u001b[36m</h1>\u001b[39m\n        \u001b[36m<p>\u001b[39m\n          \u001b[0mWelcome back to ParaSocial\u001b[0m\n        \u001b[36m</p>\u001b[39m\n      \u001b[36m</header>\u001b[39m\n      \u001b[36m<form\u001b[39m\n        \u001b[33mclass\u001b[39m=\u001b[32m\"login-form\"\u001b[39m\n        \u001b[33mnovalidate\u001b[39m=\u001b[32m\"\"\u001b[39m\n      \u001b[36m>\u001b[39m\n        \u001b[36m<div\u001b[39m\n          \u001b[33mclass\u001b[39m=\u001b[32m\"form-group\"\u001b[39m\n        \u001b[36m>\u001b[39m\n          \u001b[36m<label\u001b[39m\n            \u001b[33mclass\u001b[39m=\u001b[32m\"form-label\"\u001b[39m\n            \u001b[33mfor\u001b[39m=\u001b[32m\"email\"\u001b[39m\n          \u001b[36m>\u001b[39m\n            \u001b[0mEmail Address\u001b[0m\n          \u001b[36m</label>\u001b[39m\n          \u001b[36m<input\u001b[39m\n            \u001b[33mautocomplete\u001b[39m=\u001b[32m\"email\"\u001b[39m\n            \u001b[33mclass\u001b[39m=\u001b[32m\"form-input \"\u001b[39m\n            \u001b[33mid\u001b[39m=\u001b[32m\"email\"\u001b[39m\n            \u001b[33mname\u001b[39m=\u001b[32m\"email\"\u001b[39m\n            \u001b[33mplaceholder\u001b[39m=\u001b[32m\"Enter your email address\"\u001b[39m\n            \u001b[33mrequired\u001b[39m=\u001b[32m\"\"\u001b[39m\n            \u001b[33mtype\u001b[39m=\u001b[32m\"email\"\u001b[39m\n            \u001b[33mvalue\u001b[39m=\u001b[32m\"\"\u001b[39m\n          \u001b[36m/>\u001b[39m\n        \u001b[36m</div>\u001b[39m\n        \u001b[36m<div\u001b[39m\n          \u001b[33mclass\u001b[39m=\u001b[32m\"form-group\"\u001b[39m\n        \u001b[36m>\u001b[39m\n          \u001b[36m<label\u001b[39m\n            \u001b[33mclass\u001b[39m=\u001b[32m\"form-label\"\u001b[39m\n            \u001b[33mfor\u001b[39m=\u001b[32m\"password\"\u001b[39m\n          \u001b[36m>\u001b[39m\n            \u001b[0mPassword\u001b[0m\n          \u001b[36m</label>\u001b[39m\n          \u001b[36m<div\u001b[39m\n            \u001b[33mclass\u001b[39m=\u001b[32m\"password-input-container\"\u001b[39m\n          \u001b[36m>\u001b[39m\n            \u001b[36m<input\u001b[39m\n              \u001b[33mautocomplete\u001b[39m=\u001b[32m\"current-password\"\u001b[39m\n              \u001b[33mclass\u001b[39m=\u001b[32m\"form-input \"\u001b[39m\n              \u001b[33mid\u001b[39m=\u001b[32m\"password\"\u001b[39m\n              \u001b[33mname\u001b[39m=\u001b[32m\"password\"\u001b[39m\n              \u001b[33mplaceholder\u001b[39m=\u001b[32m\"Enter your password\"\u001b[39m\n              \u001b[33mrequired\u001b[39m=\u001b[32m\"\"\u001b[39m\n              \u001b[33mtype\u001b[39m=\u001b[32m\"password\"\u001b[39m\n              \u001b[33mvalue\u001b[39m=\u001b[32m\"\"\u001b[39m\n            \u001b[36m/>\u001b[39m\n            \u001b[36m<button\u001b[39m\n              \u001b[33maria-label\u001b[39m=\u001b[32m\"Show password\"\u001b[39m\n              \u001b[33mclass\u001b[39m=\u001b[32m\"password-toggle-button\"\u001b[39m\n              \u001b[33mtype\u001b[39m=\u001b[32m\"button\"\u001b[39m\n            \u001b[36m>\u001b[39m\n              \u001b[36m<svg\u001b[39m\n                \u001b[33maria-hidden\u001b[39m=\u001b[32m\"true\"\u001b[39m\n                \u001b[33mclass\u001b[39m=\u001b[32m\"lucide lucide-eye password-toggle-icon\"\u001b[39m\n                \u001b[33mfill\u001b[39m=\u001b[32m\"none\"\u001b[39m\n                \u001b[33mheight\u001b[39m=\u001b[32m\"24\"\u001b[39m\n                \u001b[33mstroke\u001b[39m=\u001b[32m\"currentColor\"\u001b[39m\n                \u001b[33mstroke-linecap\u001b[39m=\u001b[32m\"round\"\u001b[39m\n                \u001b[33mstroke-linejoin\u001b[39m=\u001b[32m\"round\"\u001b[39m\n                \u001b[33mstroke-width\u001b[39m=\u001b[32m\"2\"\u001b[39m\n                \u001b[33mviewBox\u001b[39m=\u001b[32m\"0 0 24 24\"\u001b[39m\n                \u001b[33mwidth\u001b[39m=\u001b[32m\"24\"\u001b[39m\n                \u001b[33mxmlns\u001b[39m=\u001b[32m\"http://www.w3.org/2000/svg\"\u001b[39m\n              \u001b[36m>\u001b[39m\n                \u001b[36m<path\u001b[39m\n                  \u001b[33md\u001b[39m=\u001b[32m\"M2.062 12.348a1 1 0 0 1 0-.696 10.75 10.75 0 0 1 19.876 0 1 1 0 0 1 0 .696 10.75 10.75 0 0 1-19.876 0\"\u001b[39m\n                \u001b[36m/>\u001b[39m\n                \u001b[36m<circle\u001b[39m\n                  \u001b[33mcx\u001b[39m=\u001b[32m\"12\"\u001b[39m\n                  \u001b[33mcy\u001b[39m=\u001b[32m\"12\"\u001b[39m\n                  \u001b[33mr\u001b[39m=\u001b[32m\"3\"\u001b[39m\n                \u001b[36m/>\u001b[39m\n              \u001b[36m</svg>\u001b[39m\n            \u001b[36m</button>\u001b[39m\n          \u001b[36m</div>\u001b[39m\n        \u001b[36m</div>\u001b[39m\n        \u001b[36m<button\u001b[39m\n          \u001b[33maria-label\u001b[39m=\u001b[32m\"Sign in to your account\"\u001b[39m\n          \u001b[33mclass\u001b[39m=\u001b[32m\"submit-button focus:ring-2 focus:ring-blue-500\"\u001b[39m\n          \u001b[33mdisabled\u001b[39m=\u001b[32m\"\"\u001b[39m\n          \u001b[33mtype\u001b[39m=\u001b[32m\"submit\"\u001b[39m\n        \u001b[36m>\u001b[39m\n          \u001b[0mSign In\u001b[0m\n        \u001b[36m</button>\u001b[39m\n      \u001b[36m</form>\u001b[39m\n      \u001b[36m<footer\u001b[39m\n        \u001b[33mclass\u001b[39m=\u001b[32m\"login-footer\"\u001b[39m\n      \u001b[36m>\u001b[39m\n        \u001b[36m<a\u001b[39m\n          \u001b[33mclass\u001b[39m=\u001b[32m\"help-link focus:ring-2 focus:ring-blue-500\"\u001b[39m\n          \u001b[33mhref\u001b[39m=\u001b[32m\"/forgot-password\"\u001b[39m\n        \u001b[36m>\u001b[39m\n          \u001b[0mForgot your password?\u001b[0m\n        \u001b[36m</a>\u001b[39m\n        \u001b[36m<div\u001b[39m\n          \u001b[33mclass\u001b[39m=\u001b[32m\"signup-prompt\"\u001b[39m\n        \u001b[36m>\u001b[39m\n          \u001b[0mDon't have an account?\u001b[0m\n          \u001b[0m \u001b[0m\n          \u001b[36m<a\u001b[39m\n            \u001b[33mclass\u001b[39m=\u001b[32m\"signup-link focus:ring-2 focus:ring-blue-500\"\u001b[39m\n            \u001b[33mhref\u001b[39m=\u001b[32m\"/register\"\u001b[39m\n          \u001b[36m>\u001b[39m\n            \u001b[0mSign up here\u001b[0m\n          \u001b[36m</a>\u001b[39m\n        \u001b[36m</div>\u001b[39m\n      \u001b[36m</footer>\u001b[39m\n    \u001b[36m</section>\u001b[39m\n  \u001b[36m</div>\u001b[39m\n\u001b[36m</body>\u001b[39m\n    at Object.getElementError (C:\\Users\\Et Al\\Documents\\GitHub\\parasocial\\frontend\\node_modules\\@testing-library\\dom\\dist\\config.js:37:19)\n    at C:\\Users\\Et Al\\Documents\\GitHub\\parasocial\\frontend\\node_modules\\@testing-library\\dom\\dist\\query-helpers.js:76:38\n    at C:\\Users\\Et Al\\Documents\\GitHub\\parasocial\\frontend\\node_modules\\@testing-library\\dom\\dist\\query-helpers.js:52:17\n    at C:\\Users\\Et Al\\Documents\\GitHub\\parasocial\\frontend\\node_modules\\@testing-library\\dom\\dist\\query-helpers.js:95:19\n    at C:\\Users\\Et Al\\Documents\\GitHub\\ParaSocial\\frontend\\src\\components\\auth\\__tests__\\LoginComponent.test.tsx:104:36\n    at file:///C:/Users/Et%20Al/Documents/GitHub/parasocial/frontend/node_modules/@vitest/runner/dist/chunk-hooks.js:155:11\n    at file:///C:/Users/Et%20Al/Documents/GitHub/parasocial/frontend/node_modules/@vitest/runner/dist/chunk-hooks.js:752:26\n    at file:///C:/Users/Et%20Al/Documents/GitHub/parasocial/frontend/node_modules/@vitest/runner/dist/chunk-hooks.js:1897:20\n    at new Promise (<anonymous>)\n    at runWithTimeout (file:///C:/Users/Et%20Al/Documents/GitHub/parasocial/frontend/node_modules/@vitest/runner/dist/chunk-hooks.js:1863:10)"],"meta":{}},{"ancestorTitles":["LoginComponent - Rendering","Accessibility"],"fullName":"LoginComponent - Rendering Accessibility should not show error message initially","status":"passed","title":"should not show error message initially","duration":4.04340000000002,"failureMessages":[],"meta":{}},{"ancestorTitles":["LoginComponent - Rendering","Loading State"],"fullName":"LoginComponent - Rendering Loading State should not show loading state initially","status":"passed","title":"should not show loading state initially","duration":4.246300000000019,"failureMessages":[],"meta":{}},{"ancestorTitles":["LoginComponent - Rendering","Props Handling"],"fullName":"LoginComponent - Rendering Props Handling should accept and use custom apiBaseUrl prop","status":"passed","title":"should accept and use custom apiBaseUrl prop","duration":4.259299999999939,"failureMessages":[],"meta":{}},{"ancestorTitles":["LoginComponent - Rendering","Props Handling"],"fullName":"LoginComponent - Rendering Props Handling should accept onLoginSuccess callback prop","status":"passed","title":"should accept onLoginSuccess callback prop","duration":3.5364999999999327,"failureMessages":[],"meta":{}},{"ancestorTitles":["LoginComponent - Rendering","Props Handling"],"fullName":"LoginComponent - Rendering Props Handling should accept onLoginError callback prop","status":"passed","title":"should accept onLoginError callback prop","duration":3.04950000000008,"failureMessages":[],"meta":{}},{"ancestorTitles":["LoginComponent - Rendering","Props Handling"],"fullName":"LoginComponent - Rendering Props Handling should work without any optional props","status":"failed","title":"should work without any optional props","duration":29.09310000000005,"failureMessages":["TestingLibraryElementError: Unable to find an accessible element with the role \"textbox\" and name `/password/i`\n\nHere are the accessible roles:\n\n  banner:\n\n  Name \"\":\n  \u001b[36m<header\u001b[39m\n    \u001b[33mclass\u001b[39m=\u001b[32m\"login-header\"\u001b[39m\n  \u001b[36m/>\u001b[39m\n\n  --------------------------------------------------\n  heading:\n\n  Name \"Sign In\":\n  \u001b[36m<h1 />\u001b[39m\n\n  --------------------------------------------------\n  paragraph:\n\n  Name \"\":\n  \u001b[36m<p />\u001b[39m\n\n  --------------------------------------------------\n  textbox:\n\n  Name \"Email Address\":\n  \u001b[36m<input\u001b[39m\n    \u001b[33mautocomplete\u001b[39m=\u001b[32m\"email\"\u001b[39m\n    \u001b[33mclass\u001b[39m=\u001b[32m\"form-input \"\u001b[39m\n    \u001b[33mid\u001b[39m=\u001b[32m\"email\"\u001b[39m\n    \u001b[33mname\u001b[39m=\u001b[32m\"email\"\u001b[39m\n    \u001b[33mplaceholder\u001b[39m=\u001b[32m\"Enter your email address\"\u001b[39m\n    \u001b[33mrequired\u001b[39m=\u001b[32m\"\"\u001b[39m\n    \u001b[33mtype\u001b[39m=\u001b[32m\"email\"\u001b[39m\n    \u001b[33mvalue\u001b[39m=\u001b[32m\"\"\u001b[39m\n  \u001b[36m/>\u001b[39m\n\n  --------------------------------------------------\n  button:\n\n  Name \"Show password\":\n  \u001b[36m<button\u001b[39m\n    \u001b[33maria-label\u001b[39m=\u001b[32m\"Show password\"\u001b[39m\n    \u001b[33mclass\u001b[39m=\u001b[32m\"password-toggle-button\"\u001b[39m\n    \u001b[33mtype\u001b[39m=\u001b[32m\"button\"\u001b[39m\n  \u001b[36m/>\u001b[39m\n\n  Name \"Sign in to your account\":\n  \u001b[36m<button\u001b[39m\n    \u001b[33maria-label\u001b[39m=\u001b[32m\"Sign in to your account\"\u001b[39m\n    \u001b[33mclass\u001b[39m=\u001b[32m\"submit-button focus:ring-2 focus:ring-blue-500\"\u001b[39m\n    \u001b[33mdisabled\u001b[39m=\u001b[32m\"\"\u001b[39m\n    \u001b[33mtype\u001b[39m=\u001b[32m\"submit\"\u001b[39m\n  \u001b[36m/>\u001b[39m\n\n  --------------------------------------------------\n  contentinfo:\n\n  Name \"\":\n  \u001b[36m<footer\u001b[39m\n    \u001b[33mclass\u001b[39m=\u001b[32m\"login-footer\"\u001b[39m\n  \u001b[36m/>\u001b[39m\n\n  --------------------------------------------------\n  link:\n\n  Name \"Forgot your password?\":\n  \u001b[36m<a\u001b[39m\n    \u001b[33mclass\u001b[39m=\u001b[32m\"help-link focus:ring-2 focus:ring-blue-500\"\u001b[39m\n    \u001b[33mhref\u001b[39m=\u001b[32m\"/forgot-password\"\u001b[39m\n  \u001b[36m/>\u001b[39m\n\n  Name \"Sign up here\":\n  \u001b[36m<a\u001b[39m\n    \u001b[33mclass\u001b[39m=\u001b[32m\"signup-link focus:ring-2 focus:ring-blue-500\"\u001b[39m\n    \u001b[33mhref\u001b[39m=\u001b[32m\"/register\"\u001b[39m\n  \u001b[36m/>\u001b[39m\n\n  --------------------------------------------------\n\nIgnored nodes: comments, script, style\n\u001b[36m<body>\u001b[39m\n  \u001b[36m<div>\u001b[39m\n    \u001b[36m<section\u001b[39m\n      \u001b[33mclass\u001b[39m=\u001b[32m\"login-container\"\u001b[39m\n    \u001b[36m>\u001b[39m\n      \u001b[36m<header\u001b[39m\n        \u001b[33mclass\u001b[39m=\u001b[32m\"login-header\"\u001b[39m\n      \u001b[36m>\u001b[39m\n        \u001b[36m<h1>\u001b[39m\n          \u001b[0mSign In\u001b[0m\n        \u001b[36m</h1>\u001b[39m\n        \u001b[36m<p>\u001b[39m\n          \u001b[0mWelcome back to ParaSocial\u001b[0m\n        \u001b[36m</p>\u001b[39m\n      \u001b[36m</header>\u001b[39m\n      \u001b[36m<form\u001b[39m\n        \u001b[33mclass\u001b[39m=\u001b[32m\"login-form\"\u001b[39m\n        \u001b[33mnovalidate\u001b[39m=\u001b[32m\"\"\u001b[39m\n      \u001b[36m>\u001b[39m\n        \u001b[36m<div\u001b[39m\n          \u001b[33mclass\u001b[39m=\u001b[32m\"form-group\"\u001b[39m\n        \u001b[36m>\u001b[39m\n          \u001b[36m<label\u001b[39m\n            \u001b[33mclass\u001b[39m=\u001b[32m\"form-label\"\u001b[39m\n            \u001b[33mfor\u001b[39m=\u001b[32m\"email\"\u001b[39m\n          \u001b[36m>\u001b[39m\n            \u001b[0mEmail Address\u001b[0m\n          \u001b[36m</label>\u001b[39m\n          \u001b[36m<input\u001b[39m\n            \u001b[33mautocomplete\u001b[39m=\u001b[32m\"email\"\u001b[39m\n            \u001b[33mclass\u001b[39m=\u001b[32m\"form-input \"\u001b[39m\n            \u001b[33mid\u001b[39m=\u001b[32m\"email\"\u001b[39m\n            \u001b[33mname\u001b[39m=\u001b[32m\"email\"\u001b[39m\n            \u001b[33mplaceholder\u001b[39m=\u001b[32m\"Enter your email address\"\u001b[39m\n            \u001b[33mrequired\u001b[39m=\u001b[32m\"\"\u001b[39m\n            \u001b[33mtype\u001b[39m=\u001b[32m\"email\"\u001b[39m\n            \u001b[33mvalue\u001b[39m=\u001b[32m\"\"\u001b[39m\n          \u001b[36m/>\u001b[39m\n        \u001b[36m</div>\u001b[39m\n        \u001b[36m<div\u001b[39m\n          \u001b[33mclass\u001b[39m=\u001b[32m\"form-group\"\u001b[39m\n        \u001b[36m>\u001b[39m\n          \u001b[36m<label\u001b[39m\n            \u001b[33mclass\u001b[39m=\u001b[32m\"form-label\"\u001b[39m\n            \u001b[33mfor\u001b[39m=\u001b[32m\"password\"\u001b[39m\n          \u001b[36m>\u001b[39m\n            \u001b[0mPassword\u001b[0m\n          \u001b[36m</label>\u001b[39m\n          \u001b[36m<div\u001b[39m\n            \u001b[33mclass\u001b[39m=\u001b[32m\"password-input-container\"\u001b[39m\n          \u001b[36m>\u001b[39m\n            \u001b[36m<input\u001b[39m\n              \u001b[33mautocomplete\u001b[39m=\u001b[32m\"current-password\"\u001b[39m\n              \u001b[33mclass\u001b[39m=\u001b[32m\"form-input \"\u001b[39m\n              \u001b[33mid\u001b[39m=\u001b[32m\"password\"\u001b[39m\n              \u001b[33mname\u001b[39m=\u001b[32m\"password\"\u001b[39m\n              \u001b[33mplaceholder\u001b[39m=\u001b[32m\"Enter your password\"\u001b[39m\n              \u001b[33mrequired\u001b[39m=\u001b[32m\"\"\u001b[39m\n              \u001b[33mtype\u001b[39m=\u001b[32m\"password\"\u001b[39m\n              \u001b[33mvalue\u001b[39m=\u001b[32m\"\"\u001b[39m\n            \u001b[36m/>\u001b[39m\n            \u001b[36m<button\u001b[39m\n              \u001b[33maria-label\u001b[39m=\u001b[32m\"Show password\"\u001b[39m\n              \u001b[33mclass\u001b[39m=\u001b[32m\"password-toggle-button\"\u001b[39m\n              \u001b[33mtype\u001b[39m=\u001b[32m\"button\"\u001b[39m\n            \u001b[36m>\u001b[39m\n              \u001b[36m<svg\u001b[39m\n                \u001b[33maria-hidden\u001b[39m=\u001b[32m\"true\"\u001b[39m\n                \u001b[33mclass\u001b[39m=\u001b[32m\"lucide lucide-eye password-toggle-icon\"\u001b[39m\n                \u001b[33mfill\u001b[39m=\u001b[32m\"none\"\u001b[39m\n                \u001b[33mheight\u001b[39m=\u001b[32m\"24\"\u001b[39m\n                \u001b[33mstroke\u001b[39m=\u001b[32m\"currentColor\"\u001b[39m\n                \u001b[33mstroke-linecap\u001b[39m=\u001b[32m\"round\"\u001b[39m\n                \u001b[33mstroke-linejoin\u001b[39m=\u001b[32m\"round\"\u001b[39m\n                \u001b[33mstroke-width\u001b[39m=\u001b[32m\"2\"\u001b[39m\n                \u001b[33mviewBox\u001b[39m=\u001b[32m\"0 0 24 24\"\u001b[39m\n                \u001b[33mwidth\u001b[39m=\u001b[32m\"24\"\u001b[39m\n                \u001b[33mxmlns\u001b[39m=\u001b[32m\"http://www.w3.org/2000/svg\"\u001b[39m\n              \u001b[36m>\u001b[39m\n                \u001b[36m<path\u001b[39m\n                  \u001b[33md\u001b[39m=\u001b[32m\"M2.062 12.348a1 1 0 0 1 0-.696 10.75 10.75 0 0 1 19.876 0 1 1 0 0 1 0 .696 10.75 10.75 0 0 1-19.876 0\"\u001b[39m\n                \u001b[36m/>\u001b[39m\n                \u001b[36m<circle\u001b[39m\n                  \u001b[33mcx\u001b[39m=\u001b[32m\"12\"\u001b[39m\n                  \u001b[33mcy\u001b[39m=\u001b[32m\"12\"\u001b[39m\n                  \u001b[33mr\u001b[39m=\u001b[32m\"3\"\u001b[39m\n                \u001b[36m/>\u001b[39m\n              \u001b[36m</svg>\u001b[39m\n            \u001b[36m</button>\u001b[39m\n          \u001b[36m</div>\u001b[39m\n        \u001b[36m</div>\u001b[39m\n        \u001b[36m<button\u001b[39m\n          \u001b[33maria-label\u001b[39m=\u001b[32m\"Sign in to your account\"\u001b[39m\n          \u001b[33mclass\u001b[39m=\u001b[32m\"submit-button focus:ring-2 focus:ring-blue-500\"\u001b[39m\n          \u001b[33mdisabled\u001b[39m=\u001b[32m\"\"\u001b[39m\n          \u001b[33mtype\u001b[39m=\u001b[32m\"submit\"\u001b[39m\n        \u001b[36m>\u001b[39m\n          \u001b[0mSign In\u001b[0m\n        \u001b[36m</button>\u001b[39m\n      \u001b[36m</form>\u001b[39m\n      \u001b[36m<footer\u001b[39m\n        \u001b[33mclass\u001b[39m=\u001b[32m\"login-footer\"\u001b[39m\n      \u001b[36m>\u001b[39m\n        \u001b[36m<a\u001b[39m\n          \u001b[33mclass\u001b[39m=\u001b[32m\"help-link focus:ring-2 focus:ring-blue-500\"\u001b[39m\n          \u001b[33mhref\u001b[39m=\u001b[32m\"/forgot-password\"\u001b[39m\n        \u001b[36m>\u001b[39m\n          \u001b[0mForgot your password?\u001b[0m\n        \u001b[36m</a>\u001b[39m\n        \u001b[36m<div\u001b[39m\n          \u001b[33mclass\u001b[39m=\u001b[32m\"signup-prompt\"\u001b[39m\n        \u001b[36m>\u001b[39m\n          \u001b[0mDon't have an account?\u001b[0m\n          \u001b[0m \u001b[0m\n          \u001b[36m<a\u001b[39m\n            \u001b[33mclass\u001b[39m=\u001b[32m\"signup-link focus:ring-2 focus:ring-blue-500\"\u001b[39m\n            \u001b[33mhref\u001b[39m=\u001b[32m\"/register\"\u001b[39m\n          \u001b[36m>\u001b[39m\n            \u001b[0mSign up here\u001b[0m\n          \u001b[36m</a>\u001b[39m\n        \u001b[36m</div>\u001b[39m\n      \u001b[36m</footer>\u001b[39m\n    \u001b[36m</section>\u001b[39m\n  \u001b[36m</div>\u001b[39m\n\u001b[36m</body>\u001b[39m\n    at Object.getElementError (C:\\Users\\Et Al\\Documents\\GitHub\\parasocial\\frontend\\node_modules\\@testing-library\\dom\\dist\\config.js:37:19)\n    at C:\\Users\\Et Al\\Documents\\GitHub\\parasocial\\frontend\\node_modules\\@testing-library\\dom\\dist\\query-helpers.js:76:38\n    at C:\\Users\\Et Al\\Documents\\GitHub\\parasocial\\frontend\\node_modules\\@testing-library\\dom\\dist\\query-helpers.js:52:17\n    at C:\\Users\\Et Al\\Documents\\GitHub\\parasocial\\frontend\\node_modules\\@testing-library\\dom\\dist\\query-helpers.js:95:19\n    at C:\\Users\\Et Al\\Documents\\GitHub\\ParaSocial\\frontend\\src\\components\\auth\\__tests__\\LoginComponent.test.tsx:166:21\n    at file:///C:/Users/Et%20Al/Documents/GitHub/parasocial/frontend/node_modules/@vitest/runner/dist/chunk-hooks.js:155:11\n    at file:///C:/Users/Et%20Al/Documents/GitHub/parasocial/frontend/node_modules/@vitest/runner/dist/chunk-hooks.js:752:26\n    at file:///C:/Users/Et%20Al/Documents/GitHub/parasocial/frontend/node_modules/@vitest/runner/dist/chunk-hooks.js:1897:20\n    at new Promise (<anonymous>)\n    at runWithTimeout (file:///C:/Users/Et%20Al/Documents/GitHub/parasocial/frontend/node_modules/@vitest/runner/dist/chunk-hooks.js:1863:10)"],"meta":{}},{"ancestorTitles":["LoginComponent - Rendering","Styling Structure"],"fullName":"LoginComponent - Rendering Styling Structure should have correct CSS classes for layout","status":"passed","title":"should have correct CSS classes for layout","duration":4.167899999999918,"failureMessages":[],"meta":{}},{"ancestorTitles":["LoginComponent - Rendering","Styling Structure"],"fullName":"LoginComponent - Rendering Styling Structure should have proper form group structure","status":"failed","title":"should have proper form group structure","duration":36.44380000000001,"failureMessages":["TestingLibraryElementError: Unable to find an accessible element with the role \"textbox\" and name `/password/i`\n\nHere are the accessible roles:\n\n  banner:\n\n  Name \"\":\n  \u001b[36m<header\u001b[39m\n    \u001b[33mclass\u001b[39m=\u001b[32m\"login-header\"\u001b[39m\n  \u001b[36m/>\u001b[39m\n\n  --------------------------------------------------\n  heading:\n\n  Name \"Sign In\":\n  \u001b[36m<h1 />\u001b[39m\n\n  --------------------------------------------------\n  paragraph:\n\n  Name \"\":\n  \u001b[36m<p />\u001b[39m\n\n  --------------------------------------------------\n  textbox:\n\n  Name \"Email Address\":\n  \u001b[36m<input\u001b[39m\n    \u001b[33mautocomplete\u001b[39m=\u001b[32m\"email\"\u001b[39m\n    \u001b[33mclass\u001b[39m=\u001b[32m\"form-input \"\u001b[39m\n    \u001b[33mid\u001b[39m=\u001b[32m\"email\"\u001b[39m\n    \u001b[33mname\u001b[39m=\u001b[32m\"email\"\u001b[39m\n    \u001b[33mplaceholder\u001b[39m=\u001b[32m\"Enter your email address\"\u001b[39m\n    \u001b[33mrequired\u001b[39m=\u001b[32m\"\"\u001b[39m\n    \u001b[33mtype\u001b[39m=\u001b[32m\"email\"\u001b[39m\n    \u001b[33mvalue\u001b[39m=\u001b[32m\"\"\u001b[39m\n  \u001b[36m/>\u001b[39m\n\n  --------------------------------------------------\n  button:\n\n  Name \"Show password\":\n  \u001b[36m<button\u001b[39m\n    \u001b[33maria-label\u001b[39m=\u001b[32m\"Show password\"\u001b[39m\n    \u001b[33mclass\u001b[39m=\u001b[32m\"password-toggle-button\"\u001b[39m\n    \u001b[33mtype\u001b[39m=\u001b[32m\"button\"\u001b[39m\n  \u001b[36m/>\u001b[39m\n\n  Name \"Sign in to your account\":\n  \u001b[36m<button\u001b[39m\n    \u001b[33maria-label\u001b[39m=\u001b[32m\"Sign in to your account\"\u001b[39m\n    \u001b[33mclass\u001b[39m=\u001b[32m\"submit-button focus:ring-2 focus:ring-blue-500\"\u001b[39m\n    \u001b[33mdisabled\u001b[39m=\u001b[32m\"\"\u001b[39m\n    \u001b[33mtype\u001b[39m=\u001b[32m\"submit\"\u001b[39m\n  \u001b[36m/>\u001b[39m\n\n  --------------------------------------------------\n  contentinfo:\n\n  Name \"\":\n  \u001b[36m<footer\u001b[39m\n    \u001b[33mclass\u001b[39m=\u001b[32m\"login-footer\"\u001b[39m\n  \u001b[36m/>\u001b[39m\n\n  --------------------------------------------------\n  link:\n\n  Name \"Forgot your password?\":\n  \u001b[36m<a\u001b[39m\n    \u001b[33mclass\u001b[39m=\u001b[32m\"help-link focus:ring-2 focus:ring-blue-500\"\u001b[39m\n    \u001b[33mhref\u001b[39m=\u001b[32m\"/forgot-password\"\u001b[39m\n  \u001b[36m/>\u001b[39m\n\n  Name \"Sign up here\":\n  \u001b[36m<a\u001b[39m\n    \u001b[33mclass\u001b[39m=\u001b[32m\"signup-link focus:ring-2 focus:ring-blue-500\"\u001b[39m\n    \u001b[33mhref\u001b[39m=\u001b[32m\"/register\"\u001b[39m\n  \u001b[36m/>\u001b[39m\n\n  --------------------------------------------------\n\nIgnored nodes: comments, script, style\n\u001b[36m<body>\u001b[39m\n  \u001b[36m<div>\u001b[39m\n    \u001b[36m<section\u001b[39m\n      \u001b[33mclass\u001b[39m=\u001b[32m\"login-container\"\u001b[39m\n    \u001b[36m>\u001b[39m\n      \u001b[36m<header\u001b[39m\n        \u001b[33mclass\u001b[39m=\u001b[32m\"login-header\"\u001b[39m\n      \u001b[36m>\u001b[39m\n        \u001b[36m<h1>\u001b[39m\n          \u001b[0mSign In\u001b[0m\n        \u001b[36m</h1>\u001b[39m\n        \u001b[36m<p>\u001b[39m\n          \u001b[0mWelcome back to ParaSocial\u001b[0m\n        \u001b[36m</p>\u001b[39m\n      \u001b[36m</header>\u001b[39m\n      \u001b[36m<form\u001b[39m\n        \u001b[33mclass\u001b[39m=\u001b[32m\"login-form\"\u001b[39m\n        \u001b[33mnovalidate\u001b[39m=\u001b[32m\"\"\u001b[39m\n      \u001b[36m>\u001b[39m\n        \u001b[36m<div\u001b[39m\n          \u001b[33mclass\u001b[39m=\u001b[32m\"form-group\"\u001b[39m\n        \u001b[36m>\u001b[39m\n          \u001b[36m<label\u001b[39m\n            \u001b[33mclass\u001b[39m=\u001b[32m\"form-label\"\u001b[39m\n            \u001b[33mfor\u001b[39m=\u001b[32m\"email\"\u001b[39m\n          \u001b[36m>\u001b[39m\n            \u001b[0mEmail Address\u001b[0m\n          \u001b[36m</label>\u001b[39m\n          \u001b[36m<input\u001b[39m\n            \u001b[33mautocomplete\u001b[39m=\u001b[32m\"email\"\u001b[39m\n            \u001b[33mclass\u001b[39m=\u001b[32m\"form-input \"\u001b[39m\n            \u001b[33mid\u001b[39m=\u001b[32m\"email\"\u001b[39m\n            \u001b[33mname\u001b[39m=\u001b[32m\"email\"\u001b[39m\n            \u001b[33mplaceholder\u001b[39m=\u001b[32m\"Enter your email address\"\u001b[39m\n            \u001b[33mrequired\u001b[39m=\u001b[32m\"\"\u001b[39m\n            \u001b[33mtype\u001b[39m=\u001b[32m\"email\"\u001b[39m\n            \u001b[33mvalue\u001b[39m=\u001b[32m\"\"\u001b[39m\n          \u001b[36m/>\u001b[39m\n        \u001b[36m</div>\u001b[39m\n        \u001b[36m<div\u001b[39m\n          \u001b[33mclass\u001b[39m=\u001b[32m\"form-group\"\u001b[39m\n        \u001b[36m>\u001b[39m\n          \u001b[36m<label\u001b[39m\n            \u001b[33mclass\u001b[39m=\u001b[32m\"form-label\"\u001b[39m\n            \u001b[33mfor\u001b[39m=\u001b[32m\"password\"\u001b[39m\n          \u001b[36m>\u001b[39m\n            \u001b[0mPassword\u001b[0m\n          \u001b[36m</label>\u001b[39m\n          \u001b[36m<div\u001b[39m\n            \u001b[33mclass\u001b[39m=\u001b[32m\"password-input-container\"\u001b[39m\n          \u001b[36m>\u001b[39m\n            \u001b[36m<input\u001b[39m\n              \u001b[33mautocomplete\u001b[39m=\u001b[32m\"current-password\"\u001b[39m\n              \u001b[33mclass\u001b[39m=\u001b[32m\"form-input \"\u001b[39m\n              \u001b[33mid\u001b[39m=\u001b[32m\"password\"\u001b[39m\n              \u001b[33mname\u001b[39m=\u001b[32m\"password\"\u001b[39m\n              \u001b[33mplaceholder\u001b[39m=\u001b[32m\"Enter your password\"\u001b[39m\n              \u001b[33mrequired\u001b[39m=\u001b[32m\"\"\u001b[39m\n              \u001b[33mtype\u001b[39m=\u001b[32m\"password\"\u001b[39m\n              \u001b[33mvalue\u001b[39m=\u001b[32m\"\"\u001b[39m\n            \u001b[36m/>\u001b[39m\n            \u001b[36m<button\u001b[39m\n              \u001b[33maria-label\u001b[39m=\u001b[32m\"Show password\"\u001b[39m\n              \u001b[33mclass\u001b[39m=\u001b[32m\"password-toggle-button\"\u001b[39m\n              \u001b[33mtype\u001b[39m=\u001b[32m\"button\"\u001b[39m\n            \u001b[36m>\u001b[39m\n              \u001b[36m<svg\u001b[39m\n                \u001b[33maria-hidden\u001b[39m=\u001b[32m\"true\"\u001b[39m\n                \u001b[33mclass\u001b[39m=\u001b[32m\"lucide lucide-eye password-toggle-icon\"\u001b[39m\n                \u001b[33mfill\u001b[39m=\u001b[32m\"none\"\u001b[39m\n                \u001b[33mheight\u001b[39m=\u001b[32m\"24\"\u001b[39m\n                \u001b[33mstroke\u001b[39m=\u001b[32m\"currentColor\"\u001b[39m\n                \u001b[33mstroke-linecap\u001b[39m=\u001b[32m\"round\"\u001b[39m\n                \u001b[33mstroke-linejoin\u001b[39m=\u001b[32m\"round\"\u001b[39m\n                \u001b[33mstroke-width\u001b[39m=\u001b[32m\"2\"\u001b[39m\n                \u001b[33mviewBox\u001b[39m=\u001b[32m\"0 0 24 24\"\u001b[39m\n                \u001b[33mwidth\u001b[39m=\u001b[32m\"24\"\u001b[39m\n                \u001b[33mxmlns\u001b[39m=\u001b[32m\"http://www.w3.org/2000/svg\"\u001b[39m\n              \u001b[36m>\u001b[39m\n                \u001b[36m<path\u001b[39m\n                  \u001b[33md\u001b[39m=\u001b[32m\"M2.062 12.348a1 1 0 0 1 0-.696 10.75 10.75 0 0 1 19.876 0 1 1 0 0 1 0 .696 10.75 10.75 0 0 1-19.876 0\"\u001b[39m\n                \u001b[36m/>\u001b[39m\n                \u001b[36m<circle\u001b[39m\n                  \u001b[33mcx\u001b[39m=\u001b[32m\"12\"\u001b[39m\n                  \u001b[33mcy\u001b[39m=\u001b[32m\"12\"\u001b[39m\n                  \u001b[33mr\u001b[39m=\u001b[32m\"3\"\u001b[39m\n                \u001b[36m/>\u001b[39m\n              \u001b[36m</svg>\u001b[39m\n            \u001b[36m</button>\u001b[39m\n          \u001b[36m</div>\u001b[39m\n        \u001b[36m</div>\u001b[39m\n        \u001b[36m<button\u001b[39m\n          \u001b[33maria-label\u001b[39m=\u001b[32m\"Sign in to your account\"\u001b[39m\n          \u001b[33mclass\u001b[39m=\u001b[32m\"submit-button focus:ring-2 focus:ring-blue-500\"\u001b[39m\n          \u001b[33mdisabled\u001b[39m=\u001b[32m\"\"\u001b[39m\n          \u001b[33mtype\u001b[39m=\u001b[32m\"submit\"\u001b[39m\n        \u001b[36m>\u001b[39m\n          \u001b[0mSign In\u001b[0m\n        \u001b[36m</button>\u001b[39m\n      \u001b[36m</form>\u001b[39m\n      \u001b[36m<footer\u001b[39m\n        \u001b[33mclass\u001b[39m=\u001b[32m\"login-footer\"\u001b[39m\n      \u001b[36m>\u001b[39m\n        \u001b[36m<a\u001b[39m\n          \u001b[33mclass\u001b[39m=\u001b[32m\"help-link focus:ring-2 focus:ring-blue-500\"\u001b[39m\n          \u001b[33mhref\u001b[39m=\u001b[32m\"/forgot-password\"\u001b[39m\n        \u001b[36m>\u001b[39m\n          \u001b[0mForgot your password?\u001b[0m\n        \u001b[36m</a>\u001b[39m\n        \u001b[36m<div\u001b[39m\n          \u001b[33mclass\u001b[39m=\u001b[32m\"signup-prompt\"\u001b[39m\n        \u001b[36m>\u001b[39m\n          \u001b[0mDon't have an account?\u001b[0m\n          \u001b[0m \u001b[0m\n          \u001b[36m<a\u001b[39m\n            \u001b[33mclass\u001b[39m=\u001b[32m\"signup-link focus:ring-2 focus:ring-blue-500\"\u001b[39m\n            \u001b[33mhref\u001b[39m=\u001b[32m\"/register\"\u001b[39m\n          \u001b[36m>\u001b[39m\n            \u001b[0mSign up here\u001b[0m\n          \u001b[36m</a>\u001b[39m\n        \u001b[36m</div>\u001b[39m\n      \u001b[36m</footer>\u001b[39m\n    \u001b[36m</section>\u001b[39m\n  \u001b[36m</div>\u001b[39m\n\u001b[36m</body>\u001b[39m\n    at Object.getElementError (C:\\Users\\Et Al\\Documents\\GitHub\\parasocial\\frontend\\node_modules\\@testing-library\\dom\\dist\\config.js:37:19)\n    at C:\\Users\\Et Al\\Documents\\GitHub\\parasocial\\frontend\\node_modules\\@testing-library\\dom\\dist\\query-helpers.js:76:38\n    at C:\\Users\\Et Al\\Documents\\GitHub\\parasocial\\frontend\\node_modules\\@testing-library\\dom\\dist\\query-helpers.js:52:17\n    at C:\\Users\\Et Al\\Documents\\GitHub\\parasocial\\frontend\\node_modules\\@testing-library\\dom\\dist\\query-helpers.js:95:19\n    at C:\\Users\\Et Al\\Documents\\GitHub\\ParaSocial\\frontend\\src\\components\\auth\\__tests__\\LoginComponent.test.tsx:197:36\n    at file:///C:/Users/Et%20Al/Documents/GitHub/parasocial/frontend/node_modules/@vitest/runner/dist/chunk-hooks.js:155:11\n    at file:///C:/Users/Et%20Al/Documents/GitHub/parasocial/frontend/node_modules/@vitest/runner/dist/chunk-hooks.js:752:26\n    at file:///C:/Users/Et%20Al/Documents/GitHub/parasocial/frontend/node_modules/@vitest/runner/dist/chunk-hooks.js:1897:20\n    at new Promise (<anonymous>)\n    at runWithTimeout (file:///C:/Users/Et%20Al/Documents/GitHub/parasocial/frontend/node_modules/@vitest/runner/dist/chunk-hooks.js:1863:10)"],"meta":{}}],"startTime":1751448636410,"endTime":1751448636704.4438,"status":"failed","message":"","name":"C:/Users/Et Al/Documents/GitHub/ParaSocial/frontend/src/components/auth/__tests__/LoginComponent.test.tsx"}]}
