{"numTotalTestSuites":9,"numPassedTestSuites":0,"numFailedTestSuites":9,"numPendingTestSuites":0,"numTotalTests":18,"numPassedTests":0,"numFailedTests":18,"numPendingTests":0,"numTodoTests":0,"snapshot":{"added":0,"failure":false,"filesAdded":0,"filesRemoved":0,"filesRemovedList":[],"filesUnmatched":0,"filesUpdated":0,"matched":0,"total":0,"unchecked":0,"uncheckedKeysByFile":[],"unmatched":0,"updated":0,"didUpdate":false},"startTime":1751455897542,"success":false,"testResults":[{"assertionResults":[{"ancestorTitles":["Media Upload Route","Successful File Upload"],"fullName":"Media Upload Route Successful File Upload should upload valid image file successfully","status":"failed","title":"should upload valid image file successfully","duration":7.600999999999999,"failureMessages":["TypeError: mockFsAccess.mockImplementation is not a function\n    at C:\\Users\\Et Al\\Documents\\GitHub\\ParaSocial\\backend\\src\\routes\\__tests__\\mediaUpload.test.ts:90:18\n    at file:///C:/Users/Et%20Al/Documents/GitHub/parasocial/backend/node_modules/@vitest/runner/dist/chunk-hooks.js:155:11\n    at file:///C:/Users/Et%20Al/Documents/GitHub/parasocial/backend/node_modules/@vitest/runner/dist/chunk-hooks.js:1897:20\n    at new Promise (<anonymous>)\n    at runWithTimeout (file:///C:/Users/Et%20Al/Documents/GitHub/parasocial/backend/node_modules/@vitest/runner/dist/chunk-hooks.js:1863:10)\n    at runHook (file:///C:/Users/Et%20Al/Documents/GitHub/parasocial/backend/node_modules/@vitest/runner/dist/chunk-hooks.js:1436:51)\n    at callSuiteHook (file:///C:/Users/Et%20Al/Documents/GitHub/parasocial/backend/node_modules/@vitest/runner/dist/chunk-hooks.js:1442:25)\n    at processTicksAndRejections (node:internal/process/task_queues:105:5)\n    at callSuiteHook (file:///C:/Users/Et%20Al/Documents/GitHub/parasocial/backend/node_modules/@vitest/runner/dist/chunk-hooks.js:1429:21)\n    at runTest (file:///C:/Users/Et%20Al/Documents/GitHub/parasocial/backend/node_modules/@vitest/runner/dist/chunk-hooks.js:1566:26)"],"meta":{}},{"ancestorTitles":["Media Upload Route","Successful File Upload"],"fullName":"Media Upload Route Successful File Upload should upload file without alt text","status":"failed","title":"should upload file without alt text","duration":0.8698000000000548,"failureMessages":["TypeError: mockFsAccess.mockImplementation is not a function\n    at C:\\Users\\Et Al\\Documents\\GitHub\\ParaSocial\\backend\\src\\routes\\__tests__\\mediaUpload.test.ts:90:18\n    at file:///C:/Users/Et%20Al/Documents/GitHub/parasocial/backend/node_modules/@vitest/runner/dist/chunk-hooks.js:155:11\n    at file:///C:/Users/Et%20Al/Documents/GitHub/parasocial/backend/node_modules/@vitest/runner/dist/chunk-hooks.js:1897:20\n    at new Promise (<anonymous>)\n    at runWithTimeout (file:///C:/Users/Et%20Al/Documents/GitHub/parasocial/backend/node_modules/@vitest/runner/dist/chunk-hooks.js:1863:10)\n    at runHook (file:///C:/Users/Et%20Al/Documents/GitHub/parasocial/backend/node_modules/@vitest/runner/dist/chunk-hooks.js:1436:51)\n    at callSuiteHook (file:///C:/Users/Et%20Al/Documents/GitHub/parasocial/backend/node_modules/@vitest/runner/dist/chunk-hooks.js:1442:25)\n    at processTicksAndRejections (node:internal/process/task_queues:105:5)\n    at callSuiteHook (file:///C:/Users/Et%20Al/Documents/GitHub/parasocial/backend/node_modules/@vitest/runner/dist/chunk-hooks.js:1429:21)\n    at runTest (file:///C:/Users/Et%20Al/Documents/GitHub/parasocial/backend/node_modules/@vitest/runner/dist/chunk-hooks.js:1566:26)"],"meta":{}},{"ancestorTitles":["Media Upload Route","Successful File Upload"],"fullName":"Media Upload Route Successful File Upload should handle all supported file types","status":"failed","title":"should handle all supported file types","duration":0.5960999999999785,"failureMessages":["TypeError: mockFsAccess.mockImplementation is not a function\n    at C:\\Users\\Et Al\\Documents\\GitHub\\ParaSocial\\backend\\src\\routes\\__tests__\\mediaUpload.test.ts:90:18\n    at file:///C:/Users/Et%20Al/Documents/GitHub/parasocial/backend/node_modules/@vitest/runner/dist/chunk-hooks.js:155:11\n    at file:///C:/Users/Et%20Al/Documents/GitHub/parasocial/backend/node_modules/@vitest/runner/dist/chunk-hooks.js:1897:20\n    at new Promise (<anonymous>)\n    at runWithTimeout (file:///C:/Users/Et%20Al/Documents/GitHub/parasocial/backend/node_modules/@vitest/runner/dist/chunk-hooks.js:1863:10)\n    at runHook (file:///C:/Users/Et%20Al/Documents/GitHub/parasocial/backend/node_modules/@vitest/runner/dist/chunk-hooks.js:1436:51)\n    at callSuiteHook (file:///C:/Users/Et%20Al/Documents/GitHub/parasocial/backend/node_modules/@vitest/runner/dist/chunk-hooks.js:1442:25)\n    at processTicksAndRejections (node:internal/process/task_queues:105:5)\n    at callSuiteHook (file:///C:/Users/Et%20Al/Documents/GitHub/parasocial/backend/node_modules/@vitest/runner/dist/chunk-hooks.js:1429:21)\n    at runTest (file:///C:/Users/Et%20Al/Documents/GitHub/parasocial/backend/node_modules/@vitest/runner/dist/chunk-hooks.js:1566:26)"],"meta":{}},{"ancestorTitles":["Media Upload Route","File Validation"],"fullName":"Media Upload Route File Validation should reject unsupported file types","status":"failed","title":"should reject unsupported file types","duration":0.7758999999999787,"failureMessages":["TypeError: mockFsAccess.mockImplementation is not a function\n    at C:\\Users\\Et Al\\Documents\\GitHub\\ParaSocial\\backend\\src\\routes\\__tests__\\mediaUpload.test.ts:90:18\n    at file:///C:/Users/Et%20Al/Documents/GitHub/parasocial/backend/node_modules/@vitest/runner/dist/chunk-hooks.js:155:11\n    at file:///C:/Users/Et%20Al/Documents/GitHub/parasocial/backend/node_modules/@vitest/runner/dist/chunk-hooks.js:1897:20\n    at new Promise (<anonymous>)\n    at runWithTimeout (file:///C:/Users/Et%20Al/Documents/GitHub/parasocial/backend/node_modules/@vitest/runner/dist/chunk-hooks.js:1863:10)\n    at runHook (file:///C:/Users/Et%20Al/Documents/GitHub/parasocial/backend/node_modules/@vitest/runner/dist/chunk-hooks.js:1436:51)\n    at callSuiteHook (file:///C:/Users/Et%20Al/Documents/GitHub/parasocial/backend/node_modules/@vitest/runner/dist/chunk-hooks.js:1442:25)\n    at processTicksAndRejections (node:internal/process/task_queues:105:5)\n    at callSuiteHook (file:///C:/Users/Et%20Al/Documents/GitHub/parasocial/backend/node_modules/@vitest/runner/dist/chunk-hooks.js:1429:21)\n    at runTest (file:///C:/Users/Et%20Al/Documents/GitHub/parasocial/backend/node_modules/@vitest/runner/dist/chunk-hooks.js:1566:26)"],"meta":{}},{"ancestorTitles":["Media Upload Route","File Validation"],"fullName":"Media Upload Route File Validation should reject files exceeding size limit","status":"failed","title":"should reject files exceeding size limit","duration":0.6765000000000327,"failureMessages":["TypeError: mockFsAccess.mockImplementation is not a function\n    at C:\\Users\\Et Al\\Documents\\GitHub\\ParaSocial\\backend\\src\\routes\\__tests__\\mediaUpload.test.ts:90:18\n    at file:///C:/Users/Et%20Al/Documents/GitHub/parasocial/backend/node_modules/@vitest/runner/dist/chunk-hooks.js:155:11\n    at file:///C:/Users/Et%20Al/Documents/GitHub/parasocial/backend/node_modules/@vitest/runner/dist/chunk-hooks.js:1897:20\n    at new Promise (<anonymous>)\n    at runWithTimeout (file:///C:/Users/Et%20Al/Documents/GitHub/parasocial/backend/node_modules/@vitest/runner/dist/chunk-hooks.js:1863:10)\n    at runHook (file:///C:/Users/Et%20Al/Documents/GitHub/parasocial/backend/node_modules/@vitest/runner/dist/chunk-hooks.js:1436:51)\n    at callSuiteHook (file:///C:/Users/Et%20Al/Documents/GitHub/parasocial/backend/node_modules/@vitest/runner/dist/chunk-hooks.js:1442:25)\n    at processTicksAndRejections (node:internal/process/task_queues:105:5)\n    at callSuiteHook (file:///C:/Users/Et%20Al/Documents/GitHub/parasocial/backend/node_modules/@vitest/runner/dist/chunk-hooks.js:1429:21)\n    at runTest (file:///C:/Users/Et%20Al/Documents/GitHub/parasocial/backend/node_modules/@vitest/runner/dist/chunk-hooks.js:1566:26)"],"meta":{}},{"ancestorTitles":["Media Upload Route","File Validation"],"fullName":"Media Upload Route File Validation should reject requests with no file","status":"failed","title":"should reject requests with no file","duration":2.29729999999995,"failureMessages":["TypeError: mockFsAccess.mockImplementation is not a function\n    at C:\\Users\\Et Al\\Documents\\GitHub\\ParaSocial\\backend\\src\\routes\\__tests__\\mediaUpload.test.ts:90:18\n    at file:///C:/Users/Et%20Al/Documents/GitHub/parasocial/backend/node_modules/@vitest/runner/dist/chunk-hooks.js:155:11\n    at file:///C:/Users/Et%20Al/Documents/GitHub/parasocial/backend/node_modules/@vitest/runner/dist/chunk-hooks.js:1897:20\n    at new Promise (<anonymous>)\n    at runWithTimeout (file:///C:/Users/Et%20Al/Documents/GitHub/parasocial/backend/node_modules/@vitest/runner/dist/chunk-hooks.js:1863:10)\n    at runHook (file:///C:/Users/Et%20Al/Documents/GitHub/parasocial/backend/node_modules/@vitest/runner/dist/chunk-hooks.js:1436:51)\n    at callSuiteHook (file:///C:/Users/Et%20Al/Documents/GitHub/parasocial/backend/node_modules/@vitest/runner/dist/chunk-hooks.js:1442:25)\n    at processTicksAndRejections (node:internal/process/task_queues:105:5)\n    at callSuiteHook (file:///C:/Users/Et%20Al/Documents/GitHub/parasocial/backend/node_modules/@vitest/runner/dist/chunk-hooks.js:1429:21)\n    at runTest (file:///C:/Users/Et%20Al/Documents/GitHub/parasocial/backend/node_modules/@vitest/runner/dist/chunk-hooks.js:1566:26)"],"meta":{}},{"ancestorTitles":["Media Upload Route","File Validation"],"fullName":"Media Upload Route File Validation should validate alt text length","status":"failed","title":"should validate alt text length","duration":0.8952000000000453,"failureMessages":["TypeError: mockFsAccess.mockImplementation is not a function\n    at C:\\Users\\Et Al\\Documents\\GitHub\\ParaSocial\\backend\\src\\routes\\__tests__\\mediaUpload.test.ts:90:18\n    at file:///C:/Users/Et%20Al/Documents/GitHub/parasocial/backend/node_modules/@vitest/runner/dist/chunk-hooks.js:155:11\n    at file:///C:/Users/Et%20Al/Documents/GitHub/parasocial/backend/node_modules/@vitest/runner/dist/chunk-hooks.js:1897:20\n    at new Promise (<anonymous>)\n    at runWithTimeout (file:///C:/Users/Et%20Al/Documents/GitHub/parasocial/backend/node_modules/@vitest/runner/dist/chunk-hooks.js:1863:10)\n    at runHook (file:///C:/Users/Et%20Al/Documents/GitHub/parasocial/backend/node_modules/@vitest/runner/dist/chunk-hooks.js:1436:51)\n    at callSuiteHook (file:///C:/Users/Et%20Al/Documents/GitHub/parasocial/backend/node_modules/@vitest/runner/dist/chunk-hooks.js:1442:25)\n    at processTicksAndRejections (node:internal/process/task_queues:105:5)\n    at callSuiteHook (file:///C:/Users/Et%20Al/Documents/GitHub/parasocial/backend/node_modules/@vitest/runner/dist/chunk-hooks.js:1429:21)\n    at runTest (file:///C:/Users/Et%20Al/Documents/GitHub/parasocial/backend/node_modules/@vitest/runner/dist/chunk-hooks.js:1566:26)"],"meta":{}},{"ancestorTitles":["Media Upload Route","Multer Error Handling"],"fullName":"Media Upload Route Multer Error Handling should handle unexpected file field name","status":"failed","title":"should handle unexpected file field name","duration":1.0507000000000062,"failureMessages":["TypeError: mockFsAccess.mockImplementation is not a function\n    at C:\\Users\\Et Al\\Documents\\GitHub\\ParaSocial\\backend\\src\\routes\\__tests__\\mediaUpload.test.ts:90:18\n    at file:///C:/Users/Et%20Al/Documents/GitHub/parasocial/backend/node_modules/@vitest/runner/dist/chunk-hooks.js:155:11\n    at file:///C:/Users/Et%20Al/Documents/GitHub/parasocial/backend/node_modules/@vitest/runner/dist/chunk-hooks.js:1897:20\n    at new Promise (<anonymous>)\n    at runWithTimeout (file:///C:/Users/Et%20Al/Documents/GitHub/parasocial/backend/node_modules/@vitest/runner/dist/chunk-hooks.js:1863:10)\n    at runHook (file:///C:/Users/Et%20Al/Documents/GitHub/parasocial/backend/node_modules/@vitest/runner/dist/chunk-hooks.js:1436:51)\n    at callSuiteHook (file:///C:/Users/Et%20Al/Documents/GitHub/parasocial/backend/node_modules/@vitest/runner/dist/chunk-hooks.js:1442:25)\n    at processTicksAndRejections (node:internal/process/task_queues:105:5)\n    at callSuiteHook (file:///C:/Users/Et%20Al/Documents/GitHub/parasocial/backend/node_modules/@vitest/runner/dist/chunk-hooks.js:1429:21)\n    at runTest (file:///C:/Users/Et%20Al/Documents/GitHub/parasocial/backend/node_modules/@vitest/runner/dist/chunk-hooks.js:1566:26)"],"meta":{}},{"ancestorTitles":["Media Upload Route","Multer Error Handling"],"fullName":"Media Upload Route Multer Error Handling should handle multiple file uploads","status":"failed","title":"should handle multiple file uploads","duration":2.594000000000051,"failureMessages":["TypeError: mockFsAccess.mockImplementation is not a function\n    at C:\\Users\\Et Al\\Documents\\GitHub\\ParaSocial\\backend\\src\\routes\\__tests__\\mediaUpload.test.ts:90:18\n    at file:///C:/Users/Et%20Al/Documents/GitHub/parasocial/backend/node_modules/@vitest/runner/dist/chunk-hooks.js:155:11\n    at file:///C:/Users/Et%20Al/Documents/GitHub/parasocial/backend/node_modules/@vitest/runner/dist/chunk-hooks.js:1897:20\n    at new Promise (<anonymous>)\n    at runWithTimeout (file:///C:/Users/Et%20Al/Documents/GitHub/parasocial/backend/node_modules/@vitest/runner/dist/chunk-hooks.js:1863:10)\n    at runHook (file:///C:/Users/Et%20Al/Documents/GitHub/parasocial/backend/node_modules/@vitest/runner/dist/chunk-hooks.js:1436:51)\n    at callSuiteHook (file:///C:/Users/Et%20Al/Documents/GitHub/parasocial/backend/node_modules/@vitest/runner/dist/chunk-hooks.js:1442:25)\n    at processTicksAndRejections (node:internal/process/task_queues:105:5)\n    at callSuiteHook (file:///C:/Users/Et%20Al/Documents/GitHub/parasocial/backend/node_modules/@vitest/runner/dist/chunk-hooks.js:1429:21)\n    at runTest (file:///C:/Users/Et%20Al/Documents/GitHub/parasocial/backend/node_modules/@vitest/runner/dist/chunk-hooks.js:1566:26)"],"meta":{}},{"ancestorTitles":["Media Upload Route","Directory Management"],"fullName":"Media Upload Route Directory Management should create uploads directory if it does not exist","status":"failed","title":"should create uploads directory if it does not exist","duration":0.46450000000004366,"failureMessages":["TypeError: mockFsAccess.mockImplementation is not a function\n    at C:\\Users\\Et Al\\Documents\\GitHub\\ParaSocial\\backend\\src\\routes\\__tests__\\mediaUpload.test.ts:90:18\n    at file:///C:/Users/Et%20Al/Documents/GitHub/parasocial/backend/node_modules/@vitest/runner/dist/chunk-hooks.js:155:11\n    at file:///C:/Users/Et%20Al/Documents/GitHub/parasocial/backend/node_modules/@vitest/runner/dist/chunk-hooks.js:1897:20\n    at new Promise (<anonymous>)\n    at runWithTimeout (file:///C:/Users/Et%20Al/Documents/GitHub/parasocial/backend/node_modules/@vitest/runner/dist/chunk-hooks.js:1863:10)\n    at runHook (file:///C:/Users/Et%20Al/Documents/GitHub/parasocial/backend/node_modules/@vitest/runner/dist/chunk-hooks.js:1436:51)\n    at callSuiteHook (file:///C:/Users/Et%20Al/Documents/GitHub/parasocial/backend/node_modules/@vitest/runner/dist/chunk-hooks.js:1442:25)\n    at processTicksAndRejections (node:internal/process/task_queues:105:5)\n    at callSuiteHook (file:///C:/Users/Et%20Al/Documents/GitHub/parasocial/backend/node_modules/@vitest/runner/dist/chunk-hooks.js:1429:21)\n    at runTest (file:///C:/Users/Et%20Al/Documents/GitHub/parasocial/backend/node_modules/@vitest/runner/dist/chunk-hooks.js:1566:26)"],"meta":{}},{"ancestorTitles":["Media Upload Route","Directory Management"],"fullName":"Media Upload Route Directory Management should handle directory creation failure","status":"failed","title":"should handle directory creation failure","duration":0.41829999999993106,"failureMessages":["TypeError: mockFsAccess.mockImplementation is not a function\n    at C:\\Users\\Et Al\\Documents\\GitHub\\ParaSocial\\backend\\src\\routes\\__tests__\\mediaUpload.test.ts:90:18\n    at file:///C:/Users/Et%20Al/Documents/GitHub/parasocial/backend/node_modules/@vitest/runner/dist/chunk-hooks.js:155:11\n    at file:///C:/Users/Et%20Al/Documents/GitHub/parasocial/backend/node_modules/@vitest/runner/dist/chunk-hooks.js:1897:20\n    at new Promise (<anonymous>)\n    at runWithTimeout (file:///C:/Users/Et%20Al/Documents/GitHub/parasocial/backend/node_modules/@vitest/runner/dist/chunk-hooks.js:1863:10)\n    at runHook (file:///C:/Users/Et%20Al/Documents/GitHub/parasocial/backend/node_modules/@vitest/runner/dist/chunk-hooks.js:1436:51)\n    at callSuiteHook (file:///C:/Users/Et%20Al/Documents/GitHub/parasocial/backend/node_modules/@vitest/runner/dist/chunk-hooks.js:1442:25)\n    at processTicksAndRejections (node:internal/process/task_queues:105:5)\n    at callSuiteHook (file:///C:/Users/Et%20Al/Documents/GitHub/parasocial/backend/node_modules/@vitest/runner/dist/chunk-hooks.js:1429:21)\n    at runTest (file:///C:/Users/Et%20Al/Documents/GitHub/parasocial/backend/node_modules/@vitest/runner/dist/chunk-hooks.js:1566:26)"],"meta":{}},{"ancestorTitles":["Media Upload Route","Error Recovery"],"fullName":"Media Upload Route Error Recovery should clean up uploaded file if processing fails","status":"failed","title":"should clean up uploaded file if processing fails","duration":0.3410999999999831,"failureMessages":["TypeError: mockFsAccess.mockImplementation is not a function\n    at C:\\Users\\Et Al\\Documents\\GitHub\\ParaSocial\\backend\\src\\routes\\__tests__\\mediaUpload.test.ts:90:18\n    at file:///C:/Users/Et%20Al/Documents/GitHub/parasocial/backend/node_modules/@vitest/runner/dist/chunk-hooks.js:155:11\n    at file:///C:/Users/Et%20Al/Documents/GitHub/parasocial/backend/node_modules/@vitest/runner/dist/chunk-hooks.js:1897:20\n    at new Promise (<anonymous>)\n    at runWithTimeout (file:///C:/Users/Et%20Al/Documents/GitHub/parasocial/backend/node_modules/@vitest/runner/dist/chunk-hooks.js:1863:10)\n    at runHook (file:///C:/Users/Et%20Al/Documents/GitHub/parasocial/backend/node_modules/@vitest/runner/dist/chunk-hooks.js:1436:51)\n    at callSuiteHook (file:///C:/Users/Et%20Al/Documents/GitHub/parasocial/backend/node_modules/@vitest/runner/dist/chunk-hooks.js:1442:25)\n    at processTicksAndRejections (node:internal/process/task_queues:105:5)\n    at callSuiteHook (file:///C:/Users/Et%20Al/Documents/GitHub/parasocial/backend/node_modules/@vitest/runner/dist/chunk-hooks.js:1429:21)\n    at runTest (file:///C:/Users/Et%20Al/Documents/GitHub/parasocial/backend/node_modules/@vitest/runner/dist/chunk-hooks.js:1566:26)"],"meta":{}},{"ancestorTitles":["Media Upload Route","URL Generation"],"fullName":"Media Upload Route URL Generation should generate correct URLs with custom base URL","status":"failed","title":"should generate correct URLs with custom base URL","duration":0.3349000000000615,"failureMessages":["TypeError: mockFsAccess.mockImplementation is not a function\n    at C:\\Users\\Et Al\\Documents\\GitHub\\ParaSocial\\backend\\src\\routes\\__tests__\\mediaUpload.test.ts:90:18\n    at file:///C:/Users/Et%20Al/Documents/GitHub/parasocial/backend/node_modules/@vitest/runner/dist/chunk-hooks.js:155:11\n    at file:///C:/Users/Et%20Al/Documents/GitHub/parasocial/backend/node_modules/@vitest/runner/dist/chunk-hooks.js:1897:20\n    at new Promise (<anonymous>)\n    at runWithTimeout (file:///C:/Users/Et%20Al/Documents/GitHub/parasocial/backend/node_modules/@vitest/runner/dist/chunk-hooks.js:1863:10)\n    at runHook (file:///C:/Users/Et%20Al/Documents/GitHub/parasocial/backend/node_modules/@vitest/runner/dist/chunk-hooks.js:1436:51)\n    at callSuiteHook (file:///C:/Users/Et%20Al/Documents/GitHub/parasocial/backend/node_modules/@vitest/runner/dist/chunk-hooks.js:1442:25)\n    at processTicksAndRejections (node:internal/process/task_queues:105:5)\n    at callSuiteHook (file:///C:/Users/Et%20Al/Documents/GitHub/parasocial/backend/node_modules/@vitest/runner/dist/chunk-hooks.js:1429:21)\n    at runTest (file:///C:/Users/Et%20Al/Documents/GitHub/parasocial/backend/node_modules/@vitest/runner/dist/chunk-hooks.js:1566:26)"],"meta":{}},{"ancestorTitles":["Media Upload Route","URL Generation"],"fullName":"Media Upload Route URL Generation should use default URL when BASE_URL not set","status":"failed","title":"should use default URL when BASE_URL not set","duration":0.34180000000003474,"failureMessages":["TypeError: mockFsAccess.mockImplementation is not a function\n    at C:\\Users\\Et Al\\Documents\\GitHub\\ParaSocial\\backend\\src\\routes\\__tests__\\mediaUpload.test.ts:90:18\n    at file:///C:/Users/Et%20Al/Documents/GitHub/parasocial/backend/node_modules/@vitest/runner/dist/chunk-hooks.js:155:11\n    at file:///C:/Users/Et%20Al/Documents/GitHub/parasocial/backend/node_modules/@vitest/runner/dist/chunk-hooks.js:1897:20\n    at new Promise (<anonymous>)\n    at runWithTimeout (file:///C:/Users/Et%20Al/Documents/GitHub/parasocial/backend/node_modules/@vitest/runner/dist/chunk-hooks.js:1863:10)\n    at runHook (file:///C:/Users/Et%20Al/Documents/GitHub/parasocial/backend/node_modules/@vitest/runner/dist/chunk-hooks.js:1436:51)\n    at callSuiteHook (file:///C:/Users/Et%20Al/Documents/GitHub/parasocial/backend/node_modules/@vitest/runner/dist/chunk-hooks.js:1442:25)\n    at processTicksAndRejections (node:internal/process/task_queues:105:5)\n    at callSuiteHook (file:///C:/Users/Et%20Al/Documents/GitHub/parasocial/backend/node_modules/@vitest/runner/dist/chunk-hooks.js:1429:21)\n    at runTest (file:///C:/Users/Et%20Al/Documents/GitHub/parasocial/backend/node_modules/@vitest/runner/dist/chunk-hooks.js:1566:26)"],"meta":{}},{"ancestorTitles":["Media Upload Route","Edge Cases"],"fullName":"Media Upload Route Edge Cases should handle empty alt text","status":"failed","title":"should handle empty alt text","duration":0.34410000000002583,"failureMessages":["TypeError: mockFsAccess.mockImplementation is not a function\n    at C:\\Users\\Et Al\\Documents\\GitHub\\ParaSocial\\backend\\src\\routes\\__tests__\\mediaUpload.test.ts:90:18\n    at file:///C:/Users/Et%20Al/Documents/GitHub/parasocial/backend/node_modules/@vitest/runner/dist/chunk-hooks.js:155:11\n    at file:///C:/Users/Et%20Al/Documents/GitHub/parasocial/backend/node_modules/@vitest/runner/dist/chunk-hooks.js:1897:20\n    at new Promise (<anonymous>)\n    at runWithTimeout (file:///C:/Users/Et%20Al/Documents/GitHub/parasocial/backend/node_modules/@vitest/runner/dist/chunk-hooks.js:1863:10)\n    at runHook (file:///C:/Users/Et%20Al/Documents/GitHub/parasocial/backend/node_modules/@vitest/runner/dist/chunk-hooks.js:1436:51)\n    at callSuiteHook (file:///C:/Users/Et%20Al/Documents/GitHub/parasocial/backend/node_modules/@vitest/runner/dist/chunk-hooks.js:1442:25)\n    at processTicksAndRejections (node:internal/process/task_queues:105:5)\n    at callSuiteHook (file:///C:/Users/Et%20Al/Documents/GitHub/parasocial/backend/node_modules/@vitest/runner/dist/chunk-hooks.js:1429:21)\n    at runTest (file:///C:/Users/Et%20Al/Documents/GitHub/parasocial/backend/node_modules/@vitest/runner/dist/chunk-hooks.js:1566:26)"],"meta":{}},{"ancestorTitles":["Media Upload Route","Edge Cases"],"fullName":"Media Upload Route Edge Cases should handle files with no extension","status":"failed","title":"should handle files with no extension","duration":0.3308999999999287,"failureMessages":["TypeError: mockFsAccess.mockImplementation is not a function\n    at C:\\Users\\Et Al\\Documents\\GitHub\\ParaSocial\\backend\\src\\routes\\__tests__\\mediaUpload.test.ts:90:18\n    at file:///C:/Users/Et%20Al/Documents/GitHub/parasocial/backend/node_modules/@vitest/runner/dist/chunk-hooks.js:155:11\n    at file:///C:/Users/Et%20Al/Documents/GitHub/parasocial/backend/node_modules/@vitest/runner/dist/chunk-hooks.js:1897:20\n    at new Promise (<anonymous>)\n    at runWithTimeout (file:///C:/Users/Et%20Al/Documents/GitHub/parasocial/backend/node_modules/@vitest/runner/dist/chunk-hooks.js:1863:10)\n    at runHook (file:///C:/Users/Et%20Al/Documents/GitHub/parasocial/backend/node_modules/@vitest/runner/dist/chunk-hooks.js:1436:51)\n    at callSuiteHook (file:///C:/Users/Et%20Al/Documents/GitHub/parasocial/backend/node_modules/@vitest/runner/dist/chunk-hooks.js:1442:25)\n    at processTicksAndRejections (node:internal/process/task_queues:105:5)\n    at callSuiteHook (file:///C:/Users/Et%20Al/Documents/GitHub/parasocial/backend/node_modules/@vitest/runner/dist/chunk-hooks.js:1429:21)\n    at runTest (file:///C:/Users/Et%20Al/Documents/GitHub/parasocial/backend/node_modules/@vitest/runner/dist/chunk-hooks.js:1566:26)"],"meta":{}},{"ancestorTitles":["Media Upload Route","Edge Cases"],"fullName":"Media Upload Route Edge Cases should handle very small files","status":"failed","title":"should handle very small files","duration":0.3225999999999658,"failureMessages":["TypeError: mockFsAccess.mockImplementation is not a function\n    at C:\\Users\\Et Al\\Documents\\GitHub\\ParaSocial\\backend\\src\\routes\\__tests__\\mediaUpload.test.ts:90:18\n    at file:///C:/Users/Et%20Al/Documents/GitHub/parasocial/backend/node_modules/@vitest/runner/dist/chunk-hooks.js:155:11\n    at file:///C:/Users/Et%20Al/Documents/GitHub/parasocial/backend/node_modules/@vitest/runner/dist/chunk-hooks.js:1897:20\n    at new Promise (<anonymous>)\n    at runWithTimeout (file:///C:/Users/Et%20Al/Documents/GitHub/parasocial/backend/node_modules/@vitest/runner/dist/chunk-hooks.js:1863:10)\n    at runHook (file:///C:/Users/Et%20Al/Documents/GitHub/parasocial/backend/node_modules/@vitest/runner/dist/chunk-hooks.js:1436:51)\n    at callSuiteHook (file:///C:/Users/Et%20Al/Documents/GitHub/parasocial/backend/node_modules/@vitest/runner/dist/chunk-hooks.js:1442:25)\n    at processTicksAndRejections (node:internal/process/task_queues:105:5)\n    at callSuiteHook (file:///C:/Users/Et%20Al/Documents/GitHub/parasocial/backend/node_modules/@vitest/runner/dist/chunk-hooks.js:1429:21)\n    at runTest (file:///C:/Users/Et%20Al/Documents/GitHub/parasocial/backend/node_modules/@vitest/runner/dist/chunk-hooks.js:1566:26)"],"meta":{}},{"ancestorTitles":["Media Upload Route","Edge Cases"],"fullName":"Media Upload Route Edge Cases should handle files at exactly the size limit","status":"failed","title":"should handle files at exactly the size limit","duration":0.3885999999999967,"failureMessages":["TypeError: mockFsAccess.mockImplementation is not a function\n    at C:\\Users\\Et Al\\Documents\\GitHub\\ParaSocial\\backend\\src\\routes\\__tests__\\mediaUpload.test.ts:90:18\n    at file:///C:/Users/Et%20Al/Documents/GitHub/parasocial/backend/node_modules/@vitest/runner/dist/chunk-hooks.js:155:11\n    at file:///C:/Users/Et%20Al/Documents/GitHub/parasocial/backend/node_modules/@vitest/runner/dist/chunk-hooks.js:1897:20\n    at new Promise (<anonymous>)\n    at runWithTimeout (file:///C:/Users/Et%20Al/Documents/GitHub/parasocial/backend/node_modules/@vitest/runner/dist/chunk-hooks.js:1863:10)\n    at runHook (file:///C:/Users/Et%20Al/Documents/GitHub/parasocial/backend/node_modules/@vitest/runner/dist/chunk-hooks.js:1436:51)\n    at callSuiteHook (file:///C:/Users/Et%20Al/Documents/GitHub/parasocial/backend/node_modules/@vitest/runner/dist/chunk-hooks.js:1442:25)\n    at processTicksAndRejections (node:internal/process/task_queues:105:5)\n    at callSuiteHook (file:///C:/Users/Et%20Al/Documents/GitHub/parasocial/backend/node_modules/@vitest/runner/dist/chunk-hooks.js:1429:21)\n    at runTest (file:///C:/Users/Et%20Al/Documents/GitHub/parasocial/backend/node_modules/@vitest/runner/dist/chunk-hooks.js:1566:26)"],"meta":{}}],"startTime":1751455898447,"endTime":1751455898468.3887,"status":"failed","message":"","name":"C:/Users/Et Al/Documents/GitHub/ParaSocial/backend/src/routes/__tests__/mediaUpload.test.ts"}]}
