{"numTotalTestSuites":300,"numPassedTestSuites":279,"numFailedTestSuites":9,"numPendingTestSuites":12,"numTotalTests":642,"numPassedTests":583,"numFailedTests":24,"numPendingTests":4,"numTodoTests":0,"snapshot":{"added":0,"failure":false,"filesAdded":0,"filesRemoved":0,"filesRemovedList":[],"filesUnmatched":0,"filesUpdated":0,"matched":0,"total":0,"unchecked":0,"uncheckedKeysByFile":[],"unmatched":0,"updated":0,"didUpdate":false},"startTime":1751775257064,"success":false,"testResults":[{"assertionResults":[{"ancestorTitles":["AuthController","register","Successful Registration"],"fullName":"AuthController register Successful Registration should register user successfully","status":"passed","title":"should register user successfully","duration":4.802799999999991,"failureMessages":[],"meta":{}},{"ancestorTitles":["AuthController","register","Validation Errors"],"fullName":"AuthController register Validation Errors should return 400 for invalid registration data","status":"passed","title":"should return 400 for invalid registration data","duration":1.0489000000000033,"failureMessages":[],"meta":{}},{"ancestorTitles":["AuthController","register","Validation Errors"],"fullName":"AuthController register Validation Errors should handle empty request body","status":"passed","title":"should handle empty request body","duration":0.6395999999999731,"failureMessages":[],"meta":{}},{"ancestorTitles":["AuthController","register","User Already Exists"],"fullName":"AuthController register User Already Exists should return 409 when email already exists","status":"passed","title":"should return 409 when email already exists","duration":0.6844999999999573,"failureMessages":[],"meta":{}},{"ancestorTitles":["AuthController","register","User Already Exists"],"fullName":"AuthController register User Already Exists should return 409 when username already exists","status":"passed","title":"should return 409 when username already exists","duration":0.8485000000000014,"failureMessages":[],"meta":{}},{"ancestorTitles":["AuthController","register","Server Errors"],"fullName":"AuthController register Server Errors should return 500 when password hashing fails","status":"passed","title":"should return 500 when password hashing fails","duration":0.8687999999999647,"failureMessages":[],"meta":{}},{"ancestorTitles":["AuthController","register","Server Errors"],"fullName":"AuthController register Server Errors should return 500 when user creation fails","status":"passed","title":"should return 500 when user creation fails","duration":0.9932000000000016,"failureMessages":[],"meta":{}},{"ancestorTitles":["AuthController","register","Server Errors"],"fullName":"AuthController register Server Errors should return 500 when token generation fails","status":"passed","title":"should return 500 when token generation fails","duration":1.4821000000000026,"failureMessages":[],"meta":{}},{"ancestorTitles":["AuthController","login","Successful Login"],"fullName":"AuthController login Successful Login should login user successfully","status":"passed","title":"should login user successfully","duration":1.641999999999996,"failureMessages":[],"meta":{}},{"ancestorTitles":["AuthController","login","Validation Errors"],"fullName":"AuthController login Validation Errors should return 400 for invalid login data","status":"passed","title":"should return 400 for invalid login data","duration":1.0475000000000136,"failureMessages":[],"meta":{}},{"ancestorTitles":["AuthController","login","Validation Errors"],"fullName":"AuthController login Validation Errors should handle empty login request","status":"passed","title":"should handle empty login request","duration":0.6768000000000143,"failureMessages":[],"meta":{}},{"ancestorTitles":["AuthController","login","Authentication Errors"],"fullName":"AuthController login Authentication Errors should return 401 when user does not exist","status":"passed","title":"should return 401 when user does not exist","duration":0.5749999999999886,"failureMessages":[],"meta":{}},{"ancestorTitles":["AuthController","login","Authentication Errors"],"fullName":"AuthController login Authentication Errors should return 401 when password is incorrect","status":"passed","title":"should return 401 when password is incorrect","duration":0.9296999999999684,"failureMessages":[],"meta":{}},{"ancestorTitles":["AuthController","login","Server Errors"],"fullName":"AuthController login Server Errors should return 500 when database lookup fails","status":"passed","title":"should return 500 when database lookup fails","duration":0.5680999999999585,"failureMessages":[],"meta":{}},{"ancestorTitles":["AuthController","login","Server Errors"],"fullName":"AuthController login Server Errors should return 500 when password verification fails","status":"passed","title":"should return 500 when password verification fails","duration":0.7020999999999731,"failureMessages":[],"meta":{}},{"ancestorTitles":["AuthController","logout"],"fullName":"AuthController logout should logout user successfully","status":"passed","title":"should logout user successfully","duration":0.5729000000000042,"failureMessages":[],"meta":{}},{"ancestorTitles":["AuthController","logout"],"fullName":"AuthController logout should handle logout errors gracefully","status":"passed","title":"should handle logout errors gracefully","duration":2.0529999999999973,"failureMessages":[],"meta":{}},{"ancestorTitles":["AuthController","getCurrentUser","Successful User Retrieval"],"fullName":"AuthController getCurrentUser Successful User Retrieval should return current user profile","status":"passed","title":"should return current user profile","duration":0.6938000000000102,"failureMessages":[],"meta":{}},{"ancestorTitles":["AuthController","getCurrentUser","User Not Found"],"fullName":"AuthController getCurrentUser User Not Found should return 404 when user does not exist","status":"passed","title":"should return 404 when user does not exist","duration":0.6700000000000159,"failureMessages":[],"meta":{}},{"ancestorTitles":["AuthController","getCurrentUser","Server Errors"],"fullName":"AuthController getCurrentUser Server Errors should return 500 when database lookup fails","status":"passed","title":"should return 500 when database lookup fails","duration":0.6604000000000383,"failureMessages":[],"meta":{}},{"ancestorTitles":["AuthController","getCurrentUser","Server Errors"],"fullName":"AuthController getCurrentUser Server Errors should handle missing user ID in request","status":"passed","title":"should handle missing user ID in request","duration":0.9570000000000505,"failureMessages":[],"meta":{}}],"startTime":1751775258967,"endTime":1751775258994.957,"status":"passed","message":"","name":"C:/Users/Et Al/Documents/GitHub/ParaSocial/backend/__tests__/controllers/AuthController.test.ts"},{"assertionResults":[{"ancestorTitles":["FollowController Business Logic Tests","followUser Business Logic"],"fullName":"FollowController Business Logic Tests followUser Business Logic should successfully follow a user with valid authentication","status":"passed","title":"should successfully follow a user with valid authentication","duration":4.687900000000013,"failureMessages":[],"meta":{}},{"ancestorTitles":["FollowController Business Logic Tests","followUser Business Logic"],"fullName":"FollowController Business Logic Tests followUser Business Logic should handle external ActivityPub actor follow without authentication","status":"passed","title":"should handle external ActivityPub actor follow without authentication","duration":1.4231999999999516,"failureMessages":[],"meta":{}},{"ancestorTitles":["FollowController Business Logic Tests","followUser Business Logic"],"fullName":"FollowController Business Logic Tests followUser Business Logic should reject follow request when no follower identity provided","status":"passed","title":"should reject follow request when no follower identity provided","duration":0.8032000000000039,"failureMessages":[],"meta":{}},{"ancestorTitles":["FollowController Business Logic Tests","followUser Business Logic"],"fullName":"FollowController Business Logic Tests followUser Business Logic should return 404 when target user not found","status":"passed","title":"should return 404 when target user not found","duration":0.7061999999999671,"failureMessages":[],"meta":{}},{"ancestorTitles":["FollowController Business Logic Tests","followUser Business Logic"],"fullName":"FollowController Business Logic Tests followUser Business Logic should handle inactive user scenario","status":"passed","title":"should handle inactive user scenario","duration":1.4755999999999858,"failureMessages":[],"meta":{}},{"ancestorTitles":["FollowController Business Logic Tests","followUser Business Logic"],"fullName":"FollowController Business Logic Tests followUser Business Logic should handle service validation errors correctly","status":"passed","title":"should handle service validation errors correctly","duration":0.6069999999999709,"failureMessages":[],"meta":{}},{"ancestorTitles":["FollowController Business Logic Tests","followUser Business Logic"],"fullName":"FollowController Business Logic Tests followUser Business Logic should handle self-follow prevention","status":"passed","title":"should handle self-follow prevention","duration":0.4811000000000263,"failureMessages":[],"meta":{}},{"ancestorTitles":["FollowController Business Logic Tests","followUser Business Logic"],"fullName":"FollowController Business Logic Tests followUser Business Logic should handle blocking scenarios","status":"passed","title":"should handle blocking scenarios","duration":0.4530000000000314,"failureMessages":[],"meta":{}},{"ancestorTitles":["FollowController Business Logic Tests","unfollowUser Business Logic"],"fullName":"FollowController Business Logic Tests unfollowUser Business Logic should successfully unfollow a user","status":"passed","title":"should successfully unfollow a user","duration":1.1075999999999908,"failureMessages":[],"meta":{}},{"ancestorTitles":["FollowController Business Logic Tests","unfollowUser Business Logic"],"fullName":"FollowController Business Logic Tests unfollowUser Business Logic should require authentication for unfollow","status":"passed","title":"should require authentication for unfollow","duration":0.9338999999999942,"failureMessages":[],"meta":{}},{"ancestorTitles":["FollowController Business Logic Tests","unfollowUser Business Logic"],"fullName":"FollowController Business Logic Tests unfollowUser Business Logic should handle not following scenario","status":"passed","title":"should handle not following scenario","duration":0.5797000000000025,"failureMessages":[],"meta":{}},{"ancestorTitles":["FollowController Business Logic Tests","getUserFollowers Business Logic"],"fullName":"FollowController Business Logic Tests getUserFollowers Business Logic should successfully get user followers with pagination","status":"passed","title":"should successfully get user followers with pagination","duration":0.7436000000000149,"failureMessages":[],"meta":{}},{"ancestorTitles":["FollowController Business Logic Tests","getUserFollowers Business Logic"],"fullName":"FollowController Business Logic Tests getUserFollowers Business Logic should handle empty followers list or errors","status":"passed","title":"should handle empty followers list or errors","duration":0.5632000000000517,"failureMessages":[],"meta":{}},{"ancestorTitles":["FollowController Business Logic Tests","getUserFollowStats Business Logic"],"fullName":"FollowController Business Logic Tests getUserFollowStats Business Logic should successfully get follow statistics","status":"passed","title":"should successfully get follow statistics","duration":0.5585000000000377,"failureMessages":[],"meta":{}},{"ancestorTitles":["FollowController Business Logic Tests","getUserFollowStats Business Logic"],"fullName":"FollowController Business Logic Tests getUserFollowStats Business Logic should handle stats for new user with zero follows","status":"passed","title":"should handle stats for new user with zero follows","duration":0.8595000000000255,"failureMessages":[],"meta":{}},{"ancestorTitles":["FollowController Business Logic Tests","Error Code Mapping"],"fullName":"FollowController Business Logic Tests Error Code Mapping should map VALIDATION_ERROR to 400 status code","status":"passed","title":"should map VALIDATION_ERROR to 400 status code","duration":0.6338999999999828,"failureMessages":[],"meta":{}},{"ancestorTitles":["FollowController Business Logic Tests","Error Code Mapping"],"fullName":"FollowController Business Logic Tests Error Code Mapping should map NO_FOLLOWER_IDENTITY to 409 status code","status":"passed","title":"should map NO_FOLLOWER_IDENTITY to 409 status code","duration":0.7343000000000188,"failureMessages":[],"meta":{}},{"ancestorTitles":["FollowController Business Logic Tests","Error Code Mapping"],"fullName":"FollowController Business Logic Tests Error Code Mapping should map AUTHENTICATION_REQUIRED to 401 status code","status":"passed","title":"should map AUTHENTICATION_REQUIRED to 401 status code","duration":0.7480999999999653,"failureMessages":[],"meta":{}},{"ancestorTitles":["FollowController Business Logic Tests","Error Code Mapping"],"fullName":"FollowController Business Logic Tests Error Code Mapping should map FORBIDDEN to 403 status code","status":"passed","title":"should map FORBIDDEN to 403 status code","duration":0.5168999999999642,"failureMessages":[],"meta":{}},{"ancestorTitles":["FollowController Business Logic Tests","Error Code Mapping"],"fullName":"FollowController Business Logic Tests Error Code Mapping should map USER_NOT_FOUND to 404 status code","status":"passed","title":"should map USER_NOT_FOUND to 404 status code","duration":0.5258000000000038,"failureMessages":[],"meta":{}},{"ancestorTitles":["FollowController Business Logic Tests","Error Code Mapping"],"fullName":"FollowController Business Logic Tests Error Code Mapping should map NOT_FOLLOWING to 404 status code","status":"passed","title":"should map NOT_FOLLOWING to 404 status code","duration":0.41149999999998954,"failureMessages":[],"meta":{}},{"ancestorTitles":["FollowController Business Logic Tests","Error Code Mapping"],"fullName":"FollowController Business Logic Tests Error Code Mapping should map ALREADY_FOLLOWING to 409 status code","status":"passed","title":"should map ALREADY_FOLLOWING to 409 status code","duration":0.35660000000001446,"failureMessages":[],"meta":{}},{"ancestorTitles":["FollowController Business Logic Tests","Error Code Mapping"],"fullName":"FollowController Business Logic Tests Error Code Mapping should map SELF_FOLLOW_ERROR to 409 status code","status":"passed","title":"should map SELF_FOLLOW_ERROR to 409 status code","duration":0.3993000000000393,"failureMessages":[],"meta":{}},{"ancestorTitles":["FollowController Business Logic Tests","Error Code Mapping"],"fullName":"FollowController Business Logic Tests Error Code Mapping should map UNKNOWN_ERROR to 500 status code","status":"passed","title":"should map UNKNOWN_ERROR to 500 status code","duration":1.1206999999999994,"failureMessages":[],"meta":{}},{"ancestorTitles":["FollowController Business Logic Tests","Exception Handling"],"fullName":"FollowController Business Logic Tests Exception Handling should handle database connection errors gracefully","status":"passed","title":"should handle database connection errors gracefully","duration":0.7869000000000028,"failureMessages":[],"meta":{}},{"ancestorTitles":["FollowController Business Logic Tests","Exception Handling"],"fullName":"FollowController Business Logic Tests Exception Handling should handle service timeout errors","status":"passed","title":"should handle service timeout errors","duration":1.3772000000000162,"failureMessages":[],"meta":{}},{"ancestorTitles":["FollowController Business Logic Tests","Exception Handling"],"fullName":"FollowController Business Logic Tests Exception Handling should handle unknown exceptions with generic message","status":"passed","title":"should handle unknown exceptions with generic message","duration":1.0707000000000448,"failureMessages":[],"meta":{}}],"startTime":1751775258477,"endTime":1751775258509.0708,"status":"passed","message":"","name":"C:/Users/Et Al/Documents/GitHub/ParaSocial/backend/__tests__/controllers/FollowController.business.test.ts"},{"assertionResults":[{"ancestorTitles":["FollowController Unit Tests","followUser()"],"fullName":"FollowController Unit Tests followUser() should successfully follow user with authenticated request","status":"passed","title":"should successfully follow user with authenticated request","duration":3.9319000000000415,"failureMessages":[],"meta":{}},{"ancestorTitles":["FollowController Unit Tests","followUser()"],"fullName":"FollowController Unit Tests followUser() should successfully handle ActivityPub external follow","status":"passed","title":"should successfully handle ActivityPub external follow","duration":0.5965000000001055,"failureMessages":[],"meta":{}},{"ancestorTitles":["FollowController Unit Tests","followUser()"],"fullName":"FollowController Unit Tests followUser() should reject when username is missing","status":"passed","title":"should reject when username is missing","duration":1.0647000000000162,"failureMessages":[],"meta":{}},{"ancestorTitles":["FollowController Unit Tests","followUser()"],"fullName":"FollowController Unit Tests followUser() should reject when user to follow not found","status":"passed","title":"should reject when user to follow not found","duration":0.6231999999999971,"failureMessages":[],"meta":{}},{"ancestorTitles":["FollowController Unit Tests","followUser()"],"fullName":"FollowController Unit Tests followUser() should reject when no follower identity provided","status":"passed","title":"should reject when no follower identity provided","duration":0.5909000000000333,"failureMessages":[],"meta":{}},{"ancestorTitles":["FollowController Unit Tests","followUser()"],"fullName":"FollowController Unit Tests followUser() should handle service errors correctly","status":"passed","title":"should handle service errors correctly","duration":0.5987999999999829,"failureMessages":[],"meta":{}},{"ancestorTitles":["FollowController Unit Tests","followUser()"],"fullName":"FollowController Unit Tests followUser() should handle unexpected exceptions","status":"passed","title":"should handle unexpected exceptions","duration":0.5190000000000055,"failureMessages":[],"meta":{}},{"ancestorTitles":["FollowController Unit Tests","unfollowUser()"],"fullName":"FollowController Unit Tests unfollowUser() should successfully unfollow user","status":"passed","title":"should successfully unfollow user","duration":0.684099999999944,"failureMessages":[],"meta":{}},{"ancestorTitles":["FollowController Unit Tests","unfollowUser()"],"fullName":"FollowController Unit Tests unfollowUser() should reject when authentication is missing","status":"passed","title":"should reject when authentication is missing","duration":0.65949999999998,"failureMessages":[],"meta":{}},{"ancestorTitles":["FollowController Unit Tests","unfollowUser()"],"fullName":"FollowController Unit Tests unfollowUser() should handle service error for not following","status":"passed","title":"should handle service error for not following","duration":0.3886999999999716,"failureMessages":[],"meta":{}},{"ancestorTitles":["FollowController Unit Tests","getUserFollowers()"],"fullName":"FollowController Unit Tests getUserFollowers() should successfully get followers with default pagination","status":"passed","title":"should successfully get followers with default pagination","duration":0.6616999999999962,"failureMessages":[],"meta":{}},{"ancestorTitles":["FollowController Unit Tests","getUserFollowers()"],"fullName":"FollowController Unit Tests getUserFollowers() should handle custom pagination parameters","status":"passed","title":"should handle custom pagination parameters","duration":0.31920000000002346,"failureMessages":[],"meta":{}},{"ancestorTitles":["FollowController Unit Tests","getUserFollowers()"],"fullName":"FollowController Unit Tests getUserFollowers() should ignore invalid pagination parameters","status":"passed","title":"should ignore invalid pagination parameters","duration":0.2784000000000333,"failureMessages":[],"meta":{}},{"ancestorTitles":["FollowController Unit Tests","getUserFollowStats()"],"fullName":"FollowController Unit Tests getUserFollowStats() should successfully get follow statistics","status":"passed","title":"should successfully get follow statistics","duration":0.47280000000000655,"failureMessages":[],"meta":{}},{"ancestorTitles":["FollowController Unit Tests","checkFollowStatus()"],"fullName":"FollowController Unit Tests checkFollowStatus() should successfully check follow status when following","status":"passed","title":"should successfully check follow status when following","duration":0.5232999999999493,"failureMessages":[],"meta":{}},{"ancestorTitles":["FollowController Unit Tests","checkFollowStatus()"],"fullName":"FollowController Unit Tests checkFollowStatus() should handle missing target username","status":"passed","title":"should handle missing target username","duration":0.3184999999999718,"failureMessages":[],"meta":{}},{"ancestorTitles":["FollowController Unit Tests","checkFollowStatus()"],"fullName":"FollowController Unit Tests checkFollowStatus() should handle follower user not found","status":"passed","title":"should handle follower user not found","duration":0.32809999999994943,"failureMessages":[],"meta":{}},{"ancestorTitles":["FollowController Unit Tests","bulkCheckFollowing()"],"fullName":"FollowController Unit Tests bulkCheckFollowing() should successfully perform bulk follow check","status":"passed","title":"should successfully perform bulk follow check","duration":0.5715000000000146,"failureMessages":[],"meta":{}},{"ancestorTitles":["FollowController Unit Tests","bulkCheckFollowing()"],"fullName":"FollowController Unit Tests bulkCheckFollowing() should reject invalid usernames format","status":"passed","title":"should reject invalid usernames format","duration":0.3240000000000691,"failureMessages":[],"meta":{}},{"ancestorTitles":["FollowController Unit Tests","getRecentFollowers()"],"fullName":"FollowController Unit Tests getRecentFollowers() should successfully get recent followers for own account","status":"passed","title":"should successfully get recent followers for own account","duration":0.5581999999999425,"failureMessages":[],"meta":{}},{"ancestorTitles":["FollowController Unit Tests","getRecentFollowers()"],"fullName":"FollowController Unit Tests getRecentFollowers() should handle custom limit parameter","status":"passed","title":"should handle custom limit parameter","duration":0.3063999999999396,"failureMessages":[],"meta":{}},{"ancestorTitles":["FollowController Unit Tests","getRecentFollowers()"],"fullName":"FollowController Unit Tests getRecentFollowers() should reject when trying to view others recent followers","status":"passed","title":"should reject when trying to view others recent followers","duration":0.3328000000000202,"failureMessages":[],"meta":{}},{"ancestorTitles":["FollowController Unit Tests","getRecentFollowers()"],"fullName":"FollowController Unit Tests getRecentFollowers() should reject when not authenticated","status":"passed","title":"should reject when not authenticated","duration":0.3121999999999616,"failureMessages":[],"meta":{}},{"ancestorTitles":["FollowController Unit Tests","Error Code Mapping"],"fullName":"FollowController Unit Tests Error Code Mapping should map validation errors to 400 status","status":"passed","title":"should map validation errors to 400 status","duration":0.2921999999999798,"failureMessages":[],"meta":{}},{"ancestorTitles":["FollowController Unit Tests","Error Code Mapping"],"fullName":"FollowController Unit Tests Error Code Mapping should map authentication errors to 401 status","status":"passed","title":"should map authentication errors to 401 status","duration":1.0375000000000227,"failureMessages":[],"meta":{}},{"ancestorTitles":["FollowController Unit Tests","Error Code Mapping"],"fullName":"FollowController Unit Tests Error Code Mapping should map forbidden errors to 403 status","status":"passed","title":"should map forbidden errors to 403 status","duration":0.288599999999974,"failureMessages":[],"meta":{}},{"ancestorTitles":["FollowController Unit Tests","Error Code Mapping"],"fullName":"FollowController Unit Tests Error Code Mapping should map not found errors to 404 status","status":"passed","title":"should map not found errors to 404 status","duration":0.3261999999999716,"failureMessages":[],"meta":{}},{"ancestorTitles":["FollowController Unit Tests","Error Code Mapping"],"fullName":"FollowController Unit Tests Error Code Mapping should map business rule conflicts to 409 status","status":"passed","title":"should map business rule conflicts to 409 status","duration":0.5305000000000746,"failureMessages":[],"meta":{}},{"ancestorTitles":["FollowController Unit Tests","Error Code Mapping"],"fullName":"FollowController Unit Tests Error Code Mapping should map unknown errors to 500 status","status":"passed","title":"should map unknown errors to 500 status","duration":0.449799999999982,"failureMessages":[],"meta":{}}],"startTime":1751775257953,"endTime":1751775257973.4497,"status":"passed","message":"","name":"C:/Users/Et Al/Documents/GitHub/ParaSocial/backend/__tests__/controllers/FollowController.test.ts"},{"assertionResults":[{"ancestorTitles":["PostController","createPost","Successful Post Creation"],"fullName":"PostController createPost Successful Post Creation should create a new post successfully","status":"passed","title":"should create a new post successfully","duration":4.3437000000000126,"failureMessages":[],"meta":{}},{"ancestorTitles":["PostController","createPost","Successful Post Creation"],"fullName":"PostController createPost Successful Post Creation should create scheduled post successfully","status":"passed","title":"should create scheduled post successfully","duration":1.4096999999999866,"failureMessages":[],"meta":{}},{"ancestorTitles":["PostController","createPost","Successful Post Creation"],"fullName":"PostController createPost Successful Post Creation should handle content warning properly","status":"passed","title":"should handle content warning properly","duration":1.5902000000000385,"failureMessages":[],"meta":{}},{"ancestorTitles":["PostController","createPost","Input Validation"],"fullName":"PostController createPost Input Validation should reject posts with empty content","status":"passed","title":"should reject posts with empty content","duration":0.7706999999999766,"failureMessages":[],"meta":{}},{"ancestorTitles":["PostController","createPost","Input Validation"],"fullName":"PostController createPost Input Validation should reject posts with only whitespace content","status":"passed","title":"should reject posts with only whitespace content","duration":0.9050000000000296,"failureMessages":[],"meta":{}},{"ancestorTitles":["PostController","createPost","Input Validation"],"fullName":"PostController createPost Input Validation should reject posts exceeding character limit","status":"passed","title":"should reject posts exceeding character limit","duration":0.4963999999999942,"failureMessages":[],"meta":{}},{"ancestorTitles":["PostController","createPost","Input Validation"],"fullName":"PostController createPost Input Validation should reject scheduled posts without scheduledFor date","status":"passed","title":"should reject scheduled posts without scheduledFor date","duration":0.43509999999997717,"failureMessages":[],"meta":{}},{"ancestorTitles":["PostController","createPost","Input Validation"],"fullName":"PostController createPost Input Validation should reject scheduled posts with past dates","status":"passed","title":"should reject scheduled posts with past dates","duration":0.5052000000000021,"failureMessages":[],"meta":{}},{"ancestorTitles":["PostController","createPost","Server Errors"],"fullName":"PostController createPost Server Errors should handle database errors gracefully","status":"passed","title":"should handle database errors gracefully","duration":0.7328999999999724,"failureMessages":[],"meta":{}},{"ancestorTitles":["PostController","getPosts","Successful Post Retrieval"],"fullName":"PostController getPosts Successful Post Retrieval should return public posts with pagination","status":"passed","title":"should return public posts with pagination","duration":0.6958999999999946,"failureMessages":[],"meta":{}},{"ancestorTitles":["PostController","getPosts","Successful Post Retrieval"],"fullName":"PostController getPosts Successful Post Retrieval should filter out current user own posts when authenticated","status":"passed","title":"should filter out current user own posts when authenticated","duration":0.6426999999999907,"failureMessages":[],"meta":{}},{"ancestorTitles":["PostController","getPosts","Successful Post Retrieval"],"fullName":"PostController getPosts Successful Post Retrieval should handle pagination parameters correctly","status":"passed","title":"should handle pagination parameters correctly","duration":0.5045000000000073,"failureMessages":[],"meta":{}},{"ancestorTitles":["PostController","getPosts","Successful Post Retrieval"],"fullName":"PostController getPosts Successful Post Retrieval should handle invalid pagination parameters","status":"passed","title":"should handle invalid pagination parameters","duration":0.37079999999997426,"failureMessages":[],"meta":{}},{"ancestorTitles":["PostController","getPosts","Server Errors"],"fullName":"PostController getPosts Server Errors should handle database errors gracefully","status":"passed","title":"should handle database errors gracefully","duration":0.425200000000018,"failureMessages":[],"meta":{}},{"ancestorTitles":["PostController","getPostById","Successful Post Retrieval"],"fullName":"PostController getPostById Successful Post Retrieval should return post when found and published","status":"passed","title":"should return post when found and published","duration":0.5206000000000017,"failureMessages":[],"meta":{}},{"ancestorTitles":["PostController","getPostById","Successful Post Retrieval"],"fullName":"PostController getPostById Successful Post Retrieval should return unpublished post when author is viewing","status":"passed","title":"should return unpublished post when author is viewing","duration":0.43909999999999627,"failureMessages":[],"meta":{}},{"ancestorTitles":["PostController","getPostById","Access Control"],"fullName":"PostController getPostById Access Control should return 404 for unpublished post when not the author","status":"passed","title":"should return 404 for unpublished post when not the author","duration":0.4134999999999991,"failureMessages":[],"meta":{}},{"ancestorTitles":["PostController","getPostById","Access Control"],"fullName":"PostController getPostById Access Control should return 404 when post does not exist","status":"passed","title":"should return 404 when post does not exist","duration":0.3865999999999872,"failureMessages":[],"meta":{}},{"ancestorTitles":["PostController","getPostById","Input Validation"],"fullName":"PostController getPostById Input Validation should return 400 when post ID is missing","status":"passed","title":"should return 400 when post ID is missing","duration":0.4177999999999997,"failureMessages":[],"meta":{}},{"ancestorTitles":["PostController","deletePost","Successful Post Deletion"],"fullName":"PostController deletePost Successful Post Deletion should delete own post successfully","status":"passed","title":"should delete own post successfully","duration":1.1757000000000062,"failureMessages":[],"meta":{}},{"ancestorTitles":["PostController","deletePost","Access Control"],"fullName":"PostController deletePost Access Control should return 403 when trying to delete another user post","status":"passed","title":"should return 403 when trying to delete another user post","duration":0.4475999999999658,"failureMessages":[],"meta":{}},{"ancestorTitles":["PostController","deletePost","Access Control"],"fullName":"PostController deletePost Access Control should return 404 when post does not exist","status":"passed","title":"should return 404 when post does not exist","duration":0.38900000000001,"failureMessages":[],"meta":{}},{"ancestorTitles":["PostController","getUserPosts","Successful User Posts Retrieval"],"fullName":"PostController getUserPosts Successful User Posts Retrieval should return user posts with pagination","status":"passed","title":"should return user posts with pagination","duration":0.6808000000000334,"failureMessages":[],"meta":{}},{"ancestorTitles":["PostController","getUserPosts","Successful User Posts Retrieval"],"fullName":"PostController getUserPosts Successful User Posts Retrieval should return 404 when user does not exist","status":"passed","title":"should return 404 when user does not exist","duration":0.5143999999999664,"failureMessages":[],"meta":{}}],"startTime":1751775261610,"endTime":1751775261632.5144,"status":"passed","message":"","name":"C:/Users/Et Al/Documents/GitHub/ParaSocial/backend/__tests__/controllers/PostController.test.ts"},{"assertionResults":[],"startTime":1751775257064,"endTime":1751775257064,"status":"passed","message":"","name":"C:/Users/Et Al/Documents/GitHub/ParaSocial/backend/__tests__/integration/Follow.integration.test.ts"},{"assertionResults":[],"startTime":1751775257064,"endTime":1751775257064,"status":"passed","message":"","name":"C:/Users/Et Al/Documents/GitHub/ParaSocial/backend/__tests__/integration/PostUser.integration.test.ts"},{"assertionResults":[{"ancestorTitles":["Authentication Middleware","createAuthMiddleware (Required Authentication)","Valid Authentication"],"fullName":"Authentication Middleware createAuthMiddleware (Required Authentication) Valid Authentication should successfully authenticate with valid token","status":"passed","title":"should successfully authenticate with valid token","duration":6.588899999999967,"failureMessages":[],"meta":{}},{"ancestorTitles":["Authentication Middleware","createAuthMiddleware (Required Authentication)","Valid Authentication"],"fullName":"Authentication Middleware createAuthMiddleware (Required Authentication) Valid Authentication should handle different token formats correctly","status":"passed","title":"should handle different token formats correctly","duration":1.838200000000029,"failureMessages":[],"meta":{}},{"ancestorTitles":["Authentication Middleware","createAuthMiddleware (Required Authentication)","Valid Authentication"],"fullName":"Authentication Middleware createAuthMiddleware (Required Authentication) Valid Authentication should handle user with numeric ID","status":"passed","title":"should handle user with numeric ID","duration":0.981899999999996,"failureMessages":[],"meta":{}},{"ancestorTitles":["Authentication Middleware","createAuthMiddleware (Required Authentication)","Valid Authentication"],"fullName":"Authentication Middleware createAuthMiddleware (Required Authentication) Valid Authentication should handle case-sensitive headers","status":"passed","title":"should handle case-sensitive headers","duration":0.7444999999999595,"failureMessages":[],"meta":{}},{"ancestorTitles":["Authentication Middleware","createAuthMiddleware (Required Authentication)","Missing Authentication"],"fullName":"Authentication Middleware createAuthMiddleware (Required Authentication) Missing Authentication should return 401 when no authorization header is provided","status":"passed","title":"should return 401 when no authorization header is provided","duration":1.7305999999999813,"failureMessages":[],"meta":{}},{"ancestorTitles":["Authentication Middleware","createAuthMiddleware (Required Authentication)","Missing Authentication"],"fullName":"Authentication Middleware createAuthMiddleware (Required Authentication) Missing Authentication should return 401 when authorization header is empty","status":"passed","title":"should return 401 when authorization header is empty","duration":0.910000000000025,"failureMessages":[],"meta":{}},{"ancestorTitles":["Authentication Middleware","createAuthMiddleware (Required Authentication)","Missing Authentication"],"fullName":"Authentication Middleware createAuthMiddleware (Required Authentication) Missing Authentication should return 401 when authorization header has wrong format","status":"passed","title":"should return 401 when authorization header has wrong format","duration":0.8677000000000135,"failureMessages":[],"meta":{}},{"ancestorTitles":["Authentication Middleware","createAuthMiddleware (Required Authentication)","Missing Authentication"],"fullName":"Authentication Middleware createAuthMiddleware (Required Authentication) Missing Authentication should return 401 when Bearer token is missing","status":"passed","title":"should return 401 when Bearer token is missing","duration":0.5840999999999781,"failureMessages":[],"meta":{}},{"ancestorTitles":["Authentication Middleware","createAuthMiddleware (Required Authentication)","Invalid Authentication"],"fullName":"Authentication Middleware createAuthMiddleware (Required Authentication) Invalid Authentication should return 401 for invalid token","status":"passed","title":"should return 401 for invalid token","duration":1.1648000000000138,"failureMessages":[],"meta":{}},{"ancestorTitles":["Authentication Middleware","createAuthMiddleware (Required Authentication)","Invalid Authentication"],"fullName":"Authentication Middleware createAuthMiddleware (Required Authentication) Invalid Authentication should return 401 for expired token","status":"passed","title":"should return 401 for expired token","duration":0.582300000000032,"failureMessages":[],"meta":{}},{"ancestorTitles":["Authentication Middleware","createAuthMiddleware (Required Authentication)","Invalid Authentication"],"fullName":"Authentication Middleware createAuthMiddleware (Required Authentication) Invalid Authentication should return 401 for malformed token","status":"passed","title":"should return 401 for malformed token","duration":0.4460000000000264,"failureMessages":[],"meta":{}},{"ancestorTitles":["Authentication Middleware","createAuthMiddleware (Required Authentication)","Invalid Authentication"],"fullName":"Authentication Middleware createAuthMiddleware (Required Authentication) Invalid Authentication should handle generic authentication errors","status":"passed","title":"should handle generic authentication errors","duration":0.42079999999998563,"failureMessages":[],"meta":{}},{"ancestorTitles":["Authentication Middleware","createAuthMiddleware (Required Authentication)","Invalid Authentication"],"fullName":"Authentication Middleware createAuthMiddleware (Required Authentication) Invalid Authentication should handle non-Error exceptions","status":"passed","title":"should handle non-Error exceptions","duration":1.0375999999999976,"failureMessages":[],"meta":{}},{"ancestorTitles":["Authentication Middleware","createAuthMiddleware (Required Authentication)","Error Handling Edge Cases"],"fullName":"Authentication Middleware createAuthMiddleware (Required Authentication) Error Handling Edge Cases should handle extractTokenFromHeader throwing an error","status":"passed","title":"should handle extractTokenFromHeader throwing an error","duration":0.7801999999999794,"failureMessages":[],"meta":{}},{"ancestorTitles":["Authentication Middleware","createAuthMiddleware (Required Authentication)","Error Handling Edge Cases"],"fullName":"Authentication Middleware createAuthMiddleware (Required Authentication) Error Handling Edge Cases should handle verifyToken returning null or undefined","status":"passed","title":"should handle verifyToken returning null or undefined","duration":0.8562000000000012,"failureMessages":[],"meta":{}},{"ancestorTitles":["Authentication Middleware","createOptionalAuthMiddleware (Optional Authentication)","Valid Authentication"],"fullName":"Authentication Middleware createOptionalAuthMiddleware (Optional Authentication) Valid Authentication should authenticate when valid token is provided","status":"passed","title":"should authenticate when valid token is provided","duration":0.8788999999999874,"failureMessages":[],"meta":{}},{"ancestorTitles":["Authentication Middleware","createOptionalAuthMiddleware (Optional Authentication)","Valid Authentication"],"fullName":"Authentication Middleware createOptionalAuthMiddleware (Optional Authentication) Valid Authentication should handle valid authentication same as required middleware","status":"passed","title":"should handle valid authentication same as required middleware","duration":1.0996999999999844,"failureMessages":[],"meta":{}},{"ancestorTitles":["Authentication Middleware","createOptionalAuthMiddleware (Optional Authentication)","Missing Authentication"],"fullName":"Authentication Middleware createOptionalAuthMiddleware (Optional Authentication) Missing Authentication should continue without user when no token is provided","status":"passed","title":"should continue without user when no token is provided","duration":0.7322000000000344,"failureMessages":[],"meta":{}},{"ancestorTitles":["Authentication Middleware","createOptionalAuthMiddleware (Optional Authentication)","Missing Authentication"],"fullName":"Authentication Middleware createOptionalAuthMiddleware (Optional Authentication) Missing Authentication should continue without user when authorization header is empty","status":"passed","title":"should continue without user when authorization header is empty","duration":0.523900000000026,"failureMessages":[],"meta":{}},{"ancestorTitles":["Authentication Middleware","createOptionalAuthMiddleware (Optional Authentication)","Missing Authentication"],"fullName":"Authentication Middleware createOptionalAuthMiddleware (Optional Authentication) Missing Authentication should continue without user when Bearer format is wrong","status":"passed","title":"should continue without user when Bearer format is wrong","duration":0.49569999999999936,"failureMessages":[],"meta":{}},{"ancestorTitles":["Authentication Middleware","createOptionalAuthMiddleware (Optional Authentication)","Invalid Authentication"],"fullName":"Authentication Middleware createOptionalAuthMiddleware (Optional Authentication) Invalid Authentication should continue without user when token is invalid","status":"passed","title":"should continue without user when token is invalid","duration":0.6770000000000209,"failureMessages":[],"meta":{}},{"ancestorTitles":["Authentication Middleware","createOptionalAuthMiddleware (Optional Authentication)","Invalid Authentication"],"fullName":"Authentication Middleware createOptionalAuthMiddleware (Optional Authentication) Invalid Authentication should continue without user when token is expired","status":"passed","title":"should continue without user when token is expired","duration":0.5555999999999699,"failureMessages":[],"meta":{}},{"ancestorTitles":["Authentication Middleware","createOptionalAuthMiddleware (Optional Authentication)","Invalid Authentication"],"fullName":"Authentication Middleware createOptionalAuthMiddleware (Optional Authentication) Invalid Authentication should continue without user for any token verification error","status":"passed","title":"should continue without user for any token verification error","duration":0.5523000000000025,"failureMessages":[],"meta":{}},{"ancestorTitles":["Authentication Middleware","createOptionalAuthMiddleware (Optional Authentication)","Invalid Authentication"],"fullName":"Authentication Middleware createOptionalAuthMiddleware (Optional Authentication) Invalid Authentication should handle extractTokenFromHeader errors gracefully","status":"passed","title":"should handle extractTokenFromHeader errors gracefully","duration":1.2158999999999764,"failureMessages":[],"meta":{}},{"ancestorTitles":["Authentication Middleware","Middleware Factory Functions"],"fullName":"Authentication Middleware Middleware Factory Functions should create middleware function from createAuthMiddleware","status":"passed","title":"should create middleware function from createAuthMiddleware","duration":0.5823999999999501,"failureMessages":[],"meta":{}},{"ancestorTitles":["Authentication Middleware","Middleware Factory Functions"],"fullName":"Authentication Middleware Middleware Factory Functions should create middleware function from createOptionalAuthMiddleware","status":"passed","title":"should create middleware function from createOptionalAuthMiddleware","duration":0.4696999999999889,"failureMessages":[],"meta":{}},{"ancestorTitles":["Authentication Middleware","Middleware Factory Functions"],"fullName":"Authentication Middleware Middleware Factory Functions should create independent middleware instances","status":"passed","title":"should create independent middleware instances","duration":0.6497999999999706,"failureMessages":[],"meta":{}},{"ancestorTitles":["Authentication Middleware","Middleware Factory Functions"],"fullName":"Authentication Middleware Middleware Factory Functions should handle different AuthService instances","status":"passed","title":"should handle different AuthService instances","duration":0.49289999999996326,"failureMessages":[],"meta":{}},{"ancestorTitles":["Authentication Middleware","Integration Scenarios"],"fullName":"Authentication Middleware Integration Scenarios should work in sequence with multiple middleware","status":"passed","title":"should work in sequence with multiple middleware","duration":0.6399999999999864,"failureMessages":[],"meta":{}},{"ancestorTitles":["Authentication Middleware","Integration Scenarios"],"fullName":"Authentication Middleware Integration Scenarios should preserve existing request properties","status":"passed","title":"should preserve existing request properties","duration":0.6072999999999524,"failureMessages":[],"meta":{}},{"ancestorTitles":["Authentication Middleware","Integration Scenarios"],"fullName":"Authentication Middleware Integration Scenarios should handle concurrent requests independently","status":"passed","title":"should handle concurrent requests independently","duration":1.4948999999999728,"failureMessages":[],"meta":{}}],"startTime":1751775258518,"endTime":1751775258555.4949,"status":"passed","message":"","name":"C:/Users/Et Al/Documents/GitHub/ParaSocial/backend/__tests__/middleware/authMiddleware.test.ts"},{"assertionResults":[{"ancestorTitles":["Follow Validation Middleware","validateFollowRequest","Valid Follow Requests"],"fullName":"Follow Validation Middleware validateFollowRequest Valid Follow Requests should pass validation with valid username and no actorId","status":"passed","title":"should pass validation with valid username and no actorId","duration":4.02780000000007,"failureMessages":[],"meta":{}},{"ancestorTitles":["Follow Validation Middleware","validateFollowRequest","Valid Follow Requests"],"fullName":"Follow Validation Middleware validateFollowRequest Valid Follow Requests should pass validation with valid ActivityPub actor ID","status":"passed","title":"should pass validation with valid ActivityPub actor ID","duration":1.5534000000000106,"failureMessages":[],"meta":{}},{"ancestorTitles":["Follow Validation Middleware","validateFollowRequest","Valid Follow Requests"],"fullName":"Follow Validation Middleware validateFollowRequest Valid Follow Requests should pass validation with various valid usernames","status":"passed","title":"should pass validation with various valid usernames","duration":1.0247000000000526,"failureMessages":[],"meta":{}},{"ancestorTitles":["Follow Validation Middleware","validateFollowRequest","Valid Follow Requests"],"fullName":"Follow Validation Middleware validateFollowRequest Valid Follow Requests should pass validation with various valid ActivityPub URLs","status":"passed","title":"should pass validation with various valid ActivityPub URLs","duration":1.467999999999961,"failureMessages":[],"meta":{}},{"ancestorTitles":["Follow Validation Middleware","validateFollowRequest","Valid Follow Requests"],"fullName":"Follow Validation Middleware validateFollowRequest Valid Follow Requests should pass validation with null actorId","status":"passed","title":"should pass validation with null actorId","duration":0.415300000000002,"failureMessages":[],"meta":{}},{"ancestorTitles":["Follow Validation Middleware","validateFollowRequest","Invalid Follow Requests"],"fullName":"Follow Validation Middleware validateFollowRequest Invalid Follow Requests should reject invalid username","status":"passed","title":"should reject invalid username","duration":5.545800000000099,"failureMessages":[],"meta":{}},{"ancestorTitles":["Follow Validation Middleware","validateFollowRequest","Invalid Follow Requests"],"fullName":"Follow Validation Middleware validateFollowRequest Invalid Follow Requests should reject invalid ActivityPub actor URLs","status":"passed","title":"should reject invalid ActivityPub actor URLs","duration":2.7468000000000075,"failureMessages":[],"meta":{}},{"ancestorTitles":["Follow Validation Middleware","validateUnfollowRequest","Valid Unfollow Requests"],"fullName":"Follow Validation Middleware validateUnfollowRequest Valid Unfollow Requests should pass validation with valid username","status":"passed","title":"should pass validation with valid username","duration":0.3929000000000542,"failureMessages":[],"meta":{}},{"ancestorTitles":["Follow Validation Middleware","validateUnfollowRequest","Valid Unfollow Requests"],"fullName":"Follow Validation Middleware validateUnfollowRequest Valid Unfollow Requests should pass validation with various valid usernames","status":"passed","title":"should pass validation with various valid usernames","duration":0.533800000000042,"failureMessages":[],"meta":{}},{"ancestorTitles":["Follow Validation Middleware","validateUnfollowRequest","Invalid Unfollow Requests"],"fullName":"Follow Validation Middleware validateUnfollowRequest Invalid Unfollow Requests should reject invalid usernames","status":"passed","title":"should reject invalid usernames","duration":2.4640999999999167,"failureMessages":[],"meta":{}},{"ancestorTitles":["Follow Validation Middleware","validateFollowerQuery","Valid Follower Queries"],"fullName":"Follow Validation Middleware validateFollowerQuery Valid Follower Queries should pass validation with default parameters","status":"passed","title":"should pass validation with default parameters","duration":1.4782000000000153,"failureMessages":[],"meta":{}},{"ancestorTitles":["Follow Validation Middleware","validateFollowerQuery","Valid Follower Queries"],"fullName":"Follow Validation Middleware validateFollowerQuery Valid Follower Queries should pass validation with valid pagination parameters","status":"passed","title":"should pass validation with valid pagination parameters","duration":0.7259999999999991,"failureMessages":[],"meta":{}},{"ancestorTitles":["Follow Validation Middleware","validateFollowerQuery","Valid Follower Queries"],"fullName":"Follow Validation Middleware validateFollowerQuery Valid Follower Queries should pass validation with includeInactive flag","status":"passed","title":"should pass validation with includeInactive flag","duration":0.630800000000022,"failureMessages":[],"meta":{}},{"ancestorTitles":["Follow Validation Middleware","validateFollowerQuery","Valid Follower Queries"],"fullName":"Follow Validation Middleware validateFollowerQuery Valid Follower Queries should handle includeInactive false correctly","status":"passed","title":"should handle includeInactive false correctly","duration":0.5552000000000135,"failureMessages":[],"meta":{}},{"ancestorTitles":["Follow Validation Middleware","validateFollowerQuery","Invalid Follower Queries"],"fullName":"Follow Validation Middleware validateFollowerQuery Invalid Follower Queries should reject invalid username in params","status":"passed","title":"should reject invalid username in params","duration":0.6336000000000013,"failureMessages":[],"meta":{}},{"ancestorTitles":["Follow Validation Middleware","validateFollowerQuery","Invalid Follower Queries"],"fullName":"Follow Validation Middleware validateFollowerQuery Invalid Follower Queries should reject page number that is too high","status":"passed","title":"should reject page number that is too high","duration":1.1136000000000195,"failureMessages":[],"meta":{}},{"ancestorTitles":["Follow Validation Middleware","validateFollowerQuery","Invalid Follower Queries"],"fullName":"Follow Validation Middleware validateFollowerQuery Invalid Follower Queries should reject limit that is too high","status":"passed","title":"should reject limit that is too high","duration":1.0104000000000042,"failureMessages":[],"meta":{}},{"ancestorTitles":["Follow Validation Middleware","validateFollowerQuery","Invalid Follower Queries"],"fullName":"Follow Validation Middleware validateFollowerQuery Invalid Follower Queries should reject zero or negative page numbers","status":"passed","title":"should reject zero or negative page numbers","duration":1.0430999999999813,"failureMessages":[],"meta":{}},{"ancestorTitles":["Follow Validation Middleware","validateWebFingerQuery","Valid WebFinger Queries"],"fullName":"Follow Validation Middleware validateWebFingerQuery Valid WebFinger Queries should pass validation with acct: format","status":"passed","title":"should pass validation with acct: format","duration":0.6159000000000106,"failureMessages":[],"meta":{}},{"ancestorTitles":["Follow Validation Middleware","validateWebFingerQuery","Valid WebFinger Queries"],"fullName":"Follow Validation Middleware validateWebFingerQuery Valid WebFinger Queries should pass validation with HTTPS URL format","status":"passed","title":"should pass validation with HTTPS URL format","duration":0.6177999999999884,"failureMessages":[],"meta":{}},{"ancestorTitles":["Follow Validation Middleware","validateWebFingerQuery","Valid WebFinger Queries"],"fullName":"Follow Validation Middleware validateWebFingerQuery Valid WebFinger Queries should pass validation with various acct: formats","status":"passed","title":"should pass validation with various acct: formats","duration":0.841199999999958,"failureMessages":[],"meta":{}},{"ancestorTitles":["Follow Validation Middleware","validateWebFingerQuery","Valid WebFinger Queries"],"fullName":"Follow Validation Middleware validateWebFingerQuery Valid WebFinger Queries should pass validation with various HTTPS URL formats","status":"passed","title":"should pass validation with various HTTPS URL formats","duration":0.7175000000000864,"failureMessages":[],"meta":{}},{"ancestorTitles":["Follow Validation Middleware","validateWebFingerQuery","Invalid WebFinger Queries"],"fullName":"Follow Validation Middleware validateWebFingerQuery Invalid WebFinger Queries should reject invalid resource formats","status":"passed","title":"should reject invalid resource formats","duration":4.030599999999936,"failureMessages":[],"meta":{}},{"ancestorTitles":["Follow Validation Middleware","validateWebFingerQuery","Invalid WebFinger Queries"],"fullName":"Follow Validation Middleware validateWebFingerQuery Invalid WebFinger Queries should reject missing resource parameter","status":"passed","title":"should reject missing resource parameter","duration":0.9286999999999352,"failureMessages":[],"meta":{}},{"ancestorTitles":["Follow Validation Middleware","validateActivityPubInbox","Valid ActivityPub Inbox Requests"],"fullName":"Follow Validation Middleware validateActivityPubInbox Valid ActivityPub Inbox Requests should pass validation with valid ActivityPub request","status":"passed","title":"should pass validation with valid ActivityPub request","duration":0.8167999999999438,"failureMessages":[],"meta":{}},{"ancestorTitles":["Follow Validation Middleware","validateActivityPubInbox","Valid ActivityPub Inbox Requests"],"fullName":"Follow Validation Middleware validateActivityPubInbox Valid ActivityPub Inbox Requests should pass validation with extended ActivityPub content type","status":"passed","title":"should pass validation with extended ActivityPub content type","duration":0.776299999999992,"failureMessages":[],"meta":{}},{"ancestorTitles":["Follow Validation Middleware","validateActivityPubInbox","Valid ActivityPub Inbox Requests"],"fullName":"Follow Validation Middleware validateActivityPubInbox Valid ActivityPub Inbox Requests should pass validation with all required ActivityPub fields","status":"passed","title":"should pass validation with all required ActivityPub fields","duration":1.0979000000000951,"failureMessages":[],"meta":{}},{"ancestorTitles":["Follow Validation Middleware","validateActivityPubInbox","Invalid ActivityPub Inbox Requests"],"fullName":"Follow Validation Middleware validateActivityPubInbox Invalid ActivityPub Inbox Requests should reject non-ActivityPub content type","status":"passed","title":"should reject non-ActivityPub content type","duration":0.953899999999976,"failureMessages":[],"meta":{}},{"ancestorTitles":["Follow Validation Middleware","validateActivityPubInbox","Invalid ActivityPub Inbox Requests"],"fullName":"Follow Validation Middleware validateActivityPubInbox Invalid ActivityPub Inbox Requests should reject missing content type","status":"passed","title":"should reject missing content type","duration":0.5464000000000624,"failureMessages":[],"meta":{}},{"ancestorTitles":["Follow Validation Middleware","validateActivityPubInbox","Invalid ActivityPub Inbox Requests"],"fullName":"Follow Validation Middleware validateActivityPubInbox Invalid ActivityPub Inbox Requests should reject invalid username","status":"passed","title":"should reject invalid username","duration":0.4499999999999318,"failureMessages":[],"meta":{}},{"ancestorTitles":["Follow Validation Middleware","validateActivityPubInbox","Invalid ActivityPub Inbox Requests"],"fullName":"Follow Validation Middleware validateActivityPubInbox Invalid ActivityPub Inbox Requests should reject non-object request body","status":"passed","title":"should reject non-object request body","duration":3.878400000000056,"failureMessages":[],"meta":{}},{"ancestorTitles":["Follow Validation Middleware","validateActivityPubInbox","Invalid ActivityPub Inbox Requests"],"fullName":"Follow Validation Middleware validateActivityPubInbox Invalid ActivityPub Inbox Requests should reject ActivityPub activities missing required fields","status":"passed","title":"should reject ActivityPub activities missing required fields","duration":2.0120000000000573,"failureMessages":[],"meta":{}},{"ancestorTitles":["Follow Validation Middleware","Error Handling"],"fullName":"Follow Validation Middleware Error Handling should handle validation errors properly","status":"passed","title":"should handle validation errors properly","duration":0.782100000000014,"failureMessages":[],"meta":{}}],"startTime":1751775257984,"endTime":1751775258037.782,"status":"passed","message":"","name":"C:/Users/Et Al/Documents/GitHub/ParaSocial/backend/__tests__/middleware/followValidationMiddleware.test.ts"},{"assertionResults":[{"ancestorTitles":["Media & Moderation Validation Middleware","validateMediaUpload","Valid Media Uploads"],"fullName":"Media & Moderation Validation Middleware validateMediaUpload Valid Media Uploads should pass validation with valid image file","status":"passed","title":"should pass validation with valid image file","duration":5.709099999999921,"failureMessages":[],"meta":{}},{"ancestorTitles":["Media & Moderation Validation Middleware","validateMediaUpload","Valid Media Uploads"],"fullName":"Media & Moderation Validation Middleware validateMediaUpload Valid Media Uploads should pass validation with all supported image types","status":"passed","title":"should pass validation with all supported image types","duration":0.9912999999999101,"failureMessages":[],"meta":{}},{"ancestorTitles":["Media & Moderation Validation Middleware","validateMediaUpload","Valid Media Uploads"],"fullName":"Media & Moderation Validation Middleware validateMediaUpload Valid Media Uploads should pass validation with supported video types","status":"passed","title":"should pass validation with supported video types","duration":0.8563000000000329,"failureMessages":[],"meta":{}},{"ancestorTitles":["Media & Moderation Validation Middleware","validateMediaUpload","Valid Media Uploads"],"fullName":"Media & Moderation Validation Middleware validateMediaUpload Valid Media Uploads should pass validation without alt text","status":"passed","title":"should pass validation without alt text","duration":0.95799999999997,"failureMessages":[],"meta":{}},{"ancestorTitles":["Media & Moderation Validation Middleware","validateMediaUpload","Valid Media Uploads"],"fullName":"Media & Moderation Validation Middleware validateMediaUpload Valid Media Uploads should pass validation with empty alt text","status":"passed","title":"should pass validation with empty alt text","duration":0.9307999999999765,"failureMessages":[],"meta":{}},{"ancestorTitles":["Media & Moderation Validation Middleware","validateMediaUpload","Invalid Media Uploads"],"fullName":"Media & Moderation Validation Middleware validateMediaUpload Invalid Media Uploads should reject upload without file","status":"passed","title":"should reject upload without file","duration":3.032699999999977,"failureMessages":[],"meta":{}},{"ancestorTitles":["Media & Moderation Validation Middleware","validateMediaUpload","Invalid Media Uploads"],"fullName":"Media & Moderation Validation Middleware validateMediaUpload Invalid Media Uploads should reject unsupported file types","status":"passed","title":"should reject unsupported file types","duration":4.6778000000000475,"failureMessages":[],"meta":{}},{"ancestorTitles":["Media & Moderation Validation Middleware","validateMediaUpload","Invalid Media Uploads"],"fullName":"Media & Moderation Validation Middleware validateMediaUpload Invalid Media Uploads should reject files that are too large","status":"passed","title":"should reject files that are too large","duration":0.5202000000000453,"failureMessages":[],"meta":{}},{"ancestorTitles":["Media & Moderation Validation Middleware","validateMediaUpload","Invalid Media Uploads"],"fullName":"Media & Moderation Validation Middleware validateMediaUpload Invalid Media Uploads should reject empty files","status":"passed","title":"should reject empty files","duration":0.6080000000000609,"failureMessages":[],"meta":{}},{"ancestorTitles":["Media & Moderation Validation Middleware","validateMediaUpload","Invalid Media Uploads"],"fullName":"Media & Moderation Validation Middleware validateMediaUpload Invalid Media Uploads should reject alt text that is too long","status":"passed","title":"should reject alt text that is too long","duration":1.4525999999999613,"failureMessages":[],"meta":{}},{"ancestorTitles":["Media & Moderation Validation Middleware","validateCreateReport","Valid Report Creation"],"fullName":"Media & Moderation Validation Middleware validateCreateReport Valid Report Creation should pass validation for user report","status":"passed","title":"should pass validation for user report","duration":0.9898000000000593,"failureMessages":[],"meta":{}},{"ancestorTitles":["Media & Moderation Validation Middleware","validateCreateReport","Valid Report Creation"],"fullName":"Media & Moderation Validation Middleware validateCreateReport Valid Report Creation should pass validation for post report","status":"passed","title":"should pass validation for post report","duration":0.32129999999995107,"failureMessages":[],"meta":{}},{"ancestorTitles":["Media & Moderation Validation Middleware","validateCreateReport","Valid Report Creation"],"fullName":"Media & Moderation Validation Middleware validateCreateReport Valid Report Creation should pass validation for all report types","status":"passed","title":"should pass validation for all report types","duration":1.175799999999981,"failureMessages":[],"meta":{}},{"ancestorTitles":["Media & Moderation Validation Middleware","validateCreateReport","Valid Report Creation"],"fullName":"Media & Moderation Validation Middleware validateCreateReport Valid Report Creation should pass validation with maximum length description","status":"passed","title":"should pass validation with maximum length description","duration":0.7066999999999553,"failureMessages":[],"meta":{}},{"ancestorTitles":["Media & Moderation Validation Middleware","validateCreateReport","Invalid Report Creation"],"fullName":"Media & Moderation Validation Middleware validateCreateReport Invalid Report Creation should reject invalid report type","status":"passed","title":"should reject invalid report type","duration":1.7637999999999465,"failureMessages":[],"meta":{}},{"ancestorTitles":["Media & Moderation Validation Middleware","validateCreateReport","Invalid Report Creation"],"fullName":"Media & Moderation Validation Middleware validateCreateReport Invalid Report Creation should reject description that is too short","status":"passed","title":"should reject description that is too short","duration":1.2040999999999258,"failureMessages":[],"meta":{}},{"ancestorTitles":["Media & Moderation Validation Middleware","validateCreateReport","Invalid Report Creation"],"fullName":"Media & Moderation Validation Middleware validateCreateReport Invalid Report Creation should reject description that is too long","status":"passed","title":"should reject description that is too long","duration":0.9805000000000064,"failureMessages":[],"meta":{}},{"ancestorTitles":["Media & Moderation Validation Middleware","validateCreateReport","Invalid Report Creation"],"fullName":"Media & Moderation Validation Middleware validateCreateReport Invalid Report Creation should reject report with both user and post IDs","status":"passed","title":"should reject report with both user and post IDs","duration":1.115799999999922,"failureMessages":[],"meta":{}},{"ancestorTitles":["Media & Moderation Validation Middleware","validateCreateReport","Invalid Report Creation"],"fullName":"Media & Moderation Validation Middleware validateCreateReport Invalid Report Creation should reject report with neither user nor post ID","status":"passed","title":"should reject report with neither user nor post ID","duration":0.6298000000000457,"failureMessages":[],"meta":{}},{"ancestorTitles":["Media & Moderation Validation Middleware","validateBlockUser","Valid User Blocking"],"fullName":"Media & Moderation Validation Middleware validateBlockUser Valid User Blocking should pass validation with reason","status":"passed","title":"should pass validation with reason","duration":1.480799999999931,"failureMessages":[],"meta":{}},{"ancestorTitles":["Media & Moderation Validation Middleware","validateBlockUser","Valid User Blocking"],"fullName":"Media & Moderation Validation Middleware validateBlockUser Valid User Blocking should pass validation without reason","status":"passed","title":"should pass validation without reason","duration":0.4923999999999751,"failureMessages":[],"meta":{}},{"ancestorTitles":["Media & Moderation Validation Middleware","validateBlockUser","Valid User Blocking"],"fullName":"Media & Moderation Validation Middleware validateBlockUser Valid User Blocking should pass validation with empty reason","status":"passed","title":"should pass validation with empty reason","duration":0.44429999999999836,"failureMessages":[],"meta":{}},{"ancestorTitles":["Media & Moderation Validation Middleware","validateBlockUser","Invalid User Blocking"],"fullName":"Media & Moderation Validation Middleware validateBlockUser Invalid User Blocking should reject reason that is too long","status":"passed","title":"should reject reason that is too long","duration":0.5525000000000091,"failureMessages":[],"meta":{}},{"ancestorTitles":["Media & Moderation Validation Middleware","validateUsernameParam","Valid Usernames"],"fullName":"Media & Moderation Validation Middleware validateUsernameParam Valid Usernames should pass validation with valid username","status":"passed","title":"should pass validation with valid username","duration":0.4393999999999778,"failureMessages":[],"meta":{}},{"ancestorTitles":["Media & Moderation Validation Middleware","validateUsernameParam","Valid Usernames"],"fullName":"Media & Moderation Validation Middleware validateUsernameParam Valid Usernames should pass validation with minimum length username","status":"passed","title":"should pass validation with minimum length username","duration":0.30579999999997654,"failureMessages":[],"meta":{}},{"ancestorTitles":["Media & Moderation Validation Middleware","validateUsernameParam","Valid Usernames"],"fullName":"Media & Moderation Validation Middleware validateUsernameParam Valid Usernames should pass validation with maximum length username","status":"passed","title":"should pass validation with maximum length username","duration":0.5231999999999744,"failureMessages":[],"meta":{}},{"ancestorTitles":["Media & Moderation Validation Middleware","validateUsernameParam","Valid Usernames"],"fullName":"Media & Moderation Validation Middleware validateUsernameParam Valid Usernames should pass validation with underscores","status":"passed","title":"should pass validation with underscores","duration":0.5247000000000526,"failureMessages":[],"meta":{}},{"ancestorTitles":["Media & Moderation Validation Middleware","validateUsernameParam","Invalid Usernames"],"fullName":"Media & Moderation Validation Middleware validateUsernameParam Invalid Usernames should reject username that is too short","status":"passed","title":"should reject username that is too short","duration":0.8698000000000548,"failureMessages":[],"meta":{}},{"ancestorTitles":["Media & Moderation Validation Middleware","validateUsernameParam","Invalid Usernames"],"fullName":"Media & Moderation Validation Middleware validateUsernameParam Invalid Usernames should reject username that is too long","status":"passed","title":"should reject username that is too long","duration":0.9248999999999796,"failureMessages":[],"meta":{}},{"ancestorTitles":["Media & Moderation Validation Middleware","validateUsernameParam","Invalid Usernames"],"fullName":"Media & Moderation Validation Middleware validateUsernameParam Invalid Usernames should reject username with invalid characters","status":"passed","title":"should reject username with invalid characters","duration":4.626300000000015,"failureMessages":[],"meta":{}},{"ancestorTitles":["Media & Moderation Validation Middleware","Error Handling"],"fullName":"Media & Moderation Validation Middleware Error Handling should handle internal server errors gracefully","status":"passed","title":"should handle internal server errors gracefully","duration":0.7048999999999523,"failureMessages":[],"meta":{}}],"startTime":1751775257986,"endTime":1751775258030.7048,"status":"passed","message":"","name":"C:/Users/Et Al/Documents/GitHub/ParaSocial/backend/__tests__/middleware/mediaModerationValidationMiddleware.test.ts"},{"assertionResults":[{"ancestorTitles":["Post Validation Middleware","validateCreatePost","Valid Post Creation"],"fullName":"Post Validation Middleware validateCreatePost Valid Post Creation should pass validation with minimal valid data","status":"passed","title":"should pass validation with minimal valid data","duration":5.659600000000012,"failureMessages":[],"meta":{}},{"ancestorTitles":["Post Validation Middleware","validateCreatePost","Valid Post Creation"],"fullName":"Post Validation Middleware validateCreatePost Valid Post Creation should pass validation with all optional fields","status":"passed","title":"should pass validation with all optional fields","duration":2.1195999999999913,"failureMessages":[],"meta":{}},{"ancestorTitles":["Post Validation Middleware","validateCreatePost","Valid Post Creation"],"fullName":"Post Validation Middleware validateCreatePost Valid Post Creation should pass validation with empty content warning","status":"passed","title":"should pass validation with empty content warning","duration":0.9540000000000077,"failureMessages":[],"meta":{}},{"ancestorTitles":["Post Validation Middleware","validateCreatePost","Valid Post Creation"],"fullName":"Post Validation Middleware validateCreatePost Valid Post Creation should apply default values correctly","status":"passed","title":"should apply default values correctly","duration":0.861500000000035,"failureMessages":[],"meta":{}},{"ancestorTitles":["Post Validation Middleware","validateCreatePost","Invalid Post Creation"],"fullName":"Post Validation Middleware validateCreatePost Invalid Post Creation should reject empty content","status":"passed","title":"should reject empty content","duration":4.706600000000037,"failureMessages":[],"meta":{}},{"ancestorTitles":["Post Validation Middleware","validateCreatePost","Invalid Post Creation"],"fullName":"Post Validation Middleware validateCreatePost Invalid Post Creation should reject content that is too long","status":"passed","title":"should reject content that is too long","duration":1.6757000000000062,"failureMessages":[],"meta":{}},{"ancestorTitles":["Post Validation Middleware","validateCreatePost","Invalid Post Creation"],"fullName":"Post Validation Middleware validateCreatePost Invalid Post Creation should reject content warning that is too long","status":"passed","title":"should reject content warning that is too long","duration":3.3290000000000077,"failureMessages":[],"meta":{}},{"ancestorTitles":["Post Validation Middleware","validateCreatePost","Invalid Post Creation"],"fullName":"Post Validation Middleware validateCreatePost Invalid Post Creation should reject scheduled post without scheduled date","status":"passed","title":"should reject scheduled post without scheduled date","duration":1.781499999999994,"failureMessages":[],"meta":{}},{"ancestorTitles":["Post Validation Middleware","validateCreatePost","Invalid Post Creation"],"fullName":"Post Validation Middleware validateCreatePost Invalid Post Creation should reject scheduled date in the past","status":"passed","title":"should reject scheduled date in the past","duration":1.8589000000000055,"failureMessages":[],"meta":{}},{"ancestorTitles":["Post Validation Middleware","validateCreatePost","Invalid Post Creation"],"fullName":"Post Validation Middleware validateCreatePost Invalid Post Creation should reject invalid datetime format","status":"passed","title":"should reject invalid datetime format","duration":1.0283000000000015,"failureMessages":[],"meta":{}},{"ancestorTitles":["Post Validation Middleware","validateCreatePost","Invalid Post Creation"],"fullName":"Post Validation Middleware validateCreatePost Invalid Post Creation should handle multiple validation errors","status":"passed","title":"should handle multiple validation errors","duration":0.822400000000016,"failureMessages":[],"meta":{}},{"ancestorTitles":["Post Validation Middleware","validateCreatePost","Edge Cases"],"fullName":"Post Validation Middleware validateCreatePost Edge Cases should handle missing request body","status":"passed","title":"should handle missing request body","duration":0.4977000000000089,"failureMessages":[],"meta":{}},{"ancestorTitles":["Post Validation Middleware","validateCreatePost","Edge Cases"],"fullName":"Post Validation Middleware validateCreatePost Edge Cases should trim content whitespace","status":"passed","title":"should trim content whitespace","duration":0.6913999999999874,"failureMessages":[],"meta":{}},{"ancestorTitles":["Post Validation Middleware","validateCreatePost","Edge Cases"],"fullName":"Post Validation Middleware validateCreatePost Edge Cases should handle non-string content types","status":"passed","title":"should handle non-string content types","duration":0.7509000000000015,"failureMessages":[],"meta":{}},{"ancestorTitles":["Post Validation Middleware","validateUpdatePost","Valid Post Updates"],"fullName":"Post Validation Middleware validateUpdatePost Valid Post Updates should pass validation with partial update data","status":"passed","title":"should pass validation with partial update data","duration":0.4922000000000253,"failureMessages":[],"meta":{}},{"ancestorTitles":["Post Validation Middleware","validateUpdatePost","Valid Post Updates"],"fullName":"Post Validation Middleware validateUpdatePost Valid Post Updates should pass validation with all updatable fields","status":"passed","title":"should pass validation with all updatable fields","duration":0.481899999999996,"failureMessages":[],"meta":{}},{"ancestorTitles":["Post Validation Middleware","validateUpdatePost","Valid Post Updates"],"fullName":"Post Validation Middleware validateUpdatePost Valid Post Updates should pass validation with empty body","status":"passed","title":"should pass validation with empty body","duration":0.5442999999999643,"failureMessages":[],"meta":{}},{"ancestorTitles":["Post Validation Middleware","validateUpdatePost","Invalid Post Updates"],"fullName":"Post Validation Middleware validateUpdatePost Invalid Post Updates should reject empty content when provided","status":"passed","title":"should reject empty content when provided","duration":1.0518999999999892,"failureMessages":[],"meta":{}},{"ancestorTitles":["Post Validation Middleware","validateUpdatePost","Invalid Post Updates"],"fullName":"Post Validation Middleware validateUpdatePost Invalid Post Updates should reject content that is too long","status":"passed","title":"should reject content that is too long","duration":0.4765000000000441,"failureMessages":[],"meta":{}},{"ancestorTitles":["Post Validation Middleware","validatePostQuery","Valid Query Parameters"],"fullName":"Post Validation Middleware validatePostQuery Valid Query Parameters should pass validation with default parameters","status":"passed","title":"should pass validation with default parameters","duration":1.459799999999973,"failureMessages":[],"meta":{}},{"ancestorTitles":["Post Validation Middleware","validatePostQuery","Valid Query Parameters"],"fullName":"Post Validation Middleware validatePostQuery Valid Query Parameters should pass validation with valid page and limit","status":"passed","title":"should pass validation with valid page and limit","duration":0.3675999999999817,"failureMessages":[],"meta":{}},{"ancestorTitles":["Post Validation Middleware","validatePostQuery","Valid Query Parameters"],"fullName":"Post Validation Middleware validatePostQuery Valid Query Parameters should pass validation with userId filter","status":"passed","title":"should pass validation with userId filter","duration":1.7595999999999776,"failureMessages":[],"meta":{}},{"ancestorTitles":["Post Validation Middleware","validatePostQuery","Invalid Query Parameters"],"fullName":"Post Validation Middleware validatePostQuery Invalid Query Parameters should reject page number that is too high","status":"passed","title":"should reject page number that is too high","duration":0.676400000000001,"failureMessages":[],"meta":{}},{"ancestorTitles":["Post Validation Middleware","validatePostQuery","Invalid Query Parameters"],"fullName":"Post Validation Middleware validatePostQuery Invalid Query Parameters should reject negative page number","status":"passed","title":"should reject negative page number","duration":0.5115000000000123,"failureMessages":[],"meta":{}},{"ancestorTitles":["Post Validation Middleware","validatePostQuery","Invalid Query Parameters"],"fullName":"Post Validation Middleware validatePostQuery Invalid Query Parameters should reject limit that is too high","status":"passed","title":"should reject limit that is too high","duration":0.4925000000000068,"failureMessages":[],"meta":{}},{"ancestorTitles":["Post Validation Middleware","validatePostQuery","Invalid Query Parameters"],"fullName":"Post Validation Middleware validatePostQuery Invalid Query Parameters should reject zero limit","status":"passed","title":"should reject zero limit","duration":0.3494000000000028,"failureMessages":[],"meta":{}},{"ancestorTitles":[
[...]
ion","duration":1367.8396999999995,"failureMessages":[],"meta":{}},{"ancestorTitles":["Media Upload Rate Limiting","Upload Request Validation with Rate Limiting"],"fullName":"Media Upload Rate Limiting Upload Request Validation with Rate Limiting should not count failed uploads against rate limit","status":"failed","title":"should not count failed uploads against rate limit","duration":7.6458999999995285,"failureMessages":["AssertionError: expected 429 to be 400 // Object.is equality\n    at C:\\Users\\Et Al\\Documents\\GitHub\\ParaSocial\\backend\\src\\routes\\__tests__\\media.rateLimit.test.ts:265:38\n    at processTicksAndRejections (node:internal/process/task_queues:105:5)\n    at file:///C:/Users/Et%20Al/Documents/GitHub/parasocial/backend/node_modules/@vitest/runner/dist/index.js:533:5\n    at runTest (file:///C:/Users/Et%20Al/Documents/GitHub/parasocial/backend/node_modules/@vitest/runner/dist/index.js:1056:11)\n    at runSuite (file:///C:/Users/Et%20Al/Documents/GitHub/parasocial/backend/node_modules/@vitest/runner/dist/index.js:1205:15)\n    at runSuite (file:///C:/Users/Et%20Al/Documents/GitHub/parasocial/backend/node_modules/@vitest/runner/dist/index.js:1205:15)\n    at runSuite (file:///C:/Users/Et%20Al/Documents/GitHub/parasocial/backend/node_modules/@vitest/runner/dist/index.js:1205:15)\n    at runFiles (file:///C:/Users/Et%20Al/Documents/GitHub/parasocial/backend/node_modules/@vitest/runner/dist/index.js:1262:5)\n    at startTests (file:///C:/Users/Et%20Al/Documents/GitHub/parasocial/backend/node_modules/@vitest/runner/dist/index.js:1271:3)\n    at file:///C:/Users/Et%20Al/Documents/GitHub/parasocial/backend/node_modules/vitest/dist/chunks/runBaseTests.3qpJUEJM.js:126:11"],"meta":{}},{"ancestorTitles":["Media Upload Rate Limiting","Non-Rate-Limited Media Operations"],"fullName":"Media Upload Rate Limiting Non-Rate-Limited Media Operations should not apply rate limiting to GET /media/info/:fileId","status":"passed","title":"should not apply rate limiting to GET /media/info/:fileId","duration":80.05479999999989,"failureMessages":[],"meta":{}},{"ancestorTitles":["Media Upload Rate Limiting","Non-Rate-Limited Media Operations"],"fullName":"Media Upload Rate Limiting Non-Rate-Limited Media Operations should not apply rate limiting to DELETE /media/:fileId","status":"passed","title":"should not apply rate limiting to DELETE /media/:fileId","duration":55.725499999999556,"failureMessages":[],"meta":{}},{"ancestorTitles":["Media Upload Rate Limiting","Rate Limit Error Response Format"],"fullName":"Media Upload Rate Limiting Rate Limit Error Response Format should return consistent error format when rate limited","status":"passed","title":"should return consistent error format when rate limited","duration":1357.4170999999997,"failureMessages":[],"meta":{}},{"ancestorTitles":["Media Upload Rate Limiting","Edge Cases and Error Scenarios"],"fullName":"Media Upload Rate Limiting Edge Cases and Error Scenarios should handle rapid concurrent upload attempts","status":"failed","title":"should handle rapid concurrent upload attempts","duration":12.80789999999979,"failureMessages":["AssertionError: expected 429 to be 201 // Object.is equality\n    at C:\\Users\\Et Al\\Documents\\GitHub\\ParaSocial\\backend\\src\\routes\\__tests__\\media.rateLimit.test.ts:352:33\n    at Array.forEach (<anonymous>)\n    at C:\\Users\\Et Al\\Documents\\GitHub\\ParaSocial\\backend\\src\\routes\\__tests__\\media.rateLimit.test.ts:351:17\n    at processTicksAndRejections (node:internal/process/task_queues:105:5)\n    at file:///C:/Users/Et%20Al/Documents/GitHub/parasocial/backend/node_modules/@vitest/runner/dist/index.js:533:5\n    at runTest (file:///C:/Users/Et%20Al/Documents/GitHub/parasocial/backend/node_modules/@vitest/runner/dist/index.js:1056:11)\n    at runSuite (file:///C:/Users/Et%20Al/Documents/GitHub/parasocial/backend/node_modules/@vitest/runner/dist/index.js:1205:15)\n    at runSuite (file:///C:/Users/Et%20Al/Documents/GitHub/parasocial/backend/node_modules/@vitest/runner/dist/index.js:1205:15)\n    at runSuite (file:///C:/Users/Et%20Al/Documents/GitHub/parasocial/backend/node_modules/@vitest/runner/dist/index.js:1205:15)\n    at runFiles (file:///C:/Users/Et%20Al/Documents/GitHub/parasocial/backend/node_modules/@vitest/runner/dist/index.js:1262:5)"],"meta":{}},{"ancestorTitles":["Media Upload Rate Limiting","Edge Cases and Error Scenarios"],"fullName":"Media Upload Rate Limiting Edge Cases and Error Scenarios should handle uploads with metadata within rate limit","status":"failed","title":"should handle uploads with metadata within rate limit","duration":4.523799999999937,"failureMessages":["AssertionError: expected 429 to be 201 // Object.is equality\n    at C:\\Users\\Et Al\\Documents\\GitHub\\ParaSocial\\backend\\src\\routes\\__tests__\\media.rateLimit.test.ts:373:31\n    at processTicksAndRejections (node:internal/process/task_queues:105:5)\n    at file:///C:/Users/Et%20Al/Documents/GitHub/parasocial/backend/node_modules/@vitest/runner/dist/index.js:533:5\n    at runTest (file:///C:/Users/Et%20Al/Documents/GitHub/parasocial/backend/node_modules/@vitest/runner/dist/index.js:1056:11)\n    at runSuite (file:///C:/Users/Et%20Al/Documents/GitHub/parasocial/backend/node_modules/@vitest/runner/dist/index.js:1205:15)\n    at runSuite (file:///C:/Users/Et%20Al/Documents/GitHub/parasocial/backend/node_modules/@vitest/runner/dist/index.js:1205:15)\n    at runSuite (file:///C:/Users/Et%20Al/Documents/GitHub/parasocial/backend/node_modules/@vitest/runner/dist/index.js:1205:15)\n    at runFiles (file:///C:/Users/Et%20Al/Documents/GitHub/parasocial/backend/node_modules/@vitest/runner/dist/index.js:1262:5)\n    at startTests (file:///C:/Users/Et%20Al/Documents/GitHub/parasocial/backend/node_modules/@vitest/runner/dist/index.js:1271:3)\n    at file:///C:/Users/Et%20Al/Documents/GitHub/parasocial/backend/node_modules/vitest/dist/chunks/runBaseTests.3qpJUEJM.js:126:11"],"meta":{}},{"ancestorTitles":["Media Upload Rate Limiting","Edge Cases and Error Scenarios"],"fullName":"Media Upload Rate Limiting Edge Cases and Error Scenarios should reset rate limit after time window","status":"failed","title":"should reset rate limit after time window","duration":3.347899999999754,"failureMessages":["AssertionError: expected 3594 to be greater than 1751775274\n    at C:\\Users\\Et Al\\Documents\\GitHub\\ParaSocial\\backend\\src\\routes\\__tests__\\media.rateLimit.test.ts:392:25\n    at processTicksAndRejections (node:internal/process/task_queues:105:5)\n    at file:///C:/Users/Et%20Al/Documents/GitHub/parasocial/backend/node_modules/@vitest/runner/dist/index.js:533:5\n    at runTest (file:///C:/Users/Et%20Al/Documents/GitHub/parasocial/backend/node_modules/@vitest/runner/dist/index.js:1056:11)\n    at runSuite (file:///C:/Users/Et%20Al/Documents/GitHub/parasocial/backend/node_modules/@vitest/runner/dist/index.js:1205:15)\n    at runSuite (file:///C:/Users/Et%20Al/Documents/GitHub/parasocial/backend/node_modules/@vitest/runner/dist/index.js:1205:15)\n    at runSuite (file:///C:/Users/Et%20Al/Documents/GitHub/parasocial/backend/node_modules/@vitest/runner/dist/index.js:1205:15)\n    at runFiles (file:///C:/Users/Et%20Al/Documents/GitHub/parasocial/backend/node_modules/@vitest/runner/dist/index.js:1262:5)\n    at startTests (file:///C:/Users/Et%20Al/Documents/GitHub/parasocial/backend/node_modules/@vitest/runner/dist/index.js:1271:3)\n    at file:///C:/Users/Et%20Al/Documents/GitHub/parasocial/backend/node_modules/vitest/dist/chunks/runBaseTests.3qpJUEJM.js:126:11"],"meta":{}}],"startTime":1751775267801,"endTime":1751775274770.348,"status":"failed","message":"","name":"C:/Users/Et Al/Documents/GitHub/ParaSocial/backend/src/routes/__tests__/media.rateLimit.test.ts"},{"assertionResults":[],"startTime":1751775257064,"endTime":1751775257064,"status":"passed","message":"","name":"C:/Users/Et Al/Documents/GitHub/ParaSocial/backend/src/routes/__tests__/mediaUnit.test.ts"},{"assertionResults":[],"startTime":1751775257064,"endTime":1751775257064,"status":"passed","message":"","name":"C:/Users/Et Al/Documents/GitHub/ParaSocial/backend/src/routes/__tests__/mediaUpload.test.ts"},{"assertionResults":[{"ancestorTitles":["Posts Routes Rate Limiting","POST /posts Rate Limiting (Post Creation)"],"fullName":"Posts Routes Rate Limiting POST /posts Rate Limiting (Post Creation) should allow post creation within the limit (10 per hour)","status":"failed","title":"should allow post creation within the limit (10 per hour)","duration":15019.9221,"failureMessages":["Error: Test timed out in 15000ms.\nIf this is a long-running test, pass a timeout value as the last argument or configure it globally with \"testTimeout\".\n    at Timeout.<anonymous> (file:///C:/Users/Et%20Al/Documents/GitHub/parasocial/backend/node_modules/@vitest/runner/dist/index.js:44:18)\n    at listOnTimeout (node:internal/timers:594:17)\n    at processTimers (node:internal/timers:529:7)"],"meta":{}},{"ancestorTitles":["Posts Routes Rate Limiting","POST /posts Rate Limiting (Post Creation)"],"fullName":"Posts Routes Rate Limiting POST /posts Rate Limiting (Post Creation) should block 11th post creation with rate limit error","status":"failed","title":"should block 11th post creation with rate limit error","duration":15016.884800000002,"failureMessages":["Error: Test timed out in 15000ms.\nIf this is a long-running test, pass a timeout value as the last argument or configure it globally with \"testTimeout\".\n    at Timeout.<anonymous> (file:///C:/Users/Et%20Al/Documents/GitHub/parasocial/backend/node_modules/@vitest/runner/dist/index.js:44:18)\n    at listOnTimeout (node:internal/timers:594:17)\n    at processTimers (node:internal/timers:529:7)"],"meta":{}},{"ancestorTitles":["Posts Routes Rate Limiting","POST /posts Rate Limiting (Post Creation)"],"fullName":"Posts Routes Rate Limiting POST /posts Rate Limiting (Post Creation) should include rate limit headers in response","status":"failed","title":"should include rate limit headers in response","duration":15009.1866,"failureMessages":["Error: Test timed out in 15000ms.\nIf this is a long-running test, pass a timeout value as the last argument or configure it globally with \"testTimeout\".\n    at Timeout.<anonymous> (file:///C:/Users/Et%20Al/Documents/GitHub/parasocial/backend/node_modules/@vitest/runner/dist/index.js:44:18)\n    at listOnTimeout (node:internal/timers:594:17)\n    at processTimers (node:internal/timers:529:7)"],"meta":{}},{"ancestorTitles":["Posts Routes Rate Limiting","POST /posts Rate Limiting (Post Creation)"],"fullName":"Posts Routes Rate Limiting POST /posts Rate Limiting (Post Creation) should track rate limits by user ID when authenticated","status":"pending","title":"should track rate limits by user ID when authenticated","failureMessages":[],"meta":{}},{"ancestorTitles":["Posts Routes Rate Limiting","POST /posts Rate Limiting (Post Creation)"],"fullName":"Posts Routes Rate Limiting POST /posts Rate Limiting (Post Creation) should allow different post content without affecting rate limit","status":"pending","title":"should allow different post content without affecting rate limit","failureMessages":[],"meta":{}},{"ancestorTitles":["Posts Routes Rate Limiting","Non-Rate-Limited Post Operations"],"fullName":"Posts Routes Rate Limiting Non-Rate-Limited Post Operations should not apply rate limiting to GET /posts (reading posts)","status":"pending","title":"should not apply rate limiting to GET /posts (reading posts)","failureMessages":[],"meta":{}},{"ancestorTitles":["Posts Routes Rate Limiting","Non-Rate-Limited Post Operations"],"fullName":"Posts Routes Rate Limiting Non-Rate-Limited Post Operations should not apply rate limiting to GET /posts/:id (reading individual posts)","status":"pending","title":"should not apply rate limiting to GET /posts/:id (reading individual posts)","failureMessages":[],"meta":{}},{"ancestorTitles":["Posts Routes Rate Limiting","Non-Rate-Limited Post Operations"],"fullName":"Posts Routes Rate Limiting Non-Rate-Limited Post Operations should not apply rate limiting to DELETE /posts/:id (deleting posts)","status":"pending","title":"should not apply rate limiting to DELETE /posts/:id (deleting posts)","failureMessages":[],"meta":{}},{"ancestorTitles":["Posts Routes Rate Limiting","Rate Limit Error Response Format"],"fullName":"Posts Routes Rate Limiting Rate Limit Error Response Format should return consistent error format when rate limited","status":"pending","title":"should return consistent error format when rate limited","failureMessages":[],"meta":{}},{"ancestorTitles":["Posts Routes Rate Limiting","Edge Cases"],"fullName":"Posts Routes Rate Limiting Edge Cases should handle posts with maximum content length","status":"pending","title":"should handle posts with maximum content length","failureMessages":[],"meta":{}},{"ancestorTitles":["Posts Routes Rate Limiting","Edge Cases"],"fullName":"Posts Routes Rate Limiting Edge Cases should handle rapid consecutive post creation within limit","status":"pending","title":"should handle rapid consecutive post creation within limit","failureMessages":[],"meta":{}}],"startTime":1751775269611,"endTime":1751775314658.1865,"status":"failed","message":"","name":"C:/Users/Et Al/Documents/GitHub/ParaSocial/backend/src/routes/__tests__/posts.rateLimit.test.ts"},{"assertionResults":[],"startTime":1751775257064,"endTime":1751775257064,"status":"passed","message":"","name":"C:/Users/Et Al/Documents/GitHub/ParaSocial/backend/src/routes/__tests__/rateLimitSuite.test.ts"},{"assertionResults":[],"startTime":1751775257064,"endTime":1751775257064,"status":"passed","message":"","name":"C:/Users/Et Al/Documents/GitHub/ParaSocial/backend/src/routes/__tests__/staticFileServingSecurity.test.ts"},{"assertionResults":[{"ancestorTitles":["Follow Operations Rate Limiting","POST /users/:username/follow Rate Limiting"],"fullName":"Follow Operations Rate Limiting POST /users/:username/follow Rate Limiting should allow follow operations within the limit (20 per hour)","status":"failed","title":"should allow follow operations within the limit (20 per hour)","duration":15010.9135,"failureMessages":["Error: Test timed out in 15000ms.\nIf this is a long-running test, pass a timeout value as the last argument or configure it globally with \"testTimeout\".\n    at Timeout.<anonymous> (file:///C:/Users/Et%20Al/Documents/GitHub/parasocial/backend/node_modules/@vitest/runner/dist/index.js:44:18)\n    at listOnTimeout (node:internal/timers:594:17)\n    at processTimers (node:internal/timers:529:7)"],"meta":{}},{"ancestorTitles":["Follow Operations Rate Limiting","POST /users/:username/follow Rate Limiting"],"fullName":"Follow Operations Rate Limiting POST /users/:username/follow Rate Limiting should block 21st follow operation with rate limit error","status":"failed","title":"should block 21st follow operation with rate limit error","duration":15015.3787,"failureMessages":["Error: Test timed out in 15000ms.\nIf this is a long-running test, pass a timeout value as the last argument or configure it globally with \"testTimeout\".\n    at Timeout.<anonymous> (file:///C:/Users/Et%20Al/Documents/GitHub/parasocial/backend/node_modules/@vitest/runner/dist/index.js:44:18)\n    at listOnTimeout (node:internal/timers:594:17)\n    at processTimers (node:internal/timers:529:7)"],"meta":{}},{"ancestorTitles":["Follow Operations Rate Limiting","POST /users/:username/follow Rate Limiting"],"fullName":"Follow Operations Rate Limiting POST /users/:username/follow Rate Limiting should include rate limit headers in response","status":"failed","title":"should include rate limit headers in response","duration":15018.8573,"failureMessages":["Error: Test timed out in 15000ms.\nIf this is a long-running test, pass a timeout value as the last argument or configure it globally with \"testTimeout\".\n    at Timeout.<anonymous> (file:///C:/Users/Et%20Al/Documents/GitHub/parasocial/backend/node_modules/@vitest/runner/dist/index.js:44:18)\n    at listOnTimeout (node:internal/timers:594:17)\n    at processTimers (node:internal/timers:529:7)"],"meta":{}},{"ancestorTitles":["Follow Operations Rate Limiting","POST /users/:username/follow Rate Limiting"],"fullName":"Follow Operations Rate Limiting POST /users/:username/follow Rate Limiting should track rate limits by user ID when authenticated","status":"failed","title":"should track rate limits by user ID when authenticated","duration":15020.469799999999,"failureMessages":["Error: Test timed out in 15000ms.\nIf this is a long-running test, pass a timeout value as the last argument or configure it globally with \"testTimeout\".\n    at Timeout.<anonymous> (file:///C:/Users/Et%20Al/Documents/GitHub/parasocial/backend/node_modules/@vitest/runner/dist/index.js:44:18)\n    at listOnTimeout (node:internal/timers:594:17)\n    at processTimers (node:internal/timers:529:7)"],"meta":{}},{"ancestorTitles":["Follow Operations Rate Limiting","DELETE /users/:username/follow Rate Limiting"],"fullName":"Follow Operations Rate Limiting DELETE /users/:username/follow Rate Limiting should allow unfollow operations within the limit","status":"pending","title":"should allow unfollow operations within the limit","failureMessages":[],"meta":{}},{"ancestorTitles":["Follow Operations Rate Limiting","DELETE /users/:username/follow Rate Limiting"],"fullName":"Follow Operations Rate Limiting DELETE /users/:username/follow Rate Limiting should block 21st unfollow operation with rate limit error","status":"pending","title":"should block 21st unfollow operation with rate limit error","failureMessages":[],"meta":{}},{"ancestorTitles":["Follow Operations Rate Limiting","Shared Rate Limiting Between Follow and Unfollow"],"fullName":"Follow Operations Rate Limiting Shared Rate Limiting Between Follow and Unfollow should share rate limit between follow and unfollow operations","status":"pending","title":"should share rate limit between follow and unfollow operations","failureMessages":[],"meta":{}},{"ancestorTitles":["Follow Operations Rate Limiting","Shared Rate Limiting Between Follow and Unfollow"],"fullName":"Follow Operations Rate Limiting Shared Rate Limiting Between Follow and Unfollow should handle alternating follow/unfollow operations","status":"pending","title":"should handle alternating follow/unfollow operations","failureMessages":[],"meta":{}},{"ancestorTitles":["Follow Operations Rate Limiting","Non-Rate-Limited User Operations"],"fullName":"Follow Operations Rate Limiting Non-Rate-Limited User Operations should not apply rate limiting to GET /users/:username (profile views)","status":"pending","title":"should not apply rate limiting to GET /users/:username (profile views)","failureMessages":[],"meta":{}},{"ancestorTitles":["Follow Operations Rate Limiting","Non-Rate-Limited User Operations"],"fullName":"Follow Operations Rate Limiting Non-Rate-Limited User Operations should not apply rate limiting to follower/following lists","status":"pending","title":"should not apply rate limiting to follower/following lists","failureMessages":[],"meta":{}},{"ancestorTitles":["Follow Operations Rate Limiting","Non-Rate-Limited User Operations"],"fullName":"Follow Operations Rate Limiting Non-Rate-Limited User Operations should not apply rate limiting to block/unblock operations","status":"pending","title":"should not apply rate limiting to block/unblock operations","failureMessages":[],"meta":{}},{"ancestorTitles":["Follow Operations Rate Limiting","Rate Limit Error Response Format"],"fullName":"Follow Operations Rate Limiting Rate Limit Error Response Format should return consistent error format when rate limited","status":"pending","title":"should return consistent error format when rate limited","failureMessages":[],"meta":{}}],"startTime":1751775260002,"endTime":1751775320071,"status":"failed","message":"","name":"C:/Users/Et Al/Documents/GitHub/ParaSocial/backend/src/routes/__tests__/users.follow.rateLimit.test.ts"}]}