{"numTotalTestSuites":7,"numPassedTestSuites":7,"numFailedTestSuites":0,"numPendingTestSuites":0,"numTotalTests":13,"numPassedTests":0,"numFailedTests":0,"numPendingTests":0,"numTodoTests":0,"snapshot":{"added":0,"failure":false,"filesAdded":0,"filesRemoved":0,"filesRemovedList":[],"filesUnmatched":0,"filesUpdated":0,"matched":0,"total":0,"unchecked":0,"uncheckedKeysByFile":[],"unmatched":0,"updated":0,"didUpdate":false},"startTime":1751456628949,"success":true,"testResults":[{"assertionResults":[{"ancestorTitles":["Media Upload Route","Successful File Upload"],"fullName":"Media Upload Route Successful File Upload should upload valid image file successfully","status":"pending","title":"should upload valid image file successfully","failureMessages":[],"meta":{}},{"ancestorTitles":["Media Upload Route","Successful File Upload"],"fullName":"Media Upload Route Successful File Upload should upload file without alt text","status":"pending","title":"should upload file without alt text","failureMessages":[],"meta":{}},{"ancestorTitles":["Media Upload Route","Successful File Upload"],"fullName":"Media Upload Route Successful File Upload should handle all supported file types","status":"pending","title":"should handle all supported file types","failureMessages":[],"meta":{}},{"ancestorTitles":["Media Upload Route","File Validation"],"fullName":"Media Upload Route File Validation should reject requests with no file","status":"pending","title":"should reject requests with no file","failureMessages":[],"meta":{}},{"ancestorTitles":["Media Upload Route","File Validation"],"fullName":"Media Upload Route File Validation should reject unsupported file types","status":"pending","title":"should reject unsupported file types","failureMessages":[],"meta":{}},{"ancestorTitles":["Media Upload Route","File Validation"],"fullName":"Media Upload Route File Validation should reject files exceeding size limit","status":"pending","title":"should reject files exceeding size limit","failureMessages":[],"meta":{}},{"ancestorTitles":["Media Upload Route","File Validation"],"fullName":"Media Upload Route File Validation should validate alt text length","status":"pending","title":"should validate alt text length","failureMessages":[],"meta":{}},{"ancestorTitles":["Media Upload Route","Directory Management"],"fullName":"Media Upload Route Directory Management should create uploads directory if it does not exist","status":"pending","title":"should create uploads directory if it does not exist","failureMessages":[],"meta":{}},{"ancestorTitles":["Media Upload Route","Directory Management"],"fullName":"Media Upload Route Directory Management should handle directory creation failure","status":"pending","title":"should handle directory creation failure","failureMessages":[],"meta":{}},{"ancestorTitles":["Media Upload Route","Error Recovery"],"fullName":"Media Upload Route Error Recovery should clean up uploaded file if processing fails","status":"pending","title":"should clean up uploaded file if processing fails","failureMessages":[],"meta":{}},{"ancestorTitles":["Media Upload Route","Edge Cases"],"fullName":"Media Upload Route Edge Cases should handle files at exactly the size limit","status":"pending","title":"should handle files at exactly the size limit","failureMessages":[],"meta":{}},{"ancestorTitles":["Media Upload Route","Edge Cases"],"fullName":"Media Upload Route Edge Cases should handle files with no extension","status":"pending","title":"should handle files with no extension","failureMessages":[],"meta":{}},{"ancestorTitles":["Media Upload Route","Edge Cases"],"fullName":"Media Upload Route Edge Cases should handle very small files","status":"pending","title":"should handle very small files","failureMessages":[],"meta":{}}],"startTime":1751456628949,"endTime":1751456628949,"status":"passed","message":"","name":"C:/Users/Et Al/Documents/GitHub/ParaSocial/backend/src/routes/__tests__/mediaUpload.test.ts"}]}
