{"numTotalTestSuites":1,"numPassedTestSuites":0,"numFailedTestSuites":1,"numPendingTestSuites":0,"numTotalTests":0,"numPassedTests":0,"numFailedTests":0,"numPendingTests":0,"numTodoTests":0,"snapshot":{"added":0,"failure":false,"filesAdded":0,"filesRemoved":0,"filesRemovedList":[],"filesUnmatched":0,"filesUpdated":0,"matched":0,"total":0,"unchecked":0,"uncheckedKeysByFile":[],"unmatched":0,"updated":0,"didUpdate":false},"startTime":1751455575085,"success":false,"testResults":[{"assertionResults":[],"startTime":1751455575085,"endTime":1751455575085,"status":"failed","message":"[vitest] No \"default\" export is defined on the \"fs\" mock. Did you forget to return it from \"vi.mock\"?\nIf you need to partially mock a module, you can use \"importOriginal\" helper inside:\n","name":"C:/Users/Et Al/Documents/GitHub/ParaSocial/backend/src/routes/__tests__/mediaUpload.test.ts"}]}
