{"numTotalTestSuites":315,"numPassedTestSuites":310,"numFailedTestSuites":5,"numPendingTestSuites":0,"numTotalTests":710,"numPassedTests":707,"numFailedTests":3,"numPendingTests":0,"numTodoTests":0,"snapshot":{"added":0,"failure":false,"filesAdded":0,"filesRemoved":0,"filesRemovedList":[],"filesUnmatched":0,"filesUpdated":0,"matched":0,"total":0,"unchecked":0,"uncheckedKeysByFile":[],"unmatched":0,"updated":0,"didUpdate":false},"startTime":1751457362294,"success":false,"testResults":[{"assertionResults":[],"startTime":1751457362294,"endTime":1751457362294,"status":"failed","message":"No test suite found in file C:/Users/Et Al/Documents/GitHub/ParaSocial/backend/__tests__/setup.ts","name":"C:/Users/Et Al/Documents/GitHub/ParaSocial/backend/__tests__/setup.ts"},{"assertionResults":[{"ancestorTitles":["AuthController","register","Successful Registration"],"fullName":"AuthController register Successful Registration should register user successfully","status":"passed","title":"should register user successfully","duration":5.551600000000008,"failureMessages":[],"meta":{}},{"ancestorTitles":["AuthController","register","Validation Errors"],"fullName":"AuthController register Validation Errors should return 400 for invalid registration data","status":"passed","title":"should return 400 for invalid registration data","duration":1.3348000000000297,"failureMessages":[],"meta":{}},{"ancestorTitles":["AuthController","register","Validation Errors"],"fullName":"AuthController register Validation Errors should handle empty request body","status":"passed","title":"should handle empty request body","duration":0.8955000000000268,"failureMessages":[],"meta":{}},{"ancestorTitles":["AuthController","register","User Already Exists"],"fullName":"AuthController register User Already Exists should return 409 when email already exists","status":"passed","title":"should return 409 when email already exists","duration":1.3034999999999854,"failureMessages":[],"meta":{}},{"ancestorTitles":["AuthController","register","User Already Exists"],"fullName":"AuthController register User Already Exists should return 409 when username already exists","status":"passed","title":"should return 409 when username already exists","duration":1.016999999999996,"failureMessages":[],"meta":{}},{"ancestorTitles":["AuthController","register","Server Errors"],"fullName":"AuthController register Server Errors should return 500 when password hashing fails","status":"passed","title":"should return 500 when password hashing fails","duration":1.2957999999999856,"failureMessages":[],"meta":{}},{"ancestorTitles":["AuthController","register","Server Errors"],"fullName":"AuthController register Server Errors should return 500 when user creation fails","status":"passed","title":"should return 500 when user creation fails","duration":1.100500000000011,"failureMessages":[],"meta":{}},{"ancestorTitles":["AuthController","register","Server Errors"],"fullName":"AuthController register Server Errors should return 500 when token generation fails","status":"passed","title":"should return 500 when token generation fails","duration":1.138499999999965,"failureMessages":[],"meta":{}},{"ancestorTitles":["AuthController","login","Successful Login"],"fullName":"AuthController login Successful Login should login user successfully","status":"passed","title":"should login user successfully","duration":1.5778999999999996,"failureMessages":[],"meta":{}},{"ancestorTitles":["AuthController","login","Validation Errors"],"fullName":"AuthController login Validation Errors should return 400 for invalid login data","status":"passed","title":"should return 400 for invalid login data","duration":1.624900000000025,"failureMessages":[],"meta":{}},{"ancestorTitles":["AuthController","login","Validation Errors"],"fullName":"AuthController login Validation Errors should handle empty login request","status":"passed","title":"should handle empty login request","duration":0.8248999999999569,"failureMessages":[],"meta":{}},{"ancestorTitles":["AuthController","login","Authentication Errors"],"fullName":"AuthController login Authentication Errors should return 401 when user does not exist","status":"passed","title":"should return 401 when user does not exist","duration":0.6894000000000347,"failureMessages":[],"meta":{}},{"ancestorTitles":["AuthController","login","Authentication Errors"],"fullName":"AuthController login Authentication Errors should return 401 when password is incorrect","status":"passed","title":"should return 401 when password is incorrect","duration":0.9444999999999482,"failureMessages":[],"meta":{}},{"ancestorTitles":["AuthController","login","Server Errors"],"fullName":"AuthController login Server Errors should return 500 when database lookup fails","status":"passed","title":"should return 500 when database lookup fails","duration":1.0264999999999986,"failureMessages":[],"meta":{}},{"ancestorTitles":["AuthController","login","Server Errors"],"fullName":"AuthController login Server Errors should return 500 when password verification fails","status":"passed","title":"should return 500 when password verification fails","duration":0.9916999999999803,"failureMessages":[],"meta":{}},{"ancestorTitles":["AuthController","logout"],"fullName":"AuthController logout should logout user successfully","status":"passed","title":"should logout user successfully","duration":0.8337999999999965,"failureMessages":[],"meta":{}},{"ancestorTitles":["AuthController","logout"],"fullName":"AuthController logout should handle logout errors gracefully","status":"passed","title":"should handle logout errors gracefully","duration":1.623800000000017,"failureMessages":[],"meta":{}},{"ancestorTitles":["AuthController","getCurrentUser","Successful User Retrieval"],"fullName":"AuthController getCurrentUser Successful User Retrieval should return current user profile","status":"passed","title":"should return current user profile","duration":1.1517000000000053,"failureMessages":[],"meta":{}},{"ancestorTitles":["AuthController","getCurrentUser","User Not Found"],"fullName":"AuthController getCurrentUser User Not Found should return 404 when user does not exist","status":"passed","title":"should return 404 when user does not exist","duration":0.9449999999999932,"failureMessages":[],"meta":{}},{"ancestorTitles":["AuthController","getCurrentUser","Server Errors"],"fullName":"AuthController getCurrentUser Server Errors should return 500 when database lookup fails","status":"passed","title":"should return 500 when database lookup fails","duration":1.997099999999989,"failureMessages":[],"meta":{}},{"ancestorTitles":["AuthController","getCurrentUser","Server Errors"],"fullName":"AuthController getCurrentUser Server Errors should handle missing user ID in request","status":"passed","title":"should handle missing user ID in request","duration":0.46469999999999345,"failureMessages":[],"meta":{}}],"startTime":1751457368823,"endTime":1751457368853.4646,"status":"passed","message":"","name":"C:/Users/Et Al/Documents/GitHub/ParaSocial/backend/__tests__/controllers/AuthController.test.ts"},{"assertionResults":[{"ancestorTitles":["FollowController Business Logic Tests","followUser Business Logic"],"fullName":"FollowController Business Logic Tests followUser Business Logic should successfully follow a user with valid authentication","status":"passed","title":"should successfully follow a user with valid authentication","duration":9.489900000000034,"failureMessages":[],"meta":{}},{"ancestorTitles":["FollowController Business Logic Tests","followUser Business Logic"],"fullName":"FollowController Business Logic Tests followUser Business Logic should handle external ActivityPub actor follow without authentication","status":"passed","title":"should handle external ActivityPub actor follow without authentication","duration":3.0860000000000127,"failureMessages":[],"meta":{}},{"ancestorTitles":["FollowController Business Logic Tests","followUser Business Logic"],"fullName":"FollowController Business Logic Tests followUser Business Logic should reject follow request when no follower identity provided","status":"passed","title":"should reject follow request when no follower identity provided","duration":2.008199999999988,"failureMessages":[],"meta":{}},{"ancestorTitles":["FollowController Business Logic Tests","followUser Business Logic"],"fullName":"FollowController Business Logic Tests followUser Business Logic should return 404 when target user not found","status":"passed","title":"should return 404 when target user not found","duration":1.5249999999999773,"failureMessages":[],"meta":{}},{"ancestorTitles":["FollowController Business Logic Tests","followUser Business Logic"],"fullName":"FollowController Business Logic Tests followUser Business Logic should handle inactive user scenario","status":"passed","title":"should handle inactive user scenario","duration":3.157699999999977,"failureMessages":[],"meta":{}},{"ancestorTitles":["FollowController Business Logic Tests","followUser Business Logic"],"fullName":"FollowController Business Logic Tests followUser Business Logic should handle service validation errors correctly","status":"passed","title":"should handle service validation errors correctly","duration":1.3220000000000027,"failureMessages":[],"meta":{}},{"ancestorTitles":["FollowController Business Logic Tests","followUser Business Logic"],"fullName":"FollowController Business Logic Tests followUser Business Logic should handle self-follow prevention","status":"passed","title":"should handle self-follow prevention","duration":1.1130000000000564,"failureMessages":[],"meta":{}},{"ancestorTitles":["FollowController Business Logic Tests","followUser Business Logic"],"fullName":"FollowController Business Logic Tests followUser Business Logic should handle blocking scenarios","status":"passed","title":"should handle blocking scenarios","duration":0.9841000000000122,"failureMessages":[],"meta":{}},{"ancestorTitles":["FollowController Business Logic Tests","unfollowUser Business Logic"],"fullName":"FollowController Business Logic Tests unfollowUser Business Logic should successfully unfollow a user","status":"passed","title":"should successfully unfollow a user","duration":1.9735000000000582,"failureMessages":[],"meta":{}},{"ancestorTitles":["FollowController Business Logic Tests","unfollowUser Business Logic"],"fullName":"FollowController Business Logic Tests unfollowUser Business Logic should require authentication for unfollow","status":"passed","title":"should require authentication for unfollow","duration":1.251800000000003,"failureMessages":[],"meta":{}},{"ancestorTitles":["FollowController Business Logic Tests","unfollowUser Business Logic"],"fullName":"FollowController Business Logic Tests unfollowUser Business Logic should handle not following scenario","status":"passed","title":"should handle not following scenario","duration":0.9492999999999938,"failureMessages":[],"meta":{}},{"ancestorTitles":["FollowController Business Logic Tests","getUserFollowers Business Logic"],"fullName":"FollowController Business Logic Tests getUserFollowers Business Logic should successfully get user followers with pagination","status":"passed","title":"should successfully get user followers with pagination","duration":1.565499999999929,"failureMessages":[],"meta":{}},{"ancestorTitles":["FollowController Business Logic Tests","getUserFollowers Business Logic"],"fullName":"FollowController Business Logic Tests getUserFollowers Business Logic should handle empty followers list or errors","status":"passed","title":"should handle empty followers list or errors","duration":1.1224000000000842,"failureMessages":[],"meta":{}},{"ancestorTitles":["FollowController Business Logic Tests","getUserFollowStats Business Logic"],"fullName":"FollowController Business Logic Tests getUserFollowStats Business Logic should successfully get follow statistics","status":"passed","title":"should successfully get follow statistics","duration":1.3225999999999658,"failureMessages":[],"meta":{}},{"ancestorTitles":["FollowController Business Logic Tests","getUserFollowStats Business Logic"],"fullName":"FollowController Business Logic Tests getUserFollowStats Business Logic should handle stats for new user with zero follows","status":"passed","title":"should handle stats for new user with zero follows","duration":1.1307999999999083,"failureMessages":[],"meta":{}},{"ancestorTitles":["FollowController Business Logic Tests","Error Code Mapping"],"fullName":"FollowController Business Logic Tests Error Code Mapping should map VALIDATION_ERROR to 400 status code","status":"passed","title":"should map VALIDATION_ERROR to 400 status code","duration":1.1192999999999529,"failureMessages":[],"meta":{}},{"ancestorTitles":["FollowController Business Logic Tests","Error Code Mapping"],"fullName":"FollowController Business Logic Tests Error Code Mapping should map NO_FOLLOWER_IDENTITY to 409 status code","status":"passed","title":"should map NO_FOLLOWER_IDENTITY to 409 status code","duration":1.5820999999999685,"failureMessages":[],"meta":{}},{"ancestorTitles":["FollowController Business Logic Tests","Error Code Mapping"],"fullName":"FollowController Business Logic Tests Error Code Mapping should map AUTHENTICATION_REQUIRED to 401 status code","status":"passed","title":"should map AUTHENTICATION_REQUIRED to 401 status code","duration":1.6381000000000085,"failureMessages":[],"meta":{}},{"ancestorTitles":["FollowController Business Logic Tests","Error Code Mapping"],"fullName":"FollowController Business Logic Tests Error Code Mapping should map FORBIDDEN to 403 status code","status":"passed","title":"should map FORBIDDEN to 403 status code","duration":0.8155000000000427,"failureMessages":[],"meta":{}},{"ancestorTitles":["FollowController Business Logic Tests","Error Code Mapping"],"fullName":"FollowController Business Logic Tests Error Code Mapping should map USER_NOT_FOUND to 404 status code","status":"passed","title":"should map USER_NOT_FOUND to 404 status code","duration":0.7466999999999189,"failureMessages":[],"meta":{}},{"ancestorTitles":["FollowController Business Logic Tests","Error Code Mapping"],"fullName":"FollowController Business Logic Tests Error Code Mapping should map NOT_FOLLOWING to 404 status code","status":"passed","title":"should map NOT_FOLLOWING to 404 status code","duration":0.8625000000000682,"failureMessages":[],"meta":{}},{"ancestorTitles":["FollowController Business Logic Tests","Error Code Mapping"],"fullName":"FollowController Business Logic Tests Error Code Mapping should map ALREADY_FOLLOWING to 409 status code","status":"passed","title":"should map ALREADY_FOLLOWING to 409 status code","duration":0.7196999999999889,"failureMessages":[],"meta":{}},{"ancestorTitles":["FollowController Business Logic Tests","Error Code Mapping"],"fullName":"FollowController Business Logic Tests Error Code Mapping should map SELF_FOLLOW_ERROR to 409 status code","status":"passed","title":"should map SELF_FOLLOW_ERROR to 409 status code","duration":9.217800000000011,"failureMessages":[],"meta":{}},{"ancestorTitles":["FollowController Business Logic Tests","Error Code Mapping"],"fullName":"FollowController Business Logic Tests Error Code Mapping should map UNKNOWN_ERROR to 500 status code","status":"passed","title":"should map UNKNOWN_ERROR to 500 status code","duration":3.7381000000000313,"failureMessages":[],"meta":{}},{"ancestorTitles":["FollowController Business Logic Tests","Exception Handling"],"fullName":"FollowController Business Logic Tests Exception Handling should handle database connection errors gracefully","status":"passed","title":"should handle database connection errors gracefully","duration":1.3437000000000126,"failureMessages":[],"meta":{}},{"ancestorTitles":["FollowController Business Logic Tests","Exception Handling"],"fullName":"FollowController Business Logic Tests Exception Handling should handle service timeout errors","status":"passed","title":"should handle service timeout errors","duration":2.3728000000000975,"failureMessages":[],"meta":{}},{"ancestorTitles":["FollowController Business Logic Tests","Exception Handling"],"fullName":"FollowController Business Logic Tests Exception Handling should handle unknown exceptions with generic message","status":"passed","title":"should handle unknown exceptions with generic message","duration":1.926900000000046,"failureMessages":[],"meta":{}}],"startTime":1751457369473,"endTime":1751457369532.927,"status":"passed","message":"","name":"C:/Users/Et Al/Documents/GitHub/ParaSocial/backend/__tests__/controllers/FollowController.business.test.ts"},{"assertionResults":[{"ancestorTitles":["FollowController Unit Tests","followUser()"],"fullName":"FollowController Unit Tests followUser() should successfully follow user with authenticated request","status":"passed","title":"should successfully follow user with authenticated request","duration":7.38130000000001,"failureMessages":[],"meta":{}},{"ancestorTitles":["FollowController Unit Tests","followUser()"],"fullName":"FollowController Unit Tests followUser() should successfully handle ActivityPub external follow","status":"passed","title":"should successfully handle ActivityPub external follow","duration":1.0639999999999645,"failureMessages":[],"meta":{}},{"ancestorTitles":["FollowController Unit Tests","followUser()"],"fullName":"FollowController Unit Tests followUser() should reject when username is missing","status":"passed","title":"should reject when username is missing","duration":1.468499999999949,"failureMessages":[],"meta":{}},{"ancestorTitles":["FollowController Unit Tests","followUser()"],"fullName":"FollowController Unit Tests followUser() should reject when user to follow not found","status":"passed","title":"should reject when user to follow not found","duration":1.0654000000000678,"failureMessages":[],"meta":{}},{"ancestorTitles":["FollowController Unit Tests","followUser()"],"fullName":"FollowController Unit Tests followUser() should reject when no follower identity provided","status":"passed","title":"should reject when no follower identity provided","duration":0.8587999999999738,"failureMessages":[],"meta":{}},{"ancestorTitles":["FollowController Unit Tests","followUser()"],"fullName":"FollowController Unit Tests followUser() should handle service errors correctly","status":"passed","title":"should handle service errors correctly","duration":0.7907999999999902,"failureMessages":[],"meta":{}},{"ancestorTitles":["FollowController Unit Tests","followUser()"],"fullName":"FollowController Unit Tests followUser() should handle unexpected exceptions","status":"passed","title":"should handle unexpected exceptions","duration":0.90199999999993,"failureMessages":[],"meta":{}},{"ancestorTitles":["FollowController Unit Tests","unfollowUser()"],"fullName":"FollowController Unit Tests unfollowUser() should successfully unfollow user","status":"passed","title":"should successfully unfollow user","duration":1.2080000000000837,"failureMessages":[],"meta":{}},{"ancestorTitles":["FollowController Unit Tests","unfollowUser()"],"fullName":"FollowController Unit Tests unfollowUser() should reject when authentication is missing","status":"passed","title":"should reject when authentication is missing","duration":1.4557999999999538,"failureMessages":[],"meta":{}},{"ancestorTitles":["FollowController Unit Tests","unfollowUser()"],"fullName":"FollowController Unit Tests unfollowUser() should handle service error for not following","status":"passed","title":"should handle service error for not following","duration":1.488299999999981,"failureMessages":[],"meta":{}},{"ancestorTitles":["FollowController Unit Tests","getUserFollowers()"],"fullName":"FollowController Unit Tests getUserFollowers() should successfully get followers with default pagination","status":"passed","title":"should successfully get followers with default pagination","duration":1.2268000000000256,"failureMessages":[],"meta":{}},{"ancestorTitles":["FollowController Unit Tests","getUserFollowers()"],"fullName":"FollowController Unit Tests getUserFollowers() should handle custom pagination parameters","status":"passed","title":"should handle custom pagination parameters","duration":0.8857000000000426,"failureMessages":[],"meta":{}},{"ancestorTitles":["FollowController Unit Tests","getUserFollowers()"],"fullName":"FollowController Unit Tests getUserFollowers() should ignore invalid pagination parameters","status":"passed","title":"should ignore invalid pagination parameters","duration":0.7988000000000284,"failureMessages":[],"meta":{}},{"ancestorTitles":["FollowController Unit Tests","getUserFollowStats()"],"fullName":"FollowController Unit Tests getUserFollowStats() should successfully get follow statistics","status":"passed","title":"should successfully get follow statistics","duration":1.2329999999999472,"failureMessages":[],"meta":{}},{"ancestorTitles":["FollowController Unit Tests","checkFollowStatus()"],"fullName":"FollowController Unit Tests checkFollowStatus() should successfully check follow status when following","status":"passed","title":"should successfully check follow status when following","duration":1.365199999999959,"failureMessages":[],"meta":{}},{"ancestorTitles":["FollowController Unit Tests","checkFollowStatus()"],"fullName":"FollowController Unit Tests checkFollowStatus() should handle missing target username","status":"passed","title":"should handle missing target username","duration":1.0066000000000486,"failureMessages":[],"meta":{}},{"ancestorTitles":["FollowController Unit Tests","checkFollowStatus()"],"fullName":"FollowController Unit Tests checkFollowStatus() should handle follower user not found","status":"passed","title":"should handle follower user not found","duration":1.4302000000000135,"failureMessages":[],"meta":{}},{"ancestorTitles":["FollowController Unit Tests","bulkCheckFollowing()"],"fullName":"FollowController Unit Tests bulkCheckFollowing() should successfully perform bulk follow check","status":"passed","title":"should successfully perform bulk follow check","duration":1.7600999999999658,"failureMessages":[],"meta":{}},{"ancestorTitles":["FollowController Unit Tests","bulkCheckFollowing()"],"fullName":"FollowController Unit Tests bulkCheckFollowing() should reject invalid usernames format","status":"passed","title":"should reject invalid usernames format","duration":0.772899999999936,"failureMessages":[],"meta":{}},{"ancestorTitles":["FollowController Unit Tests","getRecentFollowers()"],"fullName":"FollowController Unit Tests getRecentFollowers() should successfully get recent followers for own account","status":"passed","title":"should successfully get recent followers for own account","duration":1.2496999999999616,"failureMessages":[],"meta":{}},{"ancestorTitles":["FollowController Unit Tests","getRecentFollowers()"],"fullName":"FollowController Unit Tests getRecentFollowers() should handle custom limit parameter","status":"passed","title":"should handle custom limit parameter","duration":0.6837999999999056,"failureMessages":[],"meta":{}},{"ancestorTitles":["FollowController Unit Tests","getRecentFollowers()"],"fullName":"FollowController Unit Tests getRecentFollowers() should reject when trying to view others recent followers","status":"passed","title":"should reject when trying to view others recent followers","duration":0.7481999999999971,"failureMessages":[],"meta":{}},{"ancestorTitles":["FollowController Unit Tests","getRecentFollowers()"],"fullName":"FollowController Unit Tests getRecentFollowers() should reject when not authenticated","status":"passed","title":"should reject when not authenticated","duration":0.7450000000000045,"failureMessages":[],"meta":{}},{"ancestorTitles":["FollowController Unit Tests","Error Code Mapping"],"fullName":"FollowController Unit Tests Error Code Mapping should map validation errors to 400 status","status":"passed","title":"should map validation errors to 400 status","duration":0.7531000000000176,"failureMessages":[],"meta":{}},{"ancestorTitles":["FollowController Unit Tests","Error Code Mapping"],"fullName":"FollowController Unit Tests Error Code Mapping should map authentication errors to 401 status","status":"passed","title":"should map authentication errors to 401 status","duration":0.7065000000000055,"failureMessages":[],"meta":{}},{"ancestorTitles":["FollowController Unit Tests","Error Code Mapping"],"fullName":"FollowController Unit Tests Error Code Mapping should map forbidden errors to 403 status","status":"passed","title":"should map forbidden errors to 403 status","duration":0.6739999999999782,"failureMessages":[],"meta":{}},{"ancestorTitles":["FollowController Unit Tests","Error Code Mapping"],"fullName":"FollowController Unit Tests Error Code Mapping should map not found errors to 404 status","status":"passed","title":"should map not found errors to 404 status","duration":0.7042000000000144,"failureMessages":[],"meta":{}},{"ancestorTitles":["FollowController Unit Tests","Error Code Mapping"],"fullName":"FollowController Unit Tests Error Code Mapping should map business rule conflicts to 409 status","status":"passed","title":"should map business rule conflicts to 409 status","duration":0.5991999999999962,"failureMessages":[],"meta":{}},{"ancestorTitles":["FollowController Unit Tests","Error Code Mapping"],"fullName":"FollowController Unit Tests Error Code Mapping should map unknown errors to 500 status","status":"passed","title":"should map unknown errors to 500 status","duration":1.7094000000000733,"failureMessages":[],"meta":{}}],"startTime":1751457369369,"endTime":1751457369407.7095,"status":"passed","message":"","name":"C:/Users/Et Al/Documents/GitHub/ParaSocial/backend/__tests__/controllers/FollowController.test.ts"},{"assertionResults":[{"ancestorTitles":["PostController","createPost","Successful Post Creation"],"fullName":"PostController createPost Successful Post Creation should create a new post successfully","status":"passed","title":"should create a new post successfully","duration":6.647300000000087,"failureMessages":[],"meta":{}},{"ancestorTitles":["PostController","createPost","Successful Post Creation"],"fullName":"PostController createPost Successful Post Creation should create scheduled post successfully","status":"passed","title":"should create scheduled post successfully","duration":2.915899999999965,"failureMessages":[],"meta":{}},{"ancestorTitles":["PostController","createPost","Successful Post Creation"],"fullName":"PostController createPost Successful Post Creation should handle content warning properly","status":"passed","title":"should handle content warning properly","duration":3.4103999999999814,"failureMessages":[],"meta":{}},{"ancestorTitles":["PostController","createPost","Input Validation"],"fullName":"PostController createPost Input Validation should reject posts with empty content","status":"passed","title":"should reject posts with empty content","duration":1.6499999999999773,"failureMessages":[],"meta":{}},{"ancestorTitles":["PostController","createPost","Input Validation"],"fullName":"PostController createPost Input Validation should reject posts with only whitespace content","status":"passed","title":"should reject posts with only whitespace content","duration":1.3094999999999573,"failureMessages":[],"meta":{}},{"ancestorTitles":["PostController","createPost","Input Validation"],"fullName":"PostController createPost Input Validation should reject posts exceeding character limit","status":"passed","title":"should reject posts exceeding character limit","duration":0.5892999999999802,"failureMessages":[],"meta":{}},{"ancestorTitles":["PostController","createPost","Input Validation"],"fullName":"PostController createPost Input Validation should reject scheduled posts without scheduledFor date","status":"passed","title":"should reject scheduled posts without scheduledFor date","duration":0.4408000000000811,"failureMessages":[],"meta":{}},{"ancestorTitles":["PostController","createPost","Input Validation"],"fullName":"PostController createPost Input Validation should reject scheduled posts with past dates","status":"passed","title":"should reject scheduled posts with past dates","duration":0.8893999999999096,"failureMessages":[],"meta":{}},{"ancestorTitles":["PostController","createPost","Server Errors"],"fullName":"PostController createPost Server Errors should handle database errors gracefully","status":"passed","title":"should handle database errors gracefully","duration":0.8383000000000038,"failureMessages":[],"meta":{}},{"ancestorTitles":["PostController","getPosts","Successful Post Retrieval"],"fullName":"PostController getPosts Successful Post Retrieval should return public posts with pagination","status":"passed","title":"should return public posts with pagination","duration":0.79849999999999,"failureMessages":[],"meta":{}},{"ancestorTitles":["PostController","getPosts","Successful Post Retrieval"],"fullName":"PostController getPosts Successful Post Retrieval should filter out current user own posts when authenticated","status":"passed","title":"should filter out current user own posts when authenticated","duration":1.3641000000000076,"failureMessages":[],"meta":{}},{"ancestorTitles":["PostController","getPosts","Successful Post Retrieval"],"fullName":"PostController getPosts Successful Post Retrieval should handle pagination parameters correctly","status":"passed","title":"should handle pagination parameters correctly","duration":1.280499999999961,"failureMessages":[],"meta":{}},{"ancestorTitles":["PostController","getPosts","Successful Post Retrieval"],"fullName":"PostController getPosts Successful Post Retrieval should handle invalid pagination parameters","status":"passed","title":"should handle invalid pagination parameters","duration":0.8280999999999494,"failureMessages":[],"meta":{}},{"ancestorTitles":["PostController","getPosts","Server Errors"],"fullName":"PostController getPosts Server Errors should handle database errors gracefully","status":"passed","title":"should handle database errors gracefully","duration":0.8967000000000098,"failureMessages":[],"meta":{}},{"ancestorTitles":["PostController","getPostById","Successful Post Retrieval"],"fullName":"PostController getPostById Successful Post Retrieval should return post when found and published","status":"passed","title":"should return post when found and published","duration":0.7558999999999969,"failureMessages":[],"meta":{}},{"ancestorTitles":["PostController","getPostById","Successful Post Retrieval"],"fullName":"PostController getPostById Successful Post Retrieval should return unpublished post when author is viewing","status":"passed","title":"should return unpublished post when author is viewing","duration":0.7365999999999531,"failureMessages":[],"meta":{}},{"ancestorTitles":["PostController","getPostById","Access Control"],"fullName":"PostController getPostById Access Control should return 404 for unpublished post when not the author","status":"passed","title":"should return 404 for unpublished post when not the author","duration":0.7599999999999909,"failureMessages":[],"meta":{}},{"ancestorTitles":["PostController","getPostById","Access Control"],"fullName":"PostController getPostById Access Control should return 404 when post does not exist","status":"passed","title":"should return 404 when post does not exist","duration":0.5746000000000322,"failureMessages":[],"meta":{}},{"ancestorTitles":["PostController","getPostById","Input Validation"],"fullName":"PostController getPostById Input Validation should return 400 when post ID is missing","status":"passed","title":"should return 400 when post ID is missing","duration":0.49699999999995725,"failureMessages":[],"meta":{}},{"ancestorTitles":["PostController","deletePost","Successful Post Deletion"],"fullName":"PostController deletePost Successful Post Deletion should delete own post successfully","status":"passed","title":"should delete own post successfully","duration":0.6029999999999518,"failureMessages":[],"meta":{}},{"ancestorTitles":["PostController","deletePost","Access Control"],"fullName":"PostController deletePost Access Control should return 403 when trying to delete another user post","status":"passed","title":"should return 403 when trying to delete another user post","duration":0.5068999999999733,"failureMessages":[],"meta":{}},{"ancestorTitles":["PostController","deletePost","Access Control"],"fullName":"PostController deletePost Access Control should return 404 when post does not exist","status":"passed","title":"should return 404 when post does not exist","duration":0.43679999999994834,"failureMessages":[],"meta":{}},{"ancestorTitles":["PostController","getUserPosts","Successful User Posts Retrieval"],"fullName":"PostController getUserPosts Successful User Posts Retrieval should return user posts with pagination","status":"passed","title":"should return user posts with pagination","duration":0.6817000000000917,"failureMessages":[],"meta":{}},{"ancestorTitles":["PostController","getUserPosts","Successful User Posts Retrieval"],"fullName":"PostController getUserPosts Successful User Posts Retrieval should return 404 when user does not exist","status":"passed","title":"should return 404 when user does not exist","duration":1.733699999999999,"failureMessages":[],"meta":{}}],"startTime":1751457370097,"endTime":1751457370129.7336,"status":"passed","message":"","name":"C:/Users/Et Al/Documents/GitHub/ParaSocial/backend/__tests__/controllers/PostController.test.ts"},{"assertionResults":[{"ancestorTitles":["Authentication Middleware","createAuthMiddleware (Required Authentication)","Valid Authentication"],"fullName":"Authentication Middleware createAuthMiddleware (Required Authentication) Valid Authentication should successfully authenticate with valid token","status":"passed","title":"should successfully authenticate with valid token","duration":7.287500000000023,"failureMessages":[],"meta":{}},{"ancestorTitles":["Authentication Middleware","createAuthMiddleware (Required Authentication)","Valid Authentication"],"fullName":"Authentication Middleware createAuthMiddleware (Required Authentication) Valid Authentication should handle different token formats correctly","status":"passed","title":"should handle different token formats correctly","duration":1.558400000000006,"failureMessages":[],"meta":{}},{"ancestorTitles":["Authentication Middleware","createAuthMiddleware (Required Authentication)","Valid Authentication"],"fullName":"Authentication Middleware createAuthMiddleware (Required Authentication) Valid Authentication should handle user with numeric ID","status":"passed","title":"should handle user with numeric ID","duration":0.8260000000000218,"failureMessages":[],"meta":{}},{"ancestorTitles":["Authentication Middleware","createAuthMiddleware (Required Authentication)","Valid Authentication"],"fullName":"Authentication Middleware createAuthMiddleware (Required Authentication) Valid Authentication should handle case-sensitive headers","status":"passed","title":"should handle case-sensitive headers","duration":0.6485000000000127,"failureMessages":[],"meta":{}},{"ancestorTitles":["Authentication Middleware","createAuthMiddleware (Required Authentication)","Missing Authentication"],"fullName":"Authentication Middleware createAuthMiddleware (Required Authentication) Missing Authentication should return 401 when no authorization header is provided","status":"passed","title":"should return 401 when no authorization header is provided","duration":1.821799999999996,"failureMessages":[],"meta":{}},{"ancestorTitles":["Authentication Middleware","createAuthMiddleware (Required Authentication)","Missing Authentication"],"fullName":"Authentication Middleware createAuthMiddleware (Required Authentication) Missing Authentication should return 401 when authorization header is empty","status":"passed","title":"should return 401 when authorization header is empty","duration":1.0378999999999792,"failureMessages":[],"meta":{}},{"ancestorTitles":["Authentication Middleware","createAuthMiddleware (Required Authentication)","Missing Authentication"],"fullName":"Authentication Middleware createAuthMiddleware (Required Authentication) Missing Authentication should return 401 when authorization header has wrong format","status":"passed","title":"should return 401 when authorization header has wrong format","duration":1.0003000000000384,"failureMessages":[],"meta":{}},{"ancestorTitles":["Authentication Middleware","createAuthMiddleware (Required Authentication)","Missing Authentication"],"fullName":"Authentication Middleware createAuthMiddleware (Required Authentication) Missing Authentication should return 401 when Bearer token is missing","status":"passed","title":"should return 401 when Bearer token is missing","duration":0.8850000000000477,"failureMessages":[],"meta":{}},{"ancestorTitles":["Authentication Middleware","createAuthMiddleware (Required Authentication)","Invalid Authentication"],"fullName":"Authentication Middleware createAuthMiddleware (Required Authentication) Invalid Authentication should return 401 for invalid token","status":"passed","title":"should return 401 for invalid token","duration":1.0049999999999955,"failureMessages":[],"meta":{}},{"ancestorTitles":["Authentication Middleware","createAuthMiddleware (Required Authentication)","Invalid Authentication"],"fullName":"Authentication Middleware createAuthMiddleware (Required Authentication) Invalid Authentication should return 401 for expired token","status":"passed","title":"should return 401 for expired token","duration":0.48320000000001073,"failureMessages":[],"meta":{}},{"ancestorTitles":["Authentication Middleware","createAuthMiddleware (Required Authentication)","Invalid Authentication"],"fullName":"Authentication Middleware createAuthMiddleware (Required Authentication) Invalid Authentication should return 401 for malformed token","status":"passed","title":"should return 401 for malformed token","duration":0.40109999999998536,"failureMessages":[],"meta":{}},{"ancestorTitles":["Authentication Middleware","createAuthMiddleware (Required Authentication)","Invalid Authentication"],"fullName":"Authentication Middleware createAuthMiddleware (Required Authentication) Invalid Authentication should handle generic authentication errors","status":"passed","title":"should handle generic authentication errors","duration":0.712099999999964,"failureMessages":[],"meta":{}},{"ancestorTitles":["Authentication Middleware","createAuthMiddleware (Required Authentication)","Invalid Authentication"],"fullName":"Authentication Middleware createAuthMiddleware (Required Authentication) Invalid Authentication should handle non-Error exceptions","status":"passed","title":"should handle non-Error exceptions","duration":0.9693000000000325,"failureMessages":[],"meta":{}},{"ancestorTitles":["Authentication Middleware","createAuthMiddleware (Required Authentication)","Error Handling Edge Cases"],"fullName":"Authentication Middleware createAuthMiddleware (Required Authentication) Error Handling Edge Cases should handle extractTokenFromHeader throwing an error","status":"passed","title":"should handle extractTokenFromHeader throwing an error","duration":1.0106000000000108,"failureMessages":[],"meta":{}},{"ancestorTitles":["Authentication Middleware","createAuthMiddleware (Required Authentication)","Error Handling Edge Cases"],"fullName":"Authentication Middleware createAuthMiddleware (Required Authentication) Error Handling Edge Cases should handle verifyToken returning null or undefined","status":"passed","title":"should handle verifyToken returning null or undefined","duration":0.8190000000000168,"failureMessages":[],"meta":{}},{"ancestorTitles":["Authentication Middleware","createOptionalAuthMiddleware (Optional Authentication)","Valid Authentication"],"fullName":"Authentication Middleware createOptionalAuthMiddleware (Optional Authentication) Valid Authentication should authenticate when valid token is provided","status":"passed","title":"should authenticate when valid token is provided","duration":0.842899999999986,"failureMessages":[],"meta":{}},{"ancestorTitles":["Authentication Middleware","createOptionalAuthMiddleware (Optional Authentication)","Valid Authentication"],"fullName":"Authentication Middleware createOptionalAuthMiddleware (Optional Authentication) Valid Authentication should handle valid authentication same as required middleware","status":"passed","title":"should handle valid authentication same as required middleware","duration":0.6357999999999606,"failureMessages":[],"meta":{}},{"ancestorTitles":["Authentication Middleware","createOptionalAuthMiddleware (Optional Authentication)","Missing Authentication"],"fullName":"Authentication Middleware createOptionalAuthMiddleware (Optional Authentication) Missing Authentication should continue without user when no token is provided","status":"passed","title":"should continue without user when no token is provided","duration":0.5054999999999836,"failureMessages":[],"meta":{}},{"ancestorTitles":["Authentication Middleware","createOptionalAuthMiddleware (Optional Authentication)","Missing Authentication"],"fullName":"Authentication Middleware createOptionalAuthMiddleware (Optional Authentication) Missing Authentication should continue without user when authorization header is empty","status":"passed","title":"should continue without user when authorization header is empty","duration":0.40260000000000673,"failureMessages":[],"meta":{}},{"ancestorTitles":["Authentication Middleware","createOptionalAuthMiddleware (Optional Authentication)","Missing Authentication"],"fullName":"Authentication Middleware createOptionalAuthMiddleware (Optional Authentication) Missing Authentication should continue without user when Bearer format is wrong","status":"passed","title":"should continue without user when Bearer format is wrong","duration":0.3782000000000494,"failureMessages":[],"meta":{}},{"ancestorTitles":["Authentication Middleware","createOptionalAuthMiddleware (Optional Authentication)","Invalid Authentication"],"fullName":"Authentication Middleware createOptionalAuthMiddleware (Optional Authentication) Invalid Authentication should continue without user when token is invalid","status":"passed","title":"should continue without user when token is invalid","duration":0.5610000000000355,"failureMessages":[],"meta":{}},{"ancestorTitles":["Authentication Middleware","createOptionalAuthMiddleware (Optional Authentication)","Invalid Authentication"],"fullName":"Authentication Middleware createOptionalAuthMiddleware (Optional Authentication) Invalid Authentication should continue without user when token is expired","status":"passed","title":"should continue without user when token is expired","duration":0.3994999999999891,"failureMessages":[],"meta":{}},{"ancestorTitles":["Authentication Middleware","createOptionalAuthMiddleware (Optional Authentication)","Invalid Authentication"],"fullName":"Authentication Middleware createOptionalAuthMiddleware (Optional Authentication) Invalid Authentication should continue without user for any token verification error","status":"passed","title":"should continue without user for any token verification error","duration":0.37129999999996244,"failureMessages":[],"meta":{}},{"ancestorTitles":["Authentication Middleware","createOptionalAuthMiddleware (Optional Authentication)","Invalid Authentication"],"fullName":"Authentication Middleware createOptionalAuthMiddleware (Optional Authentication) Invalid Authentication should handle extractTokenFromHeader errors gracefully","status":"passed","title":"should handle extractTokenFromHeader errors gracefully","duration":0.36990000000002965,"failureMessages":[],"meta":{}},{"ancestorTitles":["Authentication Middleware","Middleware Factory Functions"],"fullName":"Authentication Middleware Middleware Factory Functions should create middleware function from createAuthMiddleware","status":"passed","title":"should create middleware function from createAuthMiddleware","duration":0.39879999999999427,"failureMessages":[],"meta":{}},{"ancestorTitles":["Authentication Middleware","Middleware Factory Functions"],"fullName":"Authentication Middleware Middleware Factory Functions should create middleware function from createOptionalAuthMiddleware","status":"passed","title":"should create middleware function from createOptionalAuthMiddleware","duration":0.31389999999998963,"failureMessages":[],"meta":{}},{"ancestorTitles":["Authentication Middleware","Middleware Factory Functions"],"fullName":"Authentication Middleware Middleware Factory Functions should create independent middleware instances","status":"passed","title":"should create independent middleware instances","duration":0.47469999999998436,"failureMessages":[],"meta":{}},{"ancestorTitles":["Authentication Middleware","Middleware Factory Functions"],"fullName":"Authentication Middleware Middleware Factory Functions should handle different AuthService instances","status":"passed","title":"should handle different AuthService instances","duration":0.3686999999999898,"failureMessages":[],"meta":{}},{"ancestorTitles":["Authentication Middleware","Integration Scenarios"],"fullName":"Authentication Middleware Integration Scenarios should work in sequence with multiple middleware","status":"passed","title":"should work in sequence with multiple middleware","duration":0.40800000000001546,"failureMessages":[],"meta":{}},{"ancestorTitles":["Authentication Middleware","Integration Scenarios"],"fullName":"Authentication Middleware Integration Scenarios should preserve existing request properties","status":"passed","title":"should preserve existing request properties","duration":2.3454999999999586,"failureMessages":[],"meta":{}},{"ancestorTitles":["Authentication Middleware","Integration Scenarios"],"fullName":"Authentication Middleware Integration Scenarios should handle concurrent requests independently","status":"passed","title":"should handle concurrent requests independently","duration":0.9381000000000199,"failureMessages":[],"meta":{}}],"startTime":1751457368348,"endTime":1751457368379.938,"status":"passed","message":"","name":"C:/Users/Et Al/Documents/GitHub/ParaSocial/backend/__tests__/middleware/authMiddleware.test.ts"},{"assertionResults":[{"ancestorTitles":["Follow Validation Middleware","validateFollowRequest","Valid Follow Requests"],"fullName":"Follow Validation Middleware validateFollowRequest Valid Follow Requests should pass validation with valid username and no actorId","status":"passed","title":"should pass validation with valid username and no actorId","duration":5.465199999999982,"failureMessages":[],"meta":{}},{"ancestorTitles":["Follow Validation Middleware","validateFollowRequest","Valid Follow Requests"],"fullName":"Follow Validation Middleware validateFollowRequest Valid Follow Requests should pass validation with valid ActivityPub actor ID","status":"passed","title":"should pass validation with valid ActivityPub actor ID","duration":1.8677999999999884,"failureMessages":[],"meta":{}},{"ancestorTitles":["Follow Validation Middleware","validateFollowRequest","Valid Follow Requests"],"fullName":"Follow Validation Middleware validateFollowRequest Valid Follow Requests should pass validation with various valid usernames","status":"passed","title":"should pass validation with various valid usernames","duration":2.1598999999999933,"failureMessages":[],"meta":{}},{"ancestorTitles":["Follow Validation Middleware","validateFollowRequest","Valid Follow Requests"],"fullName":"Follow Validation Middleware validateFollowRequest Valid Follow Requests should pass validation with various valid ActivityPub URLs","status":"passed","title":"should pass validation with various valid ActivityPub URLs","duration":1.766999999999996,"failureMessages":[],"meta":{}},{"ancestorTitles":["Follow Validation Middleware","validateFollowRequest","Valid Follow Requests"],"fullName":"Follow Validation Middleware validateFollowRequest Valid Follow Requests should pass validation with null actorId","status":"passed","title":"should pass validation with null actorId","duration":0.5802999999999656,"failureMessages":[],"meta":{}},{"ancestorTitles":["Follow Validation Middleware","validateFollowRequest","Invalid Follow Requests"],"fullName":"Follow Validation Middleware validateFollowRequest Invalid Follow Requests should reject invalid username","status":"passed","title":"should reject invalid username","duration":6.881799999999998,"failureMessages":[],"meta":{}},{"ancestorTitles":["Follow Validation Middleware","validateFollowRequest","Invalid Follow Requests"],"fullName":"Follow Validation Middleware validateFollowRequest Invalid Follow Requests should reject invalid ActivityPub actor URLs","status":"passed","title":"should reject invalid ActivityPub actor URLs","duration":3.446900000000028,"failureMessages":[],"meta":{}},{"ancestorTitles":["Follow Validation Middleware","validateUnfollowRequest","Valid Unfollow Requests"],"fullName":"Follow Validation Middleware validateUnfollowRequest Valid Unfollow Requests should pass validation with valid username","status":"passed","title":"should pass validation with valid username","duration":0.5842000000000098,"failureMessages":[],"meta":{}},{"ancestorTitles":["Follow Validation Middleware","validateUnfollowRequest","Valid Unfollow Requests"],"fullName":"Follow Validation Middleware validateUnfollowRequest Valid Unfollow Requests should pass validation with various valid usernames","status":"passed","title":"should pass validation with various valid usernames","duration":0.764699999999948,"failureMessages":[],"meta":{}},{"ancestorTitles":["Follow Validation Middleware","validateUnfollowRequest","Invalid Unfollow Requests"],"fullName":"Follow Validation Middleware validateUnfollowRequest Invalid Unfollow Requests should reject invalid usernames","status":"passed","title":"should reject invalid usernames","duration":1.7764999999999986,"failureMessages":[],"meta":{}},{"ancestorTitles":["Follow Validation Middleware","validateFollowerQuery","Valid Follower Queries"],"fullName":"Follow Validation Middleware validateFollowerQuery Valid Follower Queries should pass validation with default parameters","status":"passed","title":"should pass validation with default parameters","duration":0.8366000000000327,"failureMessages":[],"meta":{}},{"ancestorTitles":["Follow Validation Middleware","validateFollowerQuery","Valid Follower Queries"],"fullName":"Follow Validation Middleware validateFollowerQuery Valid Follower Queries should pass validation with valid pagination parameters","status":"passed","title":"should pass validation with valid pagination parameters","duration":0.3575999999999908,"failureMessages":[],"meta":{}},{"ancestorTitles":["Follow Validation Middleware","validateFollowerQuery","Valid Follower Queries"],"fullName":"Follow Validation Middleware validateFollowerQuery Valid Follower Queries should pass validation with includeInactive flag","status":"passed","title":"should pass validation with includeInactive flag","duration":1.1265999999999963,"failureMessages":[],"meta":{}},{"ancestorTitles":["Follow Validation Middleware","validateFollowerQuery","Valid Follower Queries"],"fullName":"Follow Validation Middleware validateFollowerQuery Valid Follower Queries should handle includeInactive false correctly","status":"passed","title":"should handle includeInactive false correctly","duration":0.39220000000000255,"failureMessages":[],"meta":{}},{"ancestorTitles":["Follow Validation Middleware","validateFollowerQuery","Invalid Follower Queries"],"fullName":"Follow Validation Middleware validateFollowerQuery Invalid Follower Queries should reject invalid username in params","status":"passed","title":"should reject invalid username in params","duration":0.3324000000000069,"failureMessages":[],"meta":{}},{"ancestorTitles":["Follow Validation Middleware","validateFollowerQuery","Invalid Follower Queries"],"fullName":"Follow Validation Middleware validateFollowerQuery Invalid Follower Queries should reject page number that is too high","status":"passed","title":"should reject page number that is too high","duration":0.5323000000000206,"failureMessages":[],"meta":{}},{"ancestorTitles":["Follow Validation Middleware","validateFollowerQuery","Invalid Follower Queries"],"fullName":"Follow Validation Middleware validateFollowerQuery Invalid Follower Queries should reject limit that is too high","status":"passed","title":"should reject limit that is too high","duration":0.4067999999999756,"failureMessages":[],"meta":{}},{"ancestorTitles":["Follow Validation Middleware","validateFollowerQuery","Invalid Follower Queries"],"fullName":"Follow Validation Middleware validateFollowerQuery Invalid Follower Queries should reject zero or negative page numbers","status":"passed","title":"should reject zero or negative page numbers","duration":0.5580999999999676,"failureMessages":[],"meta":{}},{"ancestorTitles":["Follow Validation Middleware","validateWebFingerQuery","Valid WebFinger Queries"],"fullName":"Follow Validation Middleware validateWebFingerQuery Valid WebFinger Queries should pass validation with acct: format","status":"passed","title":"should pass validation with acct: format","duration":0.4319999999999595,"failureMessages":[],"meta":{}},{"ancestorTitles":["Follow Validation Middleware","validateWebFingerQuery","Valid WebFinger Queries"],"fullName":"Follow Validation Middleware validateWebFingerQuery Valid WebFinger Queries should pass validation with HTTPS URL format","status":"passed","title":"should pass validation with HTTPS URL format","duration":0.2873000000000161,"failureMessages":[],"meta":{}},{"ancestorTitles":["Follow Validation Middleware","validateWebFingerQuery","Valid WebFinger Queries"],"fullName":"Follow Validation Middleware validateWebFingerQuery Valid WebFinger Queries should pass validation with various acct: formats","status":"passed","title":"should pass validation with various acct: formats","duration":0.39580000000000837,"failureMessages":[],"meta":{}},{"ancestorTitles":["Follow Validation Middleware","validateWebFingerQuery","Valid WebFinger Queries"],"fullName":"Follow Validation Middleware validateWebFingerQuery Valid WebFinger Queries should pass validation with various HTTPS URL formats","status":"passed","title":"should pass validation with various HTTPS URL formats","duration":0.432200000000023,"failureMessages":[],"meta":{}},{"ancestorTitles":["Follow Validation Middleware","validateWebFingerQuery","Invalid WebFinger Queries"],"fullName":"Follow Validation Middleware validateWebFingerQuery Invalid WebFinger Queries should reject invalid resource formats","status":"passed","title":"should reject invalid resource formats","duration":1.981300000000033,"failureMessages":[],"meta":{}},{"ancestorTitles":["Follow Validation Middleware","validateWebFingerQuery","Invalid WebFinger Queries"],"fullName":"Follow Validation Middleware validateWebFingerQuery Invalid WebFinger Queries should reject missing resource parameter","status":"passed","title":"should reject missing resource parameter","duration":1.1750000000000114,"failureMessages":[],"meta":{}},{"ancestorTitles":["Follow Validation Middleware","validateActivityPubInbox","Valid ActivityPub Inbox Requests"],"fullName":"Follow Validation Middleware validateActivityPubInbox Valid ActivityPub Inbox Requests should pass validation with valid ActivityPub request","status":"passed","title":"should pass validation with valid ActivityPub request","duration":1.1410999999999945,"failureMessages":[],"meta":{}},{"ancestorTitles":["Follow Validation Middleware","validateActivityPubInbox","Valid ActivityPub Inbox Requests"],"fullName":"Follow Validation Middleware validateActivityPubInbox Valid ActivityPub Inbox Requests should pass validation with extended ActivityPub content type","status":"passed","title":"should pass validation with extended ActivityPub content type","duration":0.48720000000002983,"failureMessages":[],"meta":{}},{"ancestorTitles":["Follow Validation Middleware","validateActivityPubInbox","Valid ActivityPub Inbox Requests"],"fullName":"Follow Validation Middleware validateActivityPubInbox Valid ActivityPub Inbox Requests should pass validation with all required ActivityPub fields","status":"passed","title":"should pass validation with all required ActivityPub fields","duration":0.5577999999999861,"failureMessages":[],"meta":{}},{"ancestorTitles":["Follow Validation Middleware","validateActivityPubInbox","Invalid ActivityPub Inbox Requests"],"fullName":"Follow Validation Middleware validateActivityPubInbox Invalid ActivityPub Inbox Requests should reject non-ActivityPub content type","status":"passed","title":"should reject non-ActivityPub content type","duration":1.5398000000000138,"failureMessages":[],"meta":{}},{"ancestorTitles":["Follow Validation Middleware","validateActivityPubInbox","Invalid ActivityPub Inbox Requests"],"fullName":"Follow Validation Middleware validateActivityPubInbox Invalid ActivityPub Inbox Requests should reject missing content type","status":"passed","title":"should reject missing content type","duration":1.1363999999999805,"failureMessages":[],"meta":{}},{"ancestorTitles":["Follow Validation Middleware","validateActivityPubInbox","Invalid ActivityPub Inbox Requests"],"fullName":"Follow Validation Middleware validateActivityPubInbox Invalid ActivityPub Inbox Requests should reject invalid username","status":"passed","title":"should reject invalid username","duration":0.5298000000000229,"failureMessages":[],"meta":{}},{"ancestorTitles":["Follow Validation Middleware","validateActivityPubInbox","Invalid ActivityPub Inbox Requests"],"fullName":"Follow Validation Middleware validateActivityPubInbox Invalid ActivityPub Inbox Requests should reject non-object request body","status":"passed","title":"should reject non-object request body","duration":1.320600000000013,"failureMessages":[],"meta":{}},{"ancestorTitles":["Follow Validation Middleware","validateActivityPubInbox","Invalid ActivityPub Inbox Requests"],"fullName":"Follow Validation Middleware validateActivityPubInbox Invalid ActivityPub Inbox Requests should reject ActivityPub activities missing required fields","status":"passed","title":"should reject ActivityPub activities missing required fields","duration":1.4733999999999696,"failureMessages":[],"meta":{}},{"ancestorTitles":["Follow Validation Middleware","Error Handling"],"fullName":"Follow Validation Middleware Error Handling should handle validation errors properly","status":"passed","title":"should handle validation errors properly","duration":1.51339999999999,"failureMessages":[],"meta":{}}],"startTime":1751457367800,"endTime":1751457367846.5134,"status":"passed","message":"","name":"C:/Users/Et Al/Documents/GitHub/ParaSocial/backend/__tests__/middleware/followValidationMiddleware.test.ts"},{"assertionResults":[{"ancestorTitles":["Media & Moderation Validation Middleware","validateMediaUpload","Valid Media Uploads"],"fullName":"Media & Moderation Validation Middleware validateMediaUpload Valid Media Uploads should pass validation with valid image file","status":"passed","title":"should pass validation with valid image file","duration":7.203700000000026,"failureMessages":[],"meta":{}},{"ancestorTitles":["Media & Moderation Validation Middleware","validateMediaUpload","Valid Media Uploads"],"fullName":"Media & Moderation Validation Middleware validateMediaUpload Valid Media Uploads should pass validation with all supported image types","status":"passed","title":"should pass validation with all supported image types","duration":3.194900000000075,"failureMessages":[],"meta":{}},{"ancestorTitles":["Media & Moderation Validation Middleware","validateMediaUpload","Valid Media Uploads"],"fullName":"Media & Moderation Validation Middleware validateMediaUpload Valid Media Uploads should pass validation with supported video types","status":"passed","title":"should pass validation with supported video types","duration":1.4741999999999962,"failureMessages":[],"meta":{}},{"ancestorTitles":["Media & Moderation Validation Middleware","validateMediaUpload","Valid Media Uploads"],"fullName":"Media & Moderation Validation Middleware validateMediaUpload Valid Media Uploads should pass validation without alt text","status":"passed","title":"should pass validation without alt text","duration":0.6651000000000522,"failureMessages":[],"meta":{}},{"ancestorTitles":["Media & Moderation Validation Middleware","validateMediaUpload","Valid Media Uploads"],"fullName":"Media & Moderation Validation Middleware validateMediaUpload Valid Media Uploads should pass validation with empty alt text","status":"passed","title":"should pass validation with empty alt text","duration":0.7902000000000271,"failureMessages":[],"meta":{}},{"ancestorTitles":["Media & Moderation Validation Middleware","validateMediaUpload","Invalid Media Uploads"],"fullName":"Media & Moderation Validation Middleware validateMediaUpload Invalid Media Uploads should reject upload without file","status":"passed","title":"should reject upload without file","duration":3.1485000000000127,"failureMessages":[],"meta":{}},{"ancestorTitles":["Media & Moderation Validation Middleware","validateMediaUpload","Invalid Media Uploads"],"fullName":"Media & Moderation Validation Middleware validateMediaUpload Invalid Media Uploads should reject unsupported file types","status":"failed","title":"should reject unsupported file types","duration":25.494500000000016,"failureMessages":["AssertionError: expected \"spy\" to be called with arguments: [ ObjectContaining{…} ]\u001b[90m\n\nReceived: \n\n\u001b[1m  1st spy call:\n\n\u001b[22m\u001b[2m  [\u001b[22m\n\u001b[32m-   ObjectContaining {\u001b[90m\n\u001b[32m-     \"error\": ObjectContaining {\u001b[90m\n\u001b[32m-       \"code\": \"VALIDATION_ERROR\",\u001b[90m\n\u001b[32m-       \"details\": ArrayContaining [\u001b[90m\n\u001b[32m-         ObjectContaining {\u001b[90m\n\u001b[32m-           \"field\": \"mimetype\",\u001b[90m\n\u001b[31m+   {\u001b[90m\n\u001b[31m+     \"error\": {\u001b[90m\n\u001b[31m+       \"code\": \"INVALID_FILE_TYPE\",\u001b[90m\n\u001b[2m        \"message\": \"File type not supported. Use JPEG, PNG, GIF, WEBP, MP4, or WEBM\",\u001b[22m\n\u001b[32m-         },\u001b[90m\n\u001b[32m-       ],\u001b[90m\n\u001b[2m      },\u001b[22m\n\u001b[2m      \"success\": false,\u001b[22m\n\u001b[2m    },\u001b[22m\n\u001b[2m  ]\u001b[22m\n\u001b[39m\u001b[90m\n\nNumber of calls: \u001b[1m1\u001b[22m\n\u001b[39m\n    at Proxy.<anonymous> (file:///C:/Users/Et%20Al/Documents/GitHub/parasocial/backend/node_modules/@vitest/expect/dist/index.js:1355:10)\n    at Proxy.<anonymous> (file:///C:/Users/Et%20Al/Documents/GitHub/parasocial/backend/node_modules/@vitest/expect/dist/index.js:1029:14)\n    at Proxy.methodWrapper (file:///C:/Users/Et%20Al/Documents/GitHub/parasocial/backend/node_modules/chai/chai.js:1618:25)\n    at C:\\Users\\Et Al\\Documents\\GitHub\\ParaSocial\\backend\\__tests__\\middleware\\mediaModerationValidationMiddleware.test.ts:222:27\n    at Array.forEach (<anonymous>)\n    at C:\\Users\\Et Al\\Documents\\GitHub\\ParaSocial\\backend\\__tests__\\middleware\\mediaModerationValidationMiddleware.test.ts:202:26\n    at file:///C:/Users/Et%20Al/Documents/GitHub/parasocial/backend/node_modules/@vitest/runner/dist/chunk-hooks.js:155:11\n    at file:///C:/Users/Et%20Al/Documents/GitHub/parasocial/backend/node_modules/@vitest/runner/dist/chunk-hooks.js:752:26\n    at file:///C:/Users/Et%20Al/Documents/GitHub/parasocial/backend/node_modules/@vitest/runner/dist/chunk-hooks.js:1897:20\n    at new Promise (<anonymous>)"],"meta":{}},{"ancestorTitles":["Media & Moderation Validation Middleware","validateMediaUpload","Invalid Media Uploads"],"fullName":"Media & Moderation Validation Middleware validateMediaUpload Invalid Media Uploads should reject files that are too large","status":"failed","title":"should reject files that are too large","duration":6.79830000000004,"failureMessages":["AssertionError: expected \"spy\" to be called with arguments: [ ObjectContaining{…} ]\u001b[90m\n\nReceived: \n\n\u001b[1m  1st spy call:\n\n\u001b[22m\u001b[2m  [\u001b[22m\n\u001b[32m-   ObjectContaining {\u001b[90m\n\u001b[32m-     \"error\": ObjectContaining {\u001b[90m\n\u001b[32m-       \"details\": ArrayContaining [\u001b[90m\n\u001b[32m-         ObjectContaining {\u001b[90m\n\u001b[32m-           \"field\": \"size\",\u001b[90m\n\u001b[32m-           \"message\": \"File size must be less than 10MB\",\u001b[90m\n\u001b[32m-         },\u001b[90m\n\u001b[32m-       ],\u001b[90m\n\u001b[31m+   {\u001b[90m\n\u001b[31m+     \"error\": {\u001b[90m\n\u001b[31m+       \"code\": \"FILE_TOO_LARGE\",\u001b[90m\n\u001b[31m+       \"message\": \"File size exceeds 10MB limit\",\u001b[90m\n\u001b[2m      },\u001b[22m\n\u001b[2m      \"success\": false,\u001b[22m\n\u001b[2m    },\u001b[22m\n\u001b[2m  ]\u001b[22m\n\u001b[39m\u001b[90m\n\nNumber of calls: \u001b[1m1\u001b[22m\n\u001b[39m\n    at Proxy.<anonymous> (file:///C:/Users/Et%20Al/Documents/GitHub/parasocial/backend/node_modules/@vitest/expect/dist/index.js:1355:10)\n    at Proxy.<anonymous> (file:///C:/Users/Et%20Al/Documents/GitHub/parasocial/backend/node_modules/@vitest/expect/dist/index.js:1029:14)\n    at Proxy.methodWrapper (file:///C:/Users/Et%20Al/Documents/GitHub/parasocial/backend/node_modules/chai/chai.js:1618:25)\n    at C:\\Users\\Et Al\\Documents\\GitHub\\ParaSocial\\backend\\__tests__\\middleware\\mediaModerationValidationMiddleware.test.ts:257:25\n    at file:///C:/Users/Et%20Al/Documents/GitHub/parasocial/backend/node_modules/@vitest/runner/dist/chunk-hooks.js:155:11\n    at file:///C:/Users/Et%20Al/Documents/GitHub/parasocial/backend/node_modules/@vitest/runner/dist/chunk-hooks.js:752:26\n    at file:///C:/Users/Et%20Al/Documents/GitHub/parasocial/backend/node_modules/@vitest/runner/dist/chunk-hooks.js:1897:20\n    at new Promise (<anonymous>)\n    at runWithTimeout (file:///C:/Users/Et%20Al/Documents/GitHub/parasocial/backend/node_modules/@vitest/runner/dist/chunk-hooks.js:1863:10)\n    at runTest (file:///C:/Users/Et%20Al/Documents/GitHub/parasocial/backend/node_modules/@vitest/runner/dist/chunk-hooks.js:1574:12)"],"meta":{}},{"ancestorTitles":["Media & Moderation Validation Middleware","validateMediaUpload","Invalid Media Uploads"],"fullName":"Media & Moderation Validation Middleware validateMediaUpload Invalid Media Uploads should reject empty files","status":"failed","title":"should reject empty files","duration":3.0200999999999567,"failureMessages":["AssertionError: expected \"spy\" to be called with arguments: [ ObjectContaining{…} ]\u001b[90m\n\nReceived: \n\n\u001b[1m  1st spy call:\n\n\u001b[22m\u001b[2m  [\u001b[22m\n\u001b[32m-   ObjectContaining {\u001b[90m\n\u001b[32m-     \"error\": ObjectContaining {\u001b[90m\n\u001b[32m-       \"details\": ArrayContaining [\u001b[90m\n\u001b[32m-         ObjectContaining {\u001b[90m\n\u001b[32m-           \"field\": \"size\",\u001b[90m\n\u001b[32m-           \"message\": \"File cannot be empty\",\u001b[90m\n\u001b[32m-         },\u001b[90m\n\u001b[32m-       ],\u001b[90m\n\u001b[31m+   {\u001b[90m\n\u001b[31m+     \"error\": {\u001b[90m\n\u001b[31m+       \"code\": \"FILE_TOO_LARGE\",\u001b[90m\n\u001b[31m+       \"message\": \"File size exceeds 10MB limit\",\u001b[90m\n\u001b[2m      },\u001b[22m\n\u001b[2m      \"success\": false,\u001b[22m\n\u001b[2m    },\u001b[22m\n\u001b[2m  ]\u001b[22m\n\u001b[39m\u001b[90m\n\nNumber of calls: \u001b[1m1\u001b[22m\n\u001b[39m\n    at Proxy.<anonymous> (file:///C:/Users/Et%20Al/Documents/GitHub/parasocial/backend/node_modules/@vitest/expect/dist/index.js:1355:10)\n    at Proxy.<anonymous> (file:///C:/Users/Et%20Al/Documents/GitHub/parasocial/backend/node_modules/@vitest/expect/dist/index.js:1029:14)\n    at Proxy.methodWrapper (file:///C:/Users/Et%20Al/Documents/GitHub/parasocial/backend/node_modules/chai/chai.js:1618:25)\n    at C:\\Users\\Et Al\\Documents\\GitHub\\ParaSocial\\backend\\__tests__\\middleware\\mediaModerationValidationMiddleware.test.ts:290:25\n    at file:///C:/Users/Et%20Al/Documents/GitHub/parasocial/backend/node_modules/@vitest/runner/dist/chunk-hooks.js:155:11\n    at file:///C:/Users/Et%20Al/Documents/GitHub/parasocial/backend/node_modules/@vitest/runner/dist/chunk-hooks.js:752:26\n    at file:///C:/Users/Et%20Al/Documents/GitHub/parasocial/backend/node_modules/@vitest/runner/dist/chunk-hooks.js:1897:20\n    at new Promise (<anonymous>)\n    at runWithTimeout (file:///C:/Users/Et%20Al/Documents/GitHub/parasocial/backend/node_modules/@vitest/runner/dist/chunk-hooks.js:1863:10)\n    at runTest (file:///C:/Users/Et%20Al/Documents/GitHub/parasocial/backend/node_modules/@vitest/runner/dist/chunk-hooks.js:1574:12)"],"meta":{}},{"ancestorTitles":["Media & Moderation Validation Middleware","validateMediaUpload","Invalid Media Uploads"],"fullName":"Media & Moderation Validation Middleware validateMediaUpload Invalid Media Uploads should reject alt text that is too long","status":"passed","title":"should reject alt text that is too long","duration":1.709100000000035,"failureMessages":[],"meta":{}},{"ancestorTitles":["Media & Moderation Validation Middleware","validateCreateReport","Valid Report Creation"],"fullName":"Media & Moderation Validation Middleware validateCreateReport Valid Report Creation should pass validation for user report","status":"passed","title":"should pass validation for user report","duration":1.0557000000000016,"failureMessages":[],"meta":{}},{"ancestorTitles":["Media & Moderation Validation Middleware","validateCreateReport","Valid Report Creation"],"fullName":"Media & Moderation Validation Middleware validateCreateReport Valid Report Creation should pass validation for post report","status":"passed","title":"should pass validation for post report","duration":1.5568000000000666,"failureMessages":[],"meta":{}},{"ancestorTitles":["Media & Moderation Validation Middleware","validateCreateReport","Valid Report Creation"],"fullName":"Media & Moderation Validation Middleware validateCreateReport Valid Report Creation should pass validation for all report types","status":"passed","title":"should pass validation for all report types","duration":1.227200000000039,"failureMessages":[],"meta":{}},{"ancestorTitles":["Media & Moderation Validation Middleware","validateCreateReport","Valid Report Creation"],"fullName":"Media & Moderation Validation Middleware validateCreateReport Valid Report Creation should pass validation with maximum length description","status":"passed","title":"should pass validation with maximum length description","duration":0.34019999999998163,"failureMessages":[],"meta":{}},{"ancestorTitles":["Media & Moderation Validation Middleware","validateCreateReport","Invalid Report Creation"],"fullName":"Media & Moderation Validation Middleware validateCreateReport Invalid Report Creation should reject invalid report type","status":"passed","title":"should reject invalid report type","duration":0.6856999999999971,"failureMessages":[],"meta":{}},{"ancestorTitles":["Media & Moderation Validation Middleware","validateCreateReport","Invalid Report Creation"],"fullName":"Media & Moderation Validation Middleware validateCreateReport Invalid Report Creation should reject description that is too short","status":"passed","title":"should reject description that is too short","duration":0.5911000000000968,"failureMessages":[],"meta":{}},{"ancestorTitles":["Media & Moderation Validation Middleware","validateCreateReport","Invalid Report Creation"],"fullName":"Media & Moderation Validation Middleware validateCreateReport Invalid Report Creation should reject description that is too long","status":"passed","title":"should reject description that is too long","duration":0.6091999999999871,"failureMessages":[],"meta":{}},{"ancestorTitles":["Media & Moderation Validation Middleware","validateCreateReport","Invalid Report Creation"],"fullName":"Media & Moderation Validation Middleware validateCreateReport Invalid Report Creation should reject report with both user and post IDs","status":"passed","title":"should reject report with both user and post IDs","duration":0.518100000000004,"failureMessages":[],"meta":{}},{"ancestorTitles":["Media & Moderation Validation Middleware","validateCreateReport","Invalid Report Creation"],"fullName":"Media & Moderation Validation Middleware validateCreateReport Invalid Report Creation should reject report with neither user nor post ID","status":"passed","title":"should reject report with neither user nor post ID","duration":0.5542000000000371,"failureMessages":[],"meta":{}},{"ancestorTitles":["Media & Moderation Validation Middleware","validateBlockUser","Valid User Blocking"],"fullName":"Media & Moderation Validation Middleware validateBlockUser Valid User Blocking should pass validation with reason","status":"passed","title":"should pass validation with reason","duration":0.4149999999999636,"failureMessages":[],"meta":{}},{"ancestorTitles":["Media & Moderation Validation Middleware","validateBlockUser","Valid User Blocking"],"fullName":"Media & Moderation Validation Middleware validateBlockUser Valid User Blocking should pass validation without reason","status":"passed","title":"should pass validation without reason","duration":0.23069999999995616,"failureMessages":[],"meta":{}},{"ancestorTitles":["Media & Moderation Validation Middleware","validateBlockUser","Valid User Blocking"],"fullName":"Media & Moderation Validation Middleware validateBlockUser Valid User Blocking should pass validation with empty reason","status":"passed","title":"should pass validation with empty reason","duration":0.22080000000005384,"failureMessages":[],"meta":{}},{"ancestorTitles":["Media & Moderation Validation Middleware","validateBlockUser","Invalid User Blocking"],"fullName":"Media & Moderation Validation Middleware validateBlockUser Invalid User Blocking should reject reason that is too long","status":"passed","title":"should reject reason that is too long","duration":0.5551000000000386,"failureMessages":[],"meta":{}},{"ancestorTitles":["Media & Moderation Validation Middleware","validateUsernameParam","Valid Usernames"],"fullName":"Media & Moderation Validation Middleware validateUsernameParam Valid Usernames should pass validation with valid username","status":"passed","title":"should pass validation with valid username","duration":0.448099999999954,"failureMessages":[],"meta":{}},{"ancestorTitles":["Media & Moderation Validation Middleware","validateUsernameParam","Valid Usernames"],"fullName":"Media & Moderation Validation Middleware validateUsernameParam Valid Usernames should pass validation with minimum length username","status":"passed","title":"should pass validation with minimum length username","duration":0.27520000000004075,"failureMessages":[],"meta":{}},{"ancestorTitles":["Media & Moderation Validation Middleware","validateUsernameParam","Valid Usernames"],"fullName":"Media & Moderation Validation Middleware validateUsernameParam Valid Usernames should pass validation with maximum length username","status":"passed","title":"should pass validation with maximum length username","duration":0.28389999999990323,"failureMessages":[],"meta":{}},{"ancestorTitles":["Media & Moderation Validation Middleware","validateUsernameParam","Valid Usernames"],"fullName":"Media & Moderation Validation Middleware validateUsernameParam Valid Usernames should pass validation with underscores","status":"passed","title":"should pass validation with underscores","duration":0.21449999999992997,"failureMessages":[],"meta":{}},{"ancestorTitles":["Media & Moderation Validation Middleware","validateUsernameParam","Invalid Usernames"],"fullName":"Media & Moderation Validation Middleware validateUsernameParam Invalid Usernames should reject username that is too short","status":"passed","title":"should reject username that is too short","duration":0.5964000000000169,"failureMessages":[],"meta":{}},{"ancestorTitles":["Media & Moderation Validation Middleware","validateUsernameParam","Invalid Usernames"],"fullName":"Media & Moderation Validation Middleware validateUsernameParam Invalid Usernames should reject username that is too long","status":"passed","title":"should reject username that is too long","duration":0.47719999999992524,"failureMessages":[],"meta":{}},{"ancestorTitles":["Media & Moderation Validation Middleware","validateUsernameParam","Invalid Usernames"],"fullName":"Media & Moderation Validation Middleware validateUsernameParam Invalid Usernames should reject username with invalid characters","status":"passed","title":"should reject username with invalid characters","duration":1.6567999999999756,"failureMessages":[],"meta":{}},{"ancestorTitles":["Media & Moderation Validation Middleware","Error Handling"],"fullName":"Media & Moderation Validation Middleware Error Handling should handle internal server errors gracefully","status":"passed","title":"should handle internal server errors gracefully","duration":0.6183999999999514,"failureMessages":[],"meta":{}}],"startTime":1751457363130,"endTime":1751457363198.6184,"status":"failed","message":"","name":"C:/Users/Et Al/Documents/GitHub/ParaSocial/backend/__tests__/middleware/mediaModerationValidationMiddleware.test.ts"},{"assertionResults":[{"ancestorTitles":["Post Validation Middleware","validateCreatePost","Valid Post Creation"],"fullName":"Post Validation Middleware validateCreatePost Valid Post Creation should pass validation with minimal valid data","status":"passed","title":"should pass validation with minimal valid data","duration":6.6096,"failureMessages":[],"meta":{}},{"ancestorTitles":["Post Validation Middleware","validateCreatePost","Valid Post Creation"],"fullName":"Post Validation Middleware validateCreatePost Valid Post Creation should pass validation with all optional fields","status":"passed","title":"should pass validation with all optional fields","duration":2.376000000000033,"failureMessages":[],"meta":{}},{"ancestorTitles":["Post Validation Middleware","validateCreatePost","Valid Post Creation"],"fullName":"Post Validation Middleware validateCreatePost Valid Post Creation should pass validation with empty content warning","status":"passed","title":"should pass validation with empty content warning","duration":1.0301999999999794,"failureMessages":[],"meta":{}},{"ancestorTitles":["Post Validation Middleware","validateCreatePost","Valid Post Creation"],"fullName":"Post Validation Middleware validateCreatePost Valid Post Creation should apply default values correctly","status":"passed","title":"should apply default values correctly","duration":0.8331999999999766,"failureMessages":[],"meta":{}},{"ancestorTitles":["Post Validation Middleware","validateCreatePost","Invalid Post Creation"],"fullName":"Post Validation Middleware validateCreatePost Invalid Post Creation should reject empty content","status":"passed","title":"should reject empty content","duration":4.841700000000003,"failureMessages":[],"meta":{}},{"ancestorTitles":["Post Validation Middleware","validateCreatePost","Invalid Post Creation"],"fullName":"Post Validation Middleware validateCreatePost Invalid Post Creation should reject content that is too long","status":"passed","title":"should reject content that is too long","duration":1.5369000000000028,"failureMessages":[],"meta":{}},{"ancestorTitles":["Post Validation Middleware","validateCreatePost","Invalid Post Creation"],"fullName":"Post Validation Middleware validateCreatePost Invalid Post Creation should reject content warning that is too long","status":"passed","title":"should reject content warning that is too long","duration":3.657600000000002,"failureMessages":[],"meta":{}},{"ancestorTitles":["Post Validation Middleware","validateCreatePost","Invalid Post Creation"],"fullName":"Post Validation Mi
[...]
000004351,"failureMessages":[],"meta":{}},{"ancestorTitles":["AuthService","Integration Tests"],"fullName":"AuthService Integration Tests should complete full password hash and verify cycle","status":"passed","title":"should complete full password hash and verify cycle","duration":843.8009000000002,"failureMessages":[],"meta":{}},{"ancestorTitles":["AuthService","Integration Tests"],"fullName":"AuthService Integration Tests should complete full token generation and verification cycle","status":"passed","title":"should complete full token generation and verification cycle","duration":3.8380000000006476,"failureMessages":[],"meta":{}},{"ancestorTitles":["AuthService","Integration Tests"],"fullName":"AuthService Integration Tests should work with different JWT expiration times","status":"passed","title":"should work with different JWT expiration times","duration":8.13209999999981,"failureMessages":[],"meta":{}}],"startTime":1751457363243,"endTime":1751457368491.132,"status":"passed","message":"","name":"C:/Users/Et Al/Documents/GitHub/ParaSocial/backend/__tests__/services/AuthService.test.ts"},{"assertionResults":[{"ancestorTitles":["FollowService Unit Tests","followUser()"],"fullName":"FollowService Unit Tests followUser() should successfully create follow relationship","status":"passed","title":"should successfully create follow relationship","duration":8.578200000000038,"failureMessages":[],"meta":{}},{"ancestorTitles":["FollowService Unit Tests","followUser()"],"fullName":"FollowService Unit Tests followUser() should create ActivityPub federated follow relationship","status":"passed","title":"should create ActivityPub federated follow relationship","duration":1.9458999999999378,"failureMessages":[],"meta":{}},{"ancestorTitles":["FollowService Unit Tests","followUser()"],"fullName":"FollowService Unit Tests followUser() should reject self-follow attempts","status":"passed","title":"should reject self-follow attempts","duration":1.9085000000000036,"failureMessages":[],"meta":{}},{"ancestorTitles":["FollowService Unit Tests","followUser()"],"fullName":"FollowService Unit Tests followUser() should reject follow when user not found","status":"passed","title":"should reject follow when user not found","duration":1.162900000000036,"failureMessages":[],"meta":{}},{"ancestorTitles":["FollowService Unit Tests","followUser()"],"fullName":"FollowService Unit Tests followUser() should reject follow when user is inactive","status":"passed","title":"should reject follow when user is inactive","duration":1.1755000000000564,"failureMessages":[],"meta":{}},{"ancestorTitles":["FollowService Unit Tests","followUser()"],"fullName":"FollowService Unit Tests followUser() should reject follow when already following","status":"passed","title":"should reject follow when already following","duration":1.1932000000000471,"failureMessages":[],"meta":{}},{"ancestorTitles":["FollowService Unit Tests","followUser()"],"fullName":"FollowService Unit Tests followUser() should reject invalid ActivityPub actor ID","status":"passed","title":"should reject invalid ActivityPub actor ID","duration":1.0481999999999516,"failureMessages":[],"meta":{}},{"ancestorTitles":["FollowService Unit Tests","followUser()"],"fullName":"FollowService Unit Tests followUser() should handle validation errors for invalid input","status":"passed","title":"should handle validation errors for invalid input","duration":1.1946000000000367,"failureMessages":[],"meta":{}},{"ancestorTitles":["FollowService Unit Tests","unfollowUser()"],"fullName":"FollowService Unit Tests unfollowUser() should successfully remove follow relationship","status":"passed","title":"should successfully remove follow relationship","duration":1.3985999999999876,"failureMessages":[],"meta":{}},{"ancestorTitles":["FollowService Unit Tests","unfollowUser()"],"fullName":"FollowService Unit Tests unfollowUser() should reject unfollow when not following","status":"passed","title":"should reject unfollow when not following","duration":0.880800000000022,"failureMessages":[],"meta":{}},{"ancestorTitles":["FollowService Unit Tests","unfollowUser()"],"fullName":"FollowService Unit Tests unfollowUser() should handle validation errors for invalid input","status":"passed","title":"should handle validation errors for invalid input","duration":0.6259000000000015,"failureMessages":[],"meta":{}},{"ancestorTitles":["FollowService Unit Tests","getFollowers()"],"fullName":"FollowService Unit Tests getFollowers() should successfully get followers with default pagination","status":"passed","title":"should successfully get followers with default pagination","duration":1.3851999999999407,"failureMessages":[],"meta":{}},{"ancestorTitles":["FollowService Unit Tests","getFollowers()"],"fullName":"FollowService Unit Tests getFollowers() should handle custom pagination options","status":"passed","title":"should handle custom pagination options","duration":1.3156999999999925,"failureMessages":[],"meta":{}},{"ancestorTitles":["FollowService Unit Tests","getFollowers()"],"fullName":"FollowService Unit Tests getFollowers() should reject when user not found","status":"passed","title":"should reject when user not found","duration":0.6708999999999605,"failureMessages":[],"meta":{}},{"ancestorTitles":["FollowService Unit Tests","getFollowers()"],"fullName":"FollowService Unit Tests getFollowers() should handle invalid pagination options","status":"passed","title":"should handle invalid pagination options","duration":1.2249000000000478,"failureMessages":[],"meta":{}},{"ancestorTitles":["FollowService Unit Tests","getFollowers()"],"fullName":"FollowService Unit Tests getFollowers() should reject invalid user ID","status":"passed","title":"should reject invalid user ID","duration":1.0190999999999804,"failureMessages":[],"meta":{}},{"ancestorTitles":["FollowService Unit Tests","getFollowStats()"],"fullName":"FollowService Unit Tests getFollowStats() should successfully get follow statistics","status":"passed","title":"should successfully get follow statistics","duration":3.4239000000000033,"failureMessages":[],"meta":{}},{"ancestorTitles":["FollowService Unit Tests","getFollowStats()"],"fullName":"FollowService Unit Tests getFollowStats() should reject when user not found","status":"passed","title":"should reject when user not found","duration":0.5940000000000509,"failureMessages":[],"meta":{}},{"ancestorTitles":["FollowService Unit Tests","getFollowStats()"],"fullName":"FollowService Unit Tests getFollowStats() should reject invalid user ID","status":"passed","title":"should reject invalid user ID","duration":0.8188000000000102,"failureMessages":[],"meta":{}},{"ancestorTitles":["FollowService Unit Tests","checkFollowStatus()"],"fullName":"FollowService Unit Tests checkFollowStatus() should successfully check follow status when following","status":"passed","title":"should successfully check follow status when following","duration":0.9094000000000051,"failureMessages":[],"meta":{}},{"ancestorTitles":["FollowService Unit Tests","checkFollowStatus()"],"fullName":"FollowService Unit Tests checkFollowStatus() should successfully check follow status when not following","status":"passed","title":"should successfully check follow status when not following","duration":0.8740000000000236,"failureMessages":[],"meta":{}},{"ancestorTitles":["FollowService Unit Tests","checkFollowStatus()"],"fullName":"FollowService Unit Tests checkFollowStatus() should reject invalid parameters","status":"passed","title":"should reject invalid parameters","duration":0.738999999999919,"failureMessages":[],"meta":{}},{"ancestorTitles":["FollowService Unit Tests","bulkCheckFollowing()"],"fullName":"FollowService Unit Tests bulkCheckFollowing() should successfully perform bulk follow check","status":"passed","title":"should successfully perform bulk follow check","duration":0.8522000000000389,"failureMessages":[],"meta":{}},{"ancestorTitles":["FollowService Unit Tests","bulkCheckFollowing()"],"fullName":"FollowService Unit Tests bulkCheckFollowing() should reject when too many users requested","status":"passed","title":"should reject when too many users requested","duration":0.6237999999999602,"failureMessages":[],"meta":{}},{"ancestorTitles":["FollowService Unit Tests","bulkCheckFollowing()"],"fullName":"FollowService Unit Tests bulkCheckFollowing() should reject invalid follower ID","status":"passed","title":"should reject invalid follower ID","duration":0.572400000000016,"failureMessages":[],"meta":{}},{"ancestorTitles":["FollowService Unit Tests","bulkCheckFollowing()"],"fullName":"FollowService Unit Tests bulkCheckFollowing() should reject non-array user IDs","status":"passed","title":"should reject non-array user IDs","duration":0.504099999999994,"failureMessages":[],"meta":{}},{"ancestorTitles":["FollowService Unit Tests","bulkCheckFollowing()"],"fullName":"FollowService Unit Tests bulkCheckFollowing() should reject invalid user IDs in array","status":"passed","title":"should reject invalid user IDs in array","duration":0.5683999999999969,"failureMessages":[],"meta":{}},{"ancestorTitles":["FollowService Unit Tests","getRecentFollowers()"],"fullName":"FollowService Unit Tests getRecentFollowers() should successfully get recent followers with default limit","status":"passed","title":"should successfully get recent followers with default limit","duration":0.8179000000000087,"failureMessages":[],"meta":{}},{"ancestorTitles":["FollowService Unit Tests","getRecentFollowers()"],"fullName":"FollowService Unit Tests getRecentFollowers() should handle custom limit within bounds","status":"passed","title":"should handle custom limit within bounds","duration":0.6513999999999669,"failureMessages":[],"meta":{}},{"ancestorTitles":["FollowService Unit Tests","getRecentFollowers()"],"fullName":"FollowService Unit Tests getRecentFollowers() should constrain limit to maximum of 50","status":"passed","title":"should constrain limit to maximum of 50","duration":0.6324000000000751,"failureMessages":[],"meta":{}},{"ancestorTitles":["FollowService Unit Tests","getRecentFollowers()"],"fullName":"FollowService Unit Tests getRecentFollowers() should constrain limit to minimum of 1","status":"passed","title":"should constrain limit to minimum of 1","duration":0.6838000000000193,"failureMessages":[],"meta":{}},{"ancestorTitles":["FollowService Unit Tests","getRecentFollowers()"],"fullName":"FollowService Unit Tests getRecentFollowers() should reject invalid user ID","status":"passed","title":"should reject invalid user ID","duration":0.5882000000000289,"failureMessages":[],"meta":{}},{"ancestorTitles":["FollowService Unit Tests","Error Handling"],"fullName":"FollowService Unit Tests Error Handling should handle repository errors in followUser","status":"passed","title":"should handle repository errors in followUser","duration":1.3008000000000948,"failureMessages":[],"meta":{}},{"ancestorTitles":["FollowService Unit Tests","Error Handling"],"fullName":"FollowService Unit Tests Error Handling should handle repository errors in getFollowStats","status":"passed","title":"should handle repository errors in getFollowStats","duration":1.4718000000000302,"failureMessages":[],"meta":{}}],"startTime":1751457369745,"endTime":1751457369790.4717,"status":"passed","message":"","name":"C:/Users/Et Al/Documents/GitHub/ParaSocial/backend/__tests__/services/FollowService.test.ts"},{"assertionResults":[{"ancestorTitles":["Media Route Unit Tests","generateFileUrl()"],"fullName":"Media Route Unit Tests generateFileUrl() should generate URL with BASE_URL when provided","status":"passed","title":"should generate URL with BASE_URL when provided","duration":4.2117999999999824,"failureMessages":[],"meta":{}},{"ancestorTitles":["Media Route Unit Tests","generateFileUrl()"],"fullName":"Media Route Unit Tests generateFileUrl() should generate URL with default localhost when no BASE_URL","status":"passed","title":"should generate URL with default localhost when no BASE_URL","duration":0.5777000000000498,"failureMessages":[],"meta":{}},{"ancestorTitles":["Media Route Unit Tests","generateFileUrl()"],"fullName":"Media Route Unit Tests generateFileUrl() should use custom PORT when provided","status":"passed","title":"should use custom PORT when provided","duration":0.34000000000003183,"failureMessages":[],"meta":{}},{"ancestorTitles":["Media Route Unit Tests","generateFileUrl()"],"fullName":"Media Route Unit Tests generateFileUrl() should handle special characters in filename","status":"passed","title":"should handle special characters in filename","duration":0.45439999999996417,"failureMessages":[],"meta":{}},{"ancestorTitles":["Media Route Unit Tests","Filename Generation Logic"],"fullName":"Media Route Unit Tests Filename Generation Logic should generate unique filenames with UUID and timestamp","status":"passed","title":"should generate unique filenames with UUID and timestamp","duration":2.5516000000000076,"failureMessages":[],"meta":{}},{"ancestorTitles":["Media Route Unit Tests","Filename Generation Logic"],"fullName":"Media Route Unit Tests Filename Generation Logic should handle files without extensions","status":"passed","title":"should handle files without extensions","duration":0.4889999999999759,"failureMessages":[],"meta":{}},{"ancestorTitles":["Media Route Unit Tests","Filename Generation Logic"],"fullName":"Media Route Unit Tests Filename Generation Logic should preserve file extensions correctly","status":"passed","title":"should preserve file extensions correctly","duration":0.5371000000000095,"failureMessages":[],"meta":{}},{"ancestorTitles":["Media Route Unit Tests","File Filter Logic"],"fullName":"Media Route Unit Tests File Filter Logic should accept all files when using passthrough filter","status":"passed","title":"should accept all files when using passthrough filter","duration":2.0604000000000156,"failureMessages":[],"meta":{}},{"ancestorTitles":["Media Route Unit Tests","Error Response Generation"],"fullName":"Media Route Unit Tests Error Response Generation should generate consistent error responses","status":"passed","title":"should generate consistent error responses","duration":0.6995000000000005,"failureMessages":[],"meta":{}},{"ancestorTitles":["Media Route Unit Tests","Error Response Generation"],"fullName":"Media Route Unit Tests Error Response Generation should handle multer error code mapping","status":"passed","title":"should handle multer error code mapping","duration":0.4148999999999887,"failureMessages":[],"meta":{}},{"ancestorTitles":["Security Unit Tests","Path Traversal Prevention"],"fullName":"Security Unit Tests Path Traversal Prevention should reject filenames with path traversal attempts","status":"passed","title":"should reject filenames with path traversal attempts","duration":0.36599999999998545,"failureMessages":[],"meta":{}},{"ancestorTitles":["Security Unit Tests","Path Traversal Prevention"],"fullName":"Security Unit Tests Path Traversal Prevention should accept safe filenames","status":"passed","title":"should accept safe filenames","duration":0.4433999999999969,"failureMessages":[],"meta":{}},{"ancestorTitles":["Security Unit Tests","File Size Validation"],"fullName":"Security Unit Tests File Size Validation should validate file sizes correctly","status":"passed","title":"should validate file sizes correctly","duration":0.3423999999999978,"failureMessages":[],"meta":{}},{"ancestorTitles":["Performance Unit Tests","Memory Usage"],"fullName":"Performance Unit Tests Memory Usage should handle large file metadata efficiently","status":"passed","title":"should handle large file metadata efficiently","duration":1.9048999999999978,"failureMessages":[],"meta":{}}],"startTime":1751457371537,"endTime":1751457371553.9048,"status":"passed","message":"","name":"C:/Users/Et Al/Documents/GitHub/ParaSocial/backend/src/routes/__tests__/mediaUnit.test.ts"},{"assertionResults":[{"ancestorTitles":["Media Upload Route","Successful File Upload"],"fullName":"Media Upload Route Successful File Upload should upload valid image file successfully","status":"passed","title":"should upload valid image file successfully","duration":56.43590000000006,"failureMessages":[],"meta":{}},{"ancestorTitles":["Media Upload Route","Successful File Upload"],"fullName":"Media Upload Route Successful File Upload should upload file without alt text","status":"passed","title":"should upload file without alt text","duration":15.56009999999992,"failureMessages":[],"meta":{}},{"ancestorTitles":["Media Upload Route","Successful File Upload"],"fullName":"Media Upload Route Successful File Upload should handle all supported file types","status":"passed","title":"should handle all supported file types","duration":35.03520000000003,"failureMessages":[],"meta":{}},{"ancestorTitles":["Media Upload Route","File Validation"],"fullName":"Media Upload Route File Validation should reject requests with no file","status":"passed","title":"should reject requests with no file","duration":7.305500000000052,"failureMessages":[],"meta":{}},{"ancestorTitles":["Media Upload Route","File Validation"],"fullName":"Media Upload Route File Validation should reject unsupported file types","status":"passed","title":"should reject unsupported file types","duration":8.65179999999998,"failureMessages":[],"meta":{}},{"ancestorTitles":["Media Upload Route","File Validation"],"fullName":"Media Upload Route File Validation should reject files exceeding size limit","status":"passed","title":"should reject files exceeding size limit","duration":92.43979999999999,"failureMessages":[],"meta":{}},{"ancestorTitles":["Media Upload Route","File Validation"],"fullName":"Media Upload Route File Validation should validate alt text length","status":"passed","title":"should validate alt text length","duration":10.713999999999942,"failureMessages":[],"meta":{}},{"ancestorTitles":["Media Upload Route","Directory Management"],"fullName":"Media Upload Route Directory Management should create uploads directory if it does not exist","status":"passed","title":"should create uploads directory if it does not exist","duration":11.661299999999983,"failureMessages":[],"meta":{}},{"ancestorTitles":["Media Upload Route","Directory Management"],"fullName":"Media Upload Route Directory Management should handle directory creation failure","status":"passed","title":"should handle directory creation failure","duration":5.251800000000003,"failureMessages":[],"meta":{}},{"ancestorTitles":["Media Upload Route","Error Recovery"],"fullName":"Media Upload Route Error Recovery should clean up uploaded file if processing fails","status":"passed","title":"should clean up uploaded file if processing fails","duration":11.975599999999986,"failureMessages":[],"meta":{}},{"ancestorTitles":["Media Upload Route","Edge Cases"],"fullName":"Media Upload Route Edge Cases should handle files just under the size limit","status":"passed","title":"should handle files just under the size limit","duration":76.23069999999984,"failureMessages":[],"meta":{}},{"ancestorTitles":["Media Upload Route","Edge Cases"],"fullName":"Media Upload Route Edge Cases should reject files at exactly the size limit","status":"passed","title":"should reject files at exactly the size limit","duration":46.637500000000045,"failureMessages":[],"meta":{}},{"ancestorTitles":["Media Upload Route","Edge Cases"],"fullName":"Media Upload Route Edge Cases should handle files with no extension","status":"passed","title":"should handle files with no extension","duration":6.255500000000211,"failureMessages":[],"meta":{}},{"ancestorTitles":["Media Upload Route","Edge Cases"],"fullName":"Media Upload Route Edge Cases should handle very small files","status":"passed","title":"should handle very small files","duration":5.715599999999995,"failureMessages":[],"meta":{}}],"startTime":1751457363990,"endTime":1751457364380.7156,"status":"passed","message":"","name":"C:/Users/Et Al/Documents/GitHub/ParaSocial/backend/src/routes/__tests__/mediaUpload.test.ts"}]}
