{"numTotalTestSuites":384,"numPassedTestSuites":351,"numFailedTestSuites":33,"numPendingTestSuites":0,"numTotalTests":809,"numPassedTests":751,"numFailedTests":58,"numPendingTests":0,"numTodoTests":0,"snapshot":{"added":0,"failure":false,"filesAdded":0,"filesRemoved":0,"filesRemovedList":[],"filesUnmatched":0,"filesUpdated":0,"matched":0,"total":0,"unchecked":0,"uncheckedKeysByFile":[],"unmatched":0,"updated":0,"didUpdate":false},"startTime":1751801654351,"success":false,"testResults":[{"assertionResults":[{"ancestorTitles":["AuthController","register","Successful Registration"],"fullName":"AuthController register Successful Registration should register user successfully","status":"passed","title":"should register user successfully","duration":7.135500000000036,"failureMessages":[],"meta":{}},{"ancestorTitles":["AuthController","register","Validation Errors"],"fullName":"AuthController register Validation Errors should return 400 for invalid registration data","status":"passed","title":"should return 400 for invalid registration data","duration":1.7410999999999603,"failureMessages":[],"meta":{}},{"ancestorTitles":["AuthController","register","Validation Errors"],"fullName":"AuthController register Validation Errors should handle empty request body","status":"passed","title":"should handle empty request body","duration":1.080699999999979,"failureMessages":[],"meta":{}},{"ancestorTitles":["AuthController","register","User Already Exists"],"fullName":"AuthController register User Already Exists should return 409 when email already exists","status":"passed","title":"should return 409 when email already exists","duration":1.022799999999961,"failureMessages":[],"meta":{}},{"ancestorTitles":["AuthController","register","User Already Exists"],"fullName":"AuthController register User Already Exists should return 409 when username already exists","status":"passed","title":"should return 409 when username already exists","duration":0.5615000000000236,"failureMessages":[],"meta":{}},{"ancestorTitles":["AuthController","register","Server Errors"],"fullName":"AuthController register Server Errors should return 500 when password hashing fails","status":"passed","title":"should return 500 when password hashing fails","duration":0.6862999999999602,"failureMessages":[],"meta":{}},{"ancestorTitles":["AuthController","register","Server Errors"],"fullName":"AuthController register Server Errors should return 500 when user creation fails","status":"passed","title":"should return 500 when user creation fails","duration":0.5614000000000487,"failureMessages":[],"meta":{}},{"ancestorTitles":["AuthController","register","Server Errors"],"fullName":"AuthController register Server Errors should return 500 when token generation fails","status":"passed","title":"should return 500 when token generation fails","duration":0.714300000000037,"failureMessages":[],"meta":{}},{"ancestorTitles":["AuthController","login","Successful Login"],"fullName":"AuthController login Successful Login should login user successfully","status":"passed","title":"should login user successfully","duration":1.0380999999999858,"failureMessages":[],"meta":{}},{"ancestorTitles":["AuthController","login","Validation Errors"],"fullName":"AuthController login Validation Errors should return 400 for invalid login data","status":"passed","title":"should return 400 for invalid login data","duration":0.6689000000000078,"failureMessages":[],"meta":{}},{"ancestorTitles":["AuthController","login","Validation Errors"],"fullName":"AuthController login Validation Errors should handle empty login request","status":"passed","title":"should handle empty login request","duration":0.48160000000001446,"failureMessages":[],"meta":{}},{"ancestorTitles":["AuthController","login","Authentication Errors"],"fullName":"AuthController login Authentication Errors should return 401 when user does not exist","status":"passed","title":"should return 401 when user does not exist","duration":0.5994999999999777,"failureMessages":[],"meta":{}},{"ancestorTitles":["AuthController","login","Authentication Errors"],"fullName":"AuthController login Authentication Errors should return 401 when password is incorrect","status":"passed","title":"should return 401 when password is incorrect","duration":0.5568999999999846,"failureMessages":[],"meta":{}},{"ancestorTitles":["AuthController","login","Server Errors"],"fullName":"AuthController login Server Errors should return 500 when database lookup fails","status":"passed","title":"should return 500 when database lookup fails","duration":0.5627000000000066,"failureMessages":[],"meta":{}},{"ancestorTitles":["AuthController","login","Server Errors"],"fullName":"AuthController login Server Errors should return 500 when password verification fails","status":"passed","title":"should return 500 when password verification fails","duration":1.6784000000000106,"failureMessages":[],"meta":{}},{"ancestorTitles":["AuthController","logout"],"fullName":"AuthController logout should logout user successfully","status":"passed","title":"should logout user successfully","duration":0.7961999999999989,"failureMessages":[],"meta":{}},{"ancestorTitles":["AuthController","logout"],"fullName":"AuthController logout should handle logout errors gracefully","status":"passed","title":"should handle logout errors gracefully","duration":2.4308000000000334,"failureMessages":[],"meta":{}},{"ancestorTitles":["AuthController","getCurrentUser","Successful User Retrieval"],"fullName":"AuthController getCurrentUser Successful User Retrieval should return current user profile","status":"passed","title":"should return current user profile","duration":0.7524999999999977,"failureMessages":[],"meta":{}},{"ancestorTitles":["AuthController","getCurrentUser","User Not Found"],"fullName":"AuthController getCurrentUser User Not Found should return 404 when user does not exist","status":"passed","title":"should return 404 when user does not exist","duration":0.4555000000000291,"failureMessages":[],"meta":{}},{"ancestorTitles":["AuthController","getCurrentUser","Server Errors"],"fullName":"AuthController getCurrentUser Server Errors should return 500 when database lookup fails","status":"passed","title":"should return 500 when database lookup fails","duration":0.5826999999999884,"failureMessages":[],"meta":{}},{"ancestorTitles":["AuthController","getCurrentUser","Server Errors"],"fullName":"AuthController getCurrentUser Server Errors should handle missing user ID in request","status":"passed","title":"should handle missing user ID in request","duration":0.6021999999999821,"failureMessages":[],"meta":{}}],"startTime":1751801656342,"endTime":1751801656371.6023,"status":"passed","message":"","name":"C:/Users/Et Al/Documents/GitHub/ParaSocial/backend/__tests__/controllers/AuthController.test.ts"},{"assertionResults":[{"ancestorTitles":["FollowController Business Logic Tests","followUser Business Logic"],"fullName":"FollowController Business Logic Tests followUser Business Logic should successfully follow a user with valid authentication","status":"passed","title":"should successfully follow a user with valid authentication","duration":6.070600000000013,"failureMessages":[],"meta":{}},{"ancestorTitles":["FollowController Business Logic Tests","followUser Business Logic"],"fullName":"FollowController Business Logic Tests followUser Business Logic should handle external ActivityPub actor follow without authentication","status":"passed","title":"should handle external ActivityPub actor follow without authentication","duration":2.1884999999999764,"failureMessages":[],"meta":{}},{"ancestorTitles":["FollowController Business Logic Tests","followUser Business Logic"],"fullName":"FollowController Business Logic Tests followUser Business Logic should reject follow request when no follower identity provided","status":"passed","title":"should reject follow request when no follower identity provided","duration":0.9870000000000232,"failureMessages":[],"meta":{}},{"ancestorTitles":["FollowController Business Logic Tests","followUser Business Logic"],"fullName":"FollowController Business Logic Tests followUser Business Logic should return 404 when target user not found","status":"passed","title":"should return 404 when target user not found","duration":0.7210000000000036,"failureMessages":[],"meta":{}},{"ancestorTitles":["FollowController Business Logic Tests","followUser Business Logic"],"fullName":"FollowController Business Logic Tests followUser Business Logic should handle inactive user scenario","status":"passed","title":"should handle inactive user scenario","duration":1.5797000000000025,"failureMessages":[],"meta":{}},{"ancestorTitles":["FollowController Business Logic Tests","followUser Business Logic"],"fullName":"FollowController Business Logic Tests followUser Business Logic should handle service validation errors correctly","status":"passed","title":"should handle service validation errors correctly","duration":0.6254000000000133,"failureMessages":[],"meta":{}},{"ancestorTitles":["FollowController Business Logic Tests","followUser Business Logic"],"fullName":"FollowController Business Logic Tests followUser Business Logic should handle self-follow prevention","status":"passed","title":"should handle self-follow prevention","duration":0.5228000000000179,"failureMessages":[],"meta":{}},{"ancestorTitles":["FollowController Business Logic Tests","followUser Business Logic"],"fullName":"FollowController Business Logic Tests followUser Business Logic should handle blocking scenarios","status":"passed","title":"should handle blocking scenarios","duration":0.4578000000000202,"failureMessages":[],"meta":{}},{"ancestorTitles":["FollowController Business Logic Tests","unfollowUser Business Logic"],"fullName":"FollowController Business Logic Tests unfollowUser Business Logic should successfully unfollow a user","status":"passed","title":"should successfully unfollow a user","duration":0.8546000000000049,"failureMessages":[],"meta":{}},{"ancestorTitles":["FollowController Business Logic Tests","unfollowUser Business Logic"],"fullName":"FollowController Business Logic Tests unfollowUser Business Logic should require authentication for unfollow","status":"passed","title":"should require authentication for unfollow","duration":0.5416999999999916,"failureMessages":[],"meta":{}},{"ancestorTitles":["FollowController Business Logic Tests","unfollowUser Business Logic"],"fullName":"FollowController Business Logic Tests unfollowUser Business Logic should handle not following scenario","status":"passed","title":"should handle not following scenario","duration":0.7744000000000142,"failureMessages":[],"meta":{}},{"ancestorTitles":["FollowController Business Logic Tests","getUserFollowers Business Logic"],"fullName":"FollowController Business Logic Tests getUserFollowers Business Logic should successfully get user followers with pagination","status":"passed","title":"should successfully get user followers with pagination","duration":0.7309999999999945,"failureMessages":[],"meta":{}},{"ancestorTitles":["FollowController Business Logic Tests","getUserFollowers Business Logic"],"fullName":"FollowController Business Logic Tests getUserFollowers Business Logic should handle empty followers list or errors","status":"passed","title":"should handle empty followers list or errors","duration":0.6265000000000214,"failureMessages":[],"meta":{}},{"ancestorTitles":["FollowController Business Logic Tests","getUserFollowStats Business Logic"],"fullName":"FollowController Business Logic Tests getUserFollowStats Business Logic should successfully get follow statistics","status":"passed","title":"should successfully get follow statistics","duration":0.5775999999999613,"failureMessages":[],"meta":{}},{"ancestorTitles":["FollowController Business Logic Tests","getUserFollowStats Business Logic"],"fullName":"FollowController Business Logic Tests getUserFollowStats Business Logic should handle stats for new user with zero follows","status":"passed","title":"should handle stats for new user with zero follows","duration":0.43029999999998836,"failureMessages":[],"meta":{}},{"ancestorTitles":["FollowController Business Logic Tests","Error Code Mapping"],"fullName":"FollowController Business Logic Tests Error Code Mapping should map VALIDATION_ERROR to 400 status code","status":"passed","title":"should map VALIDATION_ERROR to 400 status code","duration":0.6784999999999854,"failureMessages":[],"meta":{}},{"ancestorTitles":["FollowController Business Logic Tests","Error Code Mapping"],"fullName":"FollowController Business Logic Tests Error Code Mapping should map NO_FOLLOWER_IDENTITY to 409 status code","status":"passed","title":"should map NO_FOLLOWER_IDENTITY to 409 status code","duration":0.37939999999997553,"failureMessages":[],"meta":{}},{"ancestorTitles":["FollowController Business Logic Tests","Error Code Mapping"],"fullName":"FollowController Business Logic Tests Error Code Mapping should map AUTHENTICATION_REQUIRED to 401 status code","status":"passed","title":"should map AUTHENTICATION_REQUIRED to 401 status code","duration":0.44580000000001974,"failureMessages":[],"meta":{}},{"ancestorTitles":["FollowController Business Logic Tests","Error Code Mapping"],"fullName":"FollowController Business Logic Tests Error Code Mapping should map FORBIDDEN to 403 status code","status":"passed","title":"should map FORBIDDEN to 403 status code","duration":0.3790000000000191,"failureMessages":[],"meta":{}},{"ancestorTitles":["FollowController Business Logic Tests","Error Code Mapping"],"fullName":"FollowController Business Logic Tests Error Code Mapping should map USER_NOT_FOUND to 404 status code","status":"passed","title":"should map USER_NOT_FOUND to 404 status code","duration":0.5124000000000137,"failureMessages":[],"meta":{}},{"ancestorTitles":["FollowController Business Logic Tests","Error Code Mapping"],"fullName":"FollowController Business Logic Tests Error Code Mapping should map NOT_FOLLOWING to 404 status code","status":"passed","title":"should map NOT_FOLLOWING to 404 status code","duration":0.40269999999998163,"failureMessages":[],"meta":{}},{"ancestorTitles":["FollowController Business Logic Tests","Error Code Mapping"],"fullName":"FollowController Business Logic Tests Error Code Mapping should map ALREADY_FOLLOWING to 409 status code","status":"passed","title":"should map ALREADY_FOLLOWING to 409 status code","duration":1.1204999999999927,"failureMessages":[],"meta":{}},{"ancestorTitles":["FollowController Business Logic Tests","Error Code Mapping"],"fullName":"FollowController Business Logic Tests Error Code Mapping should map SELF_FOLLOW_ERROR to 409 status code","status":"passed","title":"should map SELF_FOLLOW_ERROR to 409 status code","duration":0.43200000000001637,"failureMessages":[],"meta":{}},{"ancestorTitles":["FollowController Business Logic Tests","Error Code Mapping"],"fullName":"FollowController Business Logic Tests Error Code Mapping should map UNKNOWN_ERROR to 500 status code","status":"passed","title":"should map UNKNOWN_ERROR to 500 status code","duration":1.190999999999974,"failureMessages":[],"meta":{}},{"ancestorTitles":["FollowController Business Logic Tests","Exception Handling"],"fullName":"FollowController Business Logic Tests Exception Handling should handle database connection errors gracefully","status":"passed","title":"should handle database connection errors gracefully","duration":1.114499999999964,"failureMessages":[],"meta":{}},{"ancestorTitles":["FollowController Business Logic Tests","Exception Handling"],"fullName":"FollowController Business Logic Tests Exception Handling should handle service timeout errors","status":"passed","title":"should handle service timeout errors","duration":1.0474999999999568,"failureMessages":[],"meta":{}},{"ancestorTitles":["FollowController Business Logic Tests","Exception Handling"],"fullName":"FollowController Business Logic Tests Exception Handling should handle unknown exceptions with generic message","status":"passed","title":"should handle unknown exceptions with generic message","duration":1.1875,"failureMessages":[],"meta":{}}],"startTime":1751801655825,"endTime":1751801655857.1875,"status":"passed","message":"","name":"C:/Users/Et Al/Documents/GitHub/ParaSocial/backend/__tests__/controllers/FollowController.business.test.ts"},{"assertionResults":[{"ancestorTitles":["FollowController Unit Tests","followUser()"],"fullName":"FollowController Unit Tests followUser() should successfully follow user with authenticated request","status":"passed","title":"should successfully follow user with authenticated request","duration":4.591499999999996,"failureMessages":[],"meta":{}},{"ancestorTitles":["FollowController Unit Tests","followUser()"],"fullName":"FollowController Unit Tests followUser() should successfully handle ActivityPub external follow","status":"passed","title":"should successfully handle ActivityPub external follow","duration":0.6540999999999713,"failureMessages":[],"meta":{}},{"ancestorTitles":["FollowController Unit Tests","followUser()"],"fullName":"FollowController Unit Tests followUser() should reject when username is missing","status":"passed","title":"should reject when username is missing","duration":0.781400000000076,"failureMessages":[],"meta":{}},{"ancestorTitles":["FollowController Unit Tests","followUser()"],"fullName":"FollowController Unit Tests followUser() should reject when user to follow not found","status":"passed","title":"should reject when user to follow not found","duration":0.5758999999999332,"failureMessages":[],"meta":{}},{"ancestorTitles":["FollowController Unit Tests","followUser()"],"fullName":"FollowController Unit Tests followUser() should reject when no follower identity provided","status":"passed","title":"should reject when no follower identity provided","duration":0.7081999999999198,"failureMessages":[],"meta":{}},{"ancestorTitles":["FollowController Unit Tests","followUser()"],"fullName":"FollowController Unit Tests followUser() should handle service errors correctly","status":"passed","title":"should handle service errors correctly","duration":0.5226999999999862,"failureMessages":[],"meta":{}},{"ancestorTitles":["FollowController Unit Tests","followUser()"],"fullName":"FollowController Unit Tests followUser() should handle unexpected exceptions","status":"passed","title":"should handle unexpected exceptions","duration":0.5028999999999542,"failureMessages":[],"meta":{}},{"ancestorTitles":["FollowController Unit Tests","unfollowUser()"],"fullName":"FollowController Unit Tests unfollowUser() should successfully unfollow user","status":"passed","title":"should successfully unfollow user","duration":0.7364000000000033,"failureMessages":[],"meta":{}},{"ancestorTitles":["FollowController Unit Tests","unfollowUser()"],"fullName":"FollowController Unit Tests unfollowUser() should reject when authentication is missing","status":"passed","title":"should reject when authentication is missing","duration":0.6543000000000347,"failureMessages":[],"meta":{}},{"ancestorTitles":["FollowController Unit Tests","unfollowUser()"],"fullName":"FollowController Unit Tests unfollowUser() should handle service error for not following","status":"passed","title":"should handle service error for not following","duration":0.386600000000044,"failureMessages":[],"meta":{}},{"ancestorTitles":["FollowController Unit Tests","getUserFollowers()"],"fullName":"FollowController Unit Tests getUserFollowers() should successfully get followers with default pagination","status":"passed","title":"should successfully get followers with default pagination","duration":0.7362999999999147,"failureMessages":[],"meta":{}},{"ancestorTitles":["FollowController Unit Tests","getUserFollowers()"],"fullName":"FollowController Unit Tests getUserFollowers() should handle custom pagination parameters","status":"passed","title":"should handle custom pagination parameters","duration":0.32140000000003965,"failureMessages":[],"meta":{}},{"ancestorTitles":["FollowController Unit Tests","getUserFollowers()"],"fullName":"FollowController Unit Tests getUserFollowers() should ignore invalid pagination parameters","status":"passed","title":"should ignore invalid pagination parameters","duration":0.296799999999962,"failureMessages":[],"meta":{}},{"ancestorTitles":["FollowController Unit Tests","getUserFollowStats()"],"fullName":"FollowController Unit Tests getUserFollowStats() should successfully get follow statistics","status":"passed","title":"should successfully get follow statistics","duration":0.5001999999999498,"failureMessages":[],"meta":{}},{"ancestorTitles":["FollowController Unit Tests","checkFollowStatus()"],"fullName":"FollowController Unit Tests checkFollowStatus() should successfully check follow status when following","status":"passed","title":"should successfully check follow status when following","duration":0.6333000000000766,"failureMessages":[],"meta":{}},{"ancestorTitles":["FollowController Unit Tests","checkFollowStatus()"],"fullName":"FollowController Unit Tests checkFollowStatus() should handle missing target username","status":"passed","title":"should handle missing target username","duration":0.4108999999999696,"failureMessages":[],"meta":{}},{"ancestorTitles":["FollowController Unit Tests","checkFollowStatus()"],"fullName":"FollowController Unit Tests checkFollowStatus() should handle follower user not found","status":"passed","title":"should handle follower user not found","duration":0.48889999999994416,"failureMessages":[],"meta":{}},{"ancestorTitles":["FollowController Unit Tests","bulkCheckFollowing()"],"fullName":"FollowController Unit Tests bulkCheckFollowing() should successfully perform bulk follow check","status":"passed","title":"should successfully perform bulk follow check","duration":0.6623999999999342,"failureMessages":[],"meta":{}},{"ancestorTitles":["FollowController Unit Tests","bulkCheckFollowing()"],"fullName":"FollowController Unit Tests bulkCheckFollowing() should reject invalid usernames format","status":"passed","title":"should reject invalid usernames format","duration":0.33940000000006876,"failureMessages":[],"meta":{}},{"ancestorTitles":["FollowController Unit Tests","getRecentFollowers()"],"fullName":"FollowController Unit Tests getRecentFollowers() should successfully get recent followers for own account","status":"passed","title":"should successfully get recent followers for own account","duration":0.5505000000000564,"failureMessages":[],"meta":{}},{"ancestorTitles":["FollowController Unit Tests","getRecentFollowers()"],"fullName":"FollowController Unit Tests getRecentFollowers() should handle custom limit parameter","status":"passed","title":"should handle custom limit parameter","duration":0.2880000000000109,"failureMessages":[],"meta":{}},{"ancestorTitles":["FollowController Unit Tests","getRecentFollowers()"],"fullName":"FollowController Unit Tests getRecentFollowers() should reject when trying to view others recent followers","status":"passed","title":"should reject when trying to view others recent followers","duration":0.3170000000000073,"failureMessages":[],"meta":{}},{"ancestorTitles":["FollowController Unit Tests","getRecentFollowers()"],"fullName":"FollowController Unit Tests getRecentFollowers() should reject when not authenticated","status":"passed","title":"should reject when not authenticated","duration":0.3143000000000029,"failureMessages":[],"meta":{}},{"ancestorTitles":["FollowController Unit Tests","Error Code Mapping"],"fullName":"FollowController Unit Tests Error Code Mapping should map validation errors to 400 status","status":"passed","title":"should map validation errors to 400 status","duration":0.2947999999998956,"failureMessages":[],"meta":{}},{"ancestorTitles":["FollowController Unit Tests","Error Code Mapping"],"fullName":"FollowController Unit Tests Error Code Mapping should map authentication errors to 401 status","status":"passed","title":"should map authentication errors to 401 status","duration":0.9221000000000004,"failureMessages":[],"meta":{}},{"ancestorTitles":["FollowController Unit Tests","Error Code Mapping"],"fullName":"FollowController Unit Tests Error Code Mapping should map forbidden errors to 403 status","status":"passed","title":"should map forbidden errors to 403 status","duration":0.2836000000000922,"failureMessages":[],"meta":{}},{"ancestorTitles":["FollowController Unit Tests","Error Code Mapping"],"fullName":"FollowController Unit Tests Error Code Mapping should map not found errors to 404 status","status":"passed","title":"should map not found errors to 404 status","duration":0.36159999999995307,"failureMessages":[],"meta":{}},{"ancestorTitles":["FollowController Unit Tests","Error Code Mapping"],"fullName":"FollowController Unit Tests Error Code Mapping should map business rule conflicts to 409 status","status":"passed","title":"should map business rule conflicts to 409 status","duration":0.5214999999999463,"failureMessages":[],"meta":{}},{"ancestorTitles":["FollowController Unit Tests","Error Code Mapping"],"fullName":"FollowController Unit Tests Error Code Mapping should map unknown errors to 500 status","status":"passed","title":"should map unknown errors to 500 status","duration":0.4875000000000682,"failureMessages":[],"meta":{}}],"startTime":1751801655291,"endTime":1751801655312.4875,"status":"passed","message":"","name":"C:/Users/Et Al/Documents/GitHub/ParaSocial/backend/__tests__/controllers/FollowController.test.ts"},{"assertionResults":[{"ancestorTitles":["PostController","createPost","Successful Post Creation"],"fullName":"PostController createPost Successful Post Creation should create a new post successfully","status":"passed","title":"should create a new post successfully","duration":4.598799999999983,"failureMessages":[],"meta":{}},{"ancestorTitles":["PostController","createPost","Successful Post Creation"],"fullName":"PostController createPost Successful Post Creation should create scheduled post successfully","status":"passed","title":"should create scheduled post successfully","duration":1.4902000000000157,"failureMessages":[],"meta":{}},{"ancestorTitles":["PostController","createPost","Successful Post Creation"],"fullName":"PostController createPost Successful Post Creation should handle content warning properly","status":"passed","title":"should handle content warning properly","duration":1.6030000000000086,"failureMessages":[],"meta":{}},{"ancestorTitles":["PostController","createPost","Input Validation"],"fullName":"PostController createPost Input Validation should reject posts with empty content","status":"passed","title":"should reject posts with empty content","duration":0.7905999999999835,"failureMessages":[],"meta":{}},{"ancestorTitles":["PostController","createPost","Input Validation"],"fullName":"PostController createPost Input Validation should reject posts with only whitespace content","status":"passed","title":"should reject posts with only whitespace content","duration":0.6270000000000095,"failureMessages":[],"meta":{}},{"ancestorTitles":["PostController","createPost","Input Validation"],"fullName":"PostController createPost Input Validation should reject posts exceeding character limit","status":"passed","title":"should reject posts exceeding character limit","duration":0.491299999999967,"failureMessages":[],"meta":{}},{"ancestorTitles":["PostController","createPost","Input Validation"],"fullName":"PostController createPost Input Validation should reject scheduled posts without scheduledFor date","status":"passed","title":"should reject scheduled posts without scheduledFor date","duration":0.4426000000000272,"failureMessages":[],"meta":{}},{"ancestorTitles":["PostController","createPost","Input Validation"],"fullName":"PostController createPost Input Validation should reject scheduled posts with past dates","status":"passed","title":"should reject scheduled posts with past dates","duration":0.4937999999999647,"failureMessages":[],"meta":{}},{"ancestorTitles":["PostController","createPost","Server Errors"],"fullName":"PostController createPost Server Errors should handle database errors gracefully","status":"passed","title":"should handle database errors gracefully","duration":0.7187999999999874,"failureMessages":[],"meta":{}},{"ancestorTitles":["PostController","getPosts","Successful Post Retrieval"],"fullName":"PostController getPosts Successful Post Retrieval should return public posts with pagination","status":"passed","title":"should return public posts with pagination","duration":0.6856999999999971,"failureMessages":[],"meta":{}},{"ancestorTitles":["PostController","getPosts","Successful Post Retrieval"],"fullName":"PostController getPosts Successful Post Retrieval should filter out current user own posts when authenticated","status":"passed","title":"should filter out current user own posts when authenticated","duration":0.6408999999999878,"failureMessages":[],"meta":{}},{"ancestorTitles":["PostController","getPosts","Successful Post Retrieval"],"fullName":"PostController getPosts Successful Post Retrieval should handle pagination parameters correctly","status":"passed","title":"should handle pagination parameters correctly","duration":0.508700000000033,"failureMessages":[],"meta":{}},{"ancestorTitles":["PostController","getPosts","Successful Post Retrieval"],"fullName":"PostController getPosts Successful Post Retrieval should handle invalid pagination parameters","status":"passed","title":"should handle invalid pagination parameters","duration":0.3702999999999861,"failureMessages":[],"meta":{}},{"ancestorTitles":["PostController","getPosts","Server Errors"],"fullName":"PostController getPosts Server Errors should handle database errors gracefully","status":"passed","title":"should handle database errors gracefully","duration":0.4319999999999595,"failureMessages":[],"meta":{}},{"ancestorTitles":["PostController","getPostById","Successful Post Retrieval"],"fullName":"PostController getPostById Successful Post Retrieval should return post when found and published","status":"passed","title":"should return post when found and published","duration":0.4914999999999736,"failureMessages":[],"meta":{}},{"ancestorTitles":["PostController","getPostById","Successful Post Retrieval"],"fullName":"PostController getPostById Successful Post Retrieval should return unpublished post when author is viewing","status":"passed","title":"should return unpublished post when author is viewing","duration":0.4451000000000249,"failureMessages":[],"meta":{}},{"ancestorTitles":["PostController","getPostById","Access Control"],"fullName":"PostController getPostById Access Control should return 404 for unpublished post when not the author","status":"passed","title":"should return 404 for unpublished post when not the author","duration":0.42409999999995307,"failureMessages":[],"meta":{}},{"ancestorTitles":["PostController","getPostById","Access Control"],"fullName":"PostController getPostById Access Control should return 404 when post does not exist","status":"passed","title":"should return 404 when post does not exist","duration":0.42770000000001573,"failureMessages":[],"meta":{}},{"ancestorTitles":["PostController","getPostById","Input Validation"],"fullName":"PostController getPostById Input Validation should return 400 when post ID is missing","status":"passed","title":"should return 400 when post ID is missing","duration":0.4286999999999921,"failureMessages":[],"meta":{}},{"ancestorTitles":["PostController","deletePost","Successful Post Deletion"],"fullName":"PostController deletePost Successful Post Deletion should delete own post successfully","status":"passed","title":"should delete own post successfully","duration":1.3355999999999995,"failureMessages":[],"meta":{}},{"ancestorTitles":["PostController","deletePost","Access Control"],"fullName":"PostController deletePost Access Control should return 403 when trying to delete another user post","status":"passed","title":"should return 403 when trying to delete another user post","duration":0.45870000000002165,"failureMessages":[],"meta":{}},{"ancestorTitles":["PostController","deletePost","Access Control"],"fullName":"PostController deletePost Access Control should return 404 when post does not exist","status":"passed","title":"should return 404 when post does not exist","duration":0.38769999999999527,"failureMessages":[],"meta":{}},{"ancestorTitles":["PostController","getUserPosts","Successful User Posts Retrieval"],"fullName":"PostController getUserPosts Successful User Posts Retrieval should return user posts with pagination","status":"passed","title":"should return user posts with pagination","duration":0.7202000000000339,"failureMessages":[],"meta":{}},{"ancestorTitles":["PostController","getUserPosts","Successful User Posts Retrieval"],"fullName":"PostController getUserPosts Successful User Posts Retrieval should return 404 when user does not exist","status":"passed","title":"should return 404 when user does not exist","duration":0.5091999999999643,"failureMessages":[],"meta":{}}],"startTime":1751801658819,"endTime":1751801658841.5093,"status":"passed","message":"","name":"C:/Users/Et Al/Documents/GitHub/ParaSocial/backend/__tests__/controllers/PostController.test.ts"},{"assertionResults":[{"ancestorTitles":["Follow Integration Tests","Follow Creation and Validation"],"fullName":"Follow Integration Tests Follow Creation and Validation should create follow relationship successfully","status":"passed","title":"should create follow relationship successfully","duration":205.601,"failureMessages":[],"meta":{}},{"ancestorTitles":["Follow Integration Tests","Follow Creation and Validation"],"fullName":"Follow Integration Tests Follow Creation and Validation should prevent duplicate follow relationships","status":"passed","title":"should prevent duplicate follow relationships","duration":94.38650000000001,"failureMessages":[],"meta":{}},{"ancestorTitles":["Follow Integration Tests","Follow Creation and Validation"],"fullName":"Follow Integration Tests Follow Creation and Validation should prevent self-following","status":"passed","title":"should prevent self-following","duration":78.89619999999991,"failureMessages":[],"meta":{}}],"startTime":1751801801333,"endTime":1751801801711.8962,"status":"passed","message":"","name":"C:/Users/Et Al/Documents/GitHub/ParaSocial/backend/__tests__/integration/Follow.integration.test.ts"},{"assertionResults":[{"ancestorTitles":["Post-User Integration Tests","User-Post Relationship"],"fullName":"Post-User Integration Tests User-Post Relationship should create post associated with existing user","status":"passed","title":"should create post associated with existing user","duration":327.69880000000006,"failureMessages":[],"meta":{}},{"ancestorTitles":["Post-User Integration Tests","User-Post Relationship"],"fullName":"Post-User Integration Tests User-Post Relationship should enforce foreign key constraint for invalid user","status":"passed","title":"should enforce foreign key constraint for invalid user","duration":103.68560000000002,"failureMessages":[],"meta":{}},{"ancestorTitles":["Post-User Integration Tests","User-Post Relationship"],"fullName":"Post-User Integration Tests User-Post Relationship should cascade delete posts when user is deleted","status":"passed","title":"should cascade delete posts when user is deleted","duration":80.59120000000007,"failureMessages":[],"meta":{}},{"ancestorTitles":["Post-User Integration Tests","Post Creation Workflows"],"fullName":"Post-User Integration Tests Post Creation Workflows should create published post with proper user attribution","status":"passed","title":"should create published post with proper user attribution","duration":180.16970000000003,"failureMessages":[],"meta":{}},{"ancestorTitles":["Post-User Integration Tests","Post Creation Workflows"],"fullName":"Post-User Integration Tests Post Creation Workflows should create draft post for user","status":"passed","title":"should create draft post for user","duration":81.76129999999989,"failureMessages":[],"meta":{}},{"ancestorTitles":["Post-User Integration Tests","Post Creation Workflows"],"fullName":"Post-User Integration Tests Post Creation Workflows should create scheduled post with user relationship","status":"passed","title":"should create scheduled post with user relationship","duration":86.39059999999995,"failureMessages":[],"meta":{}}],"startTime":1751801796352,"endTime":1751801797213.3906,"status":"passed","message":"","name":"C:/Users/Et Al/Documents/GitHub/ParaSocial/backend/__tests__/integration/PostUser.integration.test.ts"},{"assertionResults":[{"ancestorTitles":["Authentication Middleware","createAuthMiddleware (Required Authentication)","Valid Authentication"],"fullName":"Authentication Middleware createAuthMiddleware (Required Authentication) Valid Authentication should successfully authenticate with valid token","status":"passed","title":"should successfully authenticate with valid token","duration":4.651700000000005,"failureMessages":[],"meta":{}},{"ancestorTitles":["Authentication Middleware","createAuthMiddleware (Required Authentication)","Valid Authentication"],"fullName":"Authentication Middleware createAuthMiddleware (Required Authentication) Valid Authentication should handle different token formats correctly","status":"passed","title":"should handle different token formats correctly","duration":0.8301000000000158,"failureMessages":[],"meta":{}},{"ancestorTitles":["Authentication Middleware","createAuthMiddleware (Required Authentication)","Valid Authentication"],"fullName":"Authentication Middleware createAuthMiddleware (Required Authentication) Valid Authentication should handle user with numeric ID","status":"passed","title":"should handle user with numeric ID","duration":0.7095000000000482,"failureMessages":[],"meta":{}},{"ancestorTitles":["Authentication Middleware","createAuthMiddleware (Required Authentication)","Valid Authentication"],"fullName":"Authentication Middleware createAuthMiddleware (Required Authentication) Valid Authentication should handle case-sensitive headers","status":"passed","title":"should handle case-sensitive headers","duration":0.46539999999998827,"failureMessages":[],"meta":{}},{"ancestorTitles":["Authentication Middleware","createAuthMiddleware (Required Authentication)","Missing Authentication"],"fullName":"Authentication Middleware createAuthMiddleware (Required Authentication) Missing Authentication should return 401 when no authorization header is provided","status":"passed","title":"should return 401 when no authorization header is provided","duration":1.126299999999958,"failureMessages":[],"meta":{}},{"ancestorTitles":["Authentication Middleware","createAuthMiddleware (Required Authentication)","Missing Authentication"],"fullName":"Authentication Middleware createAuthMiddleware (Required Authentication) Missing Authentication should return 401 when authorization header is empty","status":"passed","title":"should return 401 when authorization header is empty","duration":0.5476000000000454,"failureMessages":[],"meta":{}},{"ancestorTitles":["Authentication Middleware","createAuthMiddleware (Required Authentication)","Missing Authentication"],"fullName":"Authentication Middleware createAuthMiddleware (Required Authentication) Missing Authentication should return 401 when authorization header has wrong format","status":"passed","title":"should return 401 when authorization header has wrong format","duration":0.5647999999999911,"failureMessages":[],"meta":{}},{"ancestorTitles":["Authentication Middleware","createAuthMiddleware (Required Authentication)","Missing Authentication"],"fullName":"Authentication Middleware createAuthMiddleware (Required Authentication) Missing Authentication should return 401 when Bearer token is missing","status":"passed","title":"should return 401 when Bearer token is missing","duration":0.3503000000000043,"failureMessages":[],"meta":{}},{"ancestorTitles":["Authentication Middleware","createAuthMiddleware (Required Authentication)","Invalid Authentication"],"fullName":"Authentication Middleware createAuthMiddleware (Required Authentication) Invalid Authentication should return 401 for invalid token","status":"passed","title":"should return 401 for invalid token","duration":0.7506999999999948,"failureMessages":[],"meta":{}},{"ancestorTitles":["Authentication Middleware","createAuthMiddleware (Required Authentication)","Invalid Authentication"],"fullName":"Authentication Middleware createAuthMiddleware (Required Authentication) Invalid Authentication should return 401 for expired token","status":"passed","title":"should return 401 for expired token","duration":0.8258999999999901,"failureMessages":[],"meta":{}},{"ancestorTitles":["Authentication Middleware","createAuthMiddleware (Required Authentication)","Invalid Authentication"],"fullName":"Authentication Middleware createAuthMiddleware (Required Authentication) Invalid Authentication should return 401 for malformed token","status":"passed","title":"should return 401 for malformed token","duration":0.49869999999998527,"failureMessages":[],"meta":{}},{"ancestorTitles":["Authentication Middleware","createAuthMiddleware (Required Authentication)","Invalid Authentication"],"fullName":"Authentication Middleware createAuthMiddleware (Required Authentication) Invalid Authentication should handle generic authentication errors","status":"passed","title":"should handle generic authentication errors","duration":0.6071999999999775,"failureMessages":[],"meta":{}},{"ancestorTitles":["Authentication Middleware","createAuthMiddleware (Required Authentication)","Invalid Authentication"],"fullName":"Authentication Middleware createAuthMiddleware (Required Authentication) Invalid Authentication should handle non-Error exceptions","status":"passed","title":"should handle non-Error exceptions","duration":0.5350999999999999,"failureMessages":[],"meta":{}},{"ancestorTitles":["Authentication Middleware","createAuthMiddleware (Required Authentication)","Error Handling Edge Cases"],"fullName":"Authentication Middleware createAuthMiddleware (Required Authentication) Error Handling Edge Cases should handle extractTokenFromHeader throwing an error","status":"passed","title":"should handle extractTokenFromHeader throwing an error","duration":0.4460000000000264,"failureMessages":[],"meta":{}},{"ancestorTitles":["Authentication Middleware","createAuthMiddleware (Required Authentication)","Error Handling Edge Cases"],"fullName":"Authentication Middleware createAuthMiddleware (Required Authentication) Error Handling Edge Cases should handle verifyToken returning null or undefined","status":"passed","title":"should handle verifyToken returning null or undefined","duration":0.5575999999999794,"failureMessages":[],"meta":{}},{"ancestorTitles":["Authentication Middleware","createOptionalAuthMiddleware (Optional Authentication)","Valid Authentication"],"fullName":"Authentication Middleware createOptionalAuthMiddleware (Optional Authentication) Valid Authentication should authenticate when valid token is provided","status":"passed","title":"should authenticate when valid token is provided","duration":0.9440000000000168,"failureMessages":[],"meta":{}},{"ancestorTitles":["Authentication Middleware","createOptionalAuthMiddleware (Optional Authentication)","Valid Authentication"],"fullName":"Authentication Middleware createOptionalAuthMiddleware (Optional Authentication) Valid Authentication should handle valid authentication same as required middleware","status":"passed","title":"should handle valid authentication same as required middleware","duration":0.5702999999999747,"failureMessages":[],"meta":{}},{"ancestorTitles":["Authentication Middleware","createOptionalAuthMiddleware (Optional Authentication)","Missing Authentication"],"fullName":"Authentication Middleware createOptionalAuthMiddleware (Optional Authentication) Missing Authentication should continue without user when no token is provided","status":"passed","title":"should continue without user when no token is provided","duration":0.436300000000017,"failureMessages":[],"meta":{}},{"ancestorTitles":["Authentication Middleware","createOptionalAuthMiddleware (Optional Authentication)","Missing Authentication"],"fullName":"Authentication Middleware createOptionalAuthMiddleware (Optional Authentication) Missing Authentication should continue without user when authorization header is empty","status":"passed","title":"should continue without user when authorization header is empty","duration":0.3283999999999878,"failureMessages":[],"meta":{}},{"ancestorTitles":["Authentication Middleware","createOptionalAuthMiddleware (Optional Authentication)","Missing Authentication"],"fullName":"Authentication Middleware createOptionalAuthMiddleware (Optional Authentication) Missing Authentication should continue without user when Bearer format is wrong","status":"passed","title":"should continue without user when Bearer format is wrong","duration":0.3421000000000163,"failureMessages":[],"meta":{}},{"ancestorTitles":["Authentication Middleware","createOptionalAuthMiddleware (Optional Authentication)","Invalid Authentication"],"fullName":"Authentication Middleware createOptionalAuthMiddleware (Optional Authentication) Invalid Authentication should continue without user when token is invalid","status":"passed","title":"should continue without user when token is invalid","duration":0.7134000000000356,"failureMessages":[],"meta":{}},{"ancestorTitles":["Authentication Middleware","createOptionalAuthMiddleware (Optional Authentication)","Invalid Authentication"],"fullName":"Authentication Middleware createOptionalAuthMiddleware (Optional Authentication) Invalid Authentication should continue without user when token is expired","status":"passed","title":"should continue without user when token is expired","duration":0.43060000000002674,"failureMessages":[],"meta":{}},{"ancestorTitles":["Authentication Middleware","createOptionalAuthMiddleware (Optional Authentication)","Invalid Authentication"],"fullName":"Authentication Middleware createOptionalAuthMiddleware (Optional Authentication) Invalid Authentication should continue without user for any token verification error","status":"passed","title":"should continue without user for any token verification error","duration":0.43379999999996244,"failureMessages":[],"meta":{}},{"ancestorTitles":["Authentication Middleware","createOptionalAuthMiddleware (Optional Authentication)","Invalid Authentication"],"fullName":"Authentication Middleware createOptionalAuthMiddleware (Optional Authentication) Invalid Authentication should handle extractTokenFromHeader errors gracefully","status":"passed","title":"should handle extractTokenFromHeader errors gracefully","duration":1.918299999999988,"failureMessages":[],"meta":{}},{"ancestorTitles":["Authentication Middleware","Middleware Factory Functions"],"fullName":"Authentication Middleware Middleware Factory Functions should create middleware function from createAuthMiddleware","status":"passed","title":"should create middleware function from createAuthMiddleware","duration":0.6731000000000336,"failureMessages":[],"meta":{}},{"ancestorTitles":["Authentication Middleware","Middleware Factory Functions"],"fullName":"Authentication Middleware Middleware Factory Functions should create middleware function from createOptionalAuthMiddleware","status":"passed","title":"should create middleware function from createOptionalAuthMiddleware","duration":0.2907999999999902,"failureMessages":[],"meta":{}},{"ancestorTitles":["Authentication Middleware","Middleware Factory Functions"],"fullName":"Authentication Middleware Middleware Factory Functions should create independent middleware instances","status":"passed","title":"should create independent middleware instances","duration":0.4031999999999698,"failureMessages":[],"meta":{}},{"ancestorTitles":["Authentication Middleware","Middleware Factory Functions"],"fullName":"Authentication Middleware Middleware Factory Functions should handle different AuthService instances","status":"passed","title":"should handle different AuthService instances","duration":0.27480000000002747,"failureMessages":[],"meta":{}},{"ancestorTitles":["Authentication Middleware","Integration Scenarios"],"fullName":"Authentication Middleware Integration Scenarios should work in sequence with multiple middleware","status":"passed","title":"should work in sequence with multiple middleware","duration":0.3597000000000321,"failureMessages":[],"meta":{}},{"ancestorTitles":["Authentication Middleware","Integration Scenarios"],"fullName":"Authentication Middleware Integration Scenarios should preserve existing request properties","status":"passed","title":"should preserve existing request properties","duration":0.31119999999998527,"failureMessages":[],"meta":{}},{"ancestorTitles":["Authentication Middleware","Integration Scenarios"],"fullName":"Authentication Middleware Integration Scenarios should handle concurrent requests independently","status":"passed","title":"should handle concurrent requests independently","duration":0.6891999999999712,"failureMessages":[],"meta":{}}],"startTime":1751801655871,"endTime":1751801655897.6892,"status":"passed","message":"","name":"C:/Users/Et Al/Documents/GitHub/ParaSocial/backend/__tests__/middleware/authMiddleware.test.ts"},{"assertionResults":[{"ancestorTitles":["Follow Validation Middleware","validateFollowRequest","Valid Follow Requests"],"fullName":"Follow Validation Middleware validateFollowRequest Valid Follow Requests should pass validation with valid username and no actorId","status":"passed","title":"should pass validation with valid username and no actorId","duration":4.253500000000031,"failureMessages":[],"meta":{}},{"ancestorTitles":["Follow Validation Middleware","validateFollowRequest","Valid Follow Requests"],"fullName":"Follow Validation Middleware validateFollowRequest Valid Follow Requests should pass validation with valid ActivityPub actor ID","status":"passed","title":"should pass validation with valid ActivityPub actor ID","duration":2.1075000000000728,"failureMessages":[],"meta":{}},{"ancestorTitles":["Follow Validation Middleware","validateFollowRequest","Valid Follow Requests"],"fullName":"Follow Validation Middleware validateFollowRequest Valid Follow Requests should pass validation with various valid usernames","status":"passed","title":"should pass validation with various valid usernames","duration":1.6733999999999014,"failureMessages":[],"meta":{}},{"ancestorTitles":["Follow Validation Middleware","validateFollowRequest","Valid Follow Requests"],"fullName":"Follow Validation Middleware validateFollowRequest Valid Follow Requests should pass validation with various valid ActivityPub URLs","status":"passed","title":"should pass validation with various valid ActivityPub URLs","duration":1.485400000000027,"failureMessages":[],"meta":{}},{"ancestorTitles":["Follow Validation Middleware","validateFollowRequest","Valid Follow Requests"],"fullName":"Follow Validation Middleware validateFollowRequest Valid Follow Requests should pass validation with null actorId","status":"passed","title":"should pass validation with null actorId","duration":0.5042000000000826,"failureMessages":[],"meta":{}},{"ancestorTitles":["Follow Validation Middleware","validateFollowRequest","Invalid Follow Requests"],"fullName":"Follow Validation Middleware validateFollowRequest Invalid Follow Requests should reject invalid username","status":"passed","title":"should reject invalid username","duration":9.59660000000008,"failureMessages":[],"meta":{}},{"ancestorTitles":["Follow Validation Middleware","validateFollowRequest","Invalid Follow Requests"],"fullName":"Follow Validation Middleware validateFollowRequest Invalid Follow Requests should reject invalid ActivityPub actor URLs","status":"passed","title":"should reject invalid ActivityPub actor URLs","duration":3.1383999999999332,"failureMessages":[],"meta":{}},{"ancestorTitles":["Follow Validation Middleware","validateUnfollowRequest","Valid Unfollow Requests"],"fullName":"Follow Validation Middleware validateUnfollowRequest Valid Unfollow Requests should pass validation with valid username","status":"passed","title":"should pass validation with valid username","duration":0.44810000000006767,"failureMessages":[],"meta":{}},{"ancestorTitles":["Follow Validation Middleware","validateUnfollowRequest","Valid Unfollow Requests"],"fullName":"Follow Validation Middleware validateUnfollowRequest Valid Unfollow Requests should pass validation with various valid usernames","status":"passed","title":"should pass validation with various valid usernames","duration":0.5481999999999516,"failureMessages":[],"meta":{}},{"ancestorTitles":["Follow Validation Middleware","validateUnfollowRequest","Invalid Unfollow Requests"],"fullName":"Follow Validation Middleware validateUnfollowRequest Invalid Unfollow Requests should reject invalid usernames","status":"passed","title":"should reject invalid usernames","duration":1.2858999999999696,"failureMessages":[],"meta":{}},{"ancestorTitles":["Follow Validation Middleware","validateFollowerQuery","Valid Follower Queries"],"fullName":"Follow Validation Middleware validateFollowerQuery Valid Follower Queries should pass validation with default parameters","status":"passed","title":"should pass validation with default parameters","duration":2.4254999999999427,"failureMessages":[],"meta":{}},{"ancestorTitles":["Follow Validation Middleware","validateFollowerQuery","Valid Follower Queries"],"fullName":"Follow Validation Middleware validateFollowerQuery Valid Follower Queries should pass validation with valid pagination parameters","status":"passed","title":"should pass validation with valid pagination parameters","duration":0.7113000000000511,"failureMessages":[],"meta":{}},{"ancestorTitles":["Follow Validation Middleware","validateFollowerQuery","Valid Follower Queries"],"fullName":"Follow Validation Middleware validateFollowerQuery Valid Follower Queries should pass validation with includeInactive flag","status":"passed","title":"should pass validation with includeInactive flag","duration":0.39560000000005857,"failureMessages":[],"meta":{}},{"ancestorTitles":["Follow Validation Middleware","validateFollowerQuery","Valid Follower Queries"],"fullName":"Follow Validation Middleware validateFollowerQuery Valid Follower Queries should handle includeInactive false correctly","status":"passed","title":"should handle includeInactive false correctly","duration":0.39170000000001437,"failureMessages":[],"meta":{}},{"ancestorTitles":["Follow Validation Middleware","validateFollowerQuery","Invalid Follower Queries"],"fullName":"Follow Validation Middleware validateFollowerQuery Invalid Follower Queries should reject invalid username in params","status":"passed","title":"should reject invalid username in params","duration":0.5929999999999609,"failureMessages":[],"meta":{}},{"ancestorTitles":["Follow Validation Middleware","validateFollowerQuery","Invalid Follower Queries"],"fullName":"Follow Validation Middleware validateFollowerQuery Invalid Follower Queries should reject page number that is too high","status":"passed","title":"should reject page number that is too high","duration":0.7105999999999995,"failureMessages":[],"meta":{}},{"ancestorTitles":["Follow Validation Middleware","validateFollowerQuery","Invalid Follower Queries"],"fullName":"Follow Validation Middleware validateFollowerQuery Invalid Follower Queries should reject limit that is too high","status":"passed","title":"should reject limit that is too high","duration":0.511199999999917,"failureMessages":[],"meta":{}},{"ancestorTitles":["Follow Validation Middleware","validateFollowerQuery","Invalid Follower Queries"],"fullName":"Follow Validation Middleware validateFollowerQuery Invalid Follower Queries should reject zero or negative page numbers","status":"passed","title":"should reject zero or negative page numbers","duration":0.9067999999999756,"failureMessages":[],"meta":{}},{"ancestorTitles":["Follow Validation Middleware","validateWebFingerQuery","Valid WebFinger Queries"],"fullName":"Follow Validation Middleware validateWebFingerQuery Valid WebFinger Queries should pass validation with acct: format","status":"passed","title":"should pass validation with acct: format","duration":0.8038999999999987,"failureMessages":[],"meta":{}},{"ancestorTitles":["Follow Validation Middleware","validateWebFingerQuery","Valid WebFinger Queries"],"fullName":"Follow Validation Middleware validateWebFingerQuery Valid WebFinger Queries should pass validation with HTTPS URL format","status":"passed","title":"should pass validation with HTTPS URL format","duration":0.3673000000000002,"failureMessages":[],"meta":{}},{"ancestorTitles":["Follow Validation Middleware","validateWebFingerQuery","Valid WebFinger Queries"],"fullName":"Follow Validation Middleware validateWebFingerQuery Valid WebFinger Queries should pass validation with various acct: formats","status":"passed","title":"should pass validation with various acct: formats","duration":0.499300000000062,"failureMessages":[],"meta":{}},{"ancestorTitles":["Follow Validation Middleware","validateWebFingerQuery","Valid WebFinger Queries"],"fullName":"Follow Validation Middleware validateWebFingerQuery Valid WebFinger Queries should pass validation with various HTTPS URL formats","status":"passed","title":"should pass validation with various HTTPS URL formats","duration":0.5816999999999553,"failureMessages":[],"meta":{}},{"ancestorTitles":["Follow Validation Middleware","validateWebFingerQuery","Invalid WebFinger Queries"],"fullName":"Follow Validation Middleware validateWebFingerQuery Invalid WebFinger Queries should reject invalid resource formats","status":"passed","title":"should reject invalid resource formats","duration":9.510499999999979,"failureMessages":[],"meta":{}},{"ancestorTitles":["Follow Validation Middleware","validateWebFingerQuery","Invalid WebFinger Queries"],"fullName":"Follow Validation Middleware validateWebFingerQuery Invalid WebFinger Queries should reject missing resource parameter","status":"passed","title":"should reject missing resource parameter","duration":2.5756000000000085,"failureMessages":[],"meta":{}},{"ancestorTitles":["Follow Validation Middleware","validateActivityPubInbox","Valid ActivityPub Inbox Requests"],"fullName":"Follow Validation Middleware validateActivityPubInbox Valid ActivityPub Inbox Requests should pass validation with valid ActivityPub request","status":"passed","title":"should pass validation with valid ActivityPub request","duration":0.995900000000006,"failureMessages":[],"meta":{}},{"ancestorTitles":["Follow Validation Middleware","validateActivityPubInbox","Valid ActivityPub Inbox Requests"],"fullName":"Follow Validation Middleware validateActivityPubInbox Valid ActivityPub Inbox Requests should pass validation with extended ActivityPub content type","status":"passed","title":"should pass validation with extended ActivityPub content type","duration":0.7300999999999931,"failureMessages":[],"meta":{}},{"ancestorTitles":["Follow Validation Middleware","validateActivityPubInbox","Valid ActivityPub Inbox Requests"],"fullName":"Follow Validation Middleware validateActivityPubInbox Valid ActivityPub Inbox Requests should pass validation with all required ActivityPub fields","status":"passed","title":"should pass validation with all required ActivityPub fields","duration":0.5284000000000333,"failureMessages":[],"meta":{}},{"ancestorTitles":["Follow Validation Middleware","validateActivityPubInbox","Invalid ActivityPub Inbox Requests"],"fullName":"Follow Validation Middleware validateActivityPubInbox Invalid ActivityPub Inbox Requests should reject non-ActivityPub content type","status":"passed","title":"should reject non-ActivityPub content type","duration":1.1590999999999667,"failureMessages":[],"meta":{}},{"ancestorTitles":["Follow Validation Middleware","validateActivityPubInbox","Invalid ActivityPub Inbox Requests"],"fullName":"Follow Validation Middleware validateActivityPubInbox Invalid ActivityPub Inbox Requests should reject missing content type","status":"passed","title":"should reject missing content type","duration":2.025600000000054,"failureMessages":[],"meta":{}},{"ancestorTitles":["Follow Validation Middleware","validateActivityPubInbox","Invalid ActivityPub Inbox Requests"],"fullName":"Follow Validation Middleware validateActivityPubInbox Invalid ActivityPub Inbox Requests should reject invalid username","status":"passed","title":"should reject invalid username","duration":0.9139000000000124,"failureMessages":[],"meta":{}},{"ancestorTitles":["Follow Validation Middleware","validateActivityPubInbox","Invalid ActivityPub Inbox Requests"],"fullName":"Follow Validation Middleware validateActivityPubInbox Invalid ActivityPub Inbox Requests should reject non-object request body","status":"passed","title":"should reject non-object request body","duration":5.205400000000054,"failureMessages":[],"meta":{}},{"ancestorTitles":["Follow Validation Middleware","validateActivityPubInbox","Invalid ActivityPub Inbox Requests"],"fullName":"Follow Validation Middleware validateActivityPubInbox Invalid ActivityPub Inbox Requests should reject ActivityPub activities missing required fields","status":"passed","title":"should reject ActivityPub activities missing required fields","duration":2.480000000000018,"failureMessages":[],"meta":{}},{"ancestorTitles":["Follow Validation Middleware","Error Handling"],"fullName":"Follow Validation Middleware Error Handling should handle validation errors properly","status":"passed","title":"should handle validation errors properly","duration":0.747600000000034,"failureMessages":[],"meta":{}}],"startTime":1751801655324,"endTime":1751801655391.7476,"status":"passed","message":"","name":"C:/Users/Et Al/Documents/GitHub/ParaSocial/backend/__tests__/middleware/followValidationMiddleware.test.ts"},{"assertionResults":[{"ancestorTitles":["Media & Moderation Validation Middleware","validateMediaUpload","Valid Media Uploads"],"fullName":"Media & Moderation Validation Middleware validateMediaUpload Valid Media Uploads should pass validation with valid image file","status":"passed","title":"should pass validation with valid image file","duration":5.575500000000034,"failureMessages":[],"meta":{}},{"ancestorTitles":["Media & Moderation Validation Middleware","validateMediaUpload","Valid Media Uploads"],"fullName":"Media & Moderation Validation Middleware validateMediaUpload Valid Media Uploads should pass validation with all supported image types","status":"passed","title":"should pass validation with all supported image types","duration":0.997600000000034,"failureMessages":[],"meta":{}},{"ancestorTitles":["Media & Moderation Validation Middleware","validateMediaUpload","Valid Media Uploads"],"fullName":"Media & Moderation Validation Middleware validateMediaUpload Valid Media Uploads should pass validation with supported video types","status":"passed","title":"should pass validation with supported video types","duration":0.8016999999999825,"failureMessages":[],"meta":{}},{"ancestorTitles":["Media & Moderation Validation Middleware","validateMediaUpload","Valid Media Uploads"],"fullName":"Media & Moderation Validation Middleware validateMediaUpload Valid Media Uploads should pass validation without alt text","status":"passed","title":"should pass validation without alt text","duration":0.9097000000000435,"failureMessages":[],"meta":{}},{"ancestorTitles":["Media & Moderation Validation Middleware","validateMediaUpload","Valid Media Uploads"],"fullName":"Media & Moderation Validation Middleware validateMediaUpload Valid Media Uploads should pass validation with empty alt text","status":"passed","title":"should pass validation with empty alt text","duration":0.6120999999999412,"failureMessages":[],"meta":{}},{"ancestorTitles":["Media & Moderation Validation Middleware","validateMediaUpload","Invalid Media Uploads"],"fullName":"Media & Moderation Validation Middleware validateMediaUpload Invalid Media Uploads should reject upload without file","status":"passed","title":"should reject upload without file","duration":3.7877999999999474,"failureMessages":[],"meta":{}},{"ancestorTitles":["Media & Moderation Validation Middleware","validateMediaUpload","Invalid Media Uploads"],"fullName":"Media & Moderation Validation Middleware validateMediaUpload Invalid Media Uploads should reject unsupported file types","status":"passed","title":"should reject unsupported file types","duration":3.346400000000017,"failureMessages":[],"meta":{}},{"ancestorTitles":["Media & Moderation Validation Middleware","validateMediaUpload","Invalid Media Uploads"],"fullName":"Media & Moderation Validation Middleware validateMediaUpload Invalid Media Uploads should reject files that are too large","status":"passed","title":"should reject files that are too large","duration":0.9886999999999944,"failureMessages":[],"meta":{}},{"ancestorTitles":["Media & Moderation Validation Middleware","validateMediaUpload","Invalid Media Uploads"],"fullName":"Media & Moderation Validation Middleware validateMediaUpload Invalid Media Uploads should reject empty files","status":"passed","title":"should reject empty files","duration":1.3003999999999678,"failureMessages":[],"meta":{}},{"ancestorTitles":["Media & Moderation Validation Middleware","validateMediaUpload","Invalid Media Uploads"],"fullName":"Media & Moderation Validation Middleware validateMediaUpload Invalid Media Uploads should reject alt text that is too long","status":"passed","title":"should reject alt text that is too long","duration":1.842899999999986,"failureMessages":[],"meta":{}},{"ancestorTitles":["Media & Moderation Validation Middleware","validateCreateReport","Valid Report Creation"],"fullName":"Media & Moderation Validation Middleware validateCreateReport Valid Report Creation should pass validation for user report","status":"passed","title":"should pass validation for user report","duration":1.2085000000000719,"failureMessages":[],"meta":{}},{"ancestorTitles":["Media & Moderation Validation Middleware","validateCreateReport","Valid Report Creation"],"fullName":"Media & Moderation Validation Middleware validateCreateReport Valid Report Creation should pass validation for post report","status":"passed","title":"should pass validation for post report","duration":0.3689000000000533,"failureMessages":[],"meta":{}},{"ancestorTitles":["Media & Moderation Validation Middleware","validateCreateReport","Valid Report Creation"],"fullName":"Media & Moderation Validation Middleware validateCreateReport Valid Report Creation should pass validation for all report types","status":"passed","title":"should pass validation for all report types","duration":0.7969999999999118,"failureMessages":[],"meta":{}},{"ancestorTitles":["Media & Moderation Validation Middleware","validateCreateReport","Valid Report Creation"],"fullName":"Media & Moderation Validation Middleware validateCreateReport Valid Report Creation should pass validation with maximum length description","status":"passed","title":"should pass validation with maximum length description","duration":0.2699000000000069,"failureMessages":[],"meta":{}},{"ancestorTitles":["Media & Moderation Validation Middleware","validateCreateReport","Invalid Report Creation"],"fullName":"Media & Moderation Validation Middleware validateCreateReport Invalid Report Creation should reject invalid report type","status":"passed","title":"should reject invalid report type","duration":0.9057000000000244,"failureMessages":[],"meta":{}},{"ancestorTitles":["Media & Moderation Validation Middleware","validateCreateReport","Invalid Report Creation"],"fullName":"Media & Moderation Validation Middleware validateCreateReport Invalid Report Creation should reject description that is too short","status":"passed","title":"should reject description that is too short","duration":0.5861999999999625,"failureMessages":[],"meta":{}},{"ancestorTitles":["Media & Moderation Validation Middleware","validateCreateReport","Invalid Report Creation"],"fullName":"Media & Moderation Validation Middleware validateCreateReport Invalid Report Creation should reject description that is too long","status":"passed","title":"should reject description that is too long","duration":0.5834999999999582,"failureMessages":[],"meta":{}},{"ancestorTitles":["Media & Moderation Validation Middleware","validateCreateReport","Invalid Report Creation"],"fullName":"Media & Moderation Validation Middleware validateCreateReport Invalid Report Creation should reject report with both user and post IDs","status":"passed","title":"should reject report with both user and post IDs","duration":1.924199999999928,"failureMessages":[],"meta":{}},{"ancestorTitles":["Media & Moderation Validation Middleware","validateCreateReport","Invalid Report Creation"],"fullName":"Media & Moderation Validation Middleware validateCreateReport Invalid Report Creation should reject report with neither user nor post ID","status":"passed","title":"should reject report with neither user nor post ID","duration":0.8930000000000291,"failureMessages":[],"meta":{}},{"ancestorTitles":["Media & Moderation Validation Middleware","validateBlockUser","Valid User Blocking"],"fullName":"Media & Moderation Validation Middleware validateBlockUser Valid User Blocking should pass validation with reason","status":"passed","title":"should pass validation with reason","duration":0.556699999999978,"failureMessages":[],"meta":{}},{"ancestorTitles":["Media & Moderation Validation Middleware","validateBlockUser","Valid User Blocking"],"fullName":"Media & Moderation Validation Middleware validateBlockUser Valid User Blocking should pass validation without reason","status":"passed","title":"should pass validation without reason","duration":0.5358999999999696,"failureMessages":[],"meta":{}},{"ancestorTitles":["Media & Moderation Validation Middleware","validateBlockUser","Valid User Blocking"],"fullName":"Media & Moderation Validation Middleware validateBlockUser Valid User Blocking should pass validation with empty reason","status":"passed","title":"should pass validation with empty reason","duration":0.33389999999997144,"failureMessages":[],"meta":{}},{"ancestorTitles":["Media & Moderation Validation Middleware","validateBlockUser","Invalid User Blocking"],"fullName":"Media & Moderation Validation Middleware validateBlockUser Invalid User Blocking should reject reason that is too long","status":"passed","title":"should reject reason that is too long","duration":0.6367999999999938,"failureMessages":[],"meta":{}},{"ancestorTitles":["Media & Moderation Validation Middleware","validateUsernameParam","Valid Usernames"],"fullName":"Media & Moderation Validation Middleware validateUsernameParam Valid Usernames should pass validation with valid username","status":"passed","title":"should pass validation with valid username","duration":0.7635000000000218,"failureMessages":[],"meta":{}},{"ancestorTitles":["Media & Moderation Validation Middleware","validateUsernameParam","Valid Usernames"],"fullName":"Media & Moderation Validation Middleware validateUsernameParam Valid Usernames should pass validation with minimum length username","status":"passed","title":"should pass validation with minimum length username","duration":0.5421000000000049,"failureMessages":[],"meta":{}},{"ancestorTitles":["Media & Moderation Validation Middleware","validateUsernameParam","Valid Usernames"],"fullName":"Media & Moderation Validation Middleware validateUsernameParam Valid Usernames should pass validation with maximum length username","status":"passed","title":"should pass validation with maximum length username","duration":0.4773999999999887,"failureMessages":[],"meta":{}},{"ancestorTitles":["Media & Moderation Validation Middleware","validateUsernameParam","Valid Usernames"],"fullName":"Media & Moderation Validation Middleware validateUsernameParam Valid Usernames should pass validation with underscores","status":"passed","title":"should pass validation with underscores","duration":0.5026000000000295,"failureMessages":[],"meta":{}},{"ancestorTitles":["Media & Moderation Validation Middleware","validateUsernameParam","Invalid Usernames"],"fullName":"Media & Moderation Validation Middleware validateUsernameParam Invalid Usernames should reject username that is too short","status":"passed","title":"should reject username that is too short","duration":0.9206000000000358,"failureMessages":[],"meta":{}},{"ancestorTitles":["Media & Moderation Validation Middleware","validateUsernameParam","Invalid Usernames"],"fullName":"Media & Moderation Validation Middleware validateUsernameParam Invalid Usernames should reject username that is too long","status":"passed","title":"should reject username that is too long","duration":1.4827999999999975,"failureMessages":[],"meta":{}},{"ancestorTitles":["Media & Moderation Validation Middleware","validateUsernameParam","Invalid Usernames"],"fullName":"Media & Moderation Validation Middleware validateUsernameParam Invalid Usernames should reject username with invalid characters","status":"passed","title":"should reject username with invalid characters","duration":6.379400000000032,"failureMessages":[],"meta":{}},{"ancestorTitles":["Media & Moderation Validation Middleware","Error Handling"],"fullName":"Media & Moderation Validation Middleware Error Handling should handle internal server errors gracefully","status":"passed","title":"should handle internal server errors gracefully","duration":1.5934000000000879,"failureMessages":[],"meta":{}}],"startTime":1751801655324,"endTime":1751801655372.5935,"status":"passed","message":"","name":"C:/Users/Et Al/Documents/GitHub/ParaSocial/backend/__tests__/middleware/mediaModerationValidationMiddleware.test.ts"},{"assertionResults":[{"ancestorTitles":["Post Validation Middleware","validateCreatePost","Valid Post Creation"],"fullName":"Post Validation Middleware validateCreatePost Valid Post Creation should pass validation with minimal valid data","status":"passed","title":"should pass validation with minimal valid data","duration":3.9098999999999933,"failureMessages":[],"meta":{}},{"ancestorTitles":["Post Validation Middleware","validateCreatePost","Valid Post Creation"],"fullName":"Post Validation Middleware validateCreatePost Valid Post Creation should pass validation with all optional fields","status":"passed","title":"should pass validation with all optional fields","duration":1.8583999999999605,"failureMessages":[],"meta":{}},{"ancestorTitles":["Post Validation Middleware","validateCreatePost","Valid Post Creation"],"fullName":"Post Validation Middleware validateCreatePost Valid Post Creation should pass validation with empty content warning","status":"passed","title":"should pass validation with empty content warning","duration":0.5939999999999941,"failureMessages":[],"meta":{}},{"ancestorTitles":["Post Validation Middleware","validateCreatePost","Valid Post Creation"],"fullName":"Post Validation Middleware validateCreatePost Valid Post Creation should apply default values correctly","status":"passed","title":"should apply default values correctly","duration":0.5298999999999978,"failureMessages":[],"meta":{}},{"ancestorTitles":["Post Validation Middleware","validateCreatePost","Invalid Post Creation"],"fullName":"Post Validation Middleware validateCreatePost Invalid Post Creation should reject empty content","status":"passed","title":"should reject empty content","duration":5.017900000000054,"failureMessages":[],"meta":{}},{"ancestorTitles":["Post Validation Middleware","validateCreatePost","Invalid Post Creation"],"fullName":"Post Validation Middleware validateCreatePost Invalid Post Creation should reject content that is too long","status":"passed","title":"should reject content that is too long","duration":1.5074000000000183,"failureMessages":[],"meta":{}},{"ancestorTitles":["Post Validation Middleware","validateCreatePost","Invalid Post Creation"],"fullName":"Post Validation Middleware validateCreatePost Invalid Post Creation should reject content warning that is too long","status":"passed","title":"should reject content warning that is too long","duration":3.3770999999999844,"failureMessages":[],"meta":{}},{"ancestorTitles":["Post Validation Middleware","validateCreatePost","Invalid Post Creation"],"fullName":"Post Validation Middleware validateCreatePost Invalid Post Creation should reject scheduled post without scheduled date","status":"passed","title":"should reject scheduled post without scheduled date","duration":1.8863000000000056,"failureMessages":[],"meta":{}},{"ancestorTitles":["Post Validation Middleware","validateCreatePost","Invalid Post Creation"],"fullName":"Post Validation Middleware validateCreatePost Invalid Post Creation should reject scheduled date in the past","status":"passed","title":"should reject scheduled date in the past","duration":2.1374000000000137,"failureMessages":[],"meta":{}},{"ancestorTitles":["Post Validation Middleware","validateCreatePost","Invalid Post Creation"],"fullName":"Post Validation Middleware validateCreatePost Invalid Post Creation should reject invalid datetime format","status":"passed","title":"should reject invalid datetime format","duration":1.063799999999958,"failureMessages":[],"meta":{}},{"ancestorTitles":["Post Validation Middleware","validateCreatePost","Invalid Post Creation"],"fullName":"Post Validation Middleware validateCreatePost Invalid Post Creation should handle multiple validation errors","status":"passed","title":"should handle multiple validation errors","duration":1.1808000000000334,"failureMessages":[],"meta":{}},{"ancestorTitles":["Post Validation Middleware","validateCreatePost","Edge Cases"],"fullName":"Post Validation Middleware validateCreatePost Edge Cases should handle missing request body","status":"passed","title":"should handle missing request body","duration":0.6037000000000035,"failureMessages":[],"meta":{}},{"ancestorTitles":["Post Validation Middleware","validateCreatePost","Edge Cases"],"fullName":"Post Validation Middleware validateCreatePost Edge Cases should trim content whitespace","status":"passed","title":"should trim content whitespace","duration":0.47800000000000864,"failureMessages":[],"meta":{}},{"ancestorTitles":["Post Validation Middleware","validateCreatePost","Edge Cases"],"fullName":"Post Validation Middleware validateCreatePost Edge Cases should handle non-string content types","status":"passed","title":"should handle non-string content types","duration":0.6133000000000379,"failureMessages":[],"meta":{}},{"ancestorTitles":["Post Validation Middleware","validateUpdatePost","Valid Post Updates"],"fullName":"Post Validation Middleware validateUpdatePost Valid Post Updates should pass validation with partial update data","status":"passed","title":"should pass validation with partial update data","duration":0.5974000000000501,"failureMessages":[],"meta":{}},{"ancestorTitles":["Post Validation Middleware","validateUpdatePost","Valid Post Updates"],"fullName":"Post Validation Middleware validateUpdatePost Valid Post Updates should pass validation with all updatable fields","status":"passed","title":"should pass validation with all updatable fields","duration":0.2762000000000171,"failureMessages":[],"meta":{}},{"ancestorTitles":["Post Validation Middleware","validateUpdatePost","Valid Post Updates"],"fullName":"Post Validation Middleware validateUpdatePost Valid Post Updates should pass validation with empty body","status":"passed","title":"should pass validation with empty body","duration":0.233099999999979,"failureMessages":[],"meta":{}},{"ancestorTitles":["Post Validation Middleware","validateUpdatePost","Invalid Post Updates"],"fullName":"Post Validation Middleware validateUpdatePost Invalid Post Updates should reject empty conten
[...]
 apply rate limiting to GET /posts/:id (reading individual posts)","status":"failed","title":"should not apply rate limiting to GET /posts/:id (reading individual posts)","duration":15015.803,"failureMessages":["Error: Test timed out in 15000ms.\nIf this is a long-running test, pass a timeout value as the last argument or configure it globally with \"testTimeout\".\n    at Timeout.<anonymous> (file:///C:/Users/Et%20Al/Documents/GitHub/parasocial/backend/node_modules/@vitest/runner/dist/index.js:44:18)\n    at listOnTimeout (node:internal/timers:594:17)\n    at processTimers (node:internal/timers:529:7)"],"meta":{}},{"ancestorTitles":["Posts Routes Rate Limiting","Non-Rate-Limited Post Operations"],"fullName":"Posts Routes Rate Limiting Non-Rate-Limited Post Operations should not apply rate limiting to DELETE /posts/:id (deleting posts)","status":"failed","title":"should not apply rate limiting to DELETE /posts/:id (deleting posts)","duration":15015.011199999994,"failureMessages":["Error: Test timed out in 15000ms.\nIf this is a long-running test, pass a timeout value as the last argument or configure it globally with \"testTimeout\".\n    at Timeout.<anonymous> (file:///C:/Users/Et%20Al/Documents/GitHub/parasocial/backend/node_modules/@vitest/runner/dist/index.js:44:18)\n    at listOnTimeout (node:internal/timers:594:17)\n    at processTimers (node:internal/timers:529:7)"],"meta":{}},{"ancestorTitles":["Posts Routes Rate Limiting","Rate Limit Error Response Format"],"fullName":"Posts Routes Rate Limiting Rate Limit Error Response Format should return consistent error format when rate limited","status":"failed","title":"should return consistent error format when rate limited","duration":15004.375000000015,"failureMessages":["Error: Test timed out in 15000ms.\nIf this is a long-running test, pass a timeout value as the last argument or configure it globally with \"testTimeout\".\n    at Timeout.<anonymous> (file:///C:/Users/Et%20Al/Documents/GitHub/parasocial/backend/node_modules/@vitest/runner/dist/index.js:44:18)\n    at listOnTimeout (node:internal/timers:594:17)\n    at processTimers (node:internal/timers:529:7)"],"meta":{}},{"ancestorTitles":["Posts Routes Rate Limiting","Edge Cases"],"fullName":"Posts Routes Rate Limiting Edge Cases should handle posts with maximum content length","status":"failed","title":"should handle posts with maximum content length","duration":15009.839999999997,"failureMessages":["Error: Test timed out in 15000ms.\nIf this is a long-running test, pass a timeout value as the last argument or configure it globally with \"testTimeout\".\n    at Timeout.<anonymous> (file:///C:/Users/Et%20Al/Documents/GitHub/parasocial/backend/node_modules/@vitest/runner/dist/index.js:44:18)\n    at listOnTimeout (node:internal/timers:594:17)\n    at processTimers (node:internal/timers:529:7)"],"meta":{}},{"ancestorTitles":["Posts Routes Rate Limiting","Edge Cases"],"fullName":"Posts Routes Rate Limiting Edge Cases should handle rapid consecutive post creation within limit","status":"failed","title":"should handle rapid consecutive post creation within limit","duration":15026.29760000002,"failureMessages":["Error: Test timed out in 15000ms.\nIf this is a long-running test, pass a timeout value as the last argument or configure it globally with \"testTimeout\".\n    at Timeout.<anonymous> (file:///C:/Users/Et%20Al/Documents/GitHub/parasocial/backend/node_modules/@vitest/runner/dist/index.js:44:18)\n    at listOnTimeout (node:internal/timers:594:17)\n    at processTimers (node:internal/timers:529:7)"],"meta":{}}],"startTime":1751801666976,"endTime":1751801832140.2976,"status":"failed","message":"","name":"C:/Users/Et Al/Documents/GitHub/ParaSocial/backend/src/routes/__tests__/posts.rateLimit.test.ts"},{"assertionResults":[{"ancestorTitles":["Rate Limiting Test Suite Overview","Test Coverage Summary"],"fullName":"Rate Limiting Test Suite Overview Test Coverage Summary should document all rate limiting test files","status":"passed","title":"should document all rate limiting test files","duration":2.6333999999999946,"failureMessages":[],"meta":{}},{"ancestorTitles":["Rate Limiting Test Suite Overview","Test Coverage Summary"],"fullName":"Rate Limiting Test Suite Overview Test Coverage Summary should verify rate limiting configuration matches tests","status":"passed","title":"should verify rate limiting configuration matches tests","duration":0.3673999999999751,"failureMessages":[],"meta":{}},{"ancestorTitles":["Rate Limiting Test Suite Overview","Test Scenarios Covered"],"fullName":"Rate Limiting Test Suite Overview Test Scenarios Covered should document all test scenarios","status":"passed","title":"should document all test scenarios","duration":0.38990000000001146,"failureMessages":[],"meta":{}}],"startTime":1751801800650,"endTime":1751801800654.39,"status":"passed","message":"","name":"C:/Users/Et Al/Documents/GitHub/ParaSocial/backend/src/routes/__tests__/rateLimitSuite.test.ts"},{"assertionResults":[{"ancestorTitles":["Static File Serving Security","URL Encoded Path Traversal Protection"],"fullName":"Static File Serving Security URL Encoded Path Traversal Protection should block URL encoded path traversal attempts","status":"passed","title":"should block URL encoded path traversal attempts","duration":36.772099999999966,"failureMessages":[],"meta":{}},{"ancestorTitles":["Static File Serving Security","URL Encoded Path Traversal Protection"],"fullName":"Static File Serving Security URL Encoded Path Traversal Protection should block URL encoded backslashes","status":"passed","title":"should block URL encoded backslashes","duration":6.609299999999962,"failureMessages":[],"meta":{}},{"ancestorTitles":["Static File Serving Security","Tilde Path Protection"],"fullName":"Static File Serving Security Tilde Path Protection should block requests with tilde (~)","status":"passed","title":"should block requests with tilde (~)","duration":4.7140000000000555,"failureMessages":[],"meta":{}},{"ancestorTitles":["Static File Serving Security","Null Byte Protection"],"fullName":"Static File Serving Security Null Byte Protection should block null byte injection attempts","status":"passed","title":"should block null byte injection attempts","duration":3.621499999999969,"failureMessages":[],"meta":{}},{"ancestorTitles":["Static File Serving Security","Legitimate File Access"],"fullName":"Static File Serving Security Legitimate File Access should allow legitimate file access","status":"passed","title":"should allow legitimate file access","duration":9.746399999999994,"failureMessages":[],"meta":{}},{"ancestorTitles":["Static File Serving Security","Legitimate File Access"],"fullName":"Static File Serving Security Legitimate File Access should allow files with dots in names but not path traversal","status":"passed","title":"should allow files with dots in names but not path traversal","duration":7.513599999999997,"failureMessages":[],"meta":{}},{"ancestorTitles":["Static File Serving Security","Security Headers"],"fullName":"Static File Serving Security Security Headers should set X-Content-Type-Options header","status":"passed","title":"should set X-Content-Type-Options header","duration":11.068300000000022,"failureMessages":[],"meta":{}},{"ancestorTitles":["Static File Serving Security","Security Headers"],"fullName":"Static File Serving Security Security Headers should set X-Frame-Options header","status":"passed","title":"should set X-Frame-Options header","duration":10.2183,"failureMessages":[],"meta":{}},{"ancestorTitles":["Static File Serving Security","Security Headers"],"fullName":"Static File Serving Security Security Headers should set inline Content-Disposition for image files","status":"passed","title":"should set inline Content-Disposition for image files","duration":30.415300000000002,"failureMessages":[],"meta":{}},{"ancestorTitles":["Static File Serving Security","Security Headers"],"fullName":"Static File Serving Security Security Headers should set inline Content-Disposition for video files","status":"passed","title":"should set inline Content-Disposition for video files","duration":21.1866,"failureMessages":[],"meta":{}},{"ancestorTitles":["Static File Serving Security","Security Headers"],"fullName":"Static File Serving Security Security Headers should set attachment Content-Disposition for other file types","status":"passed","title":"should set attachment Content-Disposition for other file types","duration":24.92750000000001,"failureMessages":[],"meta":{}},{"ancestorTitles":["Static File Serving Security","Dotfiles Protection"],"fullName":"Static File Serving Security Dotfiles Protection should deny access to dotfiles","status":"passed","title":"should deny access to dotfiles","duration":7.20130000000006,"failureMessages":[],"meta":{}},{"ancestorTitles":["Static File Serving Security","Dotfiles Protection"],"fullName":"Static File Serving Security Dotfiles Protection should deny access to files starting with dot","status":"passed","title":"should deny access to files starting with dot","duration":17.539999999999964,"failureMessages":[],"meta":{}},{"ancestorTitles":["Static File Serving Security","File Not Found Handling"],"fullName":"Static File Serving Security File Not Found Handling should return 404 for non-existent files","status":"passed","title":"should return 404 for non-existent files","duration":3.551400000000058,"failureMessages":[],"meta":{}},{"ancestorTitles":["Static File Serving Security","File Not Found Handling"],"fullName":"Static File Serving Security File Not Found Handling should return 404 for empty filename","status":"passed","title":"should return 404 for empty filename","duration":3.1935999999999467,"failureMessages":[],"meta":{}},{"ancestorTitles":["Static File Serving Security","Express Auto-Fixed Patterns (Informational)"],"fullName":"Static File Serving Security Express Auto-Fixed Patterns (Informational) should demonstrate Express auto-normalization of basic traversal","status":"passed","title":"should demonstrate Express auto-normalization of basic traversal","duration":9.559600000000046,"failureMessages":[],"meta":{}}],"startTime":1751801794292,"endTime":1751801794501.5596,"status":"passed","message":"","name":"C:/Users/Et Al/Documents/GitHub/ParaSocial/backend/src/routes/__tests__/staticFileServingSecurity.test.ts"},{"assertionResults":[{"ancestorTitles":["Follow Operations Rate Limiting","POST /users/:username/follow Rate Limiting"],"fullName":"Follow Operations Rate Limiting POST /users/:username/follow Rate Limiting should allow follow operations within the limit (20 per hour)","status":"failed","title":"should allow follow operations within the limit (20 per hour)","duration":15023.0038,"failureMessages":["Error: Test timed out in 15000ms.\nIf this is a long-running test, pass a timeout value as the last argument or configure it globally with \"testTimeout\".\n    at Timeout.<anonymous> (file:///C:/Users/Et%20Al/Documents/GitHub/parasocial/backend/node_modules/@vitest/runner/dist/index.js:44:18)\n    at listOnTimeout (node:internal/timers:594:17)\n    at processTimers (node:internal/timers:529:7)"],"meta":{}},{"ancestorTitles":["Follow Operations Rate Limiting","POST /users/:username/follow Rate Limiting"],"fullName":"Follow Operations Rate Limiting POST /users/:username/follow Rate Limiting should block 21st follow operation with rate limit error","status":"failed","title":"should block 21st follow operation with rate limit error","duration":15017.1551,"failureMessages":["Error: Test timed out in 15000ms.\nIf this is a long-running test, pass a timeout value as the last argument or configure it globally with \"testTimeout\".\n    at Timeout.<anonymous> (file:///C:/Users/Et%20Al/Documents/GitHub/parasocial/backend/node_modules/@vitest/runner/dist/index.js:44:18)\n    at listOnTimeout (node:internal/timers:594:17)\n    at processTimers (node:internal/timers:529:7)"],"meta":{}},{"ancestorTitles":["Follow Operations Rate Limiting","POST /users/:username/follow Rate Limiting"],"fullName":"Follow Operations Rate Limiting POST /users/:username/follow Rate Limiting should include rate limit headers in response","status":"failed","title":"should include rate limit headers in response","duration":15006.080099999996,"failureMessages":["Error: Test timed out in 15000ms.\nIf this is a long-running test, pass a timeout value as the last argument or configure it globally with \"testTimeout\".\n    at Timeout.<anonymous> (file:///C:/Users/Et%20Al/Documents/GitHub/parasocial/backend/node_modules/@vitest/runner/dist/index.js:44:18)\n    at listOnTimeout (node:internal/timers:594:17)\n    at processTimers (node:internal/timers:529:7)"],"meta":{}},{"ancestorTitles":["Follow Operations Rate Limiting","POST /users/:username/follow Rate Limiting"],"fullName":"Follow Operations Rate Limiting POST /users/:username/follow Rate Limiting should track rate limits by user ID when authenticated","status":"failed","title":"should track rate limits by user ID when authenticated","duration":15020.674400000004,"failureMessages":["Error: Test timed out in 15000ms.\nIf this is a long-running test, pass a timeout value as the last argument or configure it globally with \"testTimeout\".\n    at Timeout.<anonymous> (file:///C:/Users/Et%20Al/Documents/GitHub/parasocial/backend/node_modules/@vitest/runner/dist/index.js:44:18)\n    at listOnTimeout (node:internal/timers:594:17)\n    at processTimers (node:internal/timers:529:7)"],"meta":{}},{"ancestorTitles":["Follow Operations Rate Limiting","DELETE /users/:username/follow Rate Limiting"],"fullName":"Follow Operations Rate Limiting DELETE /users/:username/follow Rate Limiting should allow unfollow operations within the limit","status":"failed","title":"should allow unfollow operations within the limit","duration":15019.743399999992,"failureMessages":["Error: Test timed out in 15000ms.\nIf this is a long-running test, pass a timeout value as the last argument or configure it globally with \"testTimeout\".\n    at Timeout.<anonymous> (file:///C:/Users/Et%20Al/Documents/GitHub/parasocial/backend/node_modules/@vitest/runner/dist/index.js:44:18)\n    at listOnTimeout (node:internal/timers:594:17)\n    at processTimers (node:internal/timers:529:7)"],"meta":{}},{"ancestorTitles":["Follow Operations Rate Limiting","DELETE /users/:username/follow Rate Limiting"],"fullName":"Follow Operations Rate Limiting DELETE /users/:username/follow Rate Limiting should block 21st unfollow operation with rate limit error","status":"failed","title":"should block 21st unfollow operation with rate limit error","duration":15015.876300000004,"failureMessages":["Error: Test timed out in 15000ms.\nIf this is a long-running test, pass a timeout value as the last argument or configure it globally with \"testTimeout\".\n    at Timeout.<anonymous> (file:///C:/Users/Et%20Al/Documents/GitHub/parasocial/backend/node_modules/@vitest/runner/dist/index.js:44:18)\n    at listOnTimeout (node:internal/timers:594:17)\n    at processTimers (node:internal/timers:529:7)"],"meta":{}},{"ancestorTitles":["Follow Operations Rate Limiting","Shared Rate Limiting Between Follow and Unfollow"],"fullName":"Follow Operations Rate Limiting Shared Rate Limiting Between Follow and Unfollow should share rate limit between follow and unfollow operations","status":"failed","title":"should share rate limit between follow and unfollow operations","duration":15016.018599999996,"failureMessages":["Error: Test timed out in 15000ms.\nIf this is a long-running test, pass a timeout value as the last argument or configure it globally with \"testTimeout\".\n    at Timeout.<anonymous> (file:///C:/Users/Et%20Al/Documents/GitHub/parasocial/backend/node_modules/@vitest/runner/dist/index.js:44:18)\n    at listOnTimeout (node:internal/timers:594:17)\n    at processTimers (node:internal/timers:529:7)"],"meta":{}},{"ancestorTitles":["Follow Operations Rate Limiting","Shared Rate Limiting Between Follow and Unfollow"],"fullName":"Follow Operations Rate Limiting Shared Rate Limiting Between Follow and Unfollow should handle alternating follow/unfollow operations","status":"failed","title":"should handle alternating follow/unfollow operations","duration":15016.929099999994,"failureMessages":["Error: Test timed out in 15000ms.\nIf this is a long-running test, pass a timeout value as the last argument or configure it globally with \"testTimeout\".\n    at Timeout.<anonymous> (file:///C:/Users/Et%20Al/Documents/GitHub/parasocial/backend/node_modules/@vitest/runner/dist/index.js:44:18)\n    at listOnTimeout (node:internal/timers:594:17)\n    at processTimers (node:internal/timers:529:7)"],"meta":{}},{"ancestorTitles":["Follow Operations Rate Limiting","Non-Rate-Limited User Operations"],"fullName":"Follow Operations Rate Limiting Non-Rate-Limited User Operations should not apply rate limiting to GET /users/:username (profile views)","status":"failed","title":"should not apply rate limiting to GET /users/:username (profile views)","duration":15018.819600000003,"failureMessages":["Error: Test timed out in 15000ms.\nIf this is a long-running test, pass a timeout value as the last argument or configure it globally with \"testTimeout\".\n    at Timeout.<anonymous> (file:///C:/Users/Et%20Al/Documents/GitHub/parasocial/backend/node_modules/@vitest/runner/dist/index.js:44:18)\n    at listOnTimeout (node:internal/timers:594:17)\n    at processTimers (node:internal/timers:529:7)"],"meta":{}},{"ancestorTitles":["Follow Operations Rate Limiting","Non-Rate-Limited User Operations"],"fullName":"Follow Operations Rate Limiting Non-Rate-Limited User Operations should not apply rate limiting to follower/following lists","status":"failed","title":"should not apply rate limiting to follower/following lists","duration":15010.007699999987,"failureMessages":["Error: Test timed out in 15000ms.\nIf this is a long-running test, pass a timeout value as the last argument or configure it globally with \"testTimeout\".\n    at Timeout.<anonymous> (file:///C:/Users/Et%20Al/Documents/GitHub/parasocial/backend/node_modules/@vitest/runner/dist/index.js:44:18)\n    at listOnTimeout (node:internal/timers:594:17)\n    at processTimers (node:internal/timers:529:7)"],"meta":{}},{"ancestorTitles":["Follow Operations Rate Limiting","Non-Rate-Limited User Operations"],"fullName":"Follow Operations Rate Limiting Non-Rate-Limited User Operations should not apply rate limiting to block/unblock operations","status":"failed","title":"should not apply rate limiting to block/unblock operations","duration":15004.463599999988,"failureMessages":["Error: Test timed out in 15000ms.\nIf this is a long-running test, pass a timeout value as the last argument or configure it globally with \"testTimeout\".\n    at Timeout.<anonymous> (file:///C:/Users/Et%20Al/Documents/GitHub/parasocial/backend/node_modules/@vitest/runner/dist/index.js:44:18)\n    at listOnTimeout (node:internal/timers:594:17)\n    at processTimers (node:internal/timers:529:7)"],"meta":{}},{"ancestorTitles":["Follow Operations Rate Limiting","Rate Limit Error Response Format"],"fullName":"Follow Operations Rate Limiting Rate Limit Error Response Format should return consistent error format when rate limited","status":"failed","title":"should return consistent error format when rate limited","duration":15005.24059999999,"failureMessages":["Error: Test timed out in 15000ms.\nIf this is a long-running test, pass a timeout value as the last argument or configure it globally with \"testTimeout\".\n    at Timeout.<anonymous> (file:///C:/Users/Et%20Al/Documents/GitHub/parasocial/backend/node_modules/@vitest/runner/dist/index.js:44:18)\n    at listOnTimeout (node:internal/timers:594:17)\n    at processTimers (node:internal/timers:529:7)"],"meta":{}}],"startTime":1751801657427,"endTime":1751801837605.2405,"status":"failed","message":"","name":"C:/Users/Et Al/Documents/GitHub/ParaSocial/backend/src/routes/__tests__/users.follow.rateLimit.test.ts"}]}