{"numTotalTestSuites":9,"numPassedTestSuites":2,"numFailedTestSuites":7,"numPendingTestSuites":0,"numTotalTests":18,"numPassedTests":5,"numFailedTests":13,"numPendingTests":0,"numTodoTests":0,"snapshot":{"added":0,"failure":false,"filesAdded":0,"filesRemoved":0,"filesRemovedList":[],"filesUnmatched":0,"filesUpdated":0,"matched":0,"total":0,"unchecked":0,"uncheckedKeysByFile":[],"unmatched":0,"updated":0,"didUpdate":false},"startTime":1751453612931,"success":false,"testResults":[{"assertionResults":[{"ancestorTitles":["Media Upload Route","Successful File Upload"],"fullName":"Media Upload Route Successful File Upload should upload valid image file successfully","status":"failed","title":"should upload valid image file successfully","duration":31.869500000000016,"failureMessages":["Error: expected 201 \"Created\", got 500 \"Internal Server Error\"\n    at C:\\Users\\Et Al\\Documents\\GitHub\\ParaSocial\\backend\\src\\routes\\__tests__\\mediaUpload.test.ts:105:10\n    at file:///C:/Users/Et%20Al/Documents/GitHub/parasocial/backend/node_modules/@vitest/runner/dist/chunk-hooks.js:155:11\n    at file:///C:/Users/Et%20Al/Documents/GitHub/parasocial/backend/node_modules/@vitest/runner/dist/chunk-hooks.js:752:26\n    at file:///C:/Users/Et%20Al/Documents/GitHub/parasocial/backend/node_modules/@vitest/runner/dist/chunk-hooks.js:1897:20\n    at new Promise (<anonymous>)\n    at runWithTimeout (file:///C:/Users/Et%20Al/Documents/GitHub/parasocial/backend/node_modules/@vitest/runner/dist/chunk-hooks.js:1863:10)\n    at runTest (file:///C:/Users/Et%20Al/Documents/GitHub/parasocial/backend/node_modules/@vitest/runner/dist/chunk-hooks.js:1574:12)\n    at processTicksAndRejections (node:internal/process/task_queues:105:5)\n----\n    at Test._assertStatus (C:\\Users\\Et Al\\Documents\\GitHub\\parasocial\\backend\\node_modules\\supertest\\lib\\test.js:267:14)\n    at C:\\Users\\Et Al\\Documents\\GitHub\\parasocial\\backend\\node_modules\\supertest\\lib\\test.js:323:13\n    at Test._assertFunction (C:\\Users\\Et Al\\Documents\\GitHub\\parasocial\\backend\\node_modules\\supertest\\lib\\test.js:300:13)\n    at Test.assert (C:\\Users\\Et Al\\Documents\\GitHub\\parasocial\\backend\\node_modules\\supertest\\lib\\test.js:179:23)\n    at Server.localAssert (C:\\Users\\Et Al\\Documents\\GitHub\\parasocial\\backend\\node_modules\\supertest\\lib\\test.js:135:14)\n    at Object.onceWrapper (node:events:632:28)\n    at Server.emit (node:events:518:28)\n    at emitCloseNT (node:net:2416:8)\n    at processTicksAndRejections (node:internal/process/task_queues:89:21)"],"meta":{}},{"ancestorTitles":["Media Upload Route","Successful File Upload"],"fullName":"Media Upload Route Successful File Upload should upload file without alt text","status":"failed","title":"should upload file without alt text","duration":6.565299999999979,"failureMessages":["Error: expected 201 \"Created\", got 500 \"Internal Server Error\"\n    at C:\\Users\\Et Al\\Documents\\GitHub\\ParaSocial\\backend\\src\\routes\\__tests__\\mediaUpload.test.ts:129:10\n    at file:///C:/Users/Et%20Al/Documents/GitHub/parasocial/backend/node_modules/@vitest/runner/dist/chunk-hooks.js:155:11\n    at file:///C:/Users/Et%20Al/Documents/GitHub/parasocial/backend/node_modules/@vitest/runner/dist/chunk-hooks.js:752:26\n    at file:///C:/Users/Et%20Al/Documents/GitHub/parasocial/backend/node_modules/@vitest/runner/dist/chunk-hooks.js:1897:20\n    at new Promise (<anonymous>)\n    at runWithTimeout (file:///C:/Users/Et%20Al/Documents/GitHub/parasocial/backend/node_modules/@vitest/runner/dist/chunk-hooks.js:1863:10)\n    at runTest (file:///C:/Users/Et%20Al/Documents/GitHub/parasocial/backend/node_modules/@vitest/runner/dist/chunk-hooks.js:1574:12)\n    at processTicksAndRejections (node:internal/process/task_queues:105:5)\n----\n    at Test._assertStatus (C:\\Users\\Et Al\\Documents\\GitHub\\parasocial\\backend\\node_modules\\supertest\\lib\\test.js:267:14)\n    at C:\\Users\\Et Al\\Documents\\GitHub\\parasocial\\backend\\node_modules\\supertest\\lib\\test.js:323:13\n    at Test._assertFunction (C:\\Users\\Et Al\\Documents\\GitHub\\parasocial\\backend\\node_modules\\supertest\\lib\\test.js:300:13)\n    at Test.assert (C:\\Users\\Et Al\\Documents\\GitHub\\parasocial\\backend\\node_modules\\supertest\\lib\\test.js:179:23)\n    at Server.localAssert (C:\\Users\\Et Al\\Documents\\GitHub\\parasocial\\backend\\node_modules\\supertest\\lib\\test.js:135:14)\n    at Object.onceWrapper (node:events:632:28)\n    at Server.emit (node:events:518:28)\n    at emitCloseNT (node:net:2416:8)\n    at processTicksAndRejections (node:internal/process/task_queues:89:21)"],"meta":{}},{"ancestorTitles":["Media Upload Route","Successful File Upload"],"fullName":"Media Upload Route Successful File Upload should handle all supported file types","status":"failed","title":"should handle all supported file types","duration":6.063200000000052,"failureMessages":["Error: expected 201 \"Created\", got 500 \"Internal Server Error\"\n    at C:\\Users\\Et Al\\Documents\\GitHub\\ParaSocial\\backend\\src\\routes\\__tests__\\mediaUpload.test.ts:153:12\n    at file:///C:/Users/Et%20Al/Documents/GitHub/parasocial/backend/node_modules/@vitest/runner/dist/chunk-hooks.js:155:11\n    at file:///C:/Users/Et%20Al/Documents/GitHub/parasocial/backend/node_modules/@vitest/runner/dist/chunk-hooks.js:752:26\n    at file:///C:/Users/Et%20Al/Documents/GitHub/parasocial/backend/node_modules/@vitest/runner/dist/chunk-hooks.js:1897:20\n    at new Promise (<anonymous>)\n    at runWithTimeout (file:///C:/Users/Et%20Al/Documents/GitHub/parasocial/backend/node_modules/@vitest/runner/dist/chunk-hooks.js:1863:10)\n    at runTest (file:///C:/Users/Et%20Al/Documents/GitHub/parasocial/backend/node_modules/@vitest/runner/dist/chunk-hooks.js:1574:12)\n    at processTicksAndRejections (node:internal/process/task_queues:105:5)\n----\n    at Test._assertStatus (C:\\Users\\Et Al\\Documents\\GitHub\\parasocial\\backend\\node_modules\\supertest\\lib\\test.js:267:14)\n    at C:\\Users\\Et Al\\Documents\\GitHub\\parasocial\\backend\\node_modules\\supertest\\lib\\test.js:323:13\n    at Test._assertFunction (C:\\Users\\Et Al\\Documents\\GitHub\\parasocial\\backend\\node_modules\\supertest\\lib\\test.js:300:13)\n    at Test.assert (C:\\Users\\Et Al\\Documents\\GitHub\\parasocial\\backend\\node_modules\\supertest\\lib\\test.js:179:23)\n    at Server.localAssert (C:\\Users\\Et Al\\Documents\\GitHub\\parasocial\\backend\\node_modules\\supertest\\lib\\test.js:135:14)\n    at Object.onceWrapper (node:events:632:28)\n    at Server.emit (node:events:518:28)\n    at emitCloseNT (node:net:2416:8)\n    at processTicksAndRejections (node:internal/process/task_queues:89:21)"],"meta":{}},{"ancestorTitles":["Media Upload Route","File Validation"],"fullName":"Media Upload Route File Validation should reject unsupported file types","status":"failed","title":"should reject unsupported file types","duration":6.222000000000094,"failureMessages":["Error: expected 400 \"Bad Request\", got 500 \"Internal Server Error\"\n    at C:\\Users\\Et Al\\Documents\\GitHub\\ParaSocial\\backend\\src\\routes\\__tests__\\mediaUpload.test.ts:170:10\n    at file:///C:/Users/Et%20Al/Documents/GitHub/parasocial/backend/node_modules/@vitest/runner/dist/chunk-hooks.js:155:11\n    at file:///C:/Users/Et%20Al/Documents/GitHub/parasocial/backend/node_modules/@vitest/runner/dist/chunk-hooks.js:752:26\n    at file:///C:/Users/Et%20Al/Documents/GitHub/parasocial/backend/node_modules/@vitest/runner/dist/chunk-hooks.js:1897:20\n    at new Promise (<anonymous>)\n    at runWithTimeout (file:///C:/Users/Et%20Al/Documents/GitHub/parasocial/backend/node_modules/@vitest/runner/dist/chunk-hooks.js:1863:10)\n    at runTest (file:///C:/Users/Et%20Al/Documents/GitHub/parasocial/backend/node_modules/@vitest/runner/dist/chunk-hooks.js:1574:12)\n    at processTicksAndRejections (node:internal/process/task_queues:105:5)\n----\n    at Test._assertStatus (C:\\Users\\Et Al\\Documents\\GitHub\\parasocial\\backend\\node_modules\\supertest\\lib\\test.js:267:14)\n    at C:\\Users\\Et Al\\Documents\\GitHub\\parasocial\\backend\\node_modules\\supertest\\lib\\test.js:323:13\n    at Test._assertFunction (C:\\Users\\Et Al\\Documents\\GitHub\\parasocial\\backend\\node_modules\\supertest\\lib\\test.js:300:13)\n    at Test.assert (C:\\Users\\Et Al\\Documents\\GitHub\\parasocial\\backend\\node_modules\\supertest\\lib\\test.js:179:23)\n    at Server.localAssert (C:\\Users\\Et Al\\Documents\\GitHub\\parasocial\\backend\\node_modules\\supertest\\lib\\test.js:135:14)\n    at Object.onceWrapper (node:events:632:28)\n    at Server.emit (node:events:518:28)\n    at emitCloseNT (node:net:2416:8)\n    at processTicksAndRejections (node:internal/process/task_queues:89:21)"],"meta":{}},{"ancestorTitles":["Media Upload Route","File Validation"],"fullName":"Media Upload Route File Validation should reject files exceeding size limit","status":"failed","title":"should reject files exceeding size limit","duration":29.91669999999999,"failureMessages":["Error: expected 400 \"Bad Request\", got 500 \"Internal Server Error\"\n    at C:\\Users\\Et Al\\Documents\\GitHub\\ParaSocial\\backend\\src\\routes\\__tests__\\mediaUpload.test.ts:189:10\n    at file:///C:/Users/Et%20Al/Documents/GitHub/parasocial/backend/node_modules/@vitest/runner/dist/chunk-hooks.js:155:11\n    at file:///C:/Users/Et%20Al/Documents/GitHub/parasocial/backend/node_modules/@vitest/runner/dist/chunk-hooks.js:752:26\n    at file:///C:/Users/Et%20Al/Documents/GitHub/parasocial/backend/node_modules/@vitest/runner/dist/chunk-hooks.js:1897:20\n    at new Promise (<anonymous>)\n    at runWithTimeout (file:///C:/Users/Et%20Al/Documents/GitHub/parasocial/backend/node_modules/@vitest/runner/dist/chunk-hooks.js:1863:10)\n    at runTest (file:///C:/Users/Et%20Al/Documents/GitHub/parasocial/backend/node_modules/@vitest/runner/dist/chunk-hooks.js:1574:12)\n    at processTicksAndRejections (node:internal/process/task_queues:105:5)\n----\n    at Test._assertStatus (C:\\Users\\Et Al\\Documents\\GitHub\\parasocial\\backend\\node_modules\\supertest\\lib\\test.js:267:14)\n    at C:\\Users\\Et Al\\Documents\\GitHub\\parasocial\\backend\\node_modules\\supertest\\lib\\test.js:323:13\n    at Test._assertFunction (C:\\Users\\Et Al\\Documents\\GitHub\\parasocial\\backend\\node_modules\\supertest\\lib\\test.js:300:13)\n    at Test.assert (C:\\Users\\Et Al\\Documents\\GitHub\\parasocial\\backend\\node_modules\\supertest\\lib\\test.js:179:23)\n    at Server.localAssert (C:\\Users\\Et Al\\Documents\\GitHub\\parasocial\\backend\\node_modules\\supertest\\lib\\test.js:135:14)\n    at Object.onceWrapper (node:events:632:28)\n    at Server.emit (node:events:518:28)\n    at emitCloseNT (node:net:2416:8)\n    at processTicksAndRejections (node:internal/process/task_queues:89:21)"],"meta":{}},{"ancestorTitles":["Media Upload Route","File Validation"],"fullName":"Media Upload Route File Validation should reject requests with no file","status":"passed","title":"should reject requests with no file","duration":6.634800000000041,"failureMessages":[],"meta":{}},{"ancestorTitles":["Media Upload Route","File Validation"],"fullName":"Media Upload Route File Validation should validate alt text length","status":"failed","title":"should validate alt text length","duration":4.56860000000006,"failureMessages":["Error: expected 400 \"Bad Request\", got 500 \"Internal Server Error\"\n    at C:\\Users\\Et Al\\Documents\\GitHub\\ParaSocial\\backend\\src\\routes\\__tests__\\mediaUpload.test.ts:223:10\n    at file:///C:/Users/Et%20Al/Documents/GitHub/parasocial/backend/node_modules/@vitest/runner/dist/chunk-hooks.js:155:11\n    at file:///C:/Users/Et%20Al/Documents/GitHub/parasocial/backend/node_modules/@vitest/runner/dist/chunk-hooks.js:752:26\n    at file:///C:/Users/Et%20Al/Documents/GitHub/parasocial/backend/node_modules/@vitest/runner/dist/chunk-hooks.js:1897:20\n    at new Promise (<anonymous>)\n    at runWithTimeout (file:///C:/Users/Et%20Al/Documents/GitHub/parasocial/backend/node_modules/@vitest/runner/dist/chunk-hooks.js:1863:10)\n    at runTest (file:///C:/Users/Et%20Al/Documents/GitHub/parasocial/backend/node_modules/@vitest/runner/dist/chunk-hooks.js:1574:12)\n    at processTicksAndRejections (node:internal/process/task_queues:105:5)\n----\n    at Test._assertStatus (C:\\Users\\Et Al\\Documents\\GitHub\\parasocial\\backend\\node_modules\\supertest\\lib\\test.js:267:14)\n    at C:\\Users\\Et Al\\Documents\\GitHub\\parasocial\\backend\\node_modules\\supertest\\lib\\test.js:323:13\n    at Test._assertFunction (C:\\Users\\Et Al\\Documents\\GitHub\\parasocial\\backend\\node_modules\\supertest\\lib\\test.js:300:13)\n    at Test.assert (C:\\Users\\Et Al\\Documents\\GitHub\\parasocial\\backend\\node_modules\\supertest\\lib\\test.js:179:23)\n    at Server.localAssert (C:\\Users\\Et Al\\Documents\\GitHub\\parasocial\\backend\\node_modules\\supertest\\lib\\test.js:135:14)\n    at Object.onceWrapper (node:events:632:28)\n    at Server.emit (node:events:518:28)\n    at emitCloseNT (node:net:2416:8)\n    at processTicksAndRejections (node:internal/process/task_queues:89:21)"],"meta":{}},{"ancestorTitles":["Media Upload Route","Multer Error Handling"],"fullName":"Media Upload Route Multer Error Handling should handle unexpected file field name","status":"passed","title":"should handle unexpected file field name","duration":3.9103000000000065,"failureMessages":[],"meta":{}},{"ancestorTitles":["Media Upload Route","Multer Error Handling"],"fullName":"Media Upload Route Multer Error Handling should handle multiple file uploads","status":"passed","title":"should handle multiple file uploads","duration":11.757499999999936,"failureMessages":[],"meta":{}},{"ancestorTitles":["Media Upload Route","Directory Management"],"fullName":"Media Upload Route Directory Management should create uploads directory if it does not exist","status":"failed","title":"should create uploads directory if it does not exist","duration":4.884300000000053,"failureMessages":["Error: expected 201 \"Created\", got 500 \"Internal Server Error\"\n    at C:\\Users\\Et Al\\Documents\\GitHub\\ParaSocial\\backend\\src\\routes\\__tests__\\mediaUpload.test.ts:278:10\n    at file:///C:/Users/Et%20Al/Documents/GitHub/parasocial/backend/node_modules/@vitest/runner/dist/chunk-hooks.js:155:11\n    at file:///C:/Users/Et%20Al/Documents/GitHub/parasocial/backend/node_modules/@vitest/runner/dist/chunk-hooks.js:752:26\n    at file:///C:/Users/Et%20Al/Documents/GitHub/parasocial/backend/node_modules/@vitest/runner/dist/chunk-hooks.js:1897:20\n    at new Promise (<anonymous>)\n    at runWithTimeout (file:///C:/Users/Et%20Al/Documents/GitHub/parasocial/backend/node_modules/@vitest/runner/dist/chunk-hooks.js:1863:10)\n    at runTest (file:///C:/Users/Et%20Al/Documents/GitHub/parasocial/backend/node_modules/@vitest/runner/dist/chunk-hooks.js:1574:12)\n    at processTicksAndRejections (node:internal/process/task_queues:105:5)\n----\n    at Test._assertStatus (C:\\Users\\Et Al\\Documents\\GitHub\\parasocial\\backend\\node_modules\\supertest\\lib\\test.js:267:14)\n    at C:\\Users\\Et Al\\Documents\\GitHub\\parasocial\\backend\\node_modules\\supertest\\lib\\test.js:323:13\n    at Test._assertFunction (C:\\Users\\Et Al\\Documents\\GitHub\\parasocial\\backend\\node_modules\\supertest\\lib\\test.js:300:13)\n    at Test.assert (C:\\Users\\Et Al\\Documents\\GitHub\\parasocial\\backend\\node_modules\\supertest\\lib\\test.js:179:23)\n    at Server.localAssert (C:\\Users\\Et Al\\Documents\\GitHub\\parasocial\\backend\\node_modules\\supertest\\lib\\test.js:135:14)\n    at Object.onceWrapper (node:events:632:28)\n    at Server.emit (node:events:518:28)\n    at emitCloseNT (node:net:2416:8)\n    at processTicksAndRejections (node:internal/process/task_queues:89:21)"],"meta":{}},{"ancestorTitles":["Media Upload Route","Directory Management"],"fullName":"Media Upload Route Directory Management should handle directory creation failure","status":"passed","title":"should handle directory creation failure","duration":4.482500000000073,"failureMessages":[],"meta":{}},{"ancestorTitles":["Media Upload Route","Error Recovery"],"fullName":"Media Upload Route Error Recovery should clean up uploaded file if processing fails","status":"passed","title":"should clean up uploaded file if processing fails","duration":4.6573000000000775,"failureMessages":[],"meta":{}},{"ancestorTitles":["Media Upload Route","URL Generation"],"fullName":"Media Upload Route URL Generation should generate correct URLs with custom base URL","status":"failed","title":"should generate correct URLs with custom base URL","duration":4.309799999999996,"failureMessages":["Error: expected 201 \"Created\", got 500 \"Internal Server Error\"\n    at C:\\Users\\Et Al\\Documents\\GitHub\\ParaSocial\\backend\\src\\routes\\__tests__\\mediaUpload.test.ts:359:10\n    at file:///C:/Users/Et%20Al/Documents/GitHub/parasocial/backend/node_modules/@vitest/runner/dist/chunk-hooks.js:155:11\n    at file:///C:/Users/Et%20Al/Documents/GitHub/parasocial/backend/node_modules/@vitest/runner/dist/chunk-hooks.js:752:26\n    at file:///C:/Users/Et%20Al/Documents/GitHub/parasocial/backend/node_modules/@vitest/runner/dist/chunk-hooks.js:1897:20\n    at new Promise (<anonymous>)\n    at runWithTimeout (file:///C:/Users/Et%20Al/Documents/GitHub/parasocial/backend/node_modules/@vitest/runner/dist/chunk-hooks.js:1863:10)\n    at runTest (file:///C:/Users/Et%20Al/Documents/GitHub/parasocial/backend/node_modules/@vitest/runner/dist/chunk-hooks.js:1574:12)\n    at processTicksAndRejections (node:internal/process/task_queues:105:5)\n----\n    at Test._assertStatus (C:\\Users\\Et Al\\Documents\\GitHub\\parasocial\\backend\\node_modules\\supertest\\lib\\test.js:267:14)\n    at C:\\Users\\Et Al\\Documents\\GitHub\\parasocial\\backend\\node_modules\\supertest\\lib\\test.js:323:13\n    at Test._assertFunction (C:\\Users\\Et Al\\Documents\\GitHub\\parasocial\\backend\\node_modules\\supertest\\lib\\test.js:300:13)\n    at Test.assert (C:\\Users\\Et Al\\Documents\\GitHub\\parasocial\\backend\\node_modules\\supertest\\lib\\test.js:179:23)\n    at Server.localAssert (C:\\Users\\Et Al\\Documents\\GitHub\\parasocial\\backend\\node_modules\\supertest\\lib\\test.js:135:14)\n    at Object.onceWrapper (node:events:632:28)\n    at Server.emit (node:events:518:28)\n    at emitCloseNT (node:net:2416:8)\n    at processTicksAndRejections (node:internal/process/task_queues:89:21)"],"meta":{}},{"ancestorTitles":["Media Upload Route","URL Generation"],"fullName":"Media Upload Route URL Generation should use default URL when BASE_URL not set","status":"failed","title":"should use default URL when BASE_URL not set","duration":3.682299999999941,"failureMessages":["Error: expected 201 \"Created\", got 500 \"Internal Server Error\"\n    at C:\\Users\\Et Al\\Documents\\GitHub\\ParaSocial\\backend\\src\\routes\\__tests__\\mediaUpload.test.ts:372:10\n    at file:///C:/Users/Et%20Al/Documents/GitHub/parasocial/backend/node_modules/@vitest/runner/dist/chunk-hooks.js:155:11\n    at file:///C:/Users/Et%20Al/Documents/GitHub/parasocial/backend/node_modules/@vitest/runner/dist/chunk-hooks.js:752:26\n    at file:///C:/Users/Et%20Al/Documents/GitHub/parasocial/backend/node_modules/@vitest/runner/dist/chunk-hooks.js:1897:20\n    at new Promise (<anonymous>)\n    at runWithTimeout (file:///C:/Users/Et%20Al/Documents/GitHub/parasocial/backend/node_modules/@vitest/runner/dist/chunk-hooks.js:1863:10)\n    at runTest (file:///C:/Users/Et%20Al/Documents/GitHub/parasocial/backend/node_modules/@vitest/runner/dist/chunk-hooks.js:1574:12)\n    at processTicksAndRejections (node:internal/process/task_queues:105:5)\n----\n    at Test._assertStatus (C:\\Users\\Et Al\\Documents\\GitHub\\parasocial\\backend\\node_modules\\supertest\\lib\\test.js:267:14)\n    at C:\\Users\\Et Al\\Documents\\GitHub\\parasocial\\backend\\node_modules\\supertest\\lib\\test.js:323:13\n    at Test._assertFunction (C:\\Users\\Et Al\\Documents\\GitHub\\parasocial\\backend\\node_modules\\supertest\\lib\\test.js:300:13)\n    at Test.assert (C:\\Users\\Et Al\\Documents\\GitHub\\parasocial\\backend\\node_modules\\supertest\\lib\\test.js:179:23)\n    at Server.localAssert (C:\\Users\\Et Al\\Documents\\GitHub\\parasocial\\backend\\node_modules\\supertest\\lib\\test.js:135:14)\n    at Object.onceWrapper (node:events:632:28)\n    at Server.emit (node:events:518:28)\n    at emitCloseNT (node:net:2416:8)\n    at processTicksAndRejections (node:internal/process/task_queues:89:21)"],"meta":{}},{"ancestorTitles":["Media Upload Route","Edge Cases"],"fullName":"Media Upload Route Edge Cases should handle empty alt text","status":"failed","title":"should handle empty alt text","duration":5.253100000000018,"failureMessages":["Error: expected 201 \"Created\", got 500 \"Internal Server Error\"\n    at C:\\Users\\Et Al\\Documents\\GitHub\\ParaSocial\\backend\\src\\routes\\__tests__\\mediaUpload.test.ts:386:10\n    at file:///C:/Users/Et%20Al/Documents/GitHub/parasocial/backend/node_modules/@vitest/runner/dist/chunk-hooks.js:155:11\n    at file:///C:/Users/Et%20Al/Documents/GitHub/parasocial/backend/node_modules/@vitest/runner/dist/chunk-hooks.js:752:26\n    at file:///C:/Users/Et%20Al/Documents/GitHub/parasocial/backend/node_modules/@vitest/runner/dist/chunk-hooks.js:1897:20\n    at new Promise (<anonymous>)\n    at runWithTimeout (file:///C:/Users/Et%20Al/Documents/GitHub/parasocial/backend/node_modules/@vitest/runner/dist/chunk-hooks.js:1863:10)\n    at runTest (file:///C:/Users/Et%20Al/Documents/GitHub/parasocial/backend/node_modules/@vitest/runner/dist/chunk-hooks.js:1574:12)\n    at processTicksAndRejections (node:internal/process/task_queues:105:5)\n----\n    at Test._assertStatus (C:\\Users\\Et Al\\Documents\\GitHub\\parasocial\\backend\\node_modules\\supertest\\lib\\test.js:267:14)\n    at C:\\Users\\Et Al\\Documents\\GitHub\\parasocial\\backend\\node_modules\\supertest\\lib\\test.js:323:13\n    at Test._assertFunction (C:\\Users\\Et Al\\Documents\\GitHub\\parasocial\\backend\\node_modules\\supertest\\lib\\test.js:300:13)\n    at Test.assert (C:\\Users\\Et Al\\Documents\\GitHub\\parasocial\\backend\\node_modules\\supertest\\lib\\test.js:179:23)\n    at Server.localAssert (C:\\Users\\Et Al\\Documents\\GitHub\\parasocial\\backend\\node_modules\\supertest\\lib\\test.js:135:14)\n    at Object.onceWrapper (node:events:632:28)\n    at Server.emit (node:events:518:28)\n    at emitCloseNT (node:net:2416:8)\n    at processTicksAndRejections (node:internal/process/task_queues:89:21)"],"meta":{}},{"ancestorTitles":["Media Upload Route","Edge Cases"],"fullName":"Media Upload Route Edge Cases should handle files with no extension","status":"failed","title":"should handle files with no extension","duration":3.6281999999999925,"failureMessages":["Error: expected 201 \"Created\", got 500 \"Internal Server Error\"\n    at C:\\Users\\Et Al\\Documents\\GitHub\\ParaSocial\\backend\\src\\routes\\__tests__\\mediaUpload.test.ts:400:10\n    at file:///C:/Users/Et%20Al/Documents/GitHub/parasocial/backend/node_modules/@vitest/runner/dist/chunk-hooks.js:155:11\n    at file:///C:/Users/Et%20Al/Documents/GitHub/parasocial/backend/node_modules/@vitest/runner/dist/chunk-hooks.js:752:26\n    at file:///C:/Users/Et%20Al/Documents/GitHub/parasocial/backend/node_modules/@vitest/runner/dist/chunk-hooks.js:1897:20\n    at new Promise (<anonymous>)\n    at runWithTimeout (file:///C:/Users/Et%20Al/Documents/GitHub/parasocial/backend/node_modules/@vitest/runner/dist/chunk-hooks.js:1863:10)\n    at runTest (file:///C:/Users/Et%20Al/Documents/GitHub/parasocial/backend/node_modules/@vitest/runner/dist/chunk-hooks.js:1574:12)\n    at processTicksAndRejections (node:internal/process/task_queues:105:5)\n----\n    at Test._assertStatus (C:\\Users\\Et Al\\Documents\\GitHub\\parasocial\\backend\\node_modules\\supertest\\lib\\test.js:267:14)\n    at C:\\Users\\Et Al\\Documents\\GitHub\\parasocial\\backend\\node_modules\\supertest\\lib\\test.js:323:13\n    at Test._assertFunction (C:\\Users\\Et Al\\Documents\\GitHub\\parasocial\\backend\\node_modules\\supertest\\lib\\test.js:300:13)\n    at Test.assert (C:\\Users\\Et Al\\Documents\\GitHub\\parasocial\\backend\\node_modules\\supertest\\lib\\test.js:179:23)\n    at Server.localAssert (C:\\Users\\Et Al\\Documents\\GitHub\\parasocial\\backend\\node_modules\\supertest\\lib\\test.js:135:14)\n    at Object.onceWrapper (node:events:632:28)\n    at Server.emit (node:events:518:28)\n    at emitCloseNT (node:net:2416:8)\n    at processTicksAndRejections (node:internal/process/task_queues:89:21)"],"meta":{}},{"ancestorTitles":["Media Upload Route","Edge Cases"],"fullName":"Media Upload Route Edge Cases should handle very small files","status":"failed","title":"should handle very small files","duration":3.5129000000000588,"failureMessages":["Error: expected 201 \"Created\", got 500 \"Internal Server Error\"\n    at C:\\Users\\Et Al\\Documents\\GitHub\\ParaSocial\\backend\\src\\routes\\__tests__\\mediaUpload.test.ts:414:10\n    at file:///C:/Users/Et%20Al/Documents/GitHub/parasocial/backend/node_modules/@vitest/runner/dist/chunk-hooks.js:155:11\n    at file:///C:/Users/Et%20Al/Documents/GitHub/parasocial/backend/node_modules/@vitest/runner/dist/chunk-hooks.js:752:26\n    at file:///C:/Users/Et%20Al/Documents/GitHub/parasocial/backend/node_modules/@vitest/runner/dist/chunk-hooks.js:1897:20\n    at new Promise (<anonymous>)\n    at runWithTimeout (file:///C:/Users/Et%20Al/Documents/GitHub/parasocial/backend/node_modules/@vitest/runner/dist/chunk-hooks.js:1863:10)\n    at runTest (file:///C:/Users/Et%20Al/Documents/GitHub/parasocial/backend/node_modules/@vitest/runner/dist/chunk-hooks.js:1574:12)\n    at processTicksAndRejections (node:internal/process/task_queues:105:5)\n----\n    at Test._assertStatus (C:\\Users\\Et Al\\Documents\\GitHub\\parasocial\\backend\\node_modules\\supertest\\lib\\test.js:267:14)\n    at C:\\Users\\Et Al\\Documents\\GitHub\\parasocial\\backend\\node_modules\\supertest\\lib\\test.js:323:13\n    at Test._assertFunction (C:\\Users\\Et Al\\Documents\\GitHub\\parasocial\\backend\\node_modules\\supertest\\lib\\test.js:300:13)\n    at Test.assert (C:\\Users\\Et Al\\Documents\\GitHub\\parasocial\\backend\\node_modules\\supertest\\lib\\test.js:179:23)\n    at Server.localAssert (C:\\Users\\Et Al\\Documents\\GitHub\\parasocial\\backend\\node_modules\\supertest\\lib\\test.js:135:14)\n    at Object.onceWrapper (node:events:632:28)\n    at Server.emit (node:events:518:28)\n    at emitCloseNT (node:net:2416:8)\n    at processTicksAndRejections (node:internal/process/task_queues:89:21)"],"meta":{}},{"ancestorTitles":["Media Upload Route","Edge Cases"],"fullName":"Media Upload Route Edge Cases should handle files at exactly the size limit","status":"failed","title":"should handle files at exactly the size limit","duration":11.67629999999997,"failureMessages":["Error: expected 201 \"Created\", got 500 \"Internal Server Error\"\n    at C:\\Users\\Et Al\\Documents\\GitHub\\ParaSocial\\backend\\src\\routes\\__tests__\\mediaUpload.test.ts:427:10\n    at file:///C:/Users/Et%20Al/Documents/GitHub/parasocial/backend/node_modules/@vitest/runner/dist/chunk-hooks.js:155:11\n    at file:///C:/Users/Et%20Al/Documents/GitHub/parasocial/backend/node_modules/@vitest/runner/dist/chunk-hooks.js:752:26\n    at file:///C:/Users/Et%20Al/Documents/GitHub/parasocial/backend/node_modules/@vitest/runner/dist/chunk-hooks.js:1897:20\n    at new Promise (<anonymous>)\n    at runWithTimeout (file:///C:/Users/Et%20Al/Documents/GitHub/parasocial/backend/node_modules/@vitest/runner/dist/chunk-hooks.js:1863:10)\n    at runTest (file:///C:/Users/Et%20Al/Documents/GitHub/parasocial/backend/node_modules/@vitest/runner/dist/chunk-hooks.js:1574:12)\n    at processTicksAndRejections (node:internal/process/task_queues:105:5)\n----\n    at Test._assertStatus (C:\\Users\\Et Al\\Documents\\GitHub\\parasocial\\backend\\node_modules\\supertest\\lib\\test.js:267:14)\n    at C:\\Users\\Et Al\\Documents\\GitHub\\parasocial\\backend\\node_modules\\supertest\\lib\\test.js:323:13\n    at Test._assertFunction (C:\\Users\\Et Al\\Documents\\GitHub\\parasocial\\backend\\node_modules\\supertest\\lib\\test.js:300:13)\n    at Test.assert (C:\\Users\\Et Al\\Documents\\GitHub\\parasocial\\backend\\node_modules\\supertest\\lib\\test.js:179:23)\n    at Server.localAssert (C:\\Users\\Et Al\\Documents\\GitHub\\parasocial\\backend\\node_modules\\supertest\\lib\\test.js:135:14)\n    at Object.onceWrapper (node:events:632:28)\n    at Server.emit (node:events:518:28)\n    at emitCloseNT (node:net:2416:8)\n    at processTicksAndRejections (node:internal/process/task_queues:89:21)"],"meta":{}}],"startTime":1751453613659,"endTime":1751453613813.6763,"status":"failed","message":"","name":"C:/Users/Et Al/Documents/GitHub/ParaSocial/backend/src/routes/__tests__/mediaUpload.test.ts"}]}
