{"numTotalTestSuites":9,"numPassedTestSuites":0,"numFailedTestSuites":9,"numPendingTestSuites":0,"numTotalTests":16,"numPassedTests":1,"numFailedTests":15,"numPendingTests":0,"numTodoTests":0,"snapshot":{"added":0,"failure":false,"filesAdded":0,"filesRemoved":0,"filesRemovedList":[],"filesUnmatched":0,"filesUpdated":0,"matched":0,"total":0,"unchecked":0,"uncheckedKeysByFile":[],"unmatched":0,"updated":0,"didUpdate":false},"startTime":1751805998471,"success":false,"testResults":[{"assertionResults":[{"ancestorTitles":["Authentication Routes - User Login","POST /auth/login - Successful Login"],"fullName":"Authentication Routes - User Login POST /auth/login - Successful Login should login user successfully with valid credentials","status":"failed","title":"should login user successfully with valid credentials","duration":15032.9285,"failureMessages":["Error: Test timed out in 15000ms.\nIf this is a long-running test, pass a timeout value as the last argument or configure it globally with \"testTimeout\".\n    at Timeout.<anonymous> (file:///C:/Users/Et%20Al/Documents/GitHub/parasocial/backend/node_modules/@vitest/runner/dist/index.js:44:18)\n    at listOnTimeout (node:internal/timers:594:17)\n    at processTimers (node:internal/timers:529:7)"],"meta":{}},{"ancestorTitles":["Authentication Routes - User Login","POST /auth/login - Successful Login"],"fullName":"Authentication Routes - User Login POST /auth/login - Successful Login should return user data and token on successful login","status":"failed","title":"should return user data and token on successful login","duration":15015.647600000002,"failureMessages":["Error: Test timed out in 15000ms.\nIf this is a long-running test, pass a timeout value as the last argument or configure it globally with \"testTimeout\".\n    at Timeout.<anonymous> (file:///C:/Users/Et%20Al/Documents/GitHub/parasocial/backend/node_modules/@vitest/runner/dist/index.js:44:18)\n    at listOnTimeout (node:internal/timers:594:17)\n    at processTimers (node:internal/timers:529:7)"],"meta":{}},{"ancestorTitles":["Authentication Routes - User Login","POST /auth/login - Authentication Failures"],"fullName":"Authentication Routes - User Login POST /auth/login - Authentication Failures should return 401 for non-existent user","status":"failed","title":"should return 401 for non-existent user","duration":15007.014499999997,"failureMessages":["Error: Test timed out in 15000ms.\nIf this is a long-running test, pass a timeout value as the last argument or configure it globally with \"testTimeout\".\n    at Timeout.<anonymous> (file:///C:/Users/Et%20Al/Documents/GitHub/parasocial/backend/node_modules/@vitest/runner/dist/index.js:44:18)\n    at listOnTimeout (node:internal/timers:594:17)\n    at processTimers (node:internal/timers:529:7)"],"meta":{}},{"ancestorTitles":["Authentication Routes - User Login","POST /auth/login - Authentication Failures"],"fullName":"Authentication Routes - User Login POST /auth/login - Authentication Failures should return 401 for incorrect password","status":"failed","title":"should return 401 for incorrect password","duration":15016.185699999995,"failureMessages":["Error: Test timed out in 15000ms.\nIf this is a long-running test, pass a timeout value as the last argument or configure it globally with \"testTimeout\".\n    at Timeout.<anonymous> (file:///C:/Users/Et%20Al/Documents/GitHub/parasocial/backend/node_modules/@vitest/runner/dist/index.js:44:18)\n    at listOnTimeout (node:internal/timers:594:17)\n    at processTimers (node:internal/timers:529:7)"],"meta":{}},{"ancestorTitles":["Authentication Routes - User Login","POST /auth/login - Authentication Failures"],"fullName":"Authentication Routes - User Login POST /auth/login - Authentication Failures should not reveal whether email exists in error messages","status":"failed","title":"should not reveal whether email exists in error messages","duration":15015.312099999996,"failureMessages":["Error: Test timed out in 15000ms.\nIf this is a long-running test, pass a timeout value as the last argument or configure it globally with \"testTimeout\".\n    at Timeout.<anonymous> (file:///C:/Users/Et%20Al/Documents/GitHub/parasocial/backend/node_modules/@vitest/runner/dist/index.js:44:18)\n    at listOnTimeout (node:internal/timers:594:17)\n    at processTimers (node:internal/timers:529:7)"],"meta":{}},{"ancestorTitles":["Authentication Routes - User Login","POST /auth/login - Input Validation"],"fullName":"Authentication Routes - User Login POST /auth/login - Input Validation should return 400 for invalid email format","status":"failed","title":"should return 400 for invalid email format","duration":15019.526799999992,"failureMessages":["Error: Test timed out in 15000ms.\nIf this is a long-running test, pass a timeout value as the last argument or configure it globally with \"testTimeout\".\n    at Timeout.<anonymous> (file:///C:/Users/Et%20Al/Documents/GitHub/parasocial/backend/node_modules/@vitest/runner/dist/index.js:44:18)\n    at listOnTimeout (node:internal/timers:594:17)\n    at processTimers (node:internal/timers:529:7)"],"meta":{}},{"ancestorTitles":["Authentication Routes - User Login","POST /auth/login - Input Validation"],"fullName":"Authentication Routes - User Login POST /auth/login - Input Validation should return 400 for missing password","status":"failed","title":"should return 400 for missing password","duration":15013.1964,"failureMessages":["Error: Test timed out in 15000ms.\nIf this is a long-running test, pass a timeout value as the last argument or configure it globally with \"testTimeout\".\n    at Timeout.<anonymous> (file:///C:/Users/Et%20Al/Documents/GitHub/parasocial/backend/node_modules/@vitest/runner/dist/index.js:44:18)\n    at listOnTimeout (node:internal/timers:594:17)\n    at processTimers (node:internal/timers:529:7)"],"meta":{}},{"ancestorTitles":["Authentication Routes - User Login","POST /auth/login - Input Validation"],"fullName":"Authentication Routes - User Login POST /auth/login - Input Validation should return 400 for missing email","status":"failed","title":"should return 400 for missing email","duration":15016.125100000005,"failureMessages":["Error: Test timed out in 15000ms.\nIf this is a long-running test, pass a timeout value as the last argument or configure it globally with \"testTimeout\".\n    at Timeout.<anonymous> (file:///C:/Users/Et%20Al/Documents/GitHub/parasocial/backend/node_modules/@vitest/runner/dist/index.js:44:18)\n    at listOnTimeout (node:internal/timers:594:17)\n    at processTimers (node:internal/timers:529:7)"],"meta":{}},{"ancestorTitles":["Authentication Routes - User Login","POST /auth/login - Input Validation"],"fullName":"Authentication Routes - User Login POST /auth/login - Input Validation should return 400 for empty request body","status":"failed","title":"should return 400 for empty request body","duration":15015.849000000002,"failureMessages":["Error: Test timed out in 15000ms.\nIf this is a long-running test, pass a timeout value as the last argument or configure it globally with \"testTimeout\".\n    at Timeout.<anonymous> (file:///C:/Users/Et%20Al/Documents/GitHub/parasocial/backend/node_modules/@vitest/runner/dist/index.js:44:18)\n    at listOnTimeout (node:internal/timers:594:17)\n    at processTimers (node:internal/timers:529:7)"],"meta":{}},{"ancestorTitles":["Authentication Routes - User Login","POST /auth/login - Content-Type Handling"],"fullName":"Authentication Routes - User Login POST /auth/login - Content-Type Handling should handle malformed JSON gracefully","status":"passed","title":"should handle malformed JSON gracefully","duration":33.958600000012666,"failureMessages":[],"meta":{}},{"ancestorTitles":["Authentication Routes - User Login","POST /auth/login - Content-Type Handling"],"fullName":"Authentication Routes - User Login POST /auth/login - Content-Type Handling should require JSON content type","status":"failed","title":"should require JSON content type","duration":15020.049999999988,"failureMessages":["Error: Test timed out in 15000ms.\nIf this is a long-running test, pass a timeout value as the last argument or configure it globally with \"testTimeout\".\n    at Timeout.<anonymous> (file:///C:/Users/Et%20Al/Documents/GitHub/parasocial/backend/node_modules/@vitest/runner/dist/index.js:44:18)\n    at listOnTimeout (node:internal/timers:594:17)\n    at processTimers (node:internal/timers:529:7)"],"meta":{}},{"ancestorTitles":["Authentication Routes - User Login","POST /auth/login - Database Errors"],"fullName":"Authentication Routes - User Login POST /auth/login - Database Errors should handle database connection errors gracefully","status":"failed","title":"should handle database connection errors gracefully","duration":15011.167400000006,"failureMessages":["Error: Test timed out in 15000ms.\nIf this is a long-running test, pass a timeout value as the last argument or configure it globally with \"testTimeout\".\n    at Timeout.<anonymous> (file:///C:/Users/Et%20Al/Documents/GitHub/parasocial/backend/node_modules/@vitest/runner/dist/index.js:44:18)\n    at listOnTimeout (node:internal/timers:594:17)\n    at processTimers (node:internal/timers:529:7)"],"meta":{}},{"ancestorTitles":["Authentication Routes - User Login","POST /auth/login - Database Errors"],"fullName":"Authentication Routes - User Login POST /auth/login - Database Errors should handle AuthService errors gracefully","status":"failed","title":"should handle AuthService errors gracefully","duration":15019.015799999994,"failureMessages":["Error: Test timed out in 15000ms.\nIf this is a long-running test, pass a timeout value as the last argument or configure it globally with \"testTimeout\".\n    at Timeout.<anonymous> (file:///C:/Users/Et%20Al/Documents/GitHub/parasocial/backend/node_modules/@vitest/runner/dist/index.js:44:18)\n    at listOnTimeout (node:internal/timers:594:17)\n    at processTimers (node:internal/timers:529:7)"],"meta":{}},{"ancestorTitles":["Authentication Routes - User Login","Security and Rate Limiting Tests"],"fullName":"Authentication Routes - User Login Security and Rate Limiting Tests should handle concurrent login attempts","status":"failed","title":"should handle concurrent login attempts","duration":15014.238299999997,"failureMessages":["Error: Test timed out in 15000ms.\nIf this is a long-running test, pass a timeout value as the last argument or configure it globally with \"testTimeout\".\n    at Timeout.<anonymous> (file:///C:/Users/Et%20Al/Documents/GitHub/parasocial/backend/node_modules/@vitest/runner/dist/index.js:44:18)\n    at listOnTimeout (node:internal/timers:594:17)\n    at processTimers (node:internal/timers:529:7)"],"meta":{}},{"ancestorTitles":["Authentication Routes - User Login","Response Format Validation"],"fullName":"Authentication Routes - User Login Response Format Validation should return consistent success response format","status":"failed","title":"should return consistent success response format","duration":15002.5766,"failureMessages":["Error: Test timed out in 15000ms.\nIf this is a long-running test, pass a timeout value as the last argument or configure it globally with \"testTimeout\".\n    at Timeout.<anonymous> (file:///C:/Users/Et%20Al/Documents/GitHub/parasocial/backend/node_modules/@vitest/runner/dist/index.js:44:18)\n    at listOnTimeout (node:internal/timers:594:17)\n    at processTimers (node:internal/timers:529:7)"],"meta":{}},{"ancestorTitles":["Authentication Routes - User Login","Response Format Validation"],"fullName":"Authentication Routes - User Login Response Format Validation should return consistent error response format","status":"failed","title":"should return consistent error response format","duration":15014.16280000002,"failureMessages":["Error: Test timed out in 15000ms.\nIf this is a long-running test, pass a timeout value as the last argument or configure it globally with \"testTimeout\".\n    at Timeout.<anonymous> (file:///C:/Users/Et%20Al/Documents/GitHub/parasocial/backend/node_modules/@vitest/runner/dist/index.js:44:18)\n    at listOnTimeout (node:internal/timers:594:17)\n    at processTimers (node:internal/timers:529:7)"],"meta":{}}],"startTime":1751805999114,"endTime":1751806224393.1628,"status":"failed","message":"","name":"C:/Users/Et Al/Documents/GitHub/ParaSocial/backend/src/routes/__tests__/authLogin.test.ts"}]}