{"numTotalTestSuites":7,"numPassedTestSuites":1,"numFailedTestSuites":6,"numPendingTestSuites":0,"numTotalTests":13,"numPassedTests":6,"numFailedTests":7,"numPendingTests":0,"numTodoTests":0,"snapshot":{"added":0,"failure":false,"filesAdded":0,"filesRemoved":0,"filesRemovedList":[],"filesUnmatched":0,"filesUpdated":0,"matched":0,"total":0,"unchecked":0,"uncheckedKeysByFile":[],"unmatched":0,"updated":0,"didUpdate":false},"startTime":1751456377428,"success":false,"testResults":[{"assertionResults":[{"ancestorTitles":["Media Upload Route","Successful File Upload"],"fullName":"Media Upload Route Successful File Upload should upload valid image file successfully","status":"failed","title":"should upload valid image file successfully","duration":53.78240000000005,"failureMessages":["AssertionError: expected { success: true, data: { …(8) } } to deeply equal { success: true, data: { …(8) } }\n    at C:\\Users\\Et Al\\Documents\\GitHub\\ParaSocial\\backend\\src\\routes\\__tests__\\mediaUpload.test.ts:136:29\n    at processTicksAndRejections (node:internal/process/task_queues:105:5)\n    at file:///C:/Users/Et%20Al/Documents/GitHub/parasocial/backend/node_modules/@vitest/runner/dist/chunk-hooks.js:752:20"],"meta":{}},{"ancestorTitles":["Media Upload Route","Successful File Upload"],"fullName":"Media Upload Route Successful File Upload should upload file without alt text","status":"passed","title":"should upload file without alt text","duration":8.920100000000048,"failureMessages":[],"meta":{}},{"ancestorTitles":["Media Upload Route","Successful File Upload"],"fullName":"Media Upload Route Successful File Upload should handle all supported file types","status":"passed","title":"should handle all supported file types","duration":30.30899999999997,"failureMessages":[],"meta":{}},{"ancestorTitles":["Media Upload Route","File Validation"],"fullName":"Media Upload Route File Validation should reject requests with no file","status":"failed","title":"should reject requests with no file","duration":5.822399999999902,"failureMessages":["AssertionError: expected { success: false, error: { …(2) } } to deeply equal { success: false, error: { …(2) } }\n    at C:\\Users\\Et Al\\Documents\\GitHub\\ParaSocial\\backend\\src\\routes\\__tests__\\mediaUpload.test.ts:192:29\n    at processTicksAndRejections (node:internal/process/task_queues:105:5)\n    at file:///C:/Users/Et%20Al/Documents/GitHub/parasocial/backend/node_modules/@vitest/runner/dist/chunk-hooks.js:752:20"],"meta":{}},{"ancestorTitles":["Media Upload Route","File Validation"],"fullName":"Media Upload Route File Validation should reject unsupported file types","status":"failed","title":"should reject unsupported file types","duration":11.85450000000003,"failureMessages":["AssertionError: expected { success: false, error: { …(2) } } to deeply equal { success: false, error: { …(2) } }\n    at C:\\Users\\Et Al\\Documents\\GitHub\\ParaSocial\\backend\\src\\routes\\__tests__\\mediaUpload.test.ts:212:29\n    at processTicksAndRejections (node:internal/process/task_queues:105:5)\n    at file:///C:/Users/Et%20Al/Documents/GitHub/parasocial/backend/node_modules/@vitest/runner/dist/chunk-hooks.js:752:20"],"meta":{}},{"ancestorTitles":["Media Upload Route","File Validation"],"fullName":"Media Upload Route File Validation should reject files exceeding size limit","status":"failed","title":"should reject files exceeding size limit","duration":36.039300000000026,"failureMessages":["Error: expected 400 \"Bad Request\", got 201 \"Created\"\n    at C:\\Users\\Et Al\\Documents\\GitHub\\ParaSocial\\backend\\src\\routes\\__tests__\\mediaUpload.test.ts:230:10\n    at file:///C:/Users/Et%20Al/Documents/GitHub/parasocial/backend/node_modules/@vitest/runner/dist/chunk-hooks.js:155:11\n    at file:///C:/Users/Et%20Al/Documents/GitHub/parasocial/backend/node_modules/@vitest/runner/dist/chunk-hooks.js:752:26\n    at file:///C:/Users/Et%20Al/Documents/GitHub/parasocial/backend/node_modules/@vitest/runner/dist/chunk-hooks.js:1897:20\n    at new Promise (<anonymous>)\n    at runWithTimeout (file:///C:/Users/Et%20Al/Documents/GitHub/parasocial/backend/node_modules/@vitest/runner/dist/chunk-hooks.js:1863:10)\n    at runTest (file:///C:/Users/Et%20Al/Documents/GitHub/parasocial/backend/node_modules/@vitest/runner/dist/chunk-hooks.js:1574:12)\n    at processTicksAndRejections (node:internal/process/task_queues:105:5)\n----\n    at Test._assertStatus (C:\\Users\\Et Al\\Documents\\GitHub\\parasocial\\backend\\node_modules\\supertest\\lib\\test.js:267:14)\n    at C:\\Users\\Et Al\\Documents\\GitHub\\parasocial\\backend\\node_modules\\supertest\\lib\\test.js:323:13\n    at Test._assertFunction (C:\\Users\\Et Al\\Documents\\GitHub\\parasocial\\backend\\node_modules\\supertest\\lib\\test.js:300:13)\n    at Test.assert (C:\\Users\\Et Al\\Documents\\GitHub\\parasocial\\backend\\node_modules\\supertest\\lib\\test.js:179:23)\n    at Server.localAssert (C:\\Users\\Et Al\\Documents\\GitHub\\parasocial\\backend\\node_modules\\supertest\\lib\\test.js:135:14)\n    at Object.onceWrapper (node:events:632:28)\n    at Server.emit (node:events:518:28)\n    at emitCloseNT (node:net:2416:8)\n    at processTicksAndRejections (node:internal/process/task_queues:89:21)"],"meta":{}},{"ancestorTitles":["Media Upload Route","File Validation"],"fullName":"Media Upload Route File Validation should validate alt text length","status":"failed","title":"should validate alt text length","duration":8.49090000000001,"failureMessages":["Error: expected 400 \"Bad Request\", got 201 \"Created\"\n    at C:\\Users\\Et Al\\Documents\\GitHub\\ParaSocial\\backend\\src\\routes\\__tests__\\mediaUpload.test.ts:249:10\n    at file:///C:/Users/Et%20Al/Documents/GitHub/parasocial/backend/node_modules/@vitest/runner/dist/chunk-hooks.js:155:11\n    at file:///C:/Users/Et%20Al/Documents/GitHub/parasocial/backend/node_modules/@vitest/runner/dist/chunk-hooks.js:752:26\n    at file:///C:/Users/Et%20Al/Documents/GitHub/parasocial/backend/node_modules/@vitest/runner/dist/chunk-hooks.js:1897:20\n    at new Promise (<anonymous>)\n    at runWithTimeout (file:///C:/Users/Et%20Al/Documents/GitHub/parasocial/backend/node_modules/@vitest/runner/dist/chunk-hooks.js:1863:10)\n    at runTest (file:///C:/Users/Et%20Al/Documents/GitHub/parasocial/backend/node_modules/@vitest/runner/dist/chunk-hooks.js:1574:12)\n    at processTicksAndRejections (node:internal/process/task_queues:105:5)\n----\n    at Test._assertStatus (C:\\Users\\Et Al\\Documents\\GitHub\\parasocial\\backend\\node_modules\\supertest\\lib\\test.js:267:14)\n    at C:\\Users\\Et Al\\Documents\\GitHub\\parasocial\\backend\\node_modules\\supertest\\lib\\test.js:323:13\n    at Test._assertFunction (C:\\Users\\Et Al\\Documents\\GitHub\\parasocial\\backend\\node_modules\\supertest\\lib\\test.js:300:13)\n    at Test.assert (C:\\Users\\Et Al\\Documents\\GitHub\\parasocial\\backend\\node_modules\\supertest\\lib\\test.js:179:23)\n    at Server.localAssert (C:\\Users\\Et Al\\Documents\\GitHub\\parasocial\\backend\\node_modules\\supertest\\lib\\test.js:135:14)\n    at Object.onceWrapper (node:events:632:28)\n    at Server.emit (node:events:518:28)\n    at emitCloseNT (node:net:2416:8)\n    at processTicksAndRejections (node:internal/process/task_queues:89:21)"],"meta":{}},{"ancestorTitles":["Media Upload Route","Directory Management"],"fullName":"Media Upload Route Directory Management should create uploads directory if it does not exist","status":"passed","title":"should create uploads directory if it does not exist","duration":5.6404,"failureMessages":[],"meta":{}},{"ancestorTitles":["Media Upload Route","Directory Management"],"fullName":"Media Upload Route Directory Management should handle directory creation failure","status":"failed","title":"should handle directory creation failure","duration":7.070300000000088,"failureMessages":["AssertionError: expected { success: false, error: { …(2) } } to deeply equal { success: false, error: { …(2) } }\n    at C:\\Users\\Et Al\\Documents\\GitHub\\ParaSocial\\backend\\src\\routes\\__tests__\\mediaUpload.test.ts:302:29\n    at processTicksAndRejections (node:internal/process/task_queues:105:5)\n    at file:///C:/Users/Et%20Al/Documents/GitHub/parasocial/backend/node_modules/@vitest/runner/dist/chunk-hooks.js:752:20"],"meta":{}},{"ancestorTitles":["Media Upload Route","Error Recovery"],"fullName":"Media Upload Route Error Recovery should clean up uploaded file if processing fails","status":"passed","title":"should clean up uploaded file if processing fails","duration":10.271900000000073,"failureMessages":[],"meta":{}},{"ancestorTitles":["Media Upload Route","Edge Cases"],"fullName":"Media Upload Route Edge Cases should handle files at exactly the size limit","status":"passed","title":"should handle files at exactly the size limit","duration":31.842300000000023,"failureMessages":[],"meta":{}},{"ancestorTitles":["Media Upload Route","Edge Cases"],"fullName":"Media Upload Route Edge Cases should handle files with no extension","status":"failed","title":"should handle files with no extension","duration":5.9558000000000675,"failureMessages":["AssertionError: expected { success: false, error: { …(2) } } to deeply equal { success: false, error: { …(2) } }\n    at C:\\Users\\Et Al\\Documents\\GitHub\\ParaSocial\\backend\\src\\routes\\__tests__\\mediaUpload.test.ts:361:29\n    at processTicksAndRejections (node:internal/process/task_queues:105:5)\n    at file:///C:/Users/Et%20Al/Documents/GitHub/parasocial/backend/node_modules/@vitest/runner/dist/chunk-hooks.js:752:20"],"meta":{}},{"ancestorTitles":["Media Upload Route","Edge Cases"],"fullName":"Media Upload Route Edge Cases should handle very small files","status":"passed","title":"should handle very small files","duration":5.6702000000000226,"failureMessages":[],"meta":{}}],"startTime":1751456378228,"endTime":1751456378450.6702,"status":"failed","message":"","name":"C:/Users/Et Al/Documents/GitHub/ParaSocial/backend/src/routes/__tests__/mediaUpload.test.ts"}]}
