{"numTotalTestSuites":240,"numPassedTestSuites":206,"numFailedTestSuites":28,"numPendingTestSuites":6,"numTotalTests":436,"numPassedTests":377,"numFailedTests":27,"numPendingTests":2,"numTodoTests":0,"snapshot":{"added":0,"failure":false,"filesAdded":0,"filesRemoved":0,"filesRemovedList":[],"filesUnmatched":0,"filesUpdated":0,"matched":0,"total":0,"unchecked":0,"uncheckedKeysByFile":[],"unmatched":0,"updated":0,"didUpdate":false},"startTime":1751810390157,"success":false,"testResults":[{"assertionResults":[{"ancestorTitles":["AuthController","register","Successful Registration"],"fullName":"AuthController register Successful Registration should register user successfully","status":"passed","title":"should register user successfully","duration":6.774999999999977,"failureMessages":[],"meta":{}},{"ancestorTitles":["AuthController","register","Validation Errors"],"fullName":"AuthController register Validation Errors should return 400 for invalid registration data","status":"passed","title":"should return 400 for invalid registration data","duration":1.3280999999999494,"failureMessages":[],"meta":{}},{"ancestorTitles":["AuthController","register","Validation Errors"],"fullName":"AuthController register Validation Errors should handle empty request body","status":"passed","title":"should handle empty request body","duration":0.7752999999999588,"failureMessages":[],"meta":{}},{"ancestorTitles":["AuthController","register","User Already Exists"],"fullName":"AuthController register User Already Exists should return 409 when email already exists","status":"passed","title":"should return 409 when email already exists","duration":0.8629999999999995,"failureMessages":[],"meta":{}},{"ancestorTitles":["AuthController","register","User Already Exists"],"fullName":"AuthController register User Already Exists should return 409 when username already exists","status":"passed","title":"should return 409 when username already exists","duration":0.5287000000000148,"failureMessages":[],"meta":{}},{"ancestorTitles":["AuthController","register","Server Errors"],"fullName":"AuthController register Server Errors should return 500 when password hashing fails","status":"passed","title":"should return 500 when password hashing fails","duration":0.9816999999999894,"failureMessages":[],"meta":{}},{"ancestorTitles":["AuthController","register","Server Errors"],"fullName":"AuthController register Server Errors should return 500 when user creation fails","status":"passed","title":"should return 500 when user creation fails","duration":0.8631000000000313,"failureMessages":[],"meta":{}},{"ancestorTitles":["AuthController","register","Server Errors"],"fullName":"AuthController register Server Errors should return 500 when token generation fails","status":"passed","title":"should return 500 when token generation fails","duration":1.1394999999999982,"failureMessages":[],"meta":{}},{"ancestorTitles":["AuthController","login","Successful Login"],"fullName":"AuthController login Successful Login should login user successfully","status":"passed","title":"should login user successfully","duration":1.5492999999999597,"failureMessages":[],"meta":{}},{"ancestorTitles":["AuthController","login","Validation Errors"],"fullName":"AuthController login Validation Errors should return 400 for invalid login data","status":"passed","title":"should return 400 for invalid login data","duration":0.9481000000000108,"failureMessages":[],"meta":{}},{"ancestorTitles":["AuthController","login","Validation Errors"],"fullName":"AuthController login Validation Errors should handle empty login request","status":"passed","title":"should handle empty login request","duration":0.7955000000000041,"failureMessages":[],"meta":{}},{"ancestorTitles":["AuthController","login","Authentication Errors"],"fullName":"AuthController login Authentication Errors should return 401 when user does not exist","status":"passed","title":"should return 401 when user does not exist","duration":1.140100000000018,"failureMessages":[],"meta":{}},{"ancestorTitles":["AuthController","login","Authentication Errors"],"fullName":"AuthController login Authentication Errors should return 401 when password is incorrect","status":"passed","title":"should return 401 when password is incorrect","duration":1.2051000000000158,"failureMessages":[],"meta":{}},{"ancestorTitles":["AuthController","login","Server Errors"],"fullName":"AuthController login Server Errors should return 500 when database lookup fails","status":"passed","title":"should return 500 when database lookup fails","duration":1.0383999999999673,"failureMessages":[],"meta":{}},{"ancestorTitles":["AuthController","login","Server Errors"],"fullName":"AuthController login Server Errors should return 500 when password verification fails","status":"passed","title":"should return 500 when password verification fails","duration":0.9603000000000179,"failureMessages":[],"meta":{}},{"ancestorTitles":["AuthController","logout"],"fullName":"AuthController logout should logout user successfully","status":"passed","title":"should logout user successfully","duration":0.7731999999999744,"failureMessages":[],"meta":{}},{"ancestorTitles":["AuthController","logout"],"fullName":"AuthController logout should handle logout errors gracefully","status":"passed","title":"should handle logout errors gracefully","duration":2.640899999999988,"failureMessages":[],"meta":{}},{"ancestorTitles":["AuthController","getCurrentUser","Successful User Retrieval"],"fullName":"AuthController getCurrentUser Successful User Retrieval should return current user profile","status":"passed","title":"should return current user profile","duration":0.899599999999964,"failureMessages":[],"meta":{}},{"ancestorTitles":["AuthController","getCurrentUser","User Not Found"],"fullName":"AuthController getCurrentUser User Not Found should return 404 when user does not exist","status":"passed","title":"should return 404 when user does not exist","duration":0.7422000000000253,"failureMessages":[],"meta":{}},{"ancestorTitles":["AuthController","getCurrentUser","Server Errors"],"fullName":"AuthController getCurrentUser Server Errors should return 500 when database lookup fails","status":"passed","title":"should return 500 when database lookup fails","duration":0.7501000000000317,"failureMessages":[],"meta":{}},{"ancestorTitles":["AuthController","getCurrentUser","Server Errors"],"fullName":"AuthController getCurrentUser Server Errors should handle missing user ID in request","status":"passed","title":"should handle missing user ID in request","duration":0.5997000000000412,"failureMessages":[],"meta":{}}],"startTime":1751810392045,"endTime":1751810392078.5996,"status":"passed","message":"","name":"C:/Users/Et Al/Documents/GitHub/ParaSocial/backend/src/controllers/__tests__/AuthController.test.ts"},{"assertionResults":[{"ancestorTitles":["FollowController Business Logic Tests","followUser Business Logic"],"fullName":"FollowController Business Logic Tests followUser Business Logic should successfully follow a user with valid authentication","status":"passed","title":"should successfully follow a user with valid authentication","duration":6.033400000000029,"failureMessages":[],"meta":{}},{"ancestorTitles":["FollowController Business Logic Tests","followUser Business Logic"],"fullName":"FollowController Business Logic Tests followUser Business Logic should handle external ActivityPub actor follow without authentication","status":"passed","title":"should handle external ActivityPub actor follow without authentication","duration":2.0814000000000306,"failureMessages":[],"meta":{}},{"ancestorTitles":["FollowController Business Logic Tests","followUser Business Logic"],"fullName":"FollowController Business Logic Tests followUser Business Logic should reject follow request when no follower identity provided","status":"passed","title":"should reject follow request when no follower identity provided","duration":1.3152999999999793,"failureMessages":[],"meta":{}},{"ancestorTitles":["FollowController Business Logic Tests","followUser Business Logic"],"fullName":"FollowController Business Logic Tests followUser Business Logic should return 404 when target user not found","status":"passed","title":"should return 404 when target user not found","duration":1.1731000000000336,"failureMessages":[],"meta":{}},{"ancestorTitles":["FollowController Business Logic Tests","followUser Business Logic"],"fullName":"FollowController Business Logic Tests followUser Business Logic should handle inactive user scenario","status":"passed","title":"should handle inactive user scenario","duration":2.889599999999973,"failureMessages":[],"meta":{}},{"ancestorTitles":["FollowController Business Logic Tests","followUser Business Logic"],"fullName":"FollowController Business Logic Tests followUser Business Logic should handle service validation errors correctly","status":"passed","title":"should handle service validation errors correctly","duration":1.2087000000000216,"failureMessages":[],"meta":{}},{"ancestorTitles":["FollowController Business Logic Tests","followUser Business Logic"],"fullName":"FollowController Business Logic Tests followUser Business Logic should handle self-follow prevention","status":"passed","title":"should handle self-follow prevention","duration":1.1646000000000072,"failureMessages":[],"meta":{}},{"ancestorTitles":["FollowController Business Logic Tests","followUser Business Logic"],"fullName":"FollowController Business Logic Tests followUser Business Logic should handle blocking scenarios","status":"passed","title":"should handle blocking scenarios","duration":0.8671999999999684,"failureMessages":[],"meta":{}},{"ancestorTitles":["FollowController Business Logic Tests","unfollowUser Business Logic"],"fullName":"FollowController Business Logic Tests unfollowUser Business Logic should successfully unfollow a user","status":"passed","title":"should successfully unfollow a user","duration":1.450999999999965,"failureMessages":[],"meta":{}},{"ancestorTitles":["FollowController Business Logic Tests","unfollowUser Business Logic"],"fullName":"FollowController Business Logic Tests unfollowUser Business Logic should require authentication for unfollow","status":"passed","title":"should require authentication for unfollow","duration":0.9388000000000147,"failureMessages":[],"meta":{}},{"ancestorTitles":["FollowController Business Logic Tests","unfollowUser Business Logic"],"fullName":"FollowController Business Logic Tests unfollowUser Business Logic should handle not following scenario","status":"passed","title":"should handle not following scenario","duration":0.9819999999999709,"failureMessages":[],"meta":{}},{"ancestorTitles":["FollowController Business Logic Tests","getUserFollowers Business Logic"],"fullName":"FollowController Business Logic Tests getUserFollowers Business Logic should successfully get user followers with pagination","status":"passed","title":"should successfully get user followers with pagination","duration":1.1256999999999948,"failureMessages":[],"meta":{}},{"ancestorTitles":["FollowController Business Logic Tests","getUserFollowers Business Logic"],"fullName":"FollowController Business Logic Tests getUserFollowers Business Logic should handle empty followers list or errors","status":"passed","title":"should handle empty followers list or errors","duration":0.8972999999999729,"failureMessages":[],"meta":{}},{"ancestorTitles":["FollowController Business Logic Tests","getUserFollowStats Business Logic"],"fullName":"FollowController Business Logic Tests getUserFollowStats Business Logic should successfully get follow statistics","status":"passed","title":"should successfully get follow statistics","duration":1.422300000000007,"failureMessages":[],"meta":{}},{"ancestorTitles":["FollowController Business Logic Tests","getUserFollowStats Business Logic"],"fullName":"FollowController Business Logic Tests getUserFollowStats Business Logic should handle stats for new user with zero follows","status":"passed","title":"should handle stats for new user with zero follows","duration":0.5289999999999964,"failureMessages":[],"meta":{}},{"ancestorTitles":["FollowController Business Logic Tests","Error Code Mapping"],"fullName":"FollowController Business Logic Tests Error Code Mapping should map VALIDATION_ERROR to 400 status code","status":"passed","title":"should map VALIDATION_ERROR to 400 status code","duration":0.5418999999999983,"failureMessages":[],"meta":{}},{"ancestorTitles":["FollowController Business Logic Tests","Error Code Mapping"],"fullName":"FollowController Business Logic Tests Error Code Mapping should map NO_FOLLOWER_IDENTITY to 409 status code","status":"passed","title":"should map NO_FOLLOWER_IDENTITY to 409 status code","duration":0.3731999999999971,"failureMessages":[],"meta":{}},{"ancestorTitles":["FollowController Business Logic Tests","Error Code Mapping"],"fullName":"FollowController Business Logic Tests Error Code Mapping should map AUTHENTICATION_REQUIRED to 401 status code","status":"passed","title":"should map AUTHENTICATION_REQUIRED to 401 status code","duration":0.449799999999982,"failureMessages":[],"meta":{}},{"ancestorTitles":["FollowController Business Logic Tests","Error Code Mapping"],"fullName":"FollowController Business Logic Tests Error Code Mapping should map FORBIDDEN to 403 status code","status":"passed","title":"should map FORBIDDEN to 403 status code","duration":0.35540000000003147,"failureMessages":[],"meta":{}},{"ancestorTitles":["FollowController Business Logic Tests","Error Code Mapping"],"fullName":"FollowController Business Logic Tests Error Code Mapping should map USER_NOT_FOUND to 404 status code","status":"passed","title":"should map USER_NOT_FOUND to 404 status code","duration":0.6956000000000131,"failureMessages":[],"meta":{}},{"ancestorTitles":["FollowController Business Logic Tests","Error Code Mapping"],"fullName":"FollowController Business Logic Tests Error Code Mapping should map NOT_FOLLOWING to 404 status code","status":"passed","title":"should map NOT_FOLLOWING to 404 status code","duration":0.597500000000025,"failureMessages":[],"meta":{}},{"ancestorTitles":["FollowController Business Logic Tests","Error Code Mapping"],"fullName":"FollowController Business Logic Tests Error Code Mapping should map ALREADY_FOLLOWING to 409 status code","status":"passed","title":"should map ALREADY_FOLLOWING to 409 status code","duration":0.6376999999999953,"failureMessages":[],"meta":{}},{"ancestorTitles":["FollowController Business Logic Tests","Error Code Mapping"],"fullName":"FollowController Business Logic Tests Error Code Mapping should map SELF_FOLLOW_ERROR to 409 status code","status":"passed","title":"should map SELF_FOLLOW_ERROR to 409 status code","duration":0.7008000000000152,"failureMessages":[],"meta":{}},{"ancestorTitles":["FollowController Business Logic Tests","Error Code Mapping"],"fullName":"FollowController Business Logic Tests Error Code Mapping should map UNKNOWN_ERROR to 500 status code","status":"passed","title":"should map UNKNOWN_ERROR to 500 status code","duration":1.7638000000000034,"failureMessages":[],"meta":{}},{"ancestorTitles":["FollowController Business Logic Tests","Exception Handling"],"fullName":"FollowController Business Logic Tests Exception Handling should handle database connection errors gracefully","status":"passed","title":"should handle database connection errors gracefully","duration":1.088799999999992,"failureMessages":[],"meta":{}},{"ancestorTitles":["FollowController Business Logic Tests","Exception Handling"],"fullName":"FollowController Business Logic Tests Exception Handling should handle service timeout errors","status":"passed","title":"should handle service timeout errors","duration":1.1123000000000047,"failureMessages":[],"meta":{}},{"ancestorTitles":["FollowController Business Logic Tests","Exception Handling"],"fullName":"FollowController Business Logic Tests Exception Handling should handle unknown exceptions with generic message","status":"passed","title":"should handle unknown exceptions with generic message","duration":1.1153999999999655,"failureMessages":[],"meta":{}}],"startTime":1751810391572,"endTime":1751810391614.1155,"status":"passed","message":"","name":"C:/Users/Et Al/Documents/GitHub/ParaSocial/backend/src/controllers/__tests__/FollowController.business.test.ts"},{"assertionResults":[],"startTime":1751810390157,"endTime":1751810390157,"status":"failed","message":"Failed to load url ../../src/controllers/FollowController (resolved id: ../../src/controllers/FollowController) in C:/Users/Et Al/Documents/GitHub/parasocial/backend/src/controllers/__tests__/FollowController.test.ts. Does the file exist?","name":"C:/Users/Et Al/Documents/GitHub/ParaSocial/backend/src/controllers/__tests__/FollowController.test.ts"},{"assertionResults":[],"startTime":1751810390157,"endTime":1751810390157,"status":"failed","message":"Failed to load url ../../src/controllers/PostController.js (resolved id: ../../src/controllers/PostController.js) in C:/Users/Et Al/Documents/GitHub/parasocial/backend/src/controllers/__tests__/PostController.test.ts. Does the file exist?","name":"C:/Users/Et Al/Documents/GitHub/ParaSocial/backend/src/controllers/__tests__/PostController.test.ts"},{"assertionResults":[{"ancestorTitles":["ReportController","createReport","Valid Report Creation"],"fullName":"ReportController createReport Valid Report Creation should create user report successfully","status":"passed","title":"should create user report successfully","duration":6.04200000000003,"failureMessages":[],"meta":{}},{"ancestorTitles":["ReportController","createReport","Valid Report Creation"],"fullName":"ReportController createReport Valid Report Creation should create post report successfully","status":"passed","title":"should create post report successfully","duration":1.3745999999999867,"failureMessages":[],"meta":{}},{"ancestorTitles":["ReportController","createReport","Valid Report Creation"],"fullName":"ReportController createReport Valid Report Creation should create anonymous report (no auth)","status":"passed","title":"should create anonymous report (no auth)","duration":0.7255000000000109,"failureMessages":[],"meta":{}},{"ancestorTitles":["ReportController","createReport","Invalid Report Creation"],"fullName":"ReportController createReport Invalid Report Creation should reject report with neither user nor post ID","status":"passed","title":"should reject report with neither user nor post ID","duration":0.705600000000004,"failureMessages":[],"meta":{}},{"ancestorTitles":["ReportController","createReport","Invalid Report Creation"],"fullName":"ReportController createReport Invalid Report Creation should reject report with both user and post ID","status":"passed","title":"should reject report with both user and post ID","duration":0.5371000000000095,"failureMessages":[],"meta":{}},{"ancestorTitles":["ReportController","createReport","Invalid Report Creation"],"fullName":"ReportController createReport Invalid Report Creation should reject report of non-existent user","status":"passed","title":"should reject report of non-existent user","duration":0.5903999999999883,"failureMessages":[],"meta":{}},{"ancestorTitles":["ReportController","createReport","Invalid Report Creation"],"fullName":"ReportController createReport Invalid Report Creation should reject report of non-existent post","status":"passed","title":"should reject report of non-existent post","duration":0.4954000000000178,"failureMessages":[],"meta":{}},{"ancestorTitles":["ReportController","createReport","Invalid Report Creation"],"fullName":"ReportController createReport Invalid Report Creation should reject self-reporting user","status":"passed","title":"should reject self-reporting user","duration":0.48910000000000764,"failureMessages":[],"meta":{}},{"ancestorTitles":["ReportController","createReport","Invalid Report Creation"],"fullName":"ReportController createReport Invalid Report Creation should reject self-reporting post","status":"passed","title":"should reject self-reporting post","duration":0.6441999999999553,"failureMessages":[],"meta":{}},{"ancestorTitles":["ReportController","createReport","Error Handling"],"fullName":"ReportController createReport Error Handling should handle database errors gracefully","status":"passed","title":"should handle database errors gracefully","duration":4.839799999999968,"failureMessages":[],"meta":{}},{"ancestorTitles":["ReportController","getReports"],"fullName":"ReportController getReports should return paginated reports","status":"passed","title":"should return paginated reports","duration":0.9938000000000216,"failureMessages":[],"meta":{}},{"ancestorTitles":["ReportController","getReports"],"fullName":"ReportController getReports should handle filter parameters","status":"passed","title":"should handle filter parameters","duration":0.3906000000000063,"failureMessages":[],"meta":{}},{"ancestorTitles":["ReportController","updateReportStatus"],"fullName":"ReportController updateReportStatus should update report status successfully","status":"passed","title":"should update report status successfully","duration":0.7035000000000196,"failureMessages":[],"meta":{}},{"ancestorTitles":["ReportController","updateReportStatus"],"fullName":"ReportController updateReportStatus should reject invalid status","status":"passed","title":"should reject invalid status","duration":0.35199999999997544,"failureMessages":[],"meta":{}},{"ancestorTitles":["ReportController","getReportById"],"fullName":"ReportController getReportById should return specific report","status":"passed","title":"should return specific report","duration":0.4478000000000293,"failureMessages":[],"meta":{}}],"startTime":1751810394262,"endTime":1751810394282.4478,"status":"passed","message":"","name":"C:/Users/Et Al/Documents/GitHub/ParaSocial/backend/src/controllers/__tests__/ReportController.test.ts"},{"assertionResults":[{"ancestorTitles":["Authentication Middleware","createAuthMiddleware (Required Authentication)","Valid Authentication"],"fullName":"Authentication Middleware createAuthMiddleware (Required Authentication) Valid Authentication should successfully authenticate with valid token","status":"passed","title":"should successfully authenticate with valid token","duration":4.0084999999999695,"failureMessages":[],"meta":{}},{"ancestorTitles":["Authentication Middleware","createAuthMiddleware (Required Authentication)","Valid Authentication"],"fullName":"Authentication Middleware createAuthMiddleware (Required Authentication) Valid Authentication should handle different token formats correctly","status":"passed","title":"should handle different token formats correctly","duration":0.8444000000000074,"failureMessages":[],"meta":{}},{"ancestorTitles":["Authentication Middleware","createAuthMiddleware (Required Authentication)","Valid Authentication"],"fullName":"Authentication Middleware createAuthMiddleware (Required Authentication) Valid Authentication should handle user with numeric ID","status":"passed","title":"should handle user with numeric ID","duration":0.5279999999999632,"failureMessages":[],"meta":{}},{"ancestorTitles":["Authentication Middleware","createAuthMiddleware (Required Authentication)","Valid Authentication"],"fullName":"Authentication Middleware createAuthMiddleware (Required Authentication) Valid Authentication should handle case-sensitive headers","status":"passed","title":"should handle case-sensitive headers","duration":0.43739999999996826,"failureMessages":[],"meta":{}},{"ancestorTitles":["Authentication Middleware","createAuthMiddleware (Required Authentication)","Missing Authentication"],"fullName":"Authentication Middleware createAuthMiddleware (Required Authentication) Missing Authentication should return 401 when no authorization header is provided","status":"passed","title":"should return 401 when no authorization header is provided","duration":1.07650000000001,"failureMessages":[],"meta":{}},{"ancestorTitles":["Authentication Middleware","createAuthMiddleware (Required Authentication)","Missing Authentication"],"fullName":"Authentication Middleware createAuthMiddleware (Required Authentication) Missing Authentication should return 401 when authorization header is empty","status":"passed","title":"should return 401 when authorization header is empty","duration":0.7515000000000214,"failureMessages":[],"meta":{}},{"ancestorTitles":["Authentication Middleware","createAuthMiddleware (Required Authentication)","Missing Authentication"],"fullName":"Authentication Middleware createAuthMiddleware (Required Authentication) Missing Authentication should return 401 when authorization header has wrong format","status":"passed","title":"should return 401 when authorization header has wrong format","duration":0.9824999999999591,"failureMessages":[],"meta":{}},{"ancestorTitles":["Authentication Middleware","createAuthMiddleware (Required Authentication)","Missing Authentication"],"fullName":"Authentication Middleware createAuthMiddleware (Required Authentication) Missing Authentication should return 401 when Bearer token is missing","status":"passed","title":"should return 401 when Bearer token is missing","duration":0.4034000000000333,"failureMessages":[],"meta":{}},{"ancestorTitles":["Authentication Middleware","createAuthMiddleware (Required Authentication)","Invalid Authentication"],"fullName":"Authentication Middleware createAuthMiddleware (Required Authentication) Invalid Authentication should return 401 for invalid token","status":"passed","title":"should return 401 for invalid token","duration":1.4566000000000372,"failureMessages":[],"meta":{}},{"ancestorTitles":["Authentication Middleware","createAuthMiddleware (Required Authentication)","Invalid Authentication"],"fullName":"Authentication Middleware createAuthMiddleware (Required Authentication) Invalid Authentication should return 401 for expired token","status":"passed","title":"should return 401 for expired token","duration":1.2049000000000092,"failureMessages":[],"meta":{}},{"ancestorTitles":["Authentication Middleware","createAuthMiddleware (Required Authentication)","Invalid Authentication"],"fullName":"Authentication Middleware createAuthMiddleware (Required Authentication) Invalid Authentication should return 401 for malformed token","status":"passed","title":"should return 401 for malformed token","duration":0.8229999999999791,"failureMessages":[],"meta":{}},{"ancestorTitles":["Authentication Middleware","createAuthMiddleware (Required Authentication)","Invalid Authentication"],"fullName":"Authentication Middleware createAuthMiddleware (Required Authentication) Invalid Authentication should handle generic authentication errors","status":"passed","title":"should handle generic authentication errors","duration":0.8976000000000113,"failureMessages":[],"meta":{}},{"ancestorTitles":["Authentication Middleware","createAuthMiddleware (Required Authentication)","Invalid Authentication"],"fullName":"Authentication Middleware createAuthMiddleware (Required Authentication) Invalid Authentication should handle non-Error exceptions","status":"passed","title":"should handle non-Error exceptions","duration":0.7896000000000072,"failureMessages":[],"meta":{}},{"ancestorTitles":["Authentication Middleware","createAuthMiddleware (Required Authentication)","Error Handling Edge Cases"],"fullName":"Authentication Middleware createAuthMiddleware (Required Authentication) Error Handling Edge Cases should handle extractTokenFromHeader throwing an error","status":"passed","title":"should handle extractTokenFromHeader throwing an error","duration":0.7198000000000206,"failureMessages":[],"meta":{}},{"ancestorTitles":["Authentication Middleware","createAuthMiddleware (Required Authentication)","Error Handling Edge Cases"],"fullName":"Authentication Middleware createAuthMiddleware (Required Authentication) Error Handling Edge Cases should handle verifyToken returning null or undefined","status":"passed","title":"should handle verifyToken returning null or undefined","duration":0.932200000000023,"failureMessages":[],"meta":{}},{"ancestorTitles":["Authentication Middleware","createOptionalAuthMiddleware (Optional Authentication)","Valid Authentication"],"fullName":"Authentication Middleware createOptionalAuthMiddleware (Optional Authentication) Valid Authentication should authenticate when valid token is provided","status":"passed","title":"should authenticate when valid token is provided","duration":1.1233000000000288,"failureMessages":[],"meta":{}},{"ancestorTitles":["Authentication Middleware","createOptionalAuthMiddleware (Optional Authentication)","Valid Authentication"],"fullName":"Authentication Middleware createOptionalAuthMiddleware (Optional Authentication) Valid Authentication should handle valid authentication same as required middleware","status":"passed","title":"should handle valid authentication same as required middleware","duration":2,"failureMessages":[],"meta":{}},{"ancestorTitles":["Authentication Middleware","createOptionalAuthMiddleware (Optional Authentication)","Missing Authentication"],"fullName":"Authentication Middleware createOptionalAuthMiddleware (Optional Authentication) Missing Authentication should continue without user when no token is provided","status":"passed","title":"should continue without user when no token is provided","duration":0.9165000000000418,"failureMessages":[],"meta":{}},{"ancestorTitles":["Authentication Middleware","createOptionalAuthMiddleware (Optional Authentication)","Missing Authentication"],"fullName":"Authentication Middleware createOptionalAuthMiddleware (Optional Authentication) Missing Authentication should continue without user when authorization header is empty","status":"passed","title":"should continue without user when authorization header is empty","duration":0.6086999999999989,"failureMessages":[],"meta":{}},{"ancestorTitles":["Authentication Middleware","createOptionalAuthMiddleware (Optional Authentication)","Missing Authentication"],"fullName":"Authentication Middleware createOptionalAuthMiddleware (Optional Authentication) Missing Authentication should continue without user when Bearer format is wrong","status":"passed","title":"should continue without user when Bearer format is wrong","duration":0.5853999999999928,"failureMessages":[],"meta":{}},{"ancestorTitles":["Authentication Middleware","createOptionalAuthMiddleware (Optional Authentication)","Invalid Authentication"],"fullName":"Authentication Middleware createOptionalAuthMiddleware (Optional Authentication) Invalid Authentication should continue without user when token is invalid","status":"passed","title":"should continue without user when token is invalid","duration":0.788599999999974,"failureMessages":[],"meta":{}},{"ancestorTitles":["Authentication Middleware","createOptionalAuthMiddleware (Optional Authentication)","Invalid Authentication"],"fullName":"Authentication Middleware createOptionalAuthMiddleware (Optional Authentication) Invalid Authentication should continue without user when token is expired","status":"passed","title":"should continue without user when token is expired","duration":0.731899999999996,"failureMessages":[],"meta":{}},{"ancestorTitles":["Authentication Middleware","createOptionalAuthMiddleware (Optional Authentication)","Invalid Authentication"],"fullName":"Authentication Middleware createOptionalAuthMiddleware (Optional Authentication) Invalid Authentication should continue without user for any token verification error","status":"passed","title":"should continue without user for any token verification error","duration":0.6976999999999975,"failureMessages":[],"meta":{}},{"ancestorTitles":["Authentication Middleware","createOptionalAuthMiddleware (Optional Authentication)","Invalid Authentication"],"fullName":"Authentication Middleware createOptionalAuthMiddleware (Optional Authentication) Invalid Authentication should handle extractTokenFromHeader errors gracefully","status":"passed","title":"should handle extractTokenFromHeader errors gracefully","duration":1.47950000000003,"failureMessages":[],"meta":{}},{"ancestorTitles":["Authentication Middleware","Middleware Factory Functions"],"fullName":"Authentication Middleware Middleware Factory Functions should create middleware function from createAuthMiddleware","status":"passed","title":"should create middleware function from createAuthMiddleware","duration":0.42049999999994725,"failureMessages":[],"meta":{}},{"ancestorTitles":["Authentication Middleware","Middleware Factory Functions"],"fullName":"Authentication Middleware Middleware Factory Functions should create middleware function from createOptionalAuthMiddleware","status":"passed","title":"should create middleware function from createOptionalAuthMiddleware","duration":0.7053999999999974,"failureMessages":[],"meta":{}},{"ancestorTitles":["Authentication Middleware","Middleware Factory Functions"],"fullName":"Authentication Middleware Middleware Factory Functions should create independent middleware instances","status":"passed","title":"should create independent middleware instances","duration":1.3141999999999712,"failureMessages":[],"meta":{}},{"ancestorTitles":["Authentication Middleware","Middleware Factory Functions"],"fullName":"Authentication Middleware Middleware Factory Functions should handle different AuthService instances","status":"passed","title":"should handle different AuthService instances","duration":0.3926999999999907,"failureMessages":[],"meta":{}},{"ancestorTitles":["Authentication Middleware","Integration Scenarios"],"fullName":"Authentication Middleware Integration Scenarios should work in sequence with multiple middleware","status":"passed","title":"should work in sequence with multiple middleware","duration":0.40639999999996235,"failureMessages":[],"meta":{}},{"ancestorTitles":["Authentication Middleware","Integration Scenarios"],"fullName":"Authentication Middleware Integration Scenarios should preserve existing request properties","status":"passed","title":"should preserve existing request properties","duration":0.32789999999999964,"failureMessages":[],"meta":{}},{"ancestorTitles":["Authentication Middleware","Integration Scenarios"],"fullName":"Authentication Middleware Integration Scenarios should handle concurrent requests independently","status":"passed","title":"should handle concurrent requests independently","duration":0.7246999999999844,"failureMessages":[],"meta":{}}],"startTime":1751810391565,"endTime":1751810391600.7246,"status":"passed","message":"","name":"C:/Users/Et Al/Documents/GitHub/ParaSocial/backend/src/middleware/__tests__/authMiddleware.test.ts"},{"assertionResults":[],"startTime":1751810390157,"endTime":1751810390157,"status":"failed","message":"Failed to load url ../../src/middleware/followValidationMiddleware (resolved id: ../../src/middleware/followValidationMiddleware) in C:/Users/Et Al/Documents/GitHub/parasocial/backend/src/middleware/__tests__/followValidationMiddleware.test.ts. Does the file exist?","name":"C:/Users/Et Al/Documents/GitHub/ParaSocial/backend/src/middleware/__tests__/followValidationMiddleware.test.ts"},{"assertionResults":[{"ancestorTitles":["Example Test"],"fullName":"Example Test should properly access mock functions","status":"passed","title":"should properly access mock functions","duration":34.56359999999995,"failureMessages":[],"meta":{}}],"startTime":1751810411438,"endTime":1751810411472.5637,"status":"passed","message":"","name":"C:/Users/Et Al/Documents/GitHub/ParaSocial/backend/src/middleware/__tests__/globalError.test.ts"},{"assertionResults":[{"ancestorTitles":["Media Moderation Validation Middleware","File Upload Validation"],"fullName":"Media Moderation Validation Middleware File Upload Validation should pass valid image files","status":"failed","title":"should pass valid image files","duration":6.737199999999973,"failureMessages":["AssertionError: expected \"spy\" to be called 1 times, but got 0 times\n    at C:\\Users\\Et Al\\Documents\\GitHub\\ParaSocial\\backend\\src\\middleware\\__tests__\\mediaModerationValidationMiddleware.test.ts:149:24\n    at file:///C:/Users/Et%20Al/Documents/GitHub/parasocial/backend/node_modules/@vitest/runner/dist/index.js:146:14\n    at file:///C:/Users/Et%20Al/Documents/GitHub/parasocial/backend/node_modules/@vitest/runner/dist/index.js:533:11\n    at runWithTimeout (file:///C:/Users/Et%20Al/Documents/GitHub/parasocial/backend/node_modules/@vitest/runner/dist/index.js:39:7)\n    at runTest (file:///C:/Users/Et%20Al/Documents/GitHub/parasocial/backend/node_modules/@vitest/runner/dist/index.js:1056:17)\n    at processTicksAndRejections (node:internal/process/task_queues:105:5)\n    at runSuite (file:///C:/Users/Et%20Al/Documents/GitHub/parasocial/backend/node_modules/@vitest/runner/dist/index.js:1205:15)\n    at runSuite (file:///C:/Users/Et%20Al/Documents/GitHub/parasocial/backend/node_modules/@vitest/runner/dist/index.js:1205:15)\n    at runSuite (file:///C:/Users/Et%20Al/Documents/GitHub/parasocial/backend/node_modules/@vitest/runner/dist/index.js:1205:15)\n    at runFiles (file:///C:/Users/Et%20Al/Documents/GitHub/parasocial/backend/node_modules/@vitest/runner/dist/index.js:1262:5)"],"meta":{}},{"ancestorTitles":["Media Moderation Validation Middleware","File Upload Validation"],"fullName":"Media Moderation Validation Middleware File Upload Validation should reject files with invalid MIME types","status":"failed","title":"should reject files with invalid MIME types","duration":1.8011000000000195,"failureMessages":["AssertionError: expected \"spy\" to be called with arguments: [ 400 ]\u001b[90m\n\nReceived: \n\n\u001b[39m\u001b[90m\n\nNumber of calls: \u001b[1m0\u001b[22m\n\u001b[39m\n    at Proxy.<anonymous> (file:///C:/Users/Et%20Al/Documents/GitHub/parasocial/backend/node_modules/@vitest/expect/dist/index.js:1465:13)\n    at Proxy.<anonymous> (file:///C:/Users/Et%20Al/Documents/GitHub/parasocial/backend/node_modules/@vitest/expect/dist/index.js:972:17)\n    at Proxy.methodWrapper (file:///C:/Users/Et%20Al/Documents/GitHub/parasocial/backend/node_modules/chai/chai.js:1618:25)\n    at C:\\Users\\Et Al\\Documents\\GitHub\\ParaSocial\\backend\\src\\middleware\\__tests__\\mediaModerationValidationMiddleware.test.ts:166:26\n    at file:///C:/Users/Et%20Al/Documents/GitHub/parasocial/backend/node_modules/@vitest/runner/dist/index.js:146:14\n    at file:///C:/Users/Et%20Al/Documents/GitHub/parasocial/backend/node_modules/@vitest/runner/dist/index.js:533:11\n    at runWithTimeout (file:///C:/Users/Et%20Al/Documents/GitHub/parasocial/backend/node_modules/@vitest/runner/dist/index.js:39:7)\n    at runTest (file:///C:/Users/Et%20Al/Documents/GitHub/parasocial/backend/node_modules/@vitest/runner/dist/index.js:1056:17)\n    at processTicksAndRejections (node:internal/process/task_queues:105:5)\n    at runSuite (file:///C:/Users/Et%20Al/Documents/GitHub/parasocial/backend/node_modules/@vitest/runner/dist/index.js:1205:15)"],"meta":{}},{"ancestorTitles":["Media Moderation Validation Middleware","File Upload Validation"],"fullName":"Media Moderation Validation Middleware File Upload Validation should reject files that are too large","status":"failed","title":"should reject files that are too large","duration":0.8267999999999915,"failureMessages":["AssertionError: expected \"spy\" to be called with arguments: [ 400 ]\u001b[90m\n\nReceived: \n\n\u001b[39m\u001b[90m\n\nNumber of calls: \u001b[1m0\u001b[22m\n\u001b[39m\n    at Proxy.<anonymous> (file:///C:/Users/Et%20Al/Documents/GitHub/parasocial/backend/node_modules/@vitest/expect/dist/index.js:1465:13)\n    at Proxy.<anonymous> (file:///C:/Users/Et%20Al/Documents/GitHub/parasocial/backend/node_modules/@vitest/expect/dist/index.js:972:17)\n    at Proxy.methodWrapper (file:///C:/Users/Et%20Al/Documents/GitHub/parasocial/backend/node_modules/chai/chai.js:1618:25)\n    at C:\\Users\\Et Al\\Documents\\GitHub\\ParaSocial\\backend\\src\\middleware\\__tests__\\mediaModerationValidationMiddleware.test.ts:189:26\n    at file:///C:/Users/Et%20Al/Documents/GitHub/parasocial/backend/node_modules/@vitest/runner/dist/index.js:146:14\n    at file:///C:/Users/Et%20Al/Documents/GitHub/parasocial/backend/node_modules/@vitest/runner/dist/index.js:533:11\n    at runWithTimeout (file:///C:/Users/Et%20Al/Documents/GitHub/parasocial/backend/node_modules/@vitest/runner/dist/index.js:39:7)\n    at runTest (file:///C:/Users/Et%20Al/Documents/GitHub/parasocial/backend/node_modules/@vitest/runner/dist/index.js:1056:17)\n    at processTicksAndRejections (node:internal/process/task_queues:105:5)\n    at runSuite (file:///C:/Users/Et%20Al/Documents/GitHub/parasocial/backend/node_modules/@vitest/runner/dist/index.js:1205:15)"],"meta":{}},{"ancestorTitles":["Media Moderation Validation Middleware","File Upload Validation"],"fullName":"Media Moderation Validation Middleware File Upload Validation should reject requests with no file","status":"failed","title":"should reject requests with no file","duration":0.935799999999972,"failureMessages":["AssertionError: expected \"spy\" to be called with arguments: [ 400 ]\u001b[90m\n\nReceived: \n\n\u001b[39m\u001b[90m\n\nNumber of calls: \u001b[1m0\u001b[22m\n\u001b[39m\n    at Proxy.<anonymous> (file:///C:/Users/Et%20Al/Documents/GitHub/parasocial/backend/node_modules/@vitest/expect/dist/index.js:1465:13)\n    at Proxy.<anonymous> (file:///C:/Users/Et%20Al/Documents/GitHub/parasocial/backend/node_modules/@vitest/expect/dist/index.js:972:17)\n    at Proxy.methodWrapper (file:///C:/Users/Et%20Al/Documents/GitHub/parasocial/backend/node_modules/chai/chai.js:1618:25)\n    at C:\\Users\\Et Al\\Documents\\GitHub\\ParaSocial\\backend\\src\\middleware\\__tests__\\mediaModerationValidationMiddleware.test.ts:206:26\n    at file:///C:/Users/Et%20Al/Documents/GitHub/parasocial/backend/node_modules/@vitest/runner/dist/index.js:146:14\n    at file:///C:/Users/Et%20Al/Documents/GitHub/parasocial/backend/node_modules/@vitest/runner/dist/index.js:533:11\n    at runWithTimeout (file:///C:/Users/Et%20Al/Documents/GitHub/parasocial/backend/node_modules/@vitest/runner/dist/index.js:39:7)\n    at runTest (file:///C:/Users/Et%20Al/Documents/GitHub/parasocial/backend/node_modules/@vitest/runner/dist/index.js:1056:17)\n    at processTicksAndRejections (node:internal/process/task_queues:105:5)\n    at runSuite (file:///C:/Users/Et%20Al/Documents/GitHub/parasocial/backend/node_modules/@vitest/runner/dist/index.js:1205:15)"],"meta":{}},{"ancestorTitles":["Media Moderation Validation Middleware","Supported File Types"],"fullName":"Media Moderation Validation Middleware Supported File Types should accept JPG files","status":"failed","title":"should accept JPG files","duration":1.0720000000000027,"failureMessages":["AssertionError: expected \"spy\" to be called 1 times, but got 0 times\n    at C:\\Users\\Et Al\\Documents\\GitHub\\ParaSocial\\backend\\src\\middleware\\__tests__\\mediaModerationValidationMiddleware.test.ts:239:26\n    at file:///C:/Users/Et%20Al/Documents/GitHub/parasocial/backend/node_modules/@vitest/runner/dist/index.js:146:14\n    at file:///C:/Users/Et%20Al/Documents/GitHub/parasocial/backend/node_modules/@vitest/runner/dist/index.js:533:11\n    at runWithTimeout (file:///C:/Users/Et%20Al/Documents/GitHub/parasocial/backend/node_modules/@vitest/runner/dist/index.js:39:7)\n    at runTest (file:///C:/Users/Et%20Al/Documents/GitHub/parasocial/backend/node_modules/@vitest/runner/dist/index.js:1056:17)\n    at processTicksAndRejections (node:internal/process/task_queues:105:5)\n    at runSuite (file:///C:/Users/Et%20Al/Documents/GitHub/parasocial/backend/node_modules/@vitest/runner/dist/index.js:1205:15)\n    at runSuite (file:///C:/Users/Et%20Al/Documents/GitHub/parasocial/backend/node_modules/@vitest/runner/dist/index.js:1205:15)\n    at runSuite (file:///C:/Users/Et%20Al/Documents/GitHub/parasocial/backend/node_modules/@vitest/runner/dist/index.js:1205:15)\n    at runFiles (file:///C:/Users/Et%20Al/Documents/GitHub/parasocial/backend/node_modules/@vitest/runner/dist/index.js:1262:5)"],"meta":{}},{"ancestorTitles":["Media Moderation Validation Middleware","Supported File Types"],"fullName":"Media Moderation Validation Middleware Supported File Types should accept PNG files","status":"failed","title":"should accept PNG files","duration":0.8292000000000144,"failureMessages":["AssertionError: expected \"spy\" to be called 1 times, but got 0 times\n    at C:\\Users\\Et Al\\Documents\\GitHub\\ParaSocial\\backend\\src\\middleware\\__tests__\\mediaModerationValidationMiddleware.test.ts:239:26\n    at file:///C:/Users/Et%20Al/Documents/GitHub/parasocial/backend/node_modules/@vitest/runner/dist/index.js:146:14\n    at file:///C:/Users/Et%20Al/Documents/GitHub/parasocial/backend/node_modules/@vitest/runner/dist/index.js:533:11\n    at runWithTimeout (file:///C:/Users/Et%20Al/Documents/GitHub/parasocial/backend/node_modules/@vitest/runner/dist/index.js:39:7)\n    at runTest (file:///C:/Users/Et%20Al/Documents/GitHub/parasocial/backend/node_modules/@vitest/runner/dist/index.js:1056:17)\n    at processTicksAndRejections (node:internal/process/task_queues:105:5)\n    at runSuite (file:///C:/Users/Et%20Al/Documents/GitHub/parasocial/backend/node_modules/@vitest/runner/dist/index.js:1205:15)\n    at runSuite (file:///C:/Users/Et%20Al/Documents/GitHub/parasocial/backend/node_modules/@vitest/runner/dist/index.js:1205:15)\n    at runSuite (file:///C:/Users/Et%20Al/Documents/GitHub/parasocial/backend/node_modules/@vitest/runner/dist/index.js:1205:15)\n    at runFiles (file:///C:/Users/Et%20Al/Documents/GitHub/parasocial/backend/node_modules/@vitest/runner/dist/index.js:1262:5)"],"meta":{}},{"ancestorTitles":["Media Moderation Validation Middleware","Supported File Types"],"fullName":"Media Moderation Validation Middleware Supported File Types should accept GIF files","status":"failed","title":"should accept GIF files","duration":0.6603000000000065,"failureMessages":["AssertionError: expected \"spy\" to be called 1 times, but got 0 times\n    at C:\\Users\\Et Al\\Documents\\GitHub\\ParaSocial\\backend\\src\\middleware\\__tests__\\mediaModerationValidationMiddleware.test.ts:239:26\n    at file:///C:/Users/Et%20Al/Documents/GitHub/parasocial/backend/node_modules/@vitest/runner/dist/index.js:146:14\n    at file:///C:/Users/Et%20Al/Documents/GitHub/parasocial/backend/node_modules/@vitest/runner/dist/index.js:533:11\n    at runWithTimeout (file:///C:/Users/Et%20Al/Documents/GitHub/parasocial/backend/node_modules/@vitest/runner/dist/index.js:39:7)\n    at runTest (file:///C:/Users/Et%20Al/Documents/GitHub/parasocial/backend/node_modules/@vitest/runner/dist/index.js:1056:17)\n    at processTicksAndRejections (node:internal/process/task_queues:105:5)\n    at runSuite (file:///C:/Users/Et%20Al/Documents/GitHub/parasocial/backend/node_modules/@vitest/runner/dist/index.js:1205:15)\n    at runSuite (file:///C:/Users/Et%20Al/Documents/GitHub/parasocial/backend/node_modules/@vitest/runner/dist/index.js:1205:15)\n    at runSuite (file:///C:/Users/Et%20Al/Documents/GitHub/parasocial/backend/node_modules/@vitest/runner/dist/index.js:1205:15)\n    at runFiles (file:///C:/Users/Et%20Al/Documents/GitHub/parasocial/backend/node_modules/@vitest/runner/dist/index.js:1262:5)"],"meta":{}},{"ancestorTitles":["Media Moderation Validation Middleware","Supported File Types"],"fullName":"Media Moderation Validation Middleware Supported File Types should accept WEBP files","status":"failed","title":"should accept WEBP files","duration":0.5711000000000013,"failureMessages":["AssertionError: expected \"spy\" to be called 1 times, but got 0 times\n    at C:\\Users\\Et Al\\Documents\\GitHub\\ParaSocial\\backend\\src\\middleware\\__tests__\\mediaModerationValidationMiddleware.test.ts:239:26\n    at file:///C:/Users/Et%20Al/Documents/GitHub/parasocial/backend/node_modules/@vitest/runner/dist/index.js:146:14\n    at file:///C:/Users/Et%20Al/Documents/GitHub/parasocial/backend/node_modules/@vitest/runner/dist/index.js:533:11\n    at runWithTimeout (file:///C:/Users/Et%20Al/Documents/GitHub/parasocial/backend/node_modules/@vitest/runner/dist/index.js:39:7)\n    at runTest (file:///C:/Users/Et%20Al/Documents/GitHub/parasocial/backend/node_modules/@vitest/runner/dist/index.js:1056:17)\n    at processTicksAndRejections (node:internal/process/task_queues:105:5)\n    at runSuite (file:///C:/Users/Et%20Al/Documents/GitHub/parasocial/backend/node_modules/@vitest/runner/dist/index.js:1205:15)\n    at runSuite (file:///C:/Users/Et%20Al/Documents/GitHub/parasocial/backend/node_modules/@vitest/runner/dist/index.js:1205:15)\n    at runSuite (file:///C:/Users/Et%20Al/Documents/GitHub/parasocial/backend/node_modules/@vitest/runner/dist/index.js:1205:15)\n    at runFiles (file:///C:/Users/Et%20Al/Documents/GitHub/parasocial/backend/node_modules/@vitest/runner/dist/index.js:1262:5)"],"meta":{}},{"ancestorTitles":["Media Moderation Validation Middleware","File Size Limits"],"fullName":"Media Moderation Validation Middleware File Size Limits should accept files at the size limit","status":"failed","title":"should accept files at the size limit","duration":0.9471999999999525,"failureMessages":["AssertionError: expected \"spy\" to be called 1 times, but got 0 times\n    at C:\\Users\\Et Al\\Documents\\GitHub\\ParaSocial\\backend\\src\\middleware\\__tests__\\mediaModerationValidationMiddleware.test.ts:258:24\n    at file:///C:/Users/Et%20Al/Documents/GitHub/parasocial/backend/node_modules/@vitest/runner/dist/index.js:146:14\n    at file:///C:/Users/Et%20Al/Documents/GitHub/parasocial/backend/node_modules/@vitest/runner/dist/index.js:533:11\n    at runWithTimeout (file:///C:/Users/Et%20Al/Documents/GitHub/parasocial/backend/node_modules/@vitest/runner/dist/index.js:39:7)\n    at runTest (file:///C:/Users/Et%20Al/Documents/GitHub/parasocial/backend/node_modules/@vitest/runner/dist/index.js:1056:17)\n    at processTicksAndRejections (node:internal/process/task_queues:105:5)\n    at runSuite (file:///C:/Users/Et%20Al/Documents/GitHub/parasocial/backend/node_modules/@vitest/runner/dist/index.js:1205:15)\n    at runSuite (file:///C:/Users/Et%20Al/Documents/GitHub/parasocial/backend/node_modules/@vitest/runner/dist/index.js:1205:15)\n    at runSuite (file:///C:/Users/Et%20Al/Documents/GitHub/parasocial/backend/node_modules/@vitest/runner/dist/index.js:1205:15)\n    at runFiles (file:///C:/Users/Et%20Al/Documents/GitHub/parasocial/backend/node_modules/@vitest/runner/dist/index.js:1262:5)"],"meta":{}},{"ancestorTitles":["Media Moderation Validation Middleware","File Size Limits"],"fullName":"Media Moderation Validation Middleware File Size Limits should reject files just over the size limit","status":"failed","title":"should reject files just over the size limit","duration":0.6621000000000095,"failureMessages":["AssertionError: expected \"spy\" to be called with arguments: [ 400 ]\u001b[90m\n\nReceived: \n\n\u001b[39m\u001b[90m\n\nNumber of calls: \u001b[1m0\u001b[22m\n\u001b[39m\n    at Proxy.<anonymous> (file:///C:/Users/Et%20Al/Documents/GitHub/parasocial/backend/node_modules/@vitest/expect/dist/index.js:1465:13)\n    at Proxy.<anonymous> (file:///C:/Users/Et%20Al/Documents/GitHub/parasocial/backend/node_modules/@vitest/expect/dist/index.js:972:17)\n    at Proxy.methodWrapper (file:///C:/Users/Et%20Al/Documents/GitHub/parasocial/backend/node_modules/chai/chai.js:1618:25)\n    at C:\\Users\\Et Al\\Documents\\GitHub\\ParaSocial\\backend\\src\\middleware\\__tests__\\mediaModerationValidationMiddleware.test.ts:274:26\n    at file:///C:/Users/Et%20Al/Documents/GitHub/parasocial/backend/node_modules/@vitest/runner/dist/index.js:146:14\n    at file:///C:/Users/Et%20Al/Documents/GitHub/parasocial/backend/node_modules/@vitest/runner/dist/index.js:533:11\n    at runWithTimeout (file:///C:/Users/Et%20Al/Documents/GitHub/parasocial/backend/node_modules/@vitest/runner/dist/index.js:39:7)\n    at runTest (file:///C:/Users/Et%20Al/Documents/GitHub/parasocial/backend/node_modules/@vitest/runner/dist/index.js:1056:17)\n    at processTicksAndRejections (node:internal/process/task_queues:105:5)\n    at runSuite (file:///C:/Users/Et%20Al/Documents/GitHub/parasocial/backend/node_modules/@vitest/runner/dist/index.js:1205:15)"],"meta":{}},{"ancestorTitles":["Media Moderation Validation Middleware","Edge Cases"],"fullName":"Media Moderation Validation Middleware Edge Cases should handle files with unusual but valid names","status":"failed","title":"should handle files with unusual but valid names","duration":0.6277000000000044,"failureMessages":["AssertionError: expected \"spy\" to be called 1 times, but got 0 times\n    at C:\\Users\\Et Al\\Documents\\GitHub\\ParaSocial\\backend\\src\\middleware\\__tests__\\mediaModerationValidationMiddleware.test.ts:299:24\n    at file:///C:/Users/Et%20Al/Documents/GitHub/parasocial/backend/node_modules/@vitest/runner/dist/index.js:146:14\n    at file:///C:/Users/Et%20Al/Documents/GitHub/parasocial/backend/node_modules/@vitest/runner/dist/index.js:533:11\n    at runWithTimeout (file:///C:/Users/Et%20Al/Documents/GitHub/parasocial/backend/node_modules/@vitest/runner/dist/index.js:39:7)\n    at runTest (file:///C:/Users/Et%20Al/Documents/GitHub/parasocial/backend/node_modules/@vitest/runner/dist/index.js:1056:17)\n    at processTicksAndRejections (node:internal/process/task_queues:105:5)\n    at runSuite (file:///C:/Users/Et%20Al/Documents/GitHub/parasocial/backend/node_modules/@vitest/runner/dist/index.js:1205:15)\n    at runSuite (file:///C:/Users/Et%20Al/Documents/GitHub/parasocial/backend/node_modules/@vitest/runner/dist/index.js:1205:15)\n    at runSuite (file:///C:/Users/Et%20Al/Documents/GitHub/parasocial/backend/node_modules/@vitest/runner/dist/index.js:1205:15)\n    at runFiles (file:///C:/Users/Et%20Al/Documents/GitHub/parasocial/backend/node_modules/@vitest/runner/dist/index.js:1262:5)"],"meta":{}},{"ancestorTitles":["Media Moderation Validation Middleware","Edge Cases"],"fullName":"Media Moderation Validation Middleware Edge Cases should handle empty files","status":"failed","title":"should handle empty files","duration":1.2253000000000043,"failureMessages":["AssertionError: expected \"spy\" to be called 1 times, but got 0 times\n    at C:\\Users\\Et Al\\Documents\\GitHub\\ParaSocial\\backend\\src\\middleware\\__tests__\\mediaModerationValidationMiddleware.test.ts:315:24\n    at file:///C:/Users/Et%20Al/Documents/GitHub/parasocial/backend/node_modules/@vitest/runner/dist/index.js:146:14\n    at file:///C:/Users/Et%20Al/Documents/GitHub/parasocial/backend/node_modules/@vitest/runner/dist/index.js:533:11\n    at runWithTimeout (file:///C:/Users/Et%20Al/Documents/GitHub/parasocial/backend/node_modules/@vitest/runner/dist/index.js:39:7)\n    at runTest (file:///C:/Users/Et%20Al/Documents/GitHub/parasocial/backend/node_modules/@vitest/runner/dist/index.js:1056:17)\n    at processTicksAndRejections (node:internal/process/task_queues:105:5)\n    at runSuite (file:///C:/Users/Et%20Al/Documents/GitHub/parasocial/backend/node_modules/@vitest/runner/dist/index.js:1205:15)\n    at runSuite (file:///C:/Users/Et%20Al/Documents/GitHub/parasocial/backend/node_modules/@vitest/runner/dist/index.js:1205:15)\n    at runSuite (file:///C:/Users/Et%20Al/Documents/GitHub/parasocial/backend/node_modules/@vitest/runner/dist/index.js:1205:15)\n    at runFiles (file:///C:/Users/Et%20Al/Documents/GitHub/parasocial/backend/node_modules/@vitest/runner/dist/index.js:1262:5)"],"meta":{}}],"startTime":1751810402635,"endTime":1751810402653.2253,"status":"failed","message":"","name":"C:/Users/Et Al/Documents/GitHub/ParaSocial/backend/src/middleware/__tests__/mediaModerationValidationMiddleware.test.ts"},{"assertionResults":[{"ancestorTitles":["Path Traversal Detection Fix","URL Encoded Path Traversal Detection"],"fullName":"Path Traversal Detection Fix URL Encoded Path Traversal Detection should block URL encoded double dots","status":"passed","title":"should block URL encoded double dots","duration":29.45180000000005,"failureMessages":[],"meta":{}},{"ancestorTitles":["Path Traversal Detection Fix","URL Encoded Path Traversal Detection"],"fullName":"Path Traversal Detection Fix URL Encoded Path Traversal Detection should block mixed URL encoding","status":"passed","title":"should block mixed URL encoding","duration":5.473299999999995,"failureMessages":[],"meta":{}},{"ancestorTitles":["Path Traversal Detection Fix","URL Encoded Path Traversal Detection"],"fullName":"Path Traversal Detection Fix URL Encoded Path Traversal Detection should block URL encoded backslashes","status":"passed","title":"should block URL encoded backslashes","duration":4.282600000000002,"failureMessages":[],"meta":{}},{"ancestorTitles":["Path Traversal Detection Fix","Tilde Path Detection"],"fullName":"Path Traversal Detection Fix Tilde Path Detection should block tilde home directory access","status":"passed","title":"should block tilde home directory access","duration":4.2531999999999925,"failureMessages":[],"meta":{}},{"ancestorTitles":["Path Traversal Detection Fix","Tilde Path Detection"],"fullName":"Path Traversal Detection Fix Tilde Path Detection should block various tilde patterns","status":"passed","title":"should block various tilde patterns","duration":9.62399999999991,"failureMessages":[],"meta":{}},{"ancestorTitles":["Path Traversal Detection Fix","Null Byte Detection"],"fullName":"Path Traversal Detection Fix Null Byte Detection should block null byte injection","status":"passed","title":"should block null byte injection","duration":3.961500000000001,"failureMessages":[],"meta":{}},{"ancestorTitles":["Path Traversal Detection Fix","Legitimate Paths Should Pass"],"fullName":"Path Traversal Detection Fix Legitimate Paths Should Pass should allow normal file paths","status":"passed","title":"should allow normal file paths","duration":4.2164000000000215,"failureMessages":[],"meta":{}},{"ancestorTitles":["Path Traversal Detection Fix","Legitimate Paths Should Pass"],"fullName":"Path Traversal Detection Fix Legitimate Paths Should Pass should allow files with single dots in names","status":"passed","title":"should allow files with single dots in names","duration":7.172500000000014,"failureMessages":[],"meta":{}},{"ancestorTitles":["Path Traversal Detection Fix","Legitimate Paths Should Pass"],"fullName":"Path Traversal Detection Fix Legitimate Paths Should Pass should allow subdirectory access","status":"passed","title":"should allow subdirectory access","duration":3.938600000000065,"failureMessages":[],"meta":{}}],"startTime":1751810410819,"endTime":1751810410891.9387,"status":"passed","message":"","name":"C:/Users/Et Al/Documents/GitHub/ParaSocial/backend/src/middleware/__tests__/pathTraversalFix.test.ts"},{"assertionResults":[],"startTime":1751810390157,"endTime":1751810390157,"status":"failed","message":"Failed to load url ../../src/middleware/postValidationMiddleware (resolved id: ../../src/middleware/postValidationMiddleware) in C:/Users/Et Al/Documents/GitHub/parasocial/backend/src/middleware/__tests__/postValidationMiddleware.test.ts. Does the file exist?","name":"C:/Users/Et Al/Documents/GitHub/ParaSocial/backend/src/middleware/__tests__/postValidationMiddleware.test.ts"},{"assertionResults":[],"startTime":1751810390157,"endTime":1751810390157,"status":"failed","message":"Failed to load url ../../src/middleware/rateLimitMiddleware (resolved id: ../../src/middleware/rateLimitMiddleware) in C:/Users/Et Al/Documents/GitHub/parasocial/backend/src/middleware/__tests__/rateLimitMiddleware.test.ts. Does the file exist?","name":"C:/Users/Et Al/Documents/GitHub/ParaSocial/backend/src/middleware/__tests__/rateLimitMiddleware.test.ts"},{"assertionResults":[{"ancestorTitles":["Rate Limiting: User ID vs IP Address","Authenticated User Rate Limiting (by User ID)"],"fullName":"Rate Limiting: User ID vs IP Address Authenticated User Rate Limiting (by User ID) should track rate limits by user ID for authenticated users","status":"passed","title":"should track rate limits by user ID for authenticated users","duration":348.21230000000014,"failureMessages":[],"meta":{}},{"ancestorTitles":["Rate Limiting: User ID vs IP Address","Authenticated User Rate Limiting (by User ID)"],"fullName":"Rate Limiting: User ID vs IP Address Authenticated User Rate Limiting (by User ID) should allow different users to have separate rate limits","status":"passed","title":"should allow different users to have separate rate limits","duration":306.64200000000005,"failureMessages":[],"meta":{}},{"ancestorTitles":["Rate Limiting: User ID vs IP Address","Anonymous User Rate Limiting (by IP Address)"],"fullName":"Rate Limiting: User ID vs IP Address Anonymous User Rate Limiting (by IP Address) should track rate limits by IP address for anonymous users","status":"passed","title":"should track rate limits by IP address for anonymous users","duration":289.2258999999999,"failureMessages":[],"meta":{}},{"ancestorTitles":["Rate Limiting: User ID vs IP Address","Anonymous User Rate Limiting (by IP Address)"],"fullName":"Rate Limiting: User ID vs IP Address Anonymous User Rate Limiting (by IP Address) should allow different IP addresses to have separate rate limits","status":"passed","title":"should allow different IP addresses to have separate rate limits","duration":295.5925,"failureMessages":[],"meta":{}},{"ancestorTitles":["Rate Limiting: User ID vs IP Address","User ID vs IP Priority"],"fullName":"Rate Limiting: User ID vs IP Address User ID vs IP Priority should prioritize user ID over IP address when user is authenticated","status":"passed","title":"should prioritize user ID over IP address when user is authenticated","duration":117.95769999999993,"failureMessages":[],"meta":{}},{"ancestorTitles":["Rate Limiting: User ID vs IP Address","User ID vs IP Priority"],"fullName":"Rate Limiting: User ID vs IP Address User ID vs IP Priority should demonstrate same user from different IPs shares rate limit","status":"passed","title":"should demonstrate same user from different IPs shares rate limit","duration":453.9346999999998,"failureMessages":[],"meta":{}},{"ancestorTitles":["Rate Limiting: User ID vs IP Address","Fallback Behavior"],"fullName":"Rate Limiting: User ID vs IP Address Fallback Behavior should fallback to IP when user ID is not available","status":"passed","title":"should fallback to IP when user ID is not available","duration":114.26879999999983,"failureMessages":[],"meta":{}}],"startTime":1751810391919,"endTime":1751810393846.2688,"status":"passed","message":"","name":"C:/Users/Et Al/Documents/GitHub/ParaSocial/backend/src/middleware/__tests__/rateLimitUserVsIP.test.ts"},{"assertionResults":[{"ancestorTitles":["Raw URL Security Test"],"fullName":"Raw URL Security Test should show what URLs Express actually receives","status":"passed","title":"should show what URLs Express actually receives","duration":29.97429999999997,"failureMessages":[],"meta":{}}],"startTime":1751810412057,"endTime":1751810412086.9744,"status":"passed","message":"","name":"C:/Users/Et Al/Documents/GitHub/ParaSocial/backend/src/middleware/__tests__/rawUrlTest.test.ts"},{"assertionResults":[{"ancestorTitles":["Realistic Security Tests - Actual Threats","URL Encoded Path Traversal (Real Threat)"],"fullName":"Realistic Security Tests - Actual Threats URL Encoded Path Traversal (Real Threat) should block URL encoded double dots","status":"passed","title":"should block URL encoded double dots","duration":27.442999999999984,"failureMessages":[],"meta":{}},{"ancestorTitles":["Realistic Security Tests - Actual Threats","URL Encoded Path Traversal (Real Threat)"],"fullName":"Realistic Security Tests - Actual Threats URL Encoded Path Traversal (Real Threat) should block mixed URL encoding attacks","status":"passed","title":"should block mixed URL encoding attacks","duration":14.57929999999999,"failureMessages":[],"meta":{}},{"ancestorTitles":["Realistic Security Tests - Actual Threats","Tilde Path Attacks (Real Threat)"],"fullName":"Realistic Security Tests - Actual Threats Tilde Path Attacks (Real Threat) should block tilde home directory access","status":"passed","title":"should block tilde home directory access","duration":4.372600000000034,"failureMessages":[],"meta":{}},{"ancestorTitles":["Realistic Security Tests - Actual Threats","Tilde Path Attacks (Real Threat)"],"fullName":"Realistic Security Tests - Actual Threats Tilde Path Attacks (Real Threat) should block various tilde patterns","status":"passed","title":"should block various tilde patterns","duration":12.425400000000081,"failureMessages":[],"meta":{}},{"ancestorTitles":["Realistic Security Tests - Actual Threats","Tilde Path Attacks (Real Threat)"],"fullName":"Realistic Security Tests - Actual Threats Tilde Path Attacks (Real Threat) should show Express normalization behavior for complex tilde patterns","status":"passed","title":"should show Express normalization behavior for complex tilde patterns","duration":5.590400000000045,"failureMessages":[],"meta":{}},{"ancestorTitles":["Realistic Security Tests - Actual Threats","Dotfile Protection (Real Threat)"],"fullName":"Realistic Security Tests - Actual Threats Dotfile Protection (Real Threat) should block access to dotfiles","status":"passed","title":"should block access to dotfiles","duration":6.32510000000002,"failureMessages":[],"meta":{}},{"ancestorTitles":["Realistic Security Tests - Actual Threats","Legitimate Access (Should Work)"],"fullName":"Realistic Security Tests - Actual Threats Legitimate Access (Should Work) should allow normal file access","status":"passed","title":"should allow normal file access","duration":4.331399999999917,"failureMessages":[],"meta":{}},{"ancestorTitles":["Realistic Security Tests - Actual Threats","Legitimate Access (Should Work)"],"fullName":"Realistic Security Tests - Actual Threats Legitimate Access (Should Work) should allow files with dots in names","status":"passed","title":"should allow files with dots in names","duration":3.1802999999999884,"failureMessages":[],"meta":{}},{"ancestorTitles":["Realistic Security Tests - Actual Threats","Express Auto-Fixed Attacks (Informational)"],"fullName":"Realistic Security Tests - Actual Threats Express Auto-Fixed Attacks (Informational) should show that basic path traversal is auto-fixed by Express","status":"passed","title":"should show that basic path traversal is auto-fixed by Express","duration":6.099199999999996,"failureMessages":[],"meta":{}}],"startTime":1751810410162,"endTime":1751810410247.099,"status":"passed","message":"","name":"C:/Users/Et Al/Documents/GitHub/ParaSocial/backend/src/middleware/__tests__/realisticSecurityTests.test.ts"},{"assertionResults":[],"startTime":1751810390157,"endTime":1751810390157,"status":"failed","message":"Failed to load url ../../src/middleware/securityValidationMiddleware (resolved id: ../../src/middleware/securityValidationMiddleware) in C:/Users/Et Al/Documents/GitHub/parasocial/backend/src/middleware/__tests__/securityValidationMiddleware.test.ts. Does the file exist?","name":"C:/Users/Et Al/Documents/GitHub/ParaSocial/backend/src/middleware/__tests__/securityValidationMiddleware.test.ts"},{"assertionResults":[{"ancestorTitles":["Static File Security Middleware","URL Encoded Path Traversal Protection"],"fullName":"Static File Security Middleware URL Encoded Path Traversal Protection should block URL encoded path traversal","status":"passed","title":"should block URL encoded path traversal","duration":39.66650000000004,"failureMessages":[],"meta":{}},{"ancestorTitles":["Static File Security Middleware","URL Encoded Path Traversal Protection"],"fullName":"Static File Security Middleware URL Encoded Path Traversal Protection should block URL encoded backslashes","status":"passed","title":"should block URL encoded backslashes","duration":5.1469999999999345,"failureMessages":[],"meta":{}},{"ancestorTitles":["Static File Security Middleware","Tilde Path Protection"],"fullName":"Static File Security Middleware Tilde Path Protection should block tilde-based path traversal","status":"passed","title":"should block tilde-based path traversal","duration":5.586000000000013,"failureMessages":[],"meta":{}},{"ancestorTitles":["Static File Security Middleware","Dotfiles Protection"],"fullName":"Static File Security Middleware Dotfiles Protection should block access to dotfiles","status":"passed","title":"should block access to dotfiles","duration":6.938599999999951,"failureMessages":[],"meta":{}},{"ancestorTitles":["Static File Security Middleware","Dotfiles Protection"],"fullName":"Static File Security Middleware Dotfiles Protection should block access to various dotfile types","status":"passed","title":"should block access to various dotfile types","duration":25.175100000000043,"failureMessages":[],"meta":{}},{"ancestorTitles":["Static File Security Middleware","Legitimate File Access"],"fullName":"Static File Security Middleware Legitimate File Access should serve legitimate files correctly","status":"passed","title":"should serve legitimate files correctly","duration":6.9845000000000255,"failureMessages":[],"meta":{}},{"ancestorTitles":["Static File Security Middleware","Legitimate File Access"],"fullName":"Static File Security Middleware Legitimate File Access should allow files with dots in names","status":"passed","title":"should allow files with dots in names","duration":6.260899999999992,"failureMessages":[],"meta":{}},{"ancestorTitles":["Static File Security Middleware","Legitimate File Access"],"fullName":"Static File Security Middleware Legitimate File Access should return 404 for non-existent files","status":"passed","title":"should return 404 for non-existent files","duration":7.467299999999909,"failureMessages":[],"meta":{}},{"ancestorTitles":["Static File Security Middleware","Security Headers"],"fullName":"Static File Security Middleware Security Headers should set appropriate Content-Disposition for different file types","status":"passed","title":"should set appropriate Content-Disposition for different file types","duration":29.24619999999993,"failureMessages":[],"meta":{}},{"ancestorTitles":["Static File Security Middleware","Security Headers"],"fullName":"Static File Security Middleware Security Headers should set all required security headers","status":"passed","title":"should set all required security headers","duration":8.824700000000007,"failureMessages":[],"meta":{}},{"ancestorTitles":["Static File Security Middleware","Express Auto-Fixed Patterns (Informational)"],"fullName":"Static File Security Middleware Express Auto-Fixed Patterns (Informational) should demonstrate Express auto-normalization behavior","status":"passed","title":"should demonstrate Express auto-normalization behavior","duration":13.340299999999957,"failureMessages":[],"meta":{}}],"startTime":1751810403183,"endTime":1751810403339.3403,"status":"passed","message":"","name":"C:/Users/Et Al/Documents/GitHub/ParaSocial/backend/src/middleware/__tests__/staticFileSecurityMiddleware.test.ts"},{"assertionResults":[{"ancestorTitles":["Follow Integration Tests","Follow Creation and Validation"],"fullName":"Follow Integration Tests Follow Creation and Validation should create follow relationship successfully","status":"passed","title":"should create follow relationship successfully","duration":99.4452,"failureMessages":[],"meta":{}},{"ancestorTitles":["Follow Integration Tests","Follow Creation and Validation"],"fullName":"Follow Integration Tests Follow Creation and Validation should prevent duplicate follow relationships","status":"passed","title":"should prevent duplicate follow relationships","duration":199.85360000000003,"failureMessages":[],"meta":{}},{"ancestorTitles":["Follow Integration Tests","Follow Creation and Validation"],"fullName":"Follow Integration Tests Follow Creation and Validation should prevent self-following","status":"passed","title":"should prevent self-following","duration":181.942,"failureMessages":[],"meta":{}}],"startTime":1751810408701,"endTime":1751810409182.942,"status":"passed","message":"","name":"C:/Users/Et Al/Documents/GitHub/ParaSocial/backend/src/repositories/__tests__/Follow.integration.test.ts"},{"assertionResults":[{"ancestorTitles":["FollowRepository Unit Tests","create()"],"fullName":"FollowRepository Unit Tests create() should create follow relationship with local user ID","status":"passed","title":"should create follow relationship with local user ID","duration":5.101200000000006,"failureMessages":[],"meta":{}},{"ancestorTitles":["FollowRepository Unit Tests","create()"],"fullName":"FollowRepository Unit Tests create() should create follow relationship with ActivityPub actor ID","status":"passed","title":"should create follow relationship with ActivityPub actor ID","duration":0.796100000000024,"failureMessages":[],"meta":{}},{"ancestorTitles":["FollowRepository Unit Tests","create()"],"fullName":"FollowRepository Unit Tests create() should handle Prisma creation errors","status":"passed","title":"should handle Prisma creation errors","duration":1.4101,"failureMessages":[],"meta":{}},{"ancestorTitles":["FollowRepository Unit Tests","findByFollowerAndFollowed()"],"fullName":"FollowRepository Unit Tests findByFollowerAndFollowed() should find follow relationship by local user IDs","status":"passed","title":"should find follow relationship by local user IDs","duration":0.6082000000000107,"failureMessages":[],"meta":{}},{"ancestorTitles":["FollowRepository Unit Tests","findByFollowerAndFollowed()"],"fullName":"FollowRepository Unit Tests findByFollowerAndFollowed() should find follow relationship by ActivityPub actor ID","status":"passed","title":"should find follow relationship by ActivityPub actor ID","duration":0.43549999999999045,"failureMessages":[],"meta":{}},{"ancestorTitles":["FollowRepository Unit Tests","findByFollowerAndFollowed()"],"fullName":"FollowRepository Unit Tests findByFollowerAndFollowed() should return null when follow relationship not found","status":"passed","title":"should return null when follow relationship not found","duration":0.25439999999997553,"failureMessages":[],"meta":{}},{"ancestorTitles":["FollowRepository Unit Tests","deleteByFollowerAndFollowed()"],"fullName":"FollowRepository Unit Tests deleteByFollowerAndFollowed() should delete existing follow relationship","status":"passed","title":"should delete existing follow relationship","duration":0.6112999999999715,"failureMessages":[],"meta":{}},{"ancestorTitles":["FollowRepository Unit Tests","deleteByFollowerAndFollowed()"],"fullName":"FollowRepository Unit Tests deleteByFollowerAndFollowed() should return null when trying to delete non-existent follow relationship","status":"passed","title":"should return null when trying to delete non-existent follow relationship","duration":0.4334999999999809,"failureMessages":[],"meta":{}},{"ancestorTitles":["FollowRepository Unit Tests","findFollowersByUserId()"],"fullName":"FollowRepository Unit Tests findFollowersByUserId() should get followers with default pagination","status":"passed","title":"should get followers with default pagination","duration":1.160000000000025,"failureMessages":[],"meta":{}},{"ancestorTitles":["FollowRepository Unit Tests","findFollowersByUserId()"],"fullName":"FollowRepository Unit Tests findFollowersByUserId() should handle custom pagination options","status":"passed","title":"should handle custom pagination options","duration":2.477199999999982,"failureMessages":[],"meta":{}},{"ancestorTitles":["FollowRepository Unit Tests","getFollowStats()"],"fullName":"FollowRepository Unit Tests getFollowStats() should calculate follower and following counts","status":"passed","title":"should calculate follower and following counts","duration":0.6838999999999942,"failureMessages":[],"meta":{}},{"ancestorTitles":["FollowRepository Unit Tests","isFollowing()"],"fullName":"FollowRepository Unit Tests isFollowing() should return true when follow relationship exists","status":"passed","title":"should return true when follow relationship exists","duration":0.30279999999999063,"failureMessages":[],"meta":{}},{"ancestorTitles":["FollowRepository Unit Tests","isFollowing()"],"fullName":"FollowRepository Unit Tests isFollowing() should return false when follow relationship does not exist","status":"passed","title":"should return false when follow relationship does not exist","duration":0.23579999999998336,"failureMessages":[],"meta":{}},{"ancestorTitles":["FollowRepository Unit Tests","isFollowing()"],"fullName":"FollowRepository Unit Tests isFollowing() should return false when follow is not accepted","status":"passed","title":"should return false when follow is not accepted","duration":0.18139999999999645,"failureMessages":[],"meta":{}},{"ancestorTitles":["FollowRepository Unit Tests","bulkCheckFollowing()"],"fullName":"FollowRepository Unit Tests bulkCheckFollowing() should return follow status map for multiple users","status":"passed","title":"should return follow status map for multiple users","duration":0.46849999999994907,"failureMessages":[],"meta":{}},{"ancestorTitles":["FollowRepository Unit Tests","bulkCheckFollowing()"],"fullName":"FollowRepository Unit Tests bulkCheckFollowing() should handle empty user ID array","status":"passed","title":"should handle empty user ID array","duration":0.174699999999973,"failureMessages":[],"meta":{}},{"ancestorTitles":["FollowRepository Unit Tests","findRecentFollowers()"],"fullName":"FollowRepository Unit Tests findRecentFollowers() should get recent followers with default limit","status":"passed","title":"should get recent followers with default limit","duration":0.4187000000000012,"failureMessages":[],"meta":{}},{"ancestorTitles":["FollowRepository Unit Tests","findRecentFollowers()"],"fullName":"FollowRepository Unit Tests findRecentFollowers() should handle custom limit","status":"passed","title":"should handle custom limit","duration":0.5108999999999924,"failureMessages":[],"meta":{}}],"startTime":1751810392496,"endTime":1751810392514.511,"status":"passed","message":"","name":"C:/Users/Et Al/Documents/GitHub/ParaSocial/backend/src/repositories/__tests__/FollowRepository.test.ts"},{"assertionResults":[],"startTime":1751810390157,"endTime":1751810390157,"status":"failed","message":"Failed to load url ../../src/repositories/PostRepository.js (resolved id: ../../src/repositories/PostRepository.js) in C:/Users/Et Al/Documents/GitHub/parasocial/backend/src/repositories/__tests__/PostRepository.create.test.ts. Does the file exist?","name":"C:/Users/Et Al/Documents/GitHub/ParaSocial/backend/src/repositories/__tests__/PostRepository.create.test.ts"},{"assertionResults":[],"startTime":1751810390157,"endTime":1751810390157,"status":"failed","message":"Failed to load url ../../src/repositories/PostRepository (resolved id: ../../src/repositories/PostRepository) in C:/Users/Et Al/Documents/GitHub/parasocial/backend/src/repositories/__tests__/PostRepository.test.ts. Does the file exist?","name":"C:/Users/Et Al/Documents/GitHub/ParaSocial/backend/src/repositories/__tests__/PostRepository.test.ts"},{"assertionResults":[{"ancestorTitles":["Post-User Integration Tests","User-Post Relationship"],"fullName":"Post-User Integration Tests User-Post Relationship should create post associated with existing user","status":"passed","title":"should create post associated with existing user","duration":222.92269999999996,"failureMessages":[],"meta":{}},{"ancestorTitles":["Post-User Integration Tests","User-Post Relationship"],"fullName":"Post-User Integration Tests User-Post Relationship should enforce foreign key constraint for invalid user","status":"passed","title":"should enforce foreign key constraint for invalid user","duration":199.46159999999998,"failureMessages":[],"meta":{}},{"ancestorTitles":["Post-User Integration Tests","User-Post Relationship"],"fullName":"Post-User Integration Tests User-Post Relationship should cascade delete p
[...]
word Hashing","hashPassword"],"fullName":"AuthService Password Hashing hashPassword should handle passwords with special characters","status":"passed","title":"should handle passwords with special characters","duration":233.32719999999995,"failureMessages":[],"meta":{}},{"ancestorTitles":["AuthService","Password Hashing","hashPassword"],"fullName":"AuthService Password Hashing hashPassword should handle unicode characters in passwords","status":"passed","title":"should handle unicode characters in passwords","duration":230.2666999999999,"failureMessages":[],"meta":{}},{"ancestorTitles":["AuthService","Password Hashing","hashPassword"],"fullName":"AuthService Password Hashing hashPassword should throw error for null password","status":"passed","title":"should throw error for null password","duration":1.6018999999998869,"failureMessages":[],"meta":{}},{"ancestorTitles":["AuthService","Password Hashing","hashPassword"],"fullName":"AuthService Password Hashing hashPassword should throw error for undefined password","status":"passed","title":"should throw error for undefined password","duration":0.6901000000000295,"failureMessages":[],"meta":{}},{"ancestorTitles":["AuthService","Password Hashing","verifyPassword"],"fullName":"AuthService Password Hashing verifyPassword should verify correct password","status":"passed","title":"should verify correct password","duration":455.5073,"failureMessages":[],"meta":{}},{"ancestorTitles":["AuthService","Password Hashing","verifyPassword"],"fullName":"AuthService Password Hashing verifyPassword should reject incorrect password","status":"passed","title":"should reject incorrect password","duration":454.40729999999985,"failureMessages":[],"meta":{}},{"ancestorTitles":["AuthService","Password Hashing","verifyPassword"],"fullName":"AuthService Password Hashing verifyPassword should reject password with different case","status":"passed","title":"should reject password with different case","duration":467.35159999999996,"failureMessages":[],"meta":{}},{"ancestorTitles":["AuthService","Password Hashing","verifyPassword"],"fullName":"AuthService Password Hashing verifyPassword should handle empty string password verification","status":"passed","title":"should handle empty string password verification","duration":452.2854000000002,"failureMessages":[],"meta":{}},{"ancestorTitles":["AuthService","Password Hashing","verifyPassword"],"fullName":"AuthService Password Hashing verifyPassword should handle special characters in verification","status":"passed","title":"should handle special characters in verification","duration":454.8222999999998,"failureMessages":[],"meta":{}},{"ancestorTitles":["AuthService","Password Hashing","verifyPassword"],"fullName":"AuthService Password Hashing verifyPassword should throw error for invalid hash format","status":"passed","title":"should throw error for invalid hash format","duration":0.5069999999996071,"failureMessages":[],"meta":{}},{"ancestorTitles":["AuthService","Password Hashing","verifyPassword"],"fullName":"AuthService Password Hashing verifyPassword should throw error for null hash","status":"passed","title":"should throw error for null hash","duration":0.524000000000342,"failureMessages":[],"meta":{}},{"ancestorTitles":["AuthService","Password Hashing","verifyPassword"],"fullName":"AuthService Password Hashing verifyPassword should throw error for null password","status":"passed","title":"should throw error for null password","duration":228.67159999999967,"failureMessages":[],"meta":{}},{"ancestorTitles":["AuthService","JWT Token Management","generateToken"],"fullName":"AuthService JWT Token Management generateToken should generate a valid JWT token","status":"passed","title":"should generate a valid JWT token","duration":3.571100000000115,"failureMessages":[],"meta":{}},{"ancestorTitles":["AuthService","JWT Token Management","generateToken"],"fullName":"AuthService JWT Token Management generateToken should generate different tokens for different users","status":"passed","title":"should generate different tokens for different users","duration":1.7854000000006636,"failureMessages":[],"meta":{}},{"ancestorTitles":["AuthService","JWT Token Management","generateToken"],"fullName":"AuthService JWT Token Management generateToken should include user data in token payload","status":"passed","title":"should include user data in token payload","duration":2.3145000000004075,"failureMessages":[],"meta":{}},{"ancestorTitles":["AuthService","JWT Token Management","verifyToken"],"fullName":"AuthService JWT Token Management verifyToken should verify a valid token","status":"passed","title":"should verify a valid token","duration":1.6710999999995693,"failureMessages":[],"meta":{}},{"ancestorTitles":["AuthService","JWT Token Management","verifyToken"],"fullName":"AuthService JWT Token Management verifyToken should throw error for invalid token","status":"passed","title":"should throw error for invalid token","duration":0.39069999999992433,"failureMessages":[],"meta":{}},{"ancestorTitles":["AuthService","JWT Token Management","verifyToken"],"fullName":"AuthService JWT Token Management verifyToken should throw error for empty token","status":"passed","title":"should throw error for empty token","duration":0.3076999999993859,"failureMessages":[],"meta":{}},{"ancestorTitles":["AuthService","JWT Token Management","verifyToken"],"fullName":"AuthService JWT Token Management verifyToken should throw error for null token","status":"passed","title":"should throw error for null token","duration":0.3698999999996886,"failureMessages":[],"meta":{}},{"ancestorTitles":["AuthService","JWT Token Management","extractTokenFromHeader"],"fullName":"AuthService JWT Token Management extractTokenFromHeader should extract token from Bearer header","status":"passed","title":"should extract token from Bearer header","duration":0.6967000000004191,"failureMessages":[],"meta":{}},{"ancestorTitles":["AuthService","JWT Token Management","extractTokenFromHeader"],"fullName":"AuthService JWT Token Management extractTokenFromHeader should throw error for invalid header format","status":"passed","title":"should throw error for invalid header format","duration":0.8692000000000917,"failureMessages":[],"meta":{}},{"ancestorTitles":["AuthService","JWT Token Management","extractTokenFromHeader"],"fullName":"AuthService JWT Token Management extractTokenFromHeader should throw error for undefined header","status":"passed","title":"should throw error for undefined header","duration":0.7509000000000015,"failureMessages":[],"meta":{}},{"ancestorTitles":["AuthService","JWT Token Management","extractTokenFromHeader"],"fullName":"AuthService JWT Token Management extractTokenFromHeader should throw error for empty header","status":"passed","title":"should throw error for empty header","duration":0.40310000000044965,"failureMessages":[],"meta":{}},{"ancestorTitles":["AuthService","Data Validation","validateRegistrationData"],"fullName":"AuthService Data Validation validateRegistrationData should validate correct registration data","status":"passed","title":"should validate correct registration data","duration":1.9323000000003958,"failureMessages":[],"meta":{}},{"ancestorTitles":["AuthService","Data Validation","validateRegistrationData"],"fullName":"AuthService Data Validation validateRegistrationData should reject invalid email","status":"passed","title":"should reject invalid email","duration":0.9196000000001732,"failureMessages":[],"meta":{}},{"ancestorTitles":["AuthService","Data Validation","validateRegistrationData"],"fullName":"AuthService Data Validation validateRegistrationData should reject short password","status":"passed","title":"should reject short password","duration":0.5218000000004395,"failureMessages":[],"meta":{}},{"ancestorTitles":["AuthService","Data Validation","validateLoginData"],"fullName":"AuthService Data Validation validateLoginData should validate correct login data","status":"passed","title":"should validate correct login data","duration":0.6498000000001412,"failureMessages":[],"meta":{}},{"ancestorTitles":["AuthService","Data Validation","validateLoginData"],"fullName":"AuthService Data Validation validateLoginData should reject invalid email","status":"passed","title":"should reject invalid email","duration":0.3492999999998574,"failureMessages":[],"meta":{}},{"ancestorTitles":["AuthService","Data Validation","validateLoginData"],"fullName":"AuthService Data Validation validateLoginData should reject missing password","status":"passed","title":"should reject missing password","duration":0.5738000000001193,"failureMessages":[],"meta":{}},{"ancestorTitles":["AuthService","Integration Tests"],"fullName":"AuthService Integration Tests should complete full password hash and verify cycle","status":"passed","title":"should complete full password hash and verify cycle","duration":682.4299000000001,"failureMessages":[],"meta":{}},{"ancestorTitles":["AuthService","Integration Tests"],"fullName":"AuthService Integration Tests should complete full token generation and verification cycle","status":"passed","title":"should complete full token generation and verification cycle","duration":1.7539999999999054,"failureMessages":[],"meta":{}},{"ancestorTitles":["AuthService","Integration Tests"],"fullName":"AuthService Integration Tests should work with different JWT expiration times","status":"passed","title":"should work with different JWT expiration times","duration":4.323800000000119,"failureMessages":[],"meta":{}}],"startTime":1751810393671,"endTime":1751810398524.3237,"status":"passed","message":"","name":"C:/Users/Et Al/Documents/GitHub/ParaSocial/backend/src/services/__tests__/AuthService.test.ts"},{"assertionResults":[{"ancestorTitles":["FollowService Unit Tests","followUser()"],"fullName":"FollowService Unit Tests followUser() should successfully create follow relationship","status":"passed","title":"should successfully create follow relationship","duration":7.453099999999949,"failureMessages":[],"meta":{}},{"ancestorTitles":["FollowService Unit Tests","followUser()"],"fullName":"FollowService Unit Tests followUser() should create ActivityPub federated follow relationship","status":"passed","title":"should create ActivityPub federated follow relationship","duration":1.728900000000067,"failureMessages":[],"meta":{}},{"ancestorTitles":["FollowService Unit Tests","followUser()"],"fullName":"FollowService Unit Tests followUser() should reject self-follow attempts","status":"passed","title":"should reject self-follow attempts","duration":2.3333000000000084,"failureMessages":[],"meta":{}},{"ancestorTitles":["FollowService Unit Tests","followUser()"],"fullName":"FollowService Unit Tests followUser() should reject follow when user not found","status":"passed","title":"should reject follow when user not found","duration":1.1299000000000206,"failureMessages":[],"meta":{}},{"ancestorTitles":["FollowService Unit Tests","followUser()"],"fullName":"FollowService Unit Tests followUser() should reject follow when user is inactive","status":"passed","title":"should reject follow when user is inactive","duration":1.184500000000071,"failureMessages":[],"meta":{}},{"ancestorTitles":["FollowService Unit Tests","followUser()"],"fullName":"FollowService Unit Tests followUser() should reject follow when already following","status":"passed","title":"should reject follow when already following","duration":1.3559000000000196,"failureMessages":[],"meta":{}},{"ancestorTitles":["FollowService Unit Tests","followUser()"],"fullName":"FollowService Unit Tests followUser() should reject invalid ActivityPub actor ID","status":"passed","title":"should reject invalid ActivityPub actor ID","duration":1.347699999999918,"failureMessages":[],"meta":{}},{"ancestorTitles":["FollowService Unit Tests","followUser()"],"fullName":"FollowService Unit Tests followUser() should handle validation errors for invalid input","status":"passed","title":"should handle validation errors for invalid input","duration":1.2527999999999793,"failureMessages":[],"meta":{}},{"ancestorTitles":["FollowService Unit Tests","unfollowUser()"],"fullName":"FollowService Unit Tests unfollowUser() should successfully remove follow relationship","status":"passed","title":"should successfully remove follow relationship","duration":1.906400000000076,"failureMessages":[],"meta":{}},{"ancestorTitles":["FollowService Unit Tests","unfollowUser()"],"fullName":"FollowService Unit Tests unfollowUser() should reject unfollow when not following","status":"passed","title":"should reject unfollow when not following","duration":0.9482000000000426,"failureMessages":[],"meta":{}},{"ancestorTitles":["FollowService Unit Tests","unfollowUser()"],"fullName":"FollowService Unit Tests unfollowUser() should handle validation errors for invalid input","status":"passed","title":"should handle validation errors for invalid input","duration":0.8727000000000089,"failureMessages":[],"meta":{}},{"ancestorTitles":["FollowService Unit Tests","getFollowers()"],"fullName":"FollowService Unit Tests getFollowers() should successfully get followers with default pagination","status":"passed","title":"should successfully get followers with default pagination","duration":1.229600000000005,"failureMessages":[],"meta":{}},{"ancestorTitles":["FollowService Unit Tests","getFollowers()"],"fullName":"FollowService Unit Tests getFollowers() should handle custom pagination options","status":"passed","title":"should handle custom pagination options","duration":0.671100000000024,"failureMessages":[],"meta":{}},{"ancestorTitles":["FollowService Unit Tests","getFollowers()"],"fullName":"FollowService Unit Tests getFollowers() should reject when user not found","status":"passed","title":"should reject when user not found","duration":0.3895999999999731,"failureMessages":[],"meta":{}},{"ancestorTitles":["FollowService Unit Tests","getFollowers()"],"fullName":"FollowService Unit Tests getFollowers() should handle invalid pagination options","status":"passed","title":"should handle invalid pagination options","duration":1.605799999999931,"failureMessages":[],"meta":{}},{"ancestorTitles":["FollowService Unit Tests","getFollowers()"],"fullName":"FollowService Unit Tests getFollowers() should reject invalid user ID","status":"passed","title":"should reject invalid user ID","duration":0.45450000000005275,"failureMessages":[],"meta":{}},{"ancestorTitles":["FollowService Unit Tests","getFollowStats()"],"fullName":"FollowService Unit Tests getFollowStats() should successfully get follow statistics","status":"passed","title":"should successfully get follow statistics","duration":0.4917000000000371,"failureMessages":[],"meta":{}},{"ancestorTitles":["FollowService Unit Tests","getFollowStats()"],"fullName":"FollowService Unit Tests getFollowStats() should reject when user not found","status":"passed","title":"should reject when user not found","duration":1.0889000000000806,"failureMessages":[],"meta":{}},{"ancestorTitles":["FollowService Unit Tests","getFollowStats()"],"fullName":"FollowService Unit Tests getFollowStats() should reject invalid user ID","status":"passed","title":"should reject invalid user ID","duration":0.35619999999994434,"failureMessages":[],"meta":{}},{"ancestorTitles":["FollowService Unit Tests","checkFollowStatus()"],"fullName":"FollowService Unit Tests checkFollowStatus() should successfully check follow status when following","status":"passed","title":"should successfully check follow status when following","duration":0.3990000000000009,"failureMessages":[],"meta":{}},{"ancestorTitles":["FollowService Unit Tests","checkFollowStatus()"],"fullName":"FollowService Unit Tests checkFollowStatus() should successfully check follow status when not following","status":"passed","title":"should successfully check follow status when not following","duration":0.26070000000004256,"failureMessages":[],"meta":{}},{"ancestorTitles":["FollowService Unit Tests","checkFollowStatus()"],"fullName":"FollowService Unit Tests checkFollowStatus() should reject invalid parameters","status":"passed","title":"should reject invalid parameters","duration":0.26060000000006767,"failureMessages":[],"meta":{}},{"ancestorTitles":["FollowService Unit Tests","bulkCheckFollowing()"],"fullName":"FollowService Unit Tests bulkCheckFollowing() should successfully perform bulk follow check","status":"passed","title":"should successfully perform bulk follow check","duration":0.44429999999999836,"failureMessages":[],"meta":{}},{"ancestorTitles":["FollowService Unit Tests","bulkCheckFollowing()"],"fullName":"FollowService Unit Tests bulkCheckFollowing() should reject when too many users requested","status":"passed","title":"should reject when too many users requested","duration":0.3487999999999829,"failureMessages":[],"meta":{}},{"ancestorTitles":["FollowService Unit Tests","bulkCheckFollowing()"],"fullName":"FollowService Unit Tests bulkCheckFollowing() should reject invalid follower ID","status":"passed","title":"should reject invalid follower ID","duration":0.3770000000000664,"failureMessages":[],"meta":{}},{"ancestorTitles":["FollowService Unit Tests","bulkCheckFollowing()"],"fullName":"FollowService Unit Tests bulkCheckFollowing() should reject non-array user IDs","status":"passed","title":"should reject non-array user IDs","duration":0.3227000000000544,"failureMessages":[],"meta":{}},{"ancestorTitles":["FollowService Unit Tests","bulkCheckFollowing()"],"fullName":"FollowService Unit Tests bulkCheckFollowing() should reject invalid user IDs in array","status":"passed","title":"should reject invalid user IDs in array","duration":0.32960000000002765,"failureMessages":[],"meta":{}},{"ancestorTitles":["FollowService Unit Tests","getRecentFollowers()"],"fullName":"FollowService Unit Tests getRecentFollowers() should successfully get recent followers with default limit","status":"passed","title":"should successfully get recent followers with default limit","duration":0.4819000000001097,"failureMessages":[],"meta":{}},{"ancestorTitles":["FollowService Unit Tests","getRecentFollowers()"],"fullName":"FollowService Unit Tests getRecentFollowers() should handle custom limit within bounds","status":"passed","title":"should handle custom limit within bounds","duration":0.34130000000004657,"failureMessages":[],"meta":{}},{"ancestorTitles":["FollowService Unit Tests","getRecentFollowers()"],"fullName":"FollowService Unit Tests getRecentFollowers() should constrain limit to maximum of 50","status":"passed","title":"should constrain limit to maximum of 50","duration":0.3169999999998936,"failureMessages":[],"meta":{}},{"ancestorTitles":["FollowService Unit Tests","getRecentFollowers()"],"fullName":"FollowService Unit Tests getRecentFollowers() should constrain limit to minimum of 1","status":"passed","title":"should constrain limit to minimum of 1","duration":0.36560000000008586,"failureMessages":[],"meta":{}},{"ancestorTitles":["FollowService Unit Tests","getRecentFollowers()"],"fullName":"FollowService Unit Tests getRecentFollowers() should reject invalid user ID","status":"passed","title":"should reject invalid user ID","duration":0.3569999999999709,"failureMessages":[],"meta":{}},{"ancestorTitles":["FollowService Unit Tests","Error Handling"],"fullName":"FollowService Unit Tests Error Handling should handle repository errors in followUser","status":"passed","title":"should handle repository errors in followUser","duration":0.5045999999999822,"failureMessages":[],"meta":{}},{"ancestorTitles":["FollowService Unit Tests","Error Handling"],"fullName":"FollowService Unit Tests Error Handling should handle repository errors in getFollowStats","status":"passed","title":"should handle repository errors in getFollowStats","duration":0.40859999999997854,"failureMessages":[],"meta":{}}],"startTime":1751810391109,"endTime":1751810391145.4087,"status":"passed","message":"","name":"C:/Users/Et Al/Documents/GitHub/ParaSocial/backend/src/services/__tests__/FollowService.test.ts"}]}